[0.014s] Invoking command in '/home/ram-user/Desktop/rosProject/build/keyboard_input': CMAKE_PREFIX_PATH=/opt/ros/humble /usr/bin/cmake /home/ram-user/Desktop/rosProject/src/keyboard_input -DCMAKE_INSTALL_PREFIX=/home/ram-user/Desktop/rosProject/install/keyboard_input
[0.141s] -- The C compiler identification is GNU 11.3.0
[0.225s] -- The CXX compiler identification is GNU 11.3.0
[0.236s] -- Detecting C compiler ABI info
[0.361s] -- Detecting C compiler ABI info - done
[0.381s] -- Check for working C compiler: /usr/bin/cc - skipped
[0.381s] -- Detecting C compile features
[0.382s] -- Detecting C compile features - done
[0.388s] -- Detecting CXX compiler ABI info
[0.536s] -- Detecting CXX compiler ABI info - done
[0.549s] -- Check for working CXX compiler: /usr/bin/c++ - skipped
[0.550s] -- Detecting CXX compile features
[0.551s] -- Detecting CXX compile features - done
[0.554s] -- Found ament_cmake: 1.3.3 (/opt/ros/humble/share/ament_cmake/cmake)
[0.822s] -- Found Python3: /usr/bin/python3.10 (found version "3.10.6") found components: Interpreter 
[0.932s] -- Found rclcpp: 16.0.3 (/opt/ros/humble/share/rclcpp/cmake)
[0.991s] -- Found rosidl_generator_c: 3.1.4 (/opt/ros/humble/share/rosidl_generator_c/cmake)
[0.998s] -- Found rosidl_adapter: 3.1.4 (/opt/ros/humble/share/rosidl_adapter/cmake)
[1.013s] -- Found rosidl_generator_cpp: 3.1.4 (/opt/ros/humble/share/rosidl_generator_cpp/cmake)
[1.044s] -- Using all available rosidl_typesupport_c: rosidl_typesupport_fastrtps_c;rosidl_typesupport_introspection_c
[1.081s] -- Using all available rosidl_typesupport_cpp: rosidl_typesupport_fastrtps_cpp;rosidl_typesupport_introspection_cpp
[1.218s] -- Found rmw_implementation_cmake: 6.1.1 (/opt/ros/humble/share/rmw_implementation_cmake/cmake)
[1.227s] -- Found rmw_fastrtps_cpp: 6.2.2 (/opt/ros/humble/share/rmw_fastrtps_cpp/cmake)
[1.436s] -- Found OpenSSL: /usr/lib/x86_64-linux-gnu/libcrypto.so (found version "3.0.2")  
[1.474s] -- Found FastRTPS: /opt/ros/humble/include  
[1.530s] -- Using RMW implementation 'rmw_fastrtps_cpp' as default
[1.541s] -- Looking for pthread.h
[1.683s] -- Looking for pthread.h - found
[1.684s] -- Performing Test CMAKE_HAVE_LIBC_PTHREAD
[1.789s] -- Performing Test CMAKE_HAVE_LIBC_PTHREAD - Success
[1.791s] -- Found Threads: TRUE  
[2.149s] -- Found ament_lint_auto: 0.12.5 (/opt/ros/humble/share/ament_lint_auto/cmake)
[2.271s] -- Added test 'cppcheck' to perform static code analysis on C / C++ code
[2.271s] -- Configured cppcheck include dirs: $<BUILD_INTERFACE:/home/ram-user/Desktop/rosProject/src/keyboard_input/include>
[2.272s] -- Configured cppcheck exclude dirs and/or files: 
[2.272s] -- Added test 'flake8' to check Python code syntax and style conventions
[2.273s] -- Added test 'lint_cmake' to check CMake code style
[2.274s] -- Added test 'pep257' to check Python code against some of the docstring style conventions in PEP 257
[2.275s] -- Added test 'uncrustify' to check C / C++ code style
[2.276s] -- Configured uncrustify additional arguments: 
[2.277s] -- Added test 'xmllint' to check XML markup files
[2.278s] -- Configuring done
[2.293s] -- Generating done
[2.319s] -- Build files have been written to: /home/ram-user/Desktop/rosProject/build/keyboard_input
[2.352s] Invoked command in '/home/ram-user/Desktop/rosProject/build/keyboard_input' returned '0': CMAKE_PREFIX_PATH=/opt/ros/humble /usr/bin/cmake /home/ram-user/Desktop/rosProject/src/keyboard_input -DCMAKE_INSTALL_PREFIX=/home/ram-user/Desktop/rosProject/install/keyboard_input
[2.353s] Invoking command in '/home/ram-user/Desktop/rosProject/build/keyboard_input': CMAKE_PREFIX_PATH=/opt/ros/humble /usr/bin/cmake --build /home/ram-user/Desktop/rosProject/build/keyboard_input -- -j2 -l2
[2.465s] [ 50%] [32mBuilding CXX object CMakeFiles/keyboard_input.dir/src/keyboard_input.cpp.o[0m
[9.997s] [100%] [32m[1mLinking CXX executable keyboard_input[0m
[10.382s] [100%] Built target keyboard_input
[10.451s] Invoked command in '/home/ram-user/Desktop/rosProject/build/keyboard_input' returned '0': CMAKE_PREFIX_PATH=/opt/ros/humble /usr/bin/cmake --build /home/ram-user/Desktop/rosProject/build/keyboard_input -- -j2 -l2
[10.522s] Invoking command in '/home/ram-user/Desktop/rosProject/build/keyboard_input': CMAKE_PREFIX_PATH=/opt/ros/humble /usr/bin/cmake --install /home/ram-user/Desktop/rosProject/build/keyboard_input
[10.534s] -- Install configuration: ""
[10.534s] -- Installing: /home/ram-user/Desktop/rosProject/install/keyboard_input/lib/keyboard_input/keyboard_input
[10.536s] -- Set runtime path of "/home/ram-user/Desktop/rosProject/install/keyboard_input/lib/keyboard_input/keyboard_input" to ""
[10.537s] -- Installing: /home/ram-user/Desktop/rosProject/install/keyboard_input/share/keyboard_input//launch
[10.537s] -- Installing: /home/ram-user/Desktop/rosProject/install/keyboard_input/share/keyboard_input//launch/keyboard_input_launch.py
[10.538s] -- Installing: /home/ram-user/Desktop/rosProject/install/keyboard_input/share/ament_index/resource_index/package_run_dependencies/keyboard_input
[10.538s] -- Installing: /home/ram-user/Desktop/rosProject/install/keyboard_input/share/ament_index/resource_index/parent_prefix_path/keyboard_input
[10.538s] -- Installing: /home/ram-user/Desktop/rosProject/install/keyboard_input/share/keyboard_input/environment/ament_prefix_path.sh
[10.539s] -- Installing: /home/ram-user/Desktop/rosProject/install/keyboard_input/share/keyboard_input/environment/ament_prefix_path.dsv
[10.539s] -- Installing: /home/ram-user/Desktop/rosProject/install/keyboard_input/share/keyboard_input/environment/path.sh
[10.540s] -- Installing: /home/ram-user/Desktop/rosProject/install/keyboard_input/share/keyboard_input/environment/path.dsv
[10.540s] -- Installing: /home/ram-user/Desktop/rosProject/install/keyboard_input/share/keyboard_input/local_setup.bash
[10.541s] -- Installing: /home/ram-user/Desktop/rosProject/install/keyboard_input/share/keyboard_input/local_setup.sh
[10.541s] -- Installing: /home/ram-user/Desktop/rosProject/install/keyboard_input/share/keyboard_input/local_setup.zsh
[10.542s] -- Installing: /home/ram-user/Desktop/rosProject/install/keyboard_input/share/keyboard_input/local_setup.dsv
[10.542s] -- Installing: /home/ram-user/Desktop/rosProject/install/keyboard_input/share/keyboard_input/package.dsv
[10.543s] -- Installing: /home/ram-user/Desktop/rosProject/install/keyboard_input/share/ament_index/resource_index/packages/keyboard_input
[10.543s] -- Installing: /home/ram-user/Desktop/rosProject/install/keyboard_input/share/keyboard_input/cmake/keyboard_inputConfig.cmake
[10.544s] -- Installing: /home/ram-user/Desktop/rosProject/install/keyboard_input/share/keyboard_input/cmake/keyboard_inputConfig-version.cmake
[10.544s] -- Installing: /home/ram-user/Desktop/rosProject/install/keyboard_input/share/keyboard_input/package.xml
[10.565s] Invoked command in '/home/ram-user/Desktop/rosProject/build/keyboard_input' returned '0': CMAKE_PREFIX_PATH=/opt/ros/humble /usr/bin/cmake --install /home/ram-user/Desktop/rosProject/build/keyboard_input
