[0.585s] DEBUG:colcon:Command line arguments: ['/usr/bin/colcon', 'build']
[0.585s] DEBUG:colcon:Parsed command line arguments: Namespace(log_base=None, log_level=None, verb_name='build', build_base='build', install_base='install', merge_install=False, symlink_install=False, test_result_base=None, continue_on_error=False, executor='parallel', parallel_workers=2, event_handlers=None, ignore_user_meta=False, metas=['./colcon.meta'], base_paths=['.'], packages_ignore=None, packages_ignore_regex=None, paths=None, packages_up_to=None, packages_up_to_regex=None, packages_above=None, packages_above_and_dependencies=None, packages_above_depth=None, packages_select_by_dep=None, packages_skip_by_dep=None, packages_skip_up_to=None, packages_select_build_failed=False, packages_skip_build_finished=False, packages_select_test_failures=False, packages_skip_test_passed=False, packages_select=None, packages_skip=None, packages_select_regex=None, packages_skip_regex=None, packages_start=None, packages_end=None, allow_overriding=[], cmake_args=None, cmake_target=None, cmake_target_skip_unavailable=False, cmake_clean_cache=False, cmake_clean_first=False, cmake_force_configure=False, ament_cmake_args=None, catkin_cmake_args=None, catkin_skip_building_tests=False, verb_parser=<colcon_defaults.argument_parser.defaults.DefaultArgumentsDecorator object at 0x7fbeb3e87be0>, verb_extension=<colcon_core.verb.build.BuildVerb object at 0x7fbeb41874c0>, main=<bound method BuildVerb.main of <colcon_core.verb.build.BuildVerb object at 0x7fbeb41874c0>>)
[0.611s] Level 1:colcon.colcon_core.package_discovery:discover_packages(colcon_meta) check parameters
[0.611s] Level 1:colcon.colcon_core.package_discovery:discover_packages(recursive) check parameters
[0.611s] Level 1:colcon.colcon_core.package_discovery:discover_packages(ignore) check parameters
[0.611s] Level 1:colcon.colcon_core.package_discovery:discover_packages(path) check parameters
[0.611s] Level 1:colcon.colcon_core.package_discovery:discover_packages(colcon_meta) discover
[0.611s] Level 1:colcon.colcon_core.package_discovery:discover_packages(recursive) discover
[0.611s] INFO:colcon.colcon_core.package_discovery:Crawling recursively for packages in '/home/ram-user/Desktop/rosProject'
[0.611s] Level 1:colcon.colcon_core.package_identification:_identify(.) by extensions ['ignore', 'ignore_ament_install']
[0.611s] Level 1:colcon.colcon_core.package_identification:_identify(.) by extension 'ignore'
[0.611s] Level 1:colcon.colcon_core.package_identification:_identify(.) by extension 'ignore_ament_install'
[0.611s] Level 1:colcon.colcon_core.package_identification:_identify(.) by extensions ['colcon_pkg']
[0.611s] Level 1:colcon.colcon_core.package_identification:_identify(.) by extension 'colcon_pkg'
[0.612s] Level 1:colcon.colcon_core.package_identification:_identify(.) by extensions ['colcon_meta']
[0.612s] Level 1:colcon.colcon_core.package_identification:_identify(.) by extension 'colcon_meta'
[0.612s] Level 1:colcon.colcon_core.package_identification:_identify(.) by extensions ['ros']
[0.612s] Level 1:colcon.colcon_core.package_identification:_identify(.) by extension 'ros'
[0.629s] Level 1:colcon.colcon_core.package_identification:_identify(.) by extensions ['cmake', 'python']
[0.629s] Level 1:colcon.colcon_core.package_identification:_identify(.) by extension 'cmake'
[0.629s] Level 1:colcon.colcon_core.package_identification:_identify(.) by extension 'python'
[0.629s] Level 1:colcon.colcon_core.package_identification:_identify(.) by extensions ['python_setup_py']
[0.629s] Level 1:colcon.colcon_core.package_identification:_identify(.) by extension 'python_setup_py'
[0.629s] Level 1:colcon.colcon_core.package_identification:_identify(build) by extensions ['ignore', 'ignore_ament_install']
[0.629s] Level 1:colcon.colcon_core.package_identification:_identify(build) by extension 'ignore'
[0.629s] Level 1:colcon.colcon_core.package_identification:_identify(build) ignored
[0.630s] Level 1:colcon.colcon_core.package_identification:_identify(install) by extensions ['ignore', 'ignore_ament_install']
[0.630s] Level 1:colcon.colcon_core.package_identification:_identify(install) by extension 'ignore'
[0.630s] Level 1:colcon.colcon_core.package_identification:_identify(install) ignored
[0.630s] Level 1:colcon.colcon_core.package_identification:_identify(log) by extensions ['ignore', 'ignore_ament_install']
[0.630s] Level 1:colcon.colcon_core.package_identification:_identify(log) by extension 'ignore'
[0.630s] Level 1:colcon.colcon_core.package_identification:_identify(log) ignored
[0.630s] Level 1:colcon.colcon_core.package_identification:_identify(src) by extensions ['ignore', 'ignore_ament_install']
[0.630s] Level 1:colcon.colcon_core.package_identification:_identify(src) by extension 'ignore'
[0.630s] Level 1:colcon.colcon_core.package_identification:_identify(src) by extension 'ignore_ament_install'
[0.630s] Level 1:colcon.colcon_core.package_identification:_identify(src) by extensions ['colcon_pkg']
[0.630s] Level 1:colcon.colcon_core.package_identification:_identify(src) by extension 'colcon_pkg'
[0.631s] Level 1:colcon.colcon_core.package_identification:_identify(src) by extensions ['colcon_meta']
[0.631s] Level 1:colcon.colcon_core.package_identification:_identify(src) by extension 'colcon_meta'
[0.631s] Level 1:colcon.colcon_core.package_identification:_identify(src) by extensions ['ros']
[0.631s] Level 1:colcon.colcon_core.package_identification:_identify(src) by extension 'ros'
[0.631s] Level 1:colcon.colcon_core.package_identification:_identify(src) by extensions ['cmake', 'python']
[0.631s] Level 1:colcon.colcon_core.package_identification:_identify(src) by extension 'cmake'
[0.631s] Level 1:colcon.colcon_core.package_identification:_identify(src) by extension 'python'
[0.631s] Level 1:colcon.colcon_core.package_identification:_identify(src) by extensions ['python_setup_py']
[0.631s] Level 1:colcon.colcon_core.package_identification:_identify(src) by extension 'python_setup_py'
[0.631s] Level 1:colcon.colcon_core.package_identification:_identify(src/cpp_publisher) by extensions ['ignore', 'ignore_ament_install']
[0.631s] Level 1:colcon.colcon_core.package_identification:_identify(src/cpp_publisher) by extension 'ignore'
[0.631s] Level 1:colcon.colcon_core.package_identification:_identify(src/cpp_publisher) by extension 'ignore_ament_install'
[0.631s] Level 1:colcon.colcon_core.package_identification:_identify(src/cpp_publisher) by extensions ['colcon_pkg']
[0.631s] Level 1:colcon.colcon_core.package_identification:_identify(src/cpp_publisher) by extension 'colcon_pkg'
[0.631s] Level 1:colcon.colcon_core.package_identification:_identify(src/cpp_publisher) by extensions ['colcon_meta']
[0.631s] Level 1:colcon.colcon_core.package_identification:_identify(src/cpp_publisher) by extension 'colcon_meta'
[0.631s] Level 1:colcon.colcon_core.package_identification:_identify(src/cpp_publisher) by extensions ['ros']
[0.631s] Level 1:colcon.colcon_core.package_identification:_identify(src/cpp_publisher) by extension 'ros'
[0.634s] DEBUG:colcon.colcon_core.package_identification:Package 'src/cpp_publisher' with type 'ros.ament_cmake' and name 'cpp_publisher'
[0.635s] Level 1:colcon.colcon_core.package_identification:_identify(src/image_input) by extensions ['ignore', 'ignore_ament_install']
[0.635s] Level 1:colcon.colcon_core.package_identification:_identify(src/image_input) by extension 'ignore'
[0.635s] Level 1:colcon.colcon_core.package_identification:_identify(src/image_input) by extension 'ignore_ament_install'
[0.635s] Level 1:colcon.colcon_core.package_identification:_identify(src/image_input) by extensions ['colcon_pkg']
[0.635s] Level 1:colcon.colcon_core.package_identification:_identify(src/image_input) by extension 'colcon_pkg'
[0.635s] Level 1:colcon.colcon_core.package_identification:_identify(src/image_input) by extensions ['colcon_meta']
[0.635s] Level 1:colcon.colcon_core.package_identification:_identify(src/image_input) by extension 'colcon_meta'
[0.635s] Level 1:colcon.colcon_core.package_identification:_identify(src/image_input) by extensions ['ros']
[0.635s] Level 1:colcon.colcon_core.package_identification:_identify(src/image_input) by extension 'ros'
[0.636s] DEBUG:colcon.colcon_core.package_identification:Package 'src/image_input' with type 'ros.ament_cmake' and name 'image_input'
[0.636s] Level 1:colcon.colcon_core.package_identification:_identify(src/keyboard_input) by extensions ['ignore', 'ignore_ament_install']
[0.636s] Level 1:colcon.colcon_core.package_identification:_identify(src/keyboard_input) by extension 'ignore'
[0.636s] Level 1:colcon.colcon_core.package_identification:_identify(src/keyboard_input) by extension 'ignore_ament_install'
[0.636s] Level 1:colcon.colcon_core.package_identification:_identify(src/keyboard_input) by extensions ['colcon_pkg']
[0.636s] Level 1:colcon.colcon_core.package_identification:_identify(src/keyboard_input) by extension 'colcon_pkg'
[0.636s] Level 1:colcon.colcon_core.package_identification:_identify(src/keyboard_input) by extensions ['colcon_meta']
[0.636s] Level 1:colcon.colcon_core.package_identification:_identify(src/keyboard_input) by extension 'colcon_meta'
[0.637s] Level 1:colcon.colcon_core.package_identification:_identify(src/keyboard_input) by extensions ['ros']
[0.637s] Level 1:colcon.colcon_core.package_identification:_identify(src/keyboard_input) by extension 'ros'
[0.637s] DEBUG:colcon.colcon_core.package_identification:Package 'src/keyboard_input' with type 'ros.ament_cmake' and name 'keyboard_input'
[0.638s] Level 1:colcon.colcon_core.package_identification:_identify(src/paddle_physics) by extensions ['ignore', 'ignore_ament_install']
[0.638s] Level 1:colcon.colcon_core.package_identification:_identify(src/paddle_physics) by extension 'ignore'
[0.638s] Level 1:colcon.colcon_core.package_identification:_identify(src/paddle_physics) by extension 'ignore_ament_install'
[0.638s] Level 1:colcon.colcon_core.package_identification:_identify(src/paddle_physics) by extensions ['colcon_pkg']
[0.638s] Level 1:colcon.colcon_core.package_identification:_identify(src/paddle_physics) by extension 'colcon_pkg'
[0.638s] Level 1:colcon.colcon_core.package_identification:_identify(src/paddle_physics) by extensions ['colcon_meta']
[0.638s] Level 1:colcon.colcon_core.package_identification:_identify(src/paddle_physics) by extension 'colcon_meta'
[0.638s] Level 1:colcon.colcon_core.package_identification:_identify(src/paddle_physics) by extensions ['ros']
[0.638s] Level 1:colcon.colcon_core.package_identification:_identify(src/paddle_physics) by extension 'ros'
[0.639s] DEBUG:colcon.colcon_core.package_identification:Package 'src/paddle_physics' with type 'ros.ament_cmake' and name 'paddle_physics'
[0.639s] Level 1:colcon.colcon_core.package_identification:_identify(src/pong_core) by extensions ['ignore', 'ignore_ament_install']
[0.640s] Level 1:colcon.colcon_core.package_identification:_identify(src/pong_core) by extension 'ignore'
[0.640s] Level 1:colcon.colcon_core.package_identification:_identify(src/pong_core) by extension 'ignore_ament_install'
[0.640s] Level 1:colcon.colcon_core.package_identification:_identify(src/pong_core) by extensions ['colcon_pkg']
[0.640s] Level 1:colcon.colcon_core.package_identification:_identify(src/pong_core) by extension 'colcon_pkg'
[0.640s] Level 1:colcon.colcon_core.package_identification:_identify(src/pong_core) by extensions ['colcon_meta']
[0.640s] Level 1:colcon.colcon_core.package_identification:_identify(src/pong_core) by extension 'colcon_meta'
[0.640s] Level 1:colcon.colcon_core.package_identification:_identify(src/pong_core) by extensions ['ros']
[0.640s] Level 1:colcon.colcon_core.package_identification:_identify(src/pong_core) by extension 'ros'
[0.641s] DEBUG:colcon.colcon_core.package_identification:Package 'src/pong_core' with type 'ros.ament_cmake' and name 'pong_core'
[0.641s] Level 1:colcon.colcon_core.package_identification:_identify(src/score) by extensions ['ignore', 'ignore_ament_install']
[0.641s] Level 1:colcon.colcon_core.package_identification:_identify(src/score) by extension 'ignore'
[0.641s] Level 1:colcon.colcon_core.package_identification:_identify(src/score) by extension 'ignore_ament_install'
[0.641s] Level 1:colcon.colcon_core.package_identification:_identify(src/score) by extensions ['colcon_pkg']
[0.641s] Level 1:colcon.colcon_core.package_identification:_identify(src/score) by extension 'colcon_pkg'
[0.641s] Level 1:colcon.colcon_core.package_identification:_identify(src/score) by extensions ['colcon_meta']
[0.641s] Level 1:colcon.colcon_core.package_identification:_identify(src/score) by extension 'colcon_meta'
[0.641s] Level 1:colcon.colcon_core.package_identification:_identify(src/score) by extensions ['ros']
[0.641s] Level 1:colcon.colcon_core.package_identification:_identify(src/score) by extension 'ros'
[0.642s] DEBUG:colcon.colcon_core.package_identification:Package 'src/score' with type 'ros.ament_cmake' and name 'score'
[0.642s] Level 1:colcon.colcon_core.package_identification:_identify(src/tutorial_interfaces) by extensions ['ignore', 'ignore_ament_install']
[0.642s] Level 1:colcon.colcon_core.package_identification:_identify(src/tutorial_interfaces) by extension 'ignore'
[0.642s] Level 1:colcon.colcon_core.package_identification:_identify(src/tutorial_interfaces) by extension 'ignore_ament_install'
[0.643s] Level 1:colcon.colcon_core.package_identification:_identify(src/tutorial_interfaces) by extensions ['colcon_pkg']
[0.643s] Level 1:colcon.colcon_core.package_identification:_identify(src/tutorial_interfaces) by extension 'colcon_pkg'
[0.643s] Level 1:colcon.colcon_core.package_identification:_identify(src/tutorial_interfaces) by extensions ['colcon_meta']
[0.643s] Level 1:colcon.colcon_core.package_identification:_identify(src/tutorial_interfaces) by extension 'colcon_meta'
[0.643s] Level 1:colcon.colcon_core.package_identification:_identify(src/tutorial_interfaces) by extensions ['ros']
[0.643s] Level 1:colcon.colcon_core.package_identification:_identify(src/tutorial_interfaces) by extension 'ros'
[0.643s] DEBUG:colcon.colcon_core.package_identification:Package 'src/tutorial_interfaces' with type 'ros.ament_cmake' and name 'tutorial_interfaces'
[0.643s] Level 1:colcon.colcon_core.package_identification:_identify(src/visualization_package) by extensions ['ignore', 'ignore_ament_install']
[0.643s] Level 1:colcon.colcon_core.package_identification:_identify(src/visualization_package) by extension 'ignore'
[0.644s] Level 1:colcon.colcon_core.package_identification:_identify(src/visualization_package) by extension 'ignore_ament_install'
[0.644s] Level 1:colcon.colcon_core.package_identification:_identify(src/visualization_package) by extensions ['colcon_pkg']
[0.644s] Level 1:colcon.colcon_core.package_identification:_identify(src/visualization_package) by extension 'colcon_pkg'
[0.644s] Level 1:colcon.colcon_core.package_identification:_identify(src/visualization_package) by extensions ['colcon_meta']
[0.644s] Level 1:colcon.colcon_core.package_identification:_identify(src/visualization_package) by extension 'colcon_meta'
[0.644s] Level 1:colcon.colcon_core.package_identification:_identify(src/visualization_package) by extensions ['ros']
[0.644s] Level 1:colcon.colcon_core.package_identification:_identify(src/visualization_package) by extension 'ros'
[0.645s] DEBUG:colcon.colcon_core.package_identification:Package 'src/visualization_package' with type 'ros.ament_cmake' and name 'visualization_package'
[0.645s] Level 1:colcon.colcon_core.package_discovery:discover_packages(recursive) using defaults
[0.645s] Level 1:colcon.colcon_core.package_discovery:discover_packages(ignore) discover
[0.645s] Level 1:colcon.colcon_core.package_discovery:discover_packages(ignore) using defaults
[0.645s] Level 1:colcon.colcon_core.package_discovery:discover_packages(path) discover
[0.645s] Level 1:colcon.colcon_core.package_discovery:discover_packages(path) using defaults
[0.672s] Level 1:colcon.colcon_core.package_discovery:discover_packages(prefix_path) check parameters
[0.672s] Level 1:colcon.colcon_core.package_discovery:discover_packages(prefix_path) discover
[0.676s] DEBUG:colcon.colcon_installed_package_information.package_discovery:Found 270 installed packages in /opt/ros/humble
[0.678s] Level 1:colcon.colcon_core.package_discovery:discover_packages(prefix_path) using defaults
[0.764s] Level 5:colcon.colcon_core.verb:set package 'image_input' build argument 'cmake_args' from command line to 'None'
[0.765s] Level 5:colcon.colcon_core.verb:set package 'image_input' build argument 'cmake_target' from command line to 'None'
[0.765s] Level 5:colcon.colcon_core.verb:set package 'image_input' build argument 'cmake_target_skip_unavailable' from command line to 'False'
[0.765s] Level 5:colcon.colcon_core.verb:set package 'image_input' build argument 'cmake_clean_cache' from command line to 'False'
[0.765s] Level 5:colcon.colcon_core.verb:set package 'image_input' build argument 'cmake_clean_first' from command line to 'False'
[0.765s] Level 5:colcon.colcon_core.verb:set package 'image_input' build argument 'cmake_force_configure' from command line to 'False'
[0.765s] Level 5:colcon.colcon_core.verb:set package 'image_input' build argument 'ament_cmake_args' from command line to 'None'
[0.765s] Level 5:colcon.colcon_core.verb:set package 'image_input' build argument 'catkin_cmake_args' from command line to 'None'
[0.765s] Level 5:colcon.colcon_core.verb:set package 'image_input' build argument 'catkin_skip_building_tests' from command line to 'False'
[0.765s] DEBUG:colcon.colcon_core.verb:Building package 'image_input' with the following arguments: {'ament_cmake_args': None, 'build_base': '/home/ram-user/Desktop/rosProject/build/image_input', 'catkin_cmake_args': None, 'catkin_skip_building_tests': False, 'cmake_args': None, 'cmake_clean_cache': False, 'cmake_clean_first': False, 'cmake_force_configure': False, 'cmake_target': None, 'cmake_target_skip_unavailable': False, 'install_base': '/home/ram-user/Desktop/rosProject/install/image_input', 'merge_install': False, 'path': '/home/ram-user/Desktop/rosProject/src/image_input', 'symlink_install': False, 'test_result_base': None}
[0.766s] Level 5:colcon.colcon_core.verb:set package 'keyboard_input' build argument 'cmake_args' from command line to 'None'
[0.766s] Level 5:colcon.colcon_core.verb:set package 'keyboard_input' build argument 'cmake_target' from command line to 'None'
[0.766s] Level 5:colcon.colcon_core.verb:set package 'keyboard_input' build argument 'cmake_target_skip_unavailable' from command line to 'False'
[0.766s] Level 5:colcon.colcon_core.verb:set package 'keyboard_input' build argument 'cmake_clean_cache' from command line to 'False'
[0.766s] Level 5:colcon.colcon_core.verb:set package 'keyboard_input' build argument 'cmake_clean_first' from command line to 'False'
[0.766s] Level 5:colcon.colcon_core.verb:set package 'keyboard_input' build argument 'cmake_force_configure' from command line to 'False'
[0.766s] Level 5:colcon.colcon_core.verb:set package 'keyboard_input' build argument 'ament_cmake_args' from command line to 'None'
[0.766s] Level 5:colcon.colcon_core.verb:set package 'keyboard_input' build argument 'catkin_cmake_args' from command line to 'None'
[0.766s] Level 5:colcon.colcon_core.verb:set package 'keyboard_input' build argument 'catkin_skip_building_tests' from command line to 'False'
[0.767s] DEBUG:colcon.colcon_core.verb:Building package 'keyboard_input' with the following arguments: {'ament_cmake_args': None, 'build_base': '/home/ram-user/Desktop/rosProject/build/keyboard_input', 'catkin_cmake_args': None, 'catkin_skip_building_tests': False, 'cmake_args': None, 'cmake_clean_cache': False, 'cmake_clean_first': False, 'cmake_force_configure': False, 'cmake_target': None, 'cmake_target_skip_unavailable': False, 'install_base': '/home/ram-user/Desktop/rosProject/install/keyboard_input', 'merge_install': False, 'path': '/home/ram-user/Desktop/rosProject/src/keyboard_input', 'symlink_install': False, 'test_result_base': None}
[0.768s] Level 5:colcon.colcon_core.verb:set package 'paddle_physics' build argument 'cmake_args' from command line to 'None'
[0.768s] Level 5:colcon.colcon_core.verb:set package 'paddle_physics' build argument 'cmake_target' from command line to 'None'
[0.768s] Level 5:colcon.colcon_core.verb:set package 'paddle_physics' build argument 'cmake_target_skip_unavailable' from command line to 'False'
[0.768s] Level 5:colcon.colcon_core.verb:set package 'paddle_physics' build argument 'cmake_clean_cache' from command line to 'False'
[0.768s] Level 5:colcon.colcon_core.verb:set package 'paddle_physics' build argument 'cmake_clean_first' from command line to 'False'
[0.768s] Level 5:colcon.colcon_core.verb:set package 'paddle_physics' build argument 'cmake_force_configure' from command line to 'False'
[0.768s] Level 5:colcon.colcon_core.verb:set package 'paddle_physics' build argument 'ament_cmake_args' from command line to 'None'
[0.768s] Level 5:colcon.colcon_core.verb:set package 'paddle_physics' build argument 'catkin_cmake_args' from command line to 'None'
[0.768s] Level 5:colcon.colcon_core.verb:set package 'paddle_physics' build argument 'catkin_skip_building_tests' from command line to 'False'
[0.768s] DEBUG:colcon.colcon_core.verb:Building package 'paddle_physics' with the following arguments: {'ament_cmake_args': None, 'build_base': '/home/ram-user/Desktop/rosProject/build/paddle_physics', 'catkin_cmake_args': None, 'catkin_skip_building_tests': False, 'cmake_args': None, 'cmake_clean_cache': False, 'cmake_clean_first': False, 'cmake_force_configure': False, 'cmake_target': None, 'cmake_target_skip_unavailable': False, 'install_base': '/home/ram-user/Desktop/rosProject/install/paddle_physics', 'merge_install': False, 'path': '/home/ram-user/Desktop/rosProject/src/paddle_physics', 'symlink_install': False, 'test_result_base': None}
[0.770s] Level 5:colcon.colcon_core.verb:set package 'tutorial_interfaces' build argument 'cmake_args' from command line to 'None'
[0.770s] Level 5:colcon.colcon_core.verb:set package 'tutorial_interfaces' build argument 'cmake_target' from command line to 'None'
[0.770s] Level 5:colcon.colcon_core.verb:set package 'tutorial_interfaces' build argument 'cmake_target_skip_unavailable' from command line to 'False'
[0.770s] Level 5:colcon.colcon_core.verb:set package 'tutorial_interfaces' build argument 'cmake_clean_cache' from command line to 'False'
[0.770s] Level 5:colcon.colcon_core.verb:set package 'tutorial_interfaces' build argument 'cmake_clean_first' from command line to 'False'
[0.770s] Level 5:colcon.colcon_core.verb:set package 'tutorial_interfaces' build argument 'cmake_force_configure' from command line to 'False'
[0.770s] Level 5:colcon.colcon_core.verb:set package 'tutorial_interfaces' build argument 'ament_cmake_args' from command line to 'None'
[0.770s] Level 5:colcon.colcon_core.verb:set package 'tutorial_interfaces' build argument 'catkin_cmake_args' from command line to 'None'
[0.770s] Level 5:colcon.colcon_core.verb:set package 'tutorial_interfaces' build argument 'catkin_skip_building_tests' from command line to 'False'
[0.770s] DEBUG:colcon.colcon_core.verb:Building package 'tutorial_interfaces' with the following arguments: {'ament_cmake_args': None, 'build_base': '/home/ram-user/Desktop/rosProject/build/tutorial_interfaces', 'catkin_cmake_args': None, 'catkin_skip_building_tests': False, 'cmake_args': None, 'cmake_clean_cache': False, 'cmake_clean_first': False, 'cmake_force_configure': False, 'cmake_target': None, 'cmake_target_skip_unavailable': False, 'install_base': '/home/ram-user/Desktop/rosProject/install/tutorial_interfaces', 'merge_install': False, 'path': '/home/ram-user/Desktop/rosProject/src/tutorial_interfaces', 'symlink_install': False, 'test_result_base': None}
[0.771s] Level 5:colcon.colcon_core.verb:set package 'cpp_publisher' build argument 'cmake_args' from command line to 'None'
[0.771s] Level 5:colcon.colcon_core.verb:set package 'cpp_publisher' build argument 'cmake_target' from command line to 'None'
[0.771s] Level 5:colcon.colcon_core.verb:set package 'cpp_publisher' build argument 'cmake_target_skip_unavailable' from command line to 'False'
[0.771s] Level 5:colcon.colcon_core.verb:set package 'cpp_publisher' build argument 'cmake_clean_cache' from command line to 'False'
[0.771s] Level 5:colcon.colcon_core.verb:set package 'cpp_publisher' build argument 'cmake_clean_first' from command line to 'False'
[0.771s] Level 5:colcon.colcon_core.verb:set package 'cpp_publisher' build argument 'cmake_force_configure' from command line to 'False'
[0.771s] Level 5:colcon.colcon_core.verb:set package 'cpp_publisher' build argument 'ament_cmake_args' from command line to 'None'
[0.771s] Level 5:colcon.colcon_core.verb:set package 'cpp_publisher' build argument 'catkin_cmake_args' from command line to 'None'
[0.771s] Level 5:colcon.colcon_core.verb:set package 'cpp_publisher' build argument 'catkin_skip_building_tests' from command line to 'False'
[0.771s] DEBUG:colcon.colcon_core.verb:Building package 'cpp_publisher' with the following arguments: {'ament_cmake_args': None, 'build_base': '/home/ram-user/Desktop/rosProject/build/cpp_publisher', 'catkin_cmake_args': None, 'catkin_skip_building_tests': False, 'cmake_args': None, 'cmake_clean_cache': False, 'cmake_clean_first': False, 'cmake_force_configure': False, 'cmake_target': None, 'cmake_target_skip_unavailable': False, 'install_base': '/home/ram-user/Desktop/rosProject/install/cpp_publisher', 'merge_install': False, 'path': '/home/ram-user/Desktop/rosProject/src/cpp_publisher', 'symlink_install': False, 'test_result_base': None}
[0.773s] Level 5:colcon.colcon_core.verb:set package 'pong_core' build argument 'cmake_args' from command line to 'None'
[0.773s] Level 5:colcon.colcon_core.verb:set package 'pong_core' build argument 'cmake_target' from command line to 'None'
[0.773s] Level 5:colcon.colcon_core.verb:set package 'pong_core' build argument 'cmake_target_skip_unavailable' from command line to 'False'
[0.773s] Level 5:colcon.colcon_core.verb:set package 'pong_core' build argument 'cmake_clean_cache' from command line to 'False'
[0.773s] Level 5:colcon.colcon_core.verb:set package 'pong_core' build argument 'cmake_clean_first' from command line to 'False'
[0.773s] Level 5:colcon.colcon_core.verb:set package 'pong_core' build argument 'cmake_force_configure' from command line to 'False'
[0.773s] Level 5:colcon.colcon_core.verb:set package 'pong_core' build argument 'ament_cmake_args' from command line to 'None'
[0.773s] Level 5:colcon.colcon_core.verb:set package 'pong_core' build argument 'catkin_cmake_args' from command line to 'None'
[0.773s] Level 5:colcon.colcon_core.verb:set package 'pong_core' build argument 'catkin_skip_building_tests' from command line to 'False'
[0.773s] DEBUG:colcon.colcon_core.verb:Building package 'pong_core' with the following arguments: {'ament_cmake_args': None, 'build_base': '/home/ram-user/Desktop/rosProject/build/pong_core', 'catkin_cmake_args': None, 'catkin_skip_building_tests': False, 'cmake_args': None, 'cmake_clean_cache': False, 'cmake_clean_first': False, 'cmake_force_configure': False, 'cmake_target': None, 'cmake_target_skip_unavailable': False, 'install_base': '/home/ram-user/Desktop/rosProject/install/pong_core', 'merge_install': False, 'path': '/home/ram-user/Desktop/rosProject/src/pong_core', 'symlink_install': False, 'test_result_base': None}
[0.774s] Level 5:colcon.colcon_core.verb:set package 'score' build argument 'cmake_args' from command line to 'None'
[0.774s] Level 5:colcon.colcon_core.verb:set package 'score' build argument 'cmake_target' from command line to 'None'
[0.774s] Level 5:colcon.colcon_core.verb:set package 'score' build argument 'cmake_target_skip_unavailable' from command line to 'False'
[0.774s] Level 5:colcon.colcon_core.verb:set package 'score' build argument 'cmake_clean_cache' from command line to 'False'
[0.774s] Level 5:colcon.colcon_core.verb:set package 'score' build argument 'cmake_clean_first' from command line to 'False'
[0.774s] Level 5:colcon.colcon_core.verb:set package 'score' build argument 'cmake_force_configure' from command line to 'False'
[0.774s] Level 5:colcon.colcon_core.verb:set package 'score' build argument 'ament_cmake_args' from command line to 'None'
[0.774s] Level 5:colcon.colcon_core.verb:set package 'score' build argument 'catkin_cmake_args' from command line to 'None'
[0.774s] Level 5:colcon.colcon_core.verb:set package 'score' build argument 'catkin_skip_building_tests' from command line to 'False'
[0.774s] DEBUG:colcon.colcon_core.verb:Building package 'score' with the following arguments: {'ament_cmake_args': None, 'build_base': '/home/ram-user/Desktop/rosProject/build/score', 'catkin_cmake_args': None, 'catkin_skip_building_tests': False, 'cmake_args': None, 'cmake_clean_cache': False, 'cmake_clean_first': False, 'cmake_force_configure': False, 'cmake_target': None, 'cmake_target_skip_unavailable': False, 'install_base': '/home/ram-user/Desktop/rosProject/install/score', 'merge_install': False, 'path': '/home/ram-user/Desktop/rosProject/src/score', 'symlink_install': False, 'test_result_base': None}
[0.776s] Level 5:colcon.colcon_core.verb:set package 'visualization_package' build argument 'cmake_args' from command line to 'None'
[0.776s] Level 5:colcon.colcon_core.verb:set package 'visualization_package' build argument 'cmake_target' from command line to 'None'
[0.776s] Level 5:colcon.colcon_core.verb:set package 'visualization_package' build argument 'cmake_target_skip_unavailable' from command line to 'False'
[0.776s] Level 5:colcon.colcon_core.verb:set package 'visualization_package' build argument 'cmake_clean_cache' from command line to 'False'
[0.776s] Level 5:colcon.colcon_core.verb:set package 'visualization_package' build argument 'cmake_clean_first' from command line to 'False'
[0.776s] Level 5:colcon.colcon_core.verb:set package 'visualization_package' build argument 'cmake_force_configure' from command line to 'False'
[0.776s] Level 5:colcon.colcon_core.verb:set package 'visualization_package' build argument 'ament_cmake_args' from command line to 'None'
[0.776s] Level 5:colcon.colcon_core.verb:set package 'visualization_package' build argument 'catkin_cmake_args' from command line to 'None'
[0.776s] Level 5:colcon.colcon_core.verb:set package 'visualization_package' build argument 'catkin_skip_building_tests' from command line to 'False'
[0.776s] DEBUG:colcon.colcon_core.verb:Building package 'visualization_package' with the following arguments: {'ament_cmake_args': None, 'build_base': '/home/ram-user/Desktop/rosProject/build/visualization_package', 'catkin_cmake_args': None, 'catkin_skip_building_tests': False, 'cmake_args': None, 'cmake_clean_cache': False, 'cmake_clean_first': False, 'cmake_force_configure': False, 'cmake_target': None, 'cmake_target_skip_unavailable': False, 'install_base': '/home/ram-user/Desktop/rosProject/install/visualization_package', 'merge_install': False, 'path': '/home/ram-user/Desktop/rosProject/src/visualization_package', 'symlink_install': False, 'test_result_base': None}
[0.777s] INFO:colcon.colcon_core.executor:Executing jobs using 'parallel' executor
[0.785s] DEBUG:colcon.colcon_parallel_executor.executor.parallel:run_until_complete
[0.785s] INFO:colcon.colcon_ros.task.ament_cmake.build:Building ROS package in '/home/ram-user/Desktop/rosProject/src/tutorial_interfaces' with build type 'ament_cmake'
[0.786s] INFO:colcon.colcon_cmake.task.cmake.build:Building CMake package in '/home/ram-user/Desktop/rosProject/src/tutorial_interfaces'
[0.808s] INFO:colcon.colcon_core.plugin_system:Skipping extension 'colcon_core.shell.bat': Not used on non-Windows systems
[0.809s] INFO:colcon.colcon_core.shell:Skip shell extension 'powershell' for command environment: Not usable outside of PowerShell
[0.809s] DEBUG:colcon.colcon_core.shell:Skip shell extension 'dsv' for command environment
[0.833s] INFO:colcon.colcon_ros.task.ament_cmake.build:Building ROS package in '/home/ram-user/Desktop/rosProject/src/image_input' with build type 'ament_cmake'
[0.834s] INFO:colcon.colcon_cmake.task.cmake.build:Building CMake package in '/home/ram-user/Desktop/rosProject/src/image_input'
[0.838s] INFO:colcon.colcon_core.shell:Skip shell extension 'powershell' for command environment: Not usable outside of PowerShell
[0.839s] DEBUG:colcon.colcon_core.shell:Skip shell extension 'dsv' for command environment
[0.876s] DEBUG:colcon.colcon_core.event_handler.log_command:Invoking command in '/home/ram-user/Desktop/rosProject/build/tutorial_interfaces': CMAKE_PREFIX_PATH=/opt/ros/humble /usr/bin/cmake --build /home/ram-user/Desktop/rosProject/build/tutorial_interfaces -- -j2 -l2
[0.892s] DEBUG:colcon.colcon_core.event_handler.log_command:Invoking command in '/home/ram-user/Desktop/rosProject/build/image_input': CMAKE_PREFIX_PATH=/opt/ros/humble /usr/bin/cmake --build /home/ram-user/Desktop/rosProject/build/image_input -- -j2 -l2
[1.062s] DEBUG:colcon.colcon_core.event_handler.log_command:Invoked command in '/home/ram-user/Desktop/rosProject/build/image_input' returned '0': CMAKE_PREFIX_PATH=/opt/ros/humble /usr/bin/cmake --build /home/ram-user/Desktop/rosProject/build/image_input -- -j2 -l2
[1.234s] DEBUG:colcon.colcon_core.event_handler.log_command:Invoking command in '/home/ram-user/Desktop/rosProject/build/image_input': CMAKE_PREFIX_PATH=/opt/ros/humble /usr/bin/cmake --install /home/ram-user/Desktop/rosProject/build/image_input
[1.279s] Level 1:colcon.colcon_core.environment:create_environment_scripts_only(image_input)
[1.289s] Level 1:colcon.colcon_core.environment:checking '/home/ram-user/Desktop/rosProject/install/image_input' for CMake module files
[1.289s] Level 1:colcon.colcon_core.environment:checking '/home/ram-user/Desktop/rosProject/install/image_input' for CMake config files
[1.290s] Level 1:colcon.colcon_core.shell:create_environment_hook('image_input', 'cmake_prefix_path')
[1.293s] INFO:colcon.colcon_core.shell:Creating environment hook '/home/ram-user/Desktop/rosProject/install/image_input/share/image_input/hook/cmake_prefix_path.ps1'
[1.297s] DEBUG:colcon.colcon_core.event_handler.log_command:Invoked command in '/home/ram-user/Desktop/rosProject/build/image_input' returned '0': CMAKE_PREFIX_PATH=/opt/ros/humble /usr/bin/cmake --install /home/ram-user/Desktop/rosProject/build/image_input
[1.304s] INFO:colcon.colcon_core.shell:Creating environment descriptor '/home/ram-user/Desktop/rosProject/install/image_input/share/image_input/hook/cmake_prefix_path.dsv'
[1.307s] INFO:colcon.colcon_core.shell:Creating environment hook '/home/ram-user/Desktop/rosProject/install/image_input/share/image_input/hook/cmake_prefix_path.sh'
[1.309s] Level 1:colcon.colcon_core.environment:checking '/home/ram-user/Desktop/rosProject/install/image_input/lib'
[1.309s] Level 1:colcon.colcon_core.environment:checking '/home/ram-user/Desktop/rosProject/install/image_input/bin'
[1.309s] Level 1:colcon.colcon_core.environment:checking '/home/ram-user/Desktop/rosProject/install/image_input/lib/pkgconfig/image_input.pc'
[1.310s] Level 1:colcon.colcon_core.environment:checking '/home/ram-user/Desktop/rosProject/install/image_input/lib/python3.10/site-packages'
[1.310s] Level 1:colcon.colcon_core.environment:checking '/home/ram-user/Desktop/rosProject/install/image_input/bin'
[1.312s] INFO:colcon.colcon_core.shell:Creating package script '/home/ram-user/Desktop/rosProject/install/image_input/share/image_input/package.ps1'
[1.316s] INFO:colcon.colcon_core.shell:Creating package descriptor '/home/ram-user/Desktop/rosProject/install/image_input/share/image_input/package.dsv'
[1.318s] INFO:colcon.colcon_core.shell:Creating package script '/home/ram-user/Desktop/rosProject/install/image_input/share/image_input/package.sh'
[1.321s] INFO:colcon.colcon_core.shell:Creating package script '/home/ram-user/Desktop/rosProject/install/image_input/share/image_input/package.bash'
[1.325s] INFO:colcon.colcon_core.shell:Creating package script '/home/ram-user/Desktop/rosProject/install/image_input/share/image_input/package.zsh'
[1.327s] Level 1:colcon.colcon_core.environment:create_file_with_runtime_dependencies(/home/ram-user/Desktop/rosProject/install/image_input/share/colcon-core/packages/image_input)
[1.582s] Level 1:colcon.colcon_core.environment:create_environment_scripts_only(image_input)
[1.603s] Level 1:colcon.colcon_core.environment:checking '/home/ram-user/Desktop/rosProject/install/image_input' for CMake module files
[1.606s] Level 1:colcon.colcon_core.environment:checking '/home/ram-user/Desktop/rosProject/install/image_input' for CMake config files
[1.607s] Level 1:colcon.colcon_core.shell:create_environment_hook('image_input', 'cmake_prefix_path')
[1.611s] INFO:colcon.colcon_core.shell:Creating environment hook '/home/ram-user/Desktop/rosProject/install/image_input/share/image_input/hook/cmake_prefix_path.ps1'
[1.631s] INFO:colcon.colcon_core.shell:Creating environment descriptor '/home/ram-user/Desktop/rosProject/install/image_input/share/image_input/hook/cmake_prefix_path.dsv'
[1.633s] INFO:colcon.colcon_core.shell:Creating environment hook '/home/ram-user/Desktop/rosProject/install/image_input/share/image_input/hook/cmake_prefix_path.sh'
[1.643s] Level 1:colcon.colcon_core.environment:checking '/home/ram-user/Desktop/rosProject/install/image_input/lib'
[1.643s] Level 1:colcon.colcon_core.environment:checking '/home/ram-user/Desktop/rosProject/install/image_input/bin'
[1.643s] Level 1:colcon.colcon_core.environment:checking '/home/ram-user/Desktop/rosProject/install/image_input/lib/pkgconfig/image_input.pc'
[1.644s] Level 1:colcon.colcon_core.environment:checking '/home/ram-user/Desktop/rosProject/install/image_input/lib/python3.10/site-packages'
[1.644s] Level 1:colcon.colcon_core.environment:checking '/home/ram-user/Desktop/rosProject/install/image_input/bin'
[1.646s] INFO:colcon.colcon_core.shell:Creating package script '/home/ram-user/Desktop/rosProject/install/image_input/share/image_input/package.ps1'
[1.650s] INFO:colcon.colcon_core.shell:Creating package descriptor '/home/ram-user/Desktop/rosProject/install/image_input/share/image_input/package.dsv'
[1.654s] INFO:colcon.colcon_core.shell:Creating package script '/home/ram-user/Desktop/rosProject/install/image_input/share/image_input/package.sh'
[1.656s] INFO:colcon.colcon_core.shell:Creating package script '/home/ram-user/Desktop/rosProject/install/image_input/share/image_input/package.bash'
[1.658s] INFO:colcon.colcon_core.shell:Creating package script '/home/ram-user/Desktop/rosProject/install/image_input/share/image_input/package.zsh'
[1.659s] Level 1:colcon.colcon_core.environment:create_file_with_runtime_dependencies(/home/ram-user/Desktop/rosProject/install/image_input/share/colcon-core/packages/image_input)
[1.664s] INFO:colcon.colcon_ros.task.ament_cmake.build:Building ROS package in '/home/ram-user/Desktop/rosProject/src/keyboard_input' with build type 'ament_cmake'
[1.664s] INFO:colcon.colcon_cmake.task.cmake.build:Building CMake package in '/home/ram-user/Desktop/rosProject/src/keyboard_input'
[1.666s] INFO:colcon.colcon_core.shell:Skip shell extension 'powershell' for command environment: Not usable outside of PowerShell
[1.666s] DEBUG:colcon.colcon_core.shell:Skip shell extension 'dsv' for command environment
[1.776s] DEBUG:colcon.colcon_core.event_handler.log_command:Invoking command in '/home/ram-user/Desktop/rosProject/build/keyboard_input': CMAKE_PREFIX_PATH=/opt/ros/humble /usr/bin/cmake --build /home/ram-user/Desktop/rosProject/build/keyboard_input -- -j2 -l2
[1.925s] DEBUG:colcon.colcon_core.event_handler.log_command:Invoked command in '/home/ram-user/Desktop/rosProject/build/keyboard_input' returned '0': CMAKE_PREFIX_PATH=/opt/ros/humble /usr/bin/cmake --build /home/ram-user/Desktop/rosProject/build/keyboard_input -- -j2 -l2
[1.982s] DEBUG:colcon.colcon_core.event_handler.log_command:Invoking command in '/home/ram-user/Desktop/rosProject/build/keyboard_input': CMAKE_PREFIX_PATH=/opt/ros/humble /usr/bin/cmake --install /home/ram-user/Desktop/rosProject/build/keyboard_input
[2.001s] Level 1:colcon.colcon_core.environment:create_environment_scripts_only(keyboard_input)
[2.004s] Level 1:colcon.colcon_core.environment:checking '/home/ram-user/Desktop/rosProject/install/keyboard_input' for CMake module files
[2.005s] Level 1:colcon.colcon_core.environment:checking '/home/ram-user/Desktop/rosProject/install/keyboard_input' for CMake config files
[2.006s] Level 1:colcon.colcon_core.shell:create_environment_hook('keyboard_input', 'cmake_prefix_path')
[2.008s] INFO:colcon.colcon_core.shell:Creating environment hook '/home/ram-user/Desktop/rosProject/install/keyboard_input/share/keyboard_input/hook/cmake_prefix_path.ps1'
[2.010s] DEBUG:colcon.colcon_core.event_handler.log_command:Invoked command in '/home/ram-user/Desktop/rosProject/build/keyboard_input' returned '0': CMAKE_PREFIX_PATH=/opt/ros/humble /usr/bin/cmake --install /home/ram-user/Desktop/rosProject/build/keyboard_input
[2.011s] INFO:colcon.colcon_core.shell:Creating environment descriptor '/home/ram-user/Desktop/rosProject/install/keyboard_input/share/keyboard_input/hook/cmake_prefix_path.dsv'
[2.012s] INFO:colcon.colcon_core.shell:Creating environment hook '/home/ram-user/Desktop/rosProject/install/keyboard_input/share/keyboard_input/hook/cmake_prefix_path.sh'
[2.014s] Level 1:colcon.colcon_core.environment:checking '/home/ram-user/Desktop/rosProject/install/keyboard_input/lib'
[2.015s] Level 1:colcon.colcon_core.environment:checking '/home/ram-user/Desktop/rosProject/install/keyboard_input/bin'
[2.015s] Level 1:colcon.colcon_core.environment:checking '/home/ram-user/Desktop/rosProject/install/keyboard_input/lib/pkgconfig/keyboard_input.pc'
[2.015s] Level 1:colcon.colcon_core.environment:checking '/home/ram-user/Desktop/rosProject/install/keyboard_input/lib/python3.10/site-packages'
[2.015s] Level 1:colcon.colcon_core.environment:checking '/home/ram-user/Desktop/rosProject/install/keyboard_input/bin'
[2.018s] INFO:colcon.colcon_core.shell:Creating package script '/home/ram-user/Desktop/rosProject/install/keyboard_input/share/keyboard_input/package.ps1'
[2.019s] INFO:colcon.colcon_core.shell:Creating package descriptor '/home/ram-user/Desktop/rosProject/install/keyboard_input/share/keyboard_input/package.dsv'
[2.020s] INFO:colcon.colcon_core.shell:Creating package script '/home/ram-user/Desktop/rosProject/install/keyboard_input/share/keyboard_input/package.sh'
[2.023s] INFO:colcon.colcon_core.shell:Creating package script '/home/ram-user/Desktop/rosProject/install/keyboard_input/share/keyboard_input/package.bash'
[2.024s] INFO:colcon.colcon_core.shell:Creating package script '/home/ram-user/Desktop/rosProject/install/keyboard_input/share/keyboard_input/package.zsh'
[2.026s] Level 1:colcon.colcon_core.environment:create_file_with_runtime_dependencies(/home/ram-user/Desktop/rosProject/install/keyboard_input/share/colcon-core/packages/keyboard_input)
[2.119s] DEBUG:colcon.colcon_core.event_handler.log_command:Invoked command in '/home/ram-user/Desktop/rosProject/build/tutorial_interfaces' returned '0': CMAKE_PREFIX_PATH=/opt/ros/humble /usr/bin/cmake --build /home/ram-user/Desktop/rosProject/build/tutorial_interfaces -- -j2 -l2
[2.125s] Level 1:colcon.colcon_core.environment:create_environment_scripts_only(keyboard_input)
[2.128s] Level 1:colcon.colcon_core.environment:checking '/home/ram-user/Desktop/rosProject/install/keyboard_input' for CMake module files
[2.129s] Level 1:colcon.colcon_core.environment:checking '/home/ram-user/Desktop/rosProject/install/keyboard_input' for CMake config files
[2.129s] Level 1:colcon.colcon_core.shell:create_environment_hook('keyboard_input', 'cmake_prefix_path')
[2.131s] INFO:colcon.colcon_core.shell:Creating environment hook '/home/ram-user/Desktop/rosProject/install/keyboard_input/share/keyboard_input/hook/cmake_prefix_path.ps1'
[2.132s] INFO:colcon.colcon_core.shell:Creating environment descriptor '/home/ram-user/Desktop/rosProject/install/keyboard_input/share/keyboard_input/hook/cmake_prefix_path.dsv'
[2.134s] INFO:colcon.colcon_core.shell:Creating environment hook '/home/ram-user/Desktop/rosProject/install/keyboard_input/share/keyboard_input/hook/cmake_prefix_path.sh'
[2.136s] Level 1:colcon.colcon_core.environment:checking '/home/ram-user/Desktop/rosProject/install/keyboard_input/lib'
[2.136s] Level 1:colcon.colcon_core.environment:checking '/home/ram-user/Desktop/rosProject/install/keyboard_input/bin'
[2.136s] Level 1:colcon.colcon_core.environment:checking '/home/ram-user/Desktop/rosProject/install/keyboard_input/lib/pkgconfig/keyboard_input.pc'
[2.136s] Level 1:colcon.colcon_core.environment:checking '/home/ram-user/Desktop/rosProject/install/keyboard_input/lib/python3.10/site-packages'
[2.137s] Level 1:colcon.colcon_core.environment:checking '/home/ram-user/Desktop/rosProject/install/keyboard_input/bin'
[2.149s] INFO:colcon.colcon_core.shell:Creating package script '/home/ram-user/Desktop/rosProject/install/keyboard_input/share/keyboard_input/package.ps1'
[2.150s] INFO:colcon.colcon_core.shell:Creating package descriptor '/home/ram-user/Desktop/rosProject/install/keyboard_input/share/keyboard_input/package.dsv'
[2.152s] INFO:colcon.colcon_core.shell:Creating package script '/home/ram-user/Desktop/rosProject/install/keyboard_input/share/keyboard_input/package.sh'
[2.154s] INFO:colcon.colcon_core.shell:Creating package script '/home/ram-user/Desktop/rosProject/install/keyboard_input/share/keyboard_input/package.bash'
[2.155s] INFO:colcon.colcon_core.shell:Creating package script '/home/ram-user/Desktop/rosProject/install/keyboard_input/share/keyboard_input/package.zsh'
[2.158s] Level 1:colcon.colcon_core.environment:create_file_with_runtime_dependencies(/home/ram-user/Desktop/rosProject/install/keyboard_input/share/colcon-core/packages/keyboard_input)
[2.160s] INFO:colcon.colcon_ros.task.ament_cmake.build:Building ROS package in '/home/ram-user/Desktop/rosProject/src/paddle_physics' with build type 'ament_cmake'
[2.160s] INFO:colcon.colcon_cmake.task.cmake.build:Building CMake package in '/home/ram-user/Desktop/rosProject/src/paddle_physics'
[2.164s] INFO:colcon.colcon_core.shell:Skip shell extension 'powershell' for command environment: Not usable outside of PowerShell
[2.164s] DEBUG:colcon.colcon_core.shell:Skip shell extension 'dsv' for command environment
[2.187s] DEBUG:colcon.colcon_core.event_handler.log_command:Invoking command in '/home/ram-user/Desktop/rosProject/build/paddle_physics': CMAKE_PREFIX_PATH=/opt/ros/humble /usr/bin/cmake --build /home/ram-user/Desktop/rosProject/build/paddle_physics -- -j2 -l2
[2.362s] DEBUG:colcon.colcon_core.event_handler.log_command:Invoked command in '/home/ram-user/Desktop/rosProject/build/paddle_physics' returned '0': CMAKE_PREFIX_PATH=/opt/ros/humble /usr/bin/cmake --build /home/ram-user/Desktop/rosProject/build/paddle_physics -- -j2 -l2
[2.417s] DEBUG:colcon.colcon_core.event_handler.log_command:Invoking command in '/home/ram-user/Desktop/rosProject/build/paddle_physics': CMAKE_PREFIX_PATH=/opt/ros/humble /usr/bin/cmake --install /home/ram-user/Desktop/rosProject/build/paddle_physics
[2.420s] DEBUG:colcon.colcon_core.event_handler.log_command:Invoking command in '/home/ram-user/Desktop/rosProject/build/tutorial_interfaces': CMAKE_PREFIX_PATH=/opt/ros/humble /usr/bin/cmake --install /home/ram-user/Desktop/rosProject/build/tutorial_interfaces
[2.440s] Level 1:colcon.colcon_core.environment:create_environment_scripts_only(paddle_physics)
[2.445s] Level 1:colcon.colcon_core.environment:checking '/home/ram-user/Desktop/rosProject/install/paddle_physics' for CMake module files
[2.447s] DEBUG:colcon.colcon_core.event_handler.log_command:Invoked command in '/home/ram-user/Desktop/rosProject/build/paddle_physics' returned '0': CMAKE_PREFIX_PATH=/opt/ros/humble /usr/bin/cmake --install /home/ram-user/Desktop/rosProject/build/paddle_physics
[2.450s] Level 1:colcon.colcon_core.environment:checking '/home/ram-user/Desktop/rosProject/install/paddle_physics' for CMake config files
[2.450s] Level 1:colcon.colcon_core.shell:create_environment_hook('paddle_physics', 'cmake_prefix_path')
[2.452s] INFO:colcon.colcon_core.shell:Creating environment hook '/home/ram-user/Desktop/rosProject/install/paddle_physics/share/paddle_physics/hook/cmake_prefix_path.ps1'
[2.452s] INFO:colcon.colcon_core.shell:Creating environment descriptor '/home/ram-user/Desktop/rosProject/install/paddle_physics/share/paddle_physics/hook/cmake_prefix_path.dsv'
[2.462s] INFO:colcon.colcon_core.shell:Creating environment hook '/home/ram-user/Desktop/rosProject/install/paddle_physics/share/paddle_physics/hook/cmake_prefix_path.sh'
[2.468s] Level 1:colcon.colcon_core.environment:checking '/home/ram-user/Desktop/rosProject/install/paddle_physics/lib'
[2.468s] Level 1:colcon.colcon_core.environment:checking '/home/ram-user/Desktop/rosProject/install/paddle_physics/bin'
[2.468s] Level 1:colcon.colcon_core.environment:checking '/home/ram-user/Desktop/rosProject/install/paddle_physics/lib/pkgconfig/paddle_physics.pc'
[2.468s] Level 1:colcon.colcon_core.environment:checking '/home/ram-user/Desktop/rosProject/install/paddle_physics/lib/python3.10/site-packages'
[2.469s] Level 1:colcon.colcon_core.environment:checking '/home/ram-user/Desktop/rosProject/install/paddle_physics/bin'
[2.471s] INFO:colcon.colcon_core.shell:Creating package script '/home/ram-user/Desktop/rosProject/install/paddle_physics/share/paddle_physics/package.ps1'
[2.472s] INFO:colcon.colcon_core.shell:Creating package descriptor '/home/ram-user/Desktop/rosProject/install/paddle_physics/share/paddle_physics/package.dsv'
[2.481s] INFO:colcon.colcon_core.shell:Creating package script '/home/ram-user/Desktop/rosProject/install/paddle_physics/share/paddle_physics/package.sh'
[2.483s] INFO:colcon.colcon_core.shell:Creating package script '/home/ram-user/Desktop/rosProject/install/paddle_physics/share/paddle_physics/package.bash'
[2.485s] INFO:colcon.colcon_core.shell:Creating package script '/home/ram-user/Desktop/rosProject/install/paddle_physics/share/paddle_physics/package.zsh'
[2.487s] Level 1:colcon.colcon_core.environment:create_file_with_runtime_dependencies(/home/ram-user/Desktop/rosProject/install/paddle_physics/share/colcon-core/packages/paddle_physics)
[2.533s] Level 1:colcon.colcon_core.environment:create_environment_scripts_only(tutorial_interfaces)
[2.539s] Level 1:colcon.colcon_core.environment:checking '/home/ram-user/Desktop/rosProject/install/tutorial_interfaces' for CMake module files
[2.548s] Level 1:colcon.colcon_core.environment:checking '/home/ram-user/Desktop/rosProject/install/tutorial_interfaces' for CMake config files
[2.549s] Level 1:colcon.colcon_core.shell:create_environment_hook('tutorial_interfaces', 'cmake_prefix_path')
[2.552s] INFO:colcon.colcon_core.shell:Creating environment hook '/home/ram-user/Desktop/rosProject/install/tutorial_interfaces/share/tutorial_interfaces/hook/cmake_prefix_path.ps1'
[2.557s] DEBUG:colcon.colcon_core.event_handler.log_command:Invoked command in '/home/ram-user/Desktop/rosProject/build/tutorial_interfaces' returned '0': CMAKE_PREFIX_PATH=/opt/ros/humble /usr/bin/cmake --install /home/ram-user/Desktop/rosProject/build/tutorial_interfaces
[2.557s] INFO:colcon.colcon_core.shell:Creating environment descriptor '/home/ram-user/Desktop/rosProject/install/tutorial_interfaces/share/tutorial_interfaces/hook/cmake_prefix_path.dsv'
[2.558s] INFO:colcon.colcon_core.shell:Creating environment hook '/home/ram-user/Desktop/rosProject/install/tutorial_interfaces/share/tutorial_interfaces/hook/cmake_prefix_path.sh'
[2.559s] Level 1:colcon.colcon_core.environment:checking '/home/ram-user/Desktop/rosProject/install/tutorial_interfaces/lib'
[2.560s] Level 1:colcon.colcon_core.shell:create_environment_hook('tutorial_interfaces', 'ld_library_path_lib')
[2.561s] INFO:colcon.colcon_core.shell:Creating environment hook '/home/ram-user/Desktop/rosProject/install/tutorial_interfaces/share/tutorial_interfaces/hook/ld_library_path_lib.ps1'
[2.563s] INFO:colcon.colcon_core.shell:Creating environment descriptor '/home/ram-user/Desktop/rosProject/install/tutorial_interfaces/share/tutorial_interfaces/hook/ld_library_path_lib.dsv'
[2.564s] INFO:colcon.colcon_core.shell:Creating environment hook '/home/ram-user/Desktop/rosProject/install/tutorial_interfaces/share/tutorial_interfaces/hook/ld_library_path_lib.sh'
[2.565s] Level 1:colcon.colcon_core.environment:checking '/home/ram-user/Desktop/rosProject/install/tutorial_interfaces/bin'
[2.565s] Level 1:colcon.colcon_core.environment:checking '/home/ram-user/Desktop/rosProject/install/tutorial_interfaces/lib/pkgconfig/tutorial_interfaces.pc'
[2.565s] Level 1:colcon.colcon_core.environment:checking '/home/ram-user/Desktop/rosProject/install/tutorial_interfaces/lib/python3.10/site-packages'
[2.566s] Level 1:colcon.colcon_core.environment:checking '/home/ram-user/Desktop/rosProject/install/tutorial_interfaces/bin'
[2.571s] INFO:colcon.colcon_core.shell:Creating package script '/home/ram-user/Desktop/rosProject/install/tutorial_interfaces/share/tutorial_interfaces/package.ps1'
[2.572s] INFO:colcon.colcon_core.shell:Creating package descriptor '/home/ram-user/Desktop/rosProject/install/tutorial_interfaces/share/tutorial_interfaces/package.dsv'
[2.573s] INFO:colcon.colcon_core.shell:Creating package script '/home/ram-user/Desktop/rosProject/install/tutorial_interfaces/share/tutorial_interfaces/package.sh'
[2.575s] INFO:colcon.colcon_core.shell:Creating package script '/home/ram-user/Desktop/rosProject/install/tutorial_interfaces/share/tutorial_interfaces/package.bash'
[2.575s] INFO:colcon.colcon_core.shell:Creating package script '/home/ram-user/Desktop/rosProject/install/tutorial_interfaces/share/tutorial_interfaces/package.zsh'
[2.576s] Level 1:colcon.colcon_core.environment:create_file_with_runtime_dependencies(/home/ram-user/Desktop/rosProject/install/tutorial_interfaces/share/colcon-core/packages/tutorial_interfaces)
[2.592s] Level 1:colcon.colcon_core.environment:create_environment_scripts_only(paddle_physics)
[2.594s] Level 1:colcon.colcon_core.environment:checking '/home/ram-user/Desktop/rosProject/install/paddle_physics' for CMake module files
[2.595s] Level 1:colcon.colcon_core.environment:checking '/home/ram-user/Desktop/rosProject/install/paddle_physics' for CMake config files
[2.595s] Level 1:colcon.colcon_core.shell:create_environment_hook('paddle_physics', 'cmake_prefix_path')
[2.598s] INFO:colcon.colcon_core.shell:Creating environment hook '/home/ram-user/Desktop/rosProject/install/paddle_physics/share/paddle_physics/hook/cmake_prefix_path.ps1'
[2.600s] INFO:colcon.colcon_core.shell:Creating environment descriptor '/home/ram-user/Desktop/rosProject/install/paddle_physics/share/paddle_physics/hook/cmake_prefix_path.dsv'
[2.608s] INFO:colcon.colcon_core.shell:Creating environment hook '/home/ram-user/Desktop/rosProject/install/paddle_physics/share/paddle_physics/hook/cmake_prefix_path.sh'
[2.611s] Level 1:colcon.colcon_core.environment:checking '/home/ram-user/Desktop/rosProject/install/paddle_physics/lib'
[2.612s] Level 1:colcon.colcon_core.environment:checking '/home/ram-user/Desktop/rosProject/install/paddle_physics/bin'
[2.612s] Level 1:colcon.colcon_core.environment:checking '/home/ram-user/Desktop/rosProject/install/paddle_physics/lib/pkgconfig/paddle_physics.pc'
[2.612s] Level 1:colcon.colcon_core.environment:checking '/home/ram-user/Desktop/rosProject/install/paddle_physics/lib/python3.10/site-packages'
[2.612s] Level 1:colcon.colcon_core.environment:checking '/home/ram-user/Desktop/rosProject/install/paddle_physics/bin'
[2.615s] INFO:colcon.colcon_core.shell:Creating package script '/home/ram-user/Desktop/rosProject/install/paddle_physics/share/paddle_physics/package.ps1'
[2.616s] INFO:colcon.colcon_core.shell:Creating package descriptor '/home/ram-user/Desktop/rosProject/install/paddle_physics/share/paddle_physics/package.dsv'
[2.619s] INFO:colcon.colcon_core.shell:Creating package script '/home/ram-user/Desktop/rosProject/install/paddle_physics/share/paddle_physics/package.sh'
[2.621s] INFO:colcon.colcon_core.shell:Creating package script '/home/ram-user/Desktop/rosProject/install/paddle_physics/share/paddle_physics/package.bash'
[2.622s] INFO:colcon.colcon_core.shell:Creating package script '/home/ram-user/Desktop/rosProject/install/paddle_physics/share/paddle_physics/package.zsh'
[2.624s] Level 1:colcon.colcon_core.environment:create_file_with_runtime_dependencies(/home/ram-user/Desktop/rosProject/install/paddle_physics/share/colcon-core/packages/paddle_physics)
[2.916s] Level 1:colcon.colcon_core.environment:create_environment_scripts_only(tutorial_interfaces)
[2.919s] Level 1:colcon.colcon_core.environment:checking '/home/ram-user/Desktop/rosProject/install/tutorial_interfaces' for CMake module files
[2.920s] Level 1:colcon.colcon_core.environment:checking '/home/ram-user/Desktop/rosProject/install/tutorial_interfaces' for CMake config files
[2.920s] Level 1:colcon.colcon_core.shell:create_environment_hook('tutorial_interfaces', 'cmake_prefix_path')
[2.921s] INFO:colcon.colcon_core.shell:Creating environment hook '/home/ram-user/Desktop/rosProject/install/tutorial_interfaces/share/tutorial_interfaces/hook/cmake_prefix_path.ps1'
[2.923s] INFO:colcon.colcon_core.shell:Creating environment descriptor '/home/ram-user/Desktop/rosProject/install/tutorial_interfaces/share/tutorial_interfaces/hook/cmake_prefix_path.dsv'
[2.923s] INFO:colcon.colcon_core.shell:Creating environment hook '/home/ram-user/Desktop/rosProject/install/tutorial_interfaces/share/tutorial_interfaces/hook/cmake_prefix_path.sh'
[2.924s] Level 1:colcon.colcon_core.environment:checking '/home/ram-user/Desktop/rosProject/install/tutorial_interfaces/lib'
[2.924s] Level 1:colcon.colcon_core.shell:create_environment_hook('tutorial_interfaces', 'ld_library_path_lib')
[2.926s] INFO:colcon.colcon_core.shell:Creating environment hook '/home/ram-user/Desktop/rosProject/install/tutorial_interfaces/share/tutorial_interfaces/hook/ld_library_path_lib.ps1'
[2.927s] INFO:colcon.colcon_core.shell:Creating environment descriptor '/home/ram-user/Desktop/rosProject/install/tutorial_interfaces/share/tutorial_interfaces/hook/ld_library_path_lib.dsv'
[2.928s] INFO:colcon.colcon_core.shell:Creating environment hook '/home/ram-user/Desktop/rosProject/install/tutorial_interfaces/share/tutorial_interfaces/hook/ld_library_path_lib.sh'
[2.929s] Level 1:colcon.colcon_core.environment:checking '/home/ram-user/Desktop/rosProject/install/tutorial_interfaces/bin'
[2.929s] Level 1:colcon.colcon_core.environment:checking '/home/ram-user/Desktop/rosProject/install/tutorial_interfaces/lib/pkgconfig/tutorial_interfaces.pc'
[2.929s] Level 1:colcon.colcon_core.environment:checking '/home/ram-user/Desktop/rosProject/install/tutorial_interfaces/lib/python3.10/site-packages'
[2.929s] Level 1:colcon.colcon_core.environment:checking '/home/ram-user/Desktop/rosProject/install/tutorial_interfaces/bin'
[2.931s] INFO:colcon.colcon_core.shell:Creating package script '/home/ram-user/Desktop/rosProject/install/tutorial_interfaces/share/tutorial_interfaces/package.ps1'
[2.935s] INFO:colcon.colcon_core.shell:Creating package descriptor '/home/ram-user/Desktop/rosProject/install/tutorial_interfaces/share/tutorial_interfaces/package.dsv'
[2.936s] INFO:colcon.colcon_core.shell:Creating package script '/home/ram-user/Desktop/rosProject/install/tutorial_interfaces/share/tutorial_interfaces/package.sh'
[2.936s] INFO:colcon.colcon_core.shell:Creating package script '/home/ram-user/Desktop/rosProject/install/tutorial_interfaces/share/tutorial_interfaces/package.bash'
[2.937s] INFO:colcon.colcon_core.shell:Creating package script '/home/ram-user/Desktop/rosProject/install/tutorial_interfaces/share/tutorial_interfaces/package.zsh'
[2.938s] Level 1:colcon.colcon_core.environment:create_file_with_runtime_dependencies(/home/ram-user/Desktop/rosProject/install/tutorial_interfaces/share/colcon-core/packages/tutorial_interfaces)
[2.938s] INFO:colcon.colcon_ros.task.ament_cmake.build:Building ROS package in '/home/ram-user/Desktop/rosProject/src/cpp_publisher' with build type 'ament_cmake'
[2.939s] INFO:colcon.colcon_cmake.task.cmake.build:Building CMake package in '/home/ram-user/Desktop/rosProject/src/cpp_publisher'
[2.940s] INFO:colcon.colcon_core.shell:Skip shell extension 'powershell' for command environment: Not usable outside of PowerShell
[2.941s] DEBUG:colcon.colcon_core.shell:Skip shell extension 'dsv' for command environment
[2.952s] INFO:colcon.colcon_ros.task.ament_cmake.build:Building ROS package in '/home/ram-user/Desktop/rosProject/src/pong_core' with build type 'ament_cmake'
[2.952s] INFO:colcon.colcon_cmake.task.cmake.build:Building CMake package in '/home/ram-user/Desktop/rosProject/src/pong_core'
[2.954s] INFO:colcon.colcon_core.shell:Skip shell extension 'powershell' for command environment: Not usable outside of PowerShell
[2.954s] DEBUG:colcon.colcon_core.shell:Skip shell extension 'dsv' for command environment
[2.976s] DEBUG:colcon.colcon_core.event_handler.log_command:Invoking command in '/home/ram-user/Desktop/rosProject/build/cpp_publisher': AMENT_PREFIX_PATH=/home/ram-user/Desktop/rosProject/install/tutorial_interfaces:${AMENT_PREFIX_PATH} CMAKE_PREFIX_PATH=/home/ram-user/Desktop/rosProject/install/tutorial_interfaces:/opt/ros/humble LD_LIBRARY_PATH=/home/ram-user/Desktop/rosProject/install/tutorial_interfaces/lib:${LD_LIBRARY_PATH} PYTHONPATH=/home/ram-user/Desktop/rosProject/install/tutorial_interfaces/local/lib/python3.10/dist-packages:${PYTHONPATH} /usr/bin/cmake --build /home/ram-user/Desktop/rosProject/build/cpp_publisher -- -j2 -l2
[2.983s] DEBUG:colcon.colcon_core.event_handler.log_command:Invoking command in '/home/ram-user/Desktop/rosProject/build/pong_core': AMENT_PREFIX_PATH=/home/ram-user/Desktop/rosProject/install/tutorial_interfaces:${AMENT_PREFIX_PATH} CMAKE_PREFIX_PATH=/home/ram-user/Desktop/rosProject/install/tutorial_interfaces:/opt/ros/humble LD_LIBRARY_PATH=/home/ram-user/Desktop/rosProject/install/tutorial_interfaces/lib:${LD_LIBRARY_PATH} PYTHONPATH=/home/ram-user/Desktop/rosProject/install/tutorial_interfaces/local/lib/python3.10/dist-packages:${PYTHONPATH} /usr/bin/cmake --build /home/ram-user/Desktop/rosProject/build/pong_core -- -j2 -l2
[3.130s] DEBUG:colcon.colcon_core.event_handler.log_command:Invoked command in '/home/ram-user/Desktop/rosProject/build/cpp_publisher' returned '0': AMENT_PREFIX_PATH=/home/ram-user/Desktop/rosProject/install/tutorial_interfaces:${AMENT_PREFIX_PATH} CMAKE_PREFIX_PATH=/home/ram-user/Desktop/rosProject/install/tutorial_interfaces:/opt/ros/humble LD_LIBRARY_PATH=/home/ram-user/Desktop/rosProject/install/tutorial_interfaces/lib:${LD_LIBRARY_PATH} PYTHONPATH=/home/ram-user/Desktop/rosProject/install/tutorial_interfaces/local/lib/python3.10/dist-packages:${PYTHONPATH} /usr/bin/cmake --build /home/ram-user/Desktop/rosProject/build/cpp_publisher -- -j2 -l2
[3.136s] DEBUG:colcon.colcon_core.event_handler.log_command:Invoked command in '/home/ram-user/Desktop/rosProject/build/pong_core' returned '0': AMENT_PREFIX_PATH=/home/ram-user/Desktop/rosProject/install/tutorial_interfaces:${AMENT_PREFIX_PATH} CMAKE_PREFIX_PATH=/home/ram-user/Desktop/rosProject/install/tutorial_interfaces:/opt/ros/humble LD_LIBRARY_PATH=/home/ram-user/Desktop/rosProject/install/tutorial_interfaces/lib:${LD_LIBRARY_PATH} PYTHONPATH=/home/ram-user/Desktop/rosProject/install/tutorial_interfaces/local/lib/python3.10/dist-packages:${PYTHONPATH} /usr/bin/cmake --build /home/ram-user/Desktop/rosProject/build/pong_core -- -j2 -l2
[3.218s] DEBUG:colcon.colcon_core.event_handler.log_command:Invoking command in '/home/ram-user/Desktop/rosProject/build/cpp_publisher': AMENT_PREFIX_PATH=/home/ram-user/Desktop/rosProject/install/tutorial_interfaces:${AMENT_PREFIX_PATH} CMAKE_PREFIX_PATH=/home/ram-user/Desktop/rosProject/install/tutorial_interfaces:/opt/ros/humble LD_LIBRARY_PATH=/home/ram-user/Desktop/rosProject/install/tutorial_interfaces/lib:${LD_LIBRARY_PATH} PYTHONPATH=/home/ram-user/Desktop/rosProject/install/tutorial_interfaces/local/lib/python3.10/dist-packages:${PYTHONPATH} /usr/bin/cmake --install /home/ram-user/Desktop/rosProject/build/cpp_publisher
[3.232s] DEBUG:colcon.colcon_core.event_handler.log_command:Invoking command in '/home/ram-user/Desktop/rosProject/build/pong_core': AMENT_PREFIX_PATH=/home/ram-user/Desktop/rosProject/install/tutorial_interfaces:${AMENT_PREFIX_PATH} CMAKE_PREFIX_PATH=/home/ram-user/Desktop/rosProject/install/tutorial_interfaces:/opt/ros/humble LD_LIBRARY_PATH=/home/ram-user/Desktop/rosProject/install/tutorial_interfaces/lib:${LD_LIBRARY_PATH} PYTHONPATH=/home/ram-user/Desktop/rosProject/install/tutorial_interfaces/local/lib/python3.10/dist-packages:${PYTHONPATH} /usr/bin/cmake --install /home/ram-user/Desktop/rosProject/build/pong_core
[3.245s] Level 1:colcon.colcon_core.environment:create_environment_scripts_only(cpp_publisher)
[3.250s] Level 1:colcon.colcon_core.environment:checking '/home/ram-user/Desktop/rosProject/install/cpp_publisher' for CMake module files
[3.252s] DEBUG:colcon.colcon_core.event_handler.log_command:Invoked command in '/home/ram-user/Desktop/rosProject/build/cpp_publisher' returned '0': AMENT_PREFIX_PATH=/home/ram-user/Desktop/rosProject/install/tutorial_interfaces:${AMENT_PREFIX_PATH} CMAKE_PREFIX_PATH=/home/ram-user/Desktop/rosProject/install/tutorial_interfaces:/opt/ros/humble LD_LIBRARY_PATH=/home/ram-user/Desktop/rosProject/install/tutorial_interfaces/lib:${LD_LIBRARY_PATH} PYTHONPATH=/home/ram-user/Desktop/rosProject/install/tutorial_interfaces/local/lib/python3.10/dist-packages:${PYTHONPATH} /usr/bin/cmake --install /home/ram-user/Desktop/rosProject/build/cpp_publisher
[3.258s] Level 1:colcon.colcon_core.environment:checking '/home/ram-user/Desktop/rosProject/install/cpp_publisher' for CMake config files
[3.259s] Level 1:colcon.colcon_core.shell:create_environment_hook('cpp_publisher', 'cmake_prefix_path')
[3.264s] INFO:colcon.colcon_core.shell:Creating environment hook '/home/ram-user/Desktop/rosProject/install/cpp_publisher/share/cpp_publisher/hook/cmake_prefix_path.ps1'
[3.267s] INFO:colcon.colcon_core.shell:Creating environment descriptor '/home/ram-user/Desktop/rosProject/install/cpp_publisher/share/cpp_publisher/hook/cmake_prefix_path.dsv'
[3.273s] INFO:colcon.colcon_core.shell:Creating environment hook '/home/ram-user/Desktop/rosProject/install/cpp_publisher/share/cpp_publisher/hook/cmake_prefix_path.sh'
[3.277s] Level 1:colcon.colcon_core.environment:checking '/home/ram-user/Desktop/rosProject/install/cpp_publisher/lib'
[3.278s] Level 1:colcon.colcon_core.environment:checking '/home/ram-user/Desktop/rosProject/install/cpp_publisher/bin'
[3.278s] Level 1:colcon.colcon_core.environment:checking '/home/ram-user/Desktop/rosProject/install/cpp_publisher/lib/pkgconfig/cpp_publisher.pc'
[3.278s] Level 1:colcon.colcon_core.environment:checking '/home/ram-user/Desktop/rosProject/install/cpp_publisher/lib/python3.10/site-packages'
[3.278s] Level 1:colcon.colcon_core.environment:checking '/home/ram-user/Desktop/rosProject/install/cpp_publisher/bin'
[3.280s] INFO:colcon.colcon_core.shell:Creating package script '/home/ram-user/Desktop/rosProject/install/cpp_publisher/share/cpp_publisher/package.ps1'
[3.282s] INFO:colcon.colcon_core.shell:Creating package descriptor '/home/ram-user/Desktop/rosProject/install/cpp_publisher/share/cpp_publisher/package.dsv'
[3.283s] INFO:colcon.colcon_core.shell:Creating package script '/home/ram-user/Desktop/rosProject/install/cpp_publisher/share/cpp_publisher/package.sh'
[3.284s] INFO:colcon.colcon_core.shell:Creating package script '/home/ram-user/Desktop/rosProject/install/cpp_publisher/share/cpp_publisher/package.bash'
[3.286s] INFO:colcon.colcon_core.shell:Creating package script '/home/ram-user/Desktop/rosProject/install/cpp_publisher/share/cpp_publisher/package.zsh'
[3.287s] Level 1:colcon.colcon_core.environment:create_file_with_runtime_dependencies(/home/ram-user/Desktop/rosProject/install/cpp_publisher/share/colcon-core/packages/cpp_publisher)
[3.291s] Level 1:colcon.colcon_core.environment:create_environment_scripts_only(pong_core)
[3.293s] Level 1:colcon.colcon_core.environment:checking '/home/ram-user/Desktop/rosProject/install/pong_core' for CMake module files
[3.294s] Level 1:colcon.colcon_core.environment:checking '/home/ram-user/Desktop/rosProject/install/pong_core' for CMake config files
[3.294s] Level 1:colcon.colcon_core.shell:create_environment_hook('pong_core', 'cmake_prefix_path')
[3.296s] INFO:colcon.colcon_core.shell:Creating environment hook '/home/ram-user/Desktop/rosProject/install/pong_core/share/pong_core/hook/cmake_prefix_path.ps1'
[3.298s] DEBUG:colcon.colcon_core.event_handler.log_command:Invoked command in '/home/ram-user/Desktop/rosProject/build/pong_core' returned '0': AMENT_PREFIX_PATH=/home/ram-user/Desktop/rosProject/install/tutorial_interfaces:${AMENT_PREFIX_PATH} CMAKE_PREFIX_PATH=/home/ram-user/Desktop/rosProject/install/tutorial_interfaces:/opt/ros/humble LD_LIBRARY_PATH=/home/ram-user/Desktop/rosProject/install/tutorial_interfaces/lib:${LD_LIBRARY_PATH} PYTHONPATH=/home/ram-user/Desktop/rosProject/install/tutorial_interfaces/local/lib/python3.10/dist-packages:${PYTHONPATH} /usr/bin/cmake --install /home/ram-user/Desktop/rosProject/build/pong_core
[3.299s] INFO:colcon.colcon_core.shell:Creating environment descriptor '/home/ram-user/Desktop/rosProject/install/pong_core/share/pong_core/hook/cmake_prefix_path.dsv'
[3.300s] INFO:colcon.colcon_core.shell:Creating environment hook '/home/ram-user/Desktop/rosProject/install/pong_core/share/pong_core/hook/cmake_prefix_path.sh'
[3.301s] Level 1:colcon.colcon_core.environment:checking '/home/ram-user/Desktop/rosProject/install/pong_core/lib'
[3.302s] Level 1:colcon.colcon_core.environment:checking '/home/ram-user/Desktop/rosProject/install/pong_core/bin'
[3.302s] Level 1:colcon.colcon_core.environment:checking '/home/ram-user/Desktop/rosProject/install/pong_core/lib/pkgconfig/pong_core.pc'
[3.302s] Level 1:colcon.colcon_core.environment:checking '/home/ram-user/Desktop/rosProject/install/pong_core/lib/python3.10/site-packages'
[3.302s] Level 1:colcon.colcon_core.environment:checking '/home/ram-user/Desktop/rosProject/install/pong_core/bin'
[3.304s] INFO:colcon.colcon_core.shell:Creating package script '/home/ram-user/Desktop/rosProject/install/pong_core/share/pong_core/package.ps1'
[3.306s] INFO:colcon.colcon_core.shell:Creating package descriptor '/home/ram-user/Desktop/rosProject/install/pong_core/share/pong_core/package.dsv'
[3.307s] INFO:colcon.colcon_core.shell:Creating package script '/home/ram-user/Desktop/rosProject/install/pong_core/share/pong_core/package.sh'
[3.308s] INFO:colcon.colcon_core.shell:Creating package script '/home/ram-user/Desktop/rosProject/install/pong_core/share/pong_core/package.bash'
[3.310s] INFO:colcon.colcon_core.shell:Creating package script '/home/ram-user/Desktop/rosProject/install/pong_core/share/pong_core/package.zsh'
[3.312s] Level 1:colcon.colcon_core.environment:create_file_with_runtime_dependencies(/home/ram-user/Desktop/rosProject/install/pong_core/share/colcon-core/packages/pong_core)
[3.359s] Level 1:colcon.colcon_core.environment:create_environment_scripts_only(cpp_publisher)
[3.373s] Level 1:colcon.colcon_core.environment:checking '/home/ram-user/Desktop/rosProject/install/cpp_publisher' for CMake module files
[3.376s] Level 1:colcon.colcon_core.environment:checking '/home/ram-user/Desktop/rosProject/install/cpp_publisher' for CMake config files
[3.377s] Level 1:colcon.colcon_core.shell:create_environment_hook('cpp_publisher', 'cmake_prefix_path')
[3.380s] INFO:colcon.colcon_core.shell:Creating environment hook '/home/ram-user/Desktop/rosProject/install/cpp_publisher/share/cpp_publisher/hook/cmake_prefix_path.ps1'
[3.380s] INFO:colcon.colcon_core.shell:Creating environment descriptor '/home/ram-user/Desktop/rosProject/install/cpp_publisher/share/cpp_publisher/hook/cmake_prefix_path.dsv'
[3.381s] INFO:colcon.colcon_core.shell:Creating environment hook '/home/ram-user/Desktop/rosProject/install/cpp_publisher/share/cpp_publisher/hook/cmake_prefix_path.sh'
[3.383s] Level 1:colcon.colcon_core.environment:checking '/home/ram-user/Desktop/rosProject/install/cpp_publisher/lib'
[3.383s] Level 1:colcon.colcon_core.environment:checking '/home/ram-user/Desktop/rosProject/install/cpp_publisher/bin'
[3.383s] Level 1:colcon.colcon_core.environment:checking '/home/ram-user/Desktop/rosProject/install/cpp_publisher/lib/pkgconfig/cpp_publisher.pc'
[3.383s] Level 1:colcon.colcon_core.environment:checking '/home/ram-user/Desktop/rosProject/install/cpp_publisher/lib/python3.10/site-packages'
[3.383s] Level 1:colcon.colcon_core.environment:checking '/home/ram-user/Desktop/rosProject/install/cpp_publisher/bin'
[3.386s] INFO:colcon.colcon_core.shell:Creating package script '/home/ram-user/Desktop/rosProject/install/cpp_publisher/share/cpp_publisher/package.ps1'
[3.387s] INFO:colcon.colcon_core.shell:Creating package descriptor '/home/ram-user/Desktop/rosProject/install/cpp_publisher/share/cpp_publisher/package.dsv'
[3.388s] INFO:colcon.colcon_core.shell:Creating package script '/home/ram-user/Desktop/rosProject/install/cpp_publisher/share/cpp_publisher/package.sh'
[3.390s] INFO:colcon.colcon_core.shell:Creating package script '/home/ram-user/Desktop/rosProject/install/cpp_publisher/share/cpp_publisher/package.bash'
[3.391s] INFO:colcon.colcon_core.shell:Creating package script '/home/ram-user/Desktop/rosProject/install/cpp_publisher/share/cpp_publisher/package.zsh'
[3.392s] Level 1:colcon.colcon_core.environment:create_file_with_runtime_dependencies(/home/ram-user/Desktop/rosProject/install/cpp_publisher/share/colcon-core/packages/cpp_publisher)
[3.393s] INFO:colcon.colcon_ros.task.ament_cmake.build:Building ROS package in '/home/ram-user/Desktop/rosProject/src/score' with build type 'ament_cmake'
[3.393s] INFO:colcon.colcon_cmake.task.cmake.build:Building CMake package in '/home/ram-user/Desktop/rosProject/src/score'
[3.395s] INFO:colcon.colcon_core.shell:Skip shell extension 'powershell' for command environment: Not usable outside of PowerShell
[3.396s] DEBUG:colcon.colcon_core.shell:Skip shell extension 'dsv' for command environment
[3.406s] Level 1:colcon.colcon_core.environment:create_environment_scripts_only(pong_core)
[3.416s] Level 1:colcon.colcon_core.environment:checking '/home/ram-user/Desktop/rosProject/install/pong_core' for CMake module files
[3.417s] Level 1:colcon.colcon_core.environment:checking '/home/ram-user/Desktop/rosProject/install/pong_core' for CMake config files
[3.417s] Level 1:colcon.colcon_core.shell:create_environment_hook('pong_core', 'cmake_prefix_path')
[3.419s] INFO:colcon.colcon_core.shell:Creating environment hook '/home/ram-user/Desktop/rosProject/install/pong_core/share/pong_core/hook/cmake_prefix_path.ps1'
[3.420s] INFO:colcon.colcon_core.shell:Creating environment descriptor '/home/ram-user/Desktop/rosProject/install/pong_core/share/pong_core/hook/cmake_prefix_path.dsv'
[3.421s] INFO:colcon.colcon_core.shell:Creating environment hook '/home/ram-user/Desktop/rosProject/install/pong_core/share/pong_core/hook/cmake_prefix_path.sh'
[3.422s] Level 1:colcon.colcon_core.environment:checking '/home/ram-user/Desktop/rosProject/install/pong_core/lib'
[3.422s] Level 1:colcon.colcon_core.environment:checking '/home/ram-user/Desktop/rosProject/install/pong_core/bin'
[3.422s] Level 1:colcon.colcon_core.environment:checking '/home/ram-user/Desktop/rosProject/install/pong_core/lib/pkgconfig/pong_core.pc'
[3.423s] Level 1:colcon.colcon_core.environment:checking '/home/ram-user/Desktop/rosProject/install/pong_core/lib/python3.10/site-packages'
[3.423s] Level 1:colcon.colcon_core.environment:checking '/home/ram-user/Desktop/rosProject/install/pong_core/bin'
[3.425s] INFO:colcon.colcon_core.shell:Creating package script '/home/ram-user/Desktop/rosProject/install/pong_core/share/pong_core/package.ps1'
[3.428s] INFO:colcon.colcon_core.shell:Creating package descriptor '/home/ram-user/Desktop/rosProject/install/pong_core/share/pong_core/package.dsv'
[3.429s] INFO:colcon.colcon_core.shell:Creating package script '/home/ram-user/Desktop/rosProject/install/pong_core/share/pong_core/package.sh'
[3.431s] INFO:colcon.colcon_core.shell:Creating package script '/home/ram-user/Desktop/rosProject/install/pong_core/share/pong_core/package.bash'
[3.432s] INFO:colcon.colcon_core.shell:Creating package script '/home/ram-user/Desktop/rosProject/install/pong_core/share/pong_core/package.zsh'
[3.433s] Level 1:colcon.colcon_core.environment:create_file_with_runtime_dependencies(/home/ram-user/Desktop/rosProject/install/pong_core/share/colcon-core/packages/pong_core)
[3.438s] INFO:colcon.colcon_ros.task.ament_cmake.build:Building ROS package in '/home/ram-user/Desktop/rosProject/src/visualization_package' with build type 'ament_cmake'
[3.439s] INFO:colcon.colcon_cmake.task.cmake.build:Building CMake package in '/home/ram-user/Desktop/rosProject/src/visualization_package'
[3.440s] INFO:colcon.colcon_core.shell:Skip shell extension 'powershell' for command environment: Not usable outside of PowerShell
[3.440s] DEBUG:colcon.colcon_core.shell:Skip shell extension 'dsv' for command environment
[3.456s] DEBUG:colcon.colcon_core.event_handler.log_command:Invoking command in '/home/ram-user/Desktop/rosProject/build/score': AMENT_PREFIX_PATH=/home/ram-user/Desktop/rosProject/install/tutorial_interfaces:${AMENT_PREFIX_PATH} CMAKE_PREFIX_PATH=/home/ram-user/Desktop/rosProject/install/tutorial_interfaces:/opt/ros/humble LD_LIBRARY_PATH=/home/ram-user/Desktop/rosProject/install/tutorial_interfaces/lib:${LD_LIBRARY_PATH} PYTHONPATH=/home/ram-user/Desktop/rosProject/install/tutorial_interfaces/local/lib/python3.10/dist-packages:${PYTHONPATH} /usr/bin/cmake --build /home/ram-user/Desktop/rosProject/build/score -- -j2 -l2
[3.486s] DEBUG:colcon.colcon_core.event_handler.log_command:Invoking command in '/home/ram-user/Desktop/rosProject/build/visualization_package': AMENT_PREFIX_PATH=/home/ram-user/Desktop/rosProject/install/tutorial_interfaces:${AMENT_PREFIX_PATH} CMAKE_PREFIX_PATH=/home/ram-user/Desktop/rosProject/install/tutorial_interfaces:/opt/ros/humble LD_LIBRARY_PATH=/home/ram-user/Desktop/rosProject/install/tutorial_interfaces/lib:${LD_LIBRARY_PATH} PYTHONPATH=/home/ram-user/Desktop/rosProject/install/tutorial_interfaces/local/lib/python3.10/dist-packages:${PYTHONPATH} /usr/bin/cmake --build /home/ram-user/Desktop/rosProject/build/visualization_package -- -j2 -l2
[3.610s] DEBUG:colcon.colcon_core.event_handler.log_command:Invoked command in '/home/ram-user/Desktop/rosProject/build/score' returned '0': AMENT_PREFIX_PATH=/home/ram-user/Desktop/rosProject/install/tutorial_interfaces:${AMENT_PREFIX_PATH} CMAKE_PREFIX_PATH=/home/ram-user/Desktop/rosProject/install/tutorial_interfaces:/opt/ros/humble LD_LIBRARY_PATH=/home/ram-user/Desktop/rosProject/install/tutorial_interfaces/lib:${LD_LIBRARY_PATH} PYTHONPATH=/home/ram-user/Desktop/rosProject/install/tutorial_interfaces/local/lib/python3.10/dist-packages:${PYTHONPATH} /usr/bin/cmake --build /home/ram-user/Desktop/rosProject/build/score -- -j2 -l2
[4.535s] DEBUG:colcon.colcon_core.event_handler.log_command:Invoking command in '/home/ram-user/Desktop/rosProject/build/score': AMENT_PREFIX_PATH=/home/ram-user/Desktop/rosProject/install/tutorial_interfaces:${AMENT_PREFIX_PATH} CMAKE_PREFIX_PATH=/home/ram-user/Desktop/rosProject/install/tutorial_interfaces:/opt/ros/humble LD_LIBRARY_PATH=/home/ram-user/Desktop/rosProject/install/tutorial_interfaces/lib:${LD_LIBRARY_PATH} PYTHONPATH=/home/ram-user/Desktop/rosProject/install/tutorial_interfaces/local/lib/python3.10/dist-packages:${PYTHONPATH} /usr/bin/cmake --install /home/ram-user/Desktop/rosProject/build/score
[4.550s] Level 1:colcon.colcon_core.environment:create_environment_scripts_only(score)
[4.552s] Level 1:colcon.colcon_core.environment:checking '/home/ram-user/Desktop/rosProject/install/score' for CMake module files
[4.553s] Level 1:colcon.colcon_core.environment:checking '/home/ram-user/Desktop/rosProject/install/score' for CMake config files
[4.553s] Level 1:colcon.colcon_core.shell:create_environment_hook('score', 'cmake_prefix_path')
[4.554s] INFO:colcon.colcon_core.shell:Creating environment hook '/home/ram-user/Desktop/rosProject/install/score/share/score/hook/cmake_prefix_path.ps1'
[4.556s] DEBUG:colcon.colcon_core.event_handler.log_command:Invoked command in '/home/ram-user/Desktop/rosProject/build/score' returned '0': AMENT_PREFIX_PATH=/home/ram-user/Desktop/rosProject/install/tutorial_interfaces:${AMENT_PREFIX_PATH} CMAKE_PREFIX_PATH=/home/ram-user/Desktop/rosProject/install/tutorial_interfaces:/opt/ros/humble LD_LIBRARY_PATH=/home/ram-user/Desktop/rosProject/install/tutorial_interfaces/lib:${LD_LIBRARY_PATH} PYTHONPATH=/home/ram-user/Desktop/rosProject/install/tutorial_interfaces/local/lib/python3.10/dist-packages:${PYTHONPATH} /usr/bin/cmake --install /home/ram-user/Desktop/rosProject/build/score
[4.556s] INFO:colcon.colcon_core.shell:Creating environment descriptor '/home/ram-user/Desktop/rosProject/install/score/share/score/hook/cmake_prefix_path.dsv'
[4.557s] INFO:colcon.colcon_core.shell:Creating environment hook '/home/ram-user/Desktop/rosProject/install/score/share/score/hook/cmake_prefix_path.sh'
[4.559s] Level 1:colcon.colcon_core.environment:checking '/home/ram-user/Desktop/rosProject/install/score/lib'
[4.559s] Level 1:colcon.colcon_core.environment:checking '/home/ram-user/Desktop/rosProject/install/score/bin'
[4.559s] Level 1:colcon.colcon_core.environment:checking '/home/ram-user/Desktop/rosProject/install/score/lib/pkgconfig/score.pc'
[4.560s] Level 1:colcon.colcon_core.environment:checking '/home/ram-user/Desktop/rosProject/install/score/lib/python3.10/site-packages'
[4.560s] Level 1:colcon.colcon_core.environment:checking '/home/ram-user/Desktop/rosProject/install/score/bin'
[4.562s] INFO:colcon.colcon_core.shell:Creating package script '/home/ram-user/Desktop/rosProject/install/score/share/score/package.ps1'
[4.563s] INFO:colcon.colcon_core.shell:Creating package descriptor '/home/ram-user/Desktop/rosProject/install/score/share/score/package.dsv'
[4.565s] INFO:colcon.colcon_core.shell:Creating package script '/home/ram-user/Desktop/rosProject/install/score/share/score/package.sh'
[4.567s] INFO:colcon.colcon_core.shell:Creating package script '/home/ram-user/Desktop/rosProject/install/score/share/score/package.bash'
[4.568s] INFO:colcon.colcon_core.shell:Creating package script '/home/ram-user/Desktop/rosProject/install/score/share/score/package.zsh'
[4.569s] Level 1:colcon.colcon_core.environment:create_file_with_runtime_dependencies(/home/ram-user/Desktop/rosProject/install/score/share/colcon-core/packages/score)
[4.639s] Level 1:colcon.colcon_core.environment:create_environment_scripts_only(score)
[4.641s] Level 1:colcon.colcon_core.environment:checking '/home/ram-user/Desktop/rosProject/install/score' for CMake module files
[4.643s] Level 1:colcon.colcon_core.environment:checking '/home/ram-user/Desktop/rosProject/install/score' for CMake config files
[4.643s] Level 1:colcon.colcon_core.shell:create_environment_hook('score', 'cmake_prefix_path')
[4.645s] INFO:colcon.colcon_core.shell:Creating environment hook '/home/ram-user/Desktop/rosProject/install/score/share/score/hook/cmake_prefix_path.ps1'
[4.646s] INFO:colcon.colcon_core.shell:Creating environment descriptor '/home/ram-user/Desktop/rosProject/install/score/share/score/hook/cmake_prefix_path.dsv'
[4.646s] INFO:colcon.colcon_core.shell:Creating environment hook '/home/ram-user/Desktop/rosProject/install/score/share/score/hook/cmake_prefix_path.sh'
[4.647s] Level 1:colcon.colcon_core.environment:checking '/home/ram-user/Desktop/rosProject/install/score/lib'
[4.647s] Level 1:colcon.colcon_core.environment:checking '/home/ram-user/Desktop/rosProject/install/score/bin'
[4.647s] Level 1:colcon.colcon_core.environment:checking '/home/ram-user/Desktop/rosProject/install/score/lib/pkgconfig/score.pc'
[4.648s] Level 1:colcon.colcon_core.environment:checking '/home/ram-user/Desktop/rosProject/install/score/lib/python3.10/site-packages'
[4.648s] Level 1:colcon.colcon_core.environment:checking '/home/ram-user/Desktop/rosProject/install/score/bin'
[4.649s] INFO:colcon.colcon_core.shell:Creating package script '/home/ram-user/Desktop/rosProject/install/score/share/score/package.ps1'
[4.651s] INFO:colcon.colcon_core.shell:Creating package descriptor '/home/ram-user/Desktop/rosProject/install/score/share/score/package.dsv'
[4.652s] INFO:colcon.colcon_core.shell:Creating package script '/home/ram-user/Desktop/rosProject/install/score/share/score/package.sh'
[4.652s] INFO:colcon.colcon_core.shell:Creating package script '/home/ram-user/Desktop/rosProject/install/score/share/score/package.bash'
[4.653s] INFO:colcon.colcon_core.shell:Creating package script '/home/ram-user/Desktop/rosProject/install/score/share/score/package.zsh'
[4.654s] Level 1:colcon.colcon_core.environment:create_file_with_runtime_dependencies(/home/ram-user/Desktop/rosProject/install/score/share/colcon-core/packages/score)
[4.659s] DEBUG:colcon.colcon_core.event_handler.log_command:Invoked command in '/home/ram-user/Desktop/rosProject/build/visualization_package' returned '2': AMENT_PREFIX_PATH=/home/ram-user/Desktop/rosProject/install/tutorial_interfaces:${AMENT_PREFIX_PATH} CMAKE_PREFIX_PATH=/home/ram-user/Desktop/rosProject/install/tutorial_interfaces:/opt/ros/humble LD_LIBRARY_PATH=/home/ram-user/Desktop/rosProject/install/tutorial_interfaces/lib:${LD_LIBRARY_PATH} PYTHONPATH=/home/ram-user/Desktop/rosProject/install/tutorial_interfaces/local/lib/python3.10/dist-packages:${PYTHONPATH} /usr/bin/cmake --build /home/ram-user/Desktop/rosProject/build/visualization_package -- -j2 -l2
[4.738s] Level 1:colcon.colcon_core.environment:create_environment_scripts_only(visualization_package)
[4.743s] Level 1:colcon.colcon_core.environment:checking '/home/ram-user/Desktop/rosProject/install/visualization_package' for CMake module files
[4.744s] Level 1:colcon.colcon_core.environment:checking '/home/ram-user/Desktop/rosProject/install/visualization_package' for CMake config files
[4.744s] Level 1:colcon.colcon_core.shell:create_environment_hook('visualization_package', 'cmake_prefix_path')
[4.746s] INFO:colcon.colcon_core.shell:Creating environment hook '/home/ram-user/Desktop/rosProject/install/visualization_package/share/visualization_package/hook/cmake_prefix_path.ps1'
[4.747s] INFO:colcon.colcon_core.shell:Creating environment descriptor '/home/ram-user/Desktop/rosProject/install/visualization_package/share/visualization_package/hook/cmake_prefix_path.dsv'
[4.749s] INFO:colcon.colcon_core.shell:Creating environment hook '/home/ram-user/Desktop/rosProject/install/visualization_package/share/visualization_package/hook/cmake_prefix_path.sh'
[4.750s] Level 1:colcon.colcon_core.environment:checking '/home/ram-user/Desktop/rosProject/install/visualization_package/lib'
[4.750s] Level 1:colcon.colcon_core.environment:checking '/home/ram-user/Desktop/rosProject/install/visualization_package/bin'
[4.750s] Level 1:colcon.colcon_core.environment:checking '/home/ram-user/Desktop/rosProject/install/visualization_package/lib/pkgconfig/visualization_package.pc'
[4.751s] Level 1:colcon.colcon_core.environment:checking '/home/ram-user/Desktop/rosProject/install/visualization_package/lib/python3.10/site-packages'
[4.751s] Level 1:colcon.colcon_core.environment:checking '/home/ram-user/Desktop/rosProject/install/visualization_package/bin'
[4.754s] INFO:colcon.colcon_core.shell:Creating package script '/home/ram-user/Desktop/rosProject/install/visualization_package/share/visualization_package/package.ps1'
[4.756s] INFO:colcon.colcon_core.shell:Creating package descriptor '/home/ram-user/Desktop/rosProject/install/visualization_package/share/visualization_package/package.dsv'
[4.757s] INFO:colcon.colcon_core.shell:Creating package script '/home/ram-user/Desktop/rosProject/install/visualization_package/share/visualization_package/package.sh'
[4.759s] INFO:colcon.colcon_core.shell:Creating package script '/home/ram-user/Desktop/rosProject/install/visualization_package/share/visualization_package/package.bash'
[4.760s] INFO:colcon.colcon_core.shell:Creating package script '/home/ram-user/Desktop/rosProject/install/visualization_package/share/visualization_package/package.zsh'
[4.761s] Level 1:colcon.colcon_core.environment:create_file_with_runtime_dependencies(/home/ram-user/Desktop/rosProject/install/visualization_package/share/colcon-core/packages/visualization_package)
[4.764s] DEBUG:colcon.colcon_parallel_executor.executor.parallel:closing loop
[4.764s] DEBUG:colcon.colcon_parallel_executor.executor.parallel:loop closed
[4.765s] DEBUG:colcon.colcon_parallel_executor.executor.parallel:run_until_complete finished with '2'
[4.765s] DEBUG:colcon.colcon_core.event_reactor:joining thread
[4.775s] INFO:colcon.colcon_core.plugin_system:Skipping extension 'colcon_notification.desktop_notification.terminal_notifier': Not used on non-Darwin systems
[4.775s] INFO:colcon.colcon_core.plugin_system:Skipping extension 'colcon_notification.desktop_notification.win32': Not used on non-Windows systems
[4.775s] INFO:colcon.colcon_notification.desktop_notification:Sending desktop notification using 'notify2'
[4.816s] DEBUG:colcon.colcon_core.event_reactor:joined thread
[4.818s] INFO:colcon.colcon_core.shell:Creating prefix script '/home/ram-user/Desktop/rosProject/install/local_setup.ps1'
[4.826s] INFO:colcon.colcon_core.shell:Creating prefix util module '/home/ram-user/Desktop/rosProject/install/_local_setup_util_ps1.py'
[4.831s] INFO:colcon.colcon_core.shell:Creating prefix chain script '/home/ram-user/Desktop/rosProject/install/setup.ps1'
[4.835s] INFO:colcon.colcon_core.shell:Creating prefix script '/home/ram-user/Desktop/rosProject/install/local_setup.sh'
[4.838s] INFO:colcon.colcon_core.shell:Creating prefix util module '/home/ram-user/Desktop/rosProject/install/_local_setup_util_sh.py'
[4.840s] INFO:colcon.colcon_core.shell:Creating prefix chain script '/home/ram-user/Desktop/rosProject/install/setup.sh'
[4.842s] INFO:colcon.colcon_core.shell:Creating prefix script '/home/ram-user/Desktop/rosProject/install/local_setup.bash'
[4.844s] INFO:colcon.colcon_core.shell:Creating prefix chain script '/home/ram-user/Desktop/rosProject/install/setup.bash'
[4.847s] INFO:colcon.colcon_core.shell:Creating prefix script '/home/ram-user/Desktop/rosProject/install/local_setup.zsh'
[4.848s] INFO:colcon.colcon_core.shell:Creating prefix chain script '/home/ram-user/Desktop/rosProject/install/setup.zsh'
