[0.054s] Invoking command in '/home/ram-user/Desktop/rosProject/build/paddle_physics': CMAKE_PREFIX_PATH=${CMAKE_PREFIX_PATH}:/opt/ros/humble /usr/bin/cmake --build /home/ram-user/Desktop/rosProject/build/paddle_physics -- -j2 -l2
[0.232s] [100%] Built target paddle_physics
[0.248s] Invoked command in '/home/ram-user/Desktop/rosProject/build/paddle_physics' returned '0': CMAKE_PREFIX_PATH=${CMAKE_PREFIX_PATH}:/opt/ros/humble /usr/bin/cmake --build /home/ram-user/Desktop/rosProject/build/paddle_physics -- -j2 -l2
[0.685s] Invoking command in '/home/ram-user/Desktop/rosProject/build/paddle_physics': CMAKE_PREFIX_PATH=${CMAKE_PREFIX_PATH}:/opt/ros/humble /usr/bin/cmake --install /home/ram-user/Desktop/rosProject/build/paddle_physics
[0.721s] -- Install configuration: ""
[0.724s] -- Up-to-date: /home/ram-user/Desktop/rosProject/install/paddle_physics/lib/paddle_physics/paddle_physics
[0.725s] -- Up-to-date: /home/ram-user/Desktop/rosProject/install/paddle_physics/share/ament_index/resource_index/package_run_dependencies/paddle_physics
[0.728s] -- Up-to-date: /home/ram-user/Desktop/rosProject/install/paddle_physics/share/ament_index/resource_index/parent_prefix_path/paddle_physics
[0.729s] -- Up-to-date: /home/ram-user/Desktop/rosProject/install/paddle_physics/share/paddle_physics/environment/ament_prefix_path.sh
[0.731s] -- Up-to-date: /home/ram-user/Desktop/rosProject/install/paddle_physics/share/paddle_physics/environment/ament_prefix_path.dsv
[0.733s] -- Up-to-date: /home/ram-user/Desktop/rosProject/install/paddle_physics/share/paddle_physics/environment/path.sh
[0.736s] -- Up-to-date: /home/ram-user/Desktop/rosProject/install/paddle_physics/share/paddle_physics/environment/path.dsv
[0.737s] -- Up-to-date: /home/ram-user/Desktop/rosProject/install/paddle_physics/share/paddle_physics/local_setup.bash
[0.739s] -- Up-to-date: /home/ram-user/Desktop/rosProject/install/paddle_physics/share/paddle_physics/local_setup.sh
[0.741s] -- Up-to-date: /home/ram-user/Desktop/rosProject/install/paddle_physics/share/paddle_physics/local_setup.zsh
[0.741s] -- Up-to-date: /home/ram-user/Desktop/rosProject/install/paddle_physics/share/paddle_physics/local_setup.dsv
[0.742s] -- Installing: /home/ram-user/Desktop/rosProject/install/paddle_physics/share/paddle_physics/package.dsv
[0.748s] -- Up-to-date: /home/ram-user/Desktop/rosProject/install/paddle_physics/share/ament_index/resource_index/packages/paddle_physics
[0.750s] -- Up-to-date: /home/ram-user/Desktop/rosProject/install/paddle_physics/share/paddle_physics/cmake/paddle_physicsConfig.cmake
[0.751s] -- Up-to-date: /home/ram-user/Desktop/rosProject/install/paddle_physics/share/paddle_physics/cmake/paddle_physicsConfig-version.cmake
[0.753s] -- Up-to-date: /home/ram-user/Desktop/rosProject/install/paddle_physics/share/paddle_physics/package.xml
[0.763s] Invoked command in '/home/ram-user/Desktop/rosProject/build/paddle_physics' returned '0': CMAKE_PREFIX_PATH=${CMAKE_PREFIX_PATH}:/opt/ros/humble /usr/bin/cmake --install /home/ram-user/Desktop/rosProject/build/paddle_physics
