-- Found ament_cmake: 1.3.3 (/opt/ros/humble/share/ament_cmake/cmake)
-- Found Python3: /usr/bin/python3.10 (found version "3.10.12") found components: Interpreter 
-- Found rclcpp: 16.0.3 (/opt/ros/humble/share/rclcpp/cmake)
-- Found rosidl_generator_c: 3.1.4 (/opt/ros/humble/share/rosidl_generator_c/cmake)
-- Found rosidl_adapter: 3.1.4 (/opt/ros/humble/share/rosidl_adapter/cmake)
-- Found rosidl_generator_cpp: 3.1.4 (/opt/ros/humble/share/rosidl_generator_cpp/cmake)
-- Using all available rosidl_typesupport_c: rosidl_typesupport_fastrtps_c;rosidl_typesupport_introspection_c
-- Using all available rosidl_typesupport_cpp: rosidl_typesupport_fastrtps_cpp;rosidl_typesupport_introspection_cpp
-- Found rmw_implementation_cmake: 6.1.1 (/opt/ros/humble/share/rmw_implementation_cmake/cmake)
-- Found rmw_fastrtps_cpp: 6.2.2 (/opt/ros/humble/share/rmw_fastrtps_cpp/cmake)
-- Using RMW implementation 'rmw_fastrtps_cpp' as default
-- Found tutorial_interfaces: 0.0.0 (/home/ram-user/Desktop/rosProject/install/tutorial_interfaces/share/tutorial_interfaces/cmake)
-- Found ament_lint_auto: 0.12.5 (/opt/ros/humble/share/ament_lint_auto/cmake)
-- Added test 'cppcheck' to perform static code analysis on C / C++ code
-- Configured cppcheck include dirs: $<BUILD_INTERFACE:/home/ram-user/Desktop/rosProject/src/visualization_package/include>
-- Configured cppcheck exclude dirs and/or files: 
-- Added test 'lint_cmake' to check CMake code style
-- Added test 'uncrustify' to check C / C++ code style
-- Configured uncrustify additional arguments: 
-- Added test 'xmllint' to check XML markup files
-- Configuring done
-- Generating done
-- Build files have been written to: /home/ram-user/Desktop/rosProject/build/visualization_package
[35m[1mConsolidate compiler generated dependencies of target visualization_package[0m
[ 25%] [32mBuilding CXX object CMakeFiles/visualization_package.dir/src/my_node.cpp.o[0m
[ 50%] [32mBuilding CXX object CMakeFiles/visualization_package.dir/src/Pong_field.cpp.o[0m
[01m[K/home/ram-user/Desktop/rosProject/src/visualization_package/src/Pong_field.cpp:[m[K In member function ‘[01m[Kvoid Pong_field::DrawField()[m[K’:
[01m[K/home/ram-user/Desktop/rosProject/src/visualization_package/src/Pong_field.cpp:73:7:[m[K [01;31m[Kerror: [m[Kredeclaration of ‘[01m[Kint ballCenterY[m[K’
   73 |   int [01;31m[KballCenterY[m[K = (int) (yBall);  // Just some stupid formula. Change yourself :-)
      |       [01;31m[K^~~~~~~~~~~[m[K
[01m[K/home/ram-user/Desktop/rosProject/src/visualization_package/src/Pong_field.cpp:71:7:[m[K [01;36m[Knote: [m[K‘[01m[Kint ballCenterY[m[K’ previously declared here
   71 |   int [01;36m[KballCenterY[m[K = (int)(40 * cos(yBall / 35)) + screenHeight / 2; // Just some stupid formula. Change yourself :-)
      |       [01;36m[K^~~~~~~~~~~[m[K
gmake[2]: *** [CMakeFiles/visualization_package.dir/build.make:104: CMakeFiles/visualization_package.dir/src/Pong_field.cpp.o] Error 1
gmake[1]: *** [CMakeFiles/Makefile2:137: CMakeFiles/visualization_package.dir/all] Error 2
gmake: *** [Makefile:146: all] Error 2
