[0.063s] Invoking command in '/home/ram-user/Desktop/rosProject/build/image_input': CMAKE_PREFIX_PATH=/opt/ros/humble /usr/bin/cmake /home/ram-user/Desktop/rosProject/src/image_input -DCMAKE_INSTALL_PREFIX=/home/ram-user/Desktop/rosProject/install/image_input
[0.304s] -- The C compiler identification is GNU 11.3.0
[0.400s] -- The CXX compiler identification is GNU 11.3.0
[0.420s] -- Detecting C compiler ABI info
[0.565s] -- Detecting C compiler ABI info - done
[0.575s] -- Check for working C compiler: /usr/bin/cc - skipped
[0.575s] -- Detecting C compile features
[0.575s] -- Detecting C compile features - done
[0.579s] -- Detecting CXX compiler ABI info
[0.703s] -- Detecting CXX compiler ABI info - done
[0.714s] -- Check for working CXX compiler: /usr/bin/c++ - skipped
[0.715s] -- Detecting CXX compile features
[0.716s] -- Detecting CXX compile features - done
[0.719s] -- Found ament_cmake: 1.3.3 (/opt/ros/humble/share/ament_cmake/cmake)
[0.948s] -- Found Python3: /usr/bin/python3.10 (found version "3.10.6") found components: Interpreter 
[1.063s] -- Found rclcpp: 16.0.3 (/opt/ros/humble/share/rclcpp/cmake)
[1.171s] -- Found rosidl_generator_c: 3.1.4 (/opt/ros/humble/share/rosidl_generator_c/cmake)
[1.181s] -- Found rosidl_adapter: 3.1.4 (/opt/ros/humble/share/rosidl_adapter/cmake)
[1.202s] -- Found rosidl_generator_cpp: 3.1.4 (/opt/ros/humble/share/rosidl_generator_cpp/cmake)
[1.222s] -- Using all available rosidl_typesupport_c: rosidl_typesupport_fastrtps_c;rosidl_typesupport_introspection_c
[1.253s] -- Using all available rosidl_typesupport_cpp: rosidl_typesupport_fastrtps_cpp;rosidl_typesupport_introspection_cpp
[1.349s] -- Found rmw_implementation_cmake: 6.1.1 (/opt/ros/humble/share/rmw_implementation_cmake/cmake)
[1.352s] -- Found rmw_fastrtps_cpp: 6.2.2 (/opt/ros/humble/share/rmw_fastrtps_cpp/cmake)
[1.513s] -- Found OpenSSL: /usr/lib/x86_64-linux-gnu/libcrypto.so (found version "3.0.2")  
[1.589s] -- Found FastRTPS: /opt/ros/humble/include  
[1.658s] -- Using RMW implementation 'rmw_fastrtps_cpp' as default
[1.669s] -- Looking for pthread.h
[1.833s] -- Looking for pthread.h - found
[1.834s] -- Performing Test CMAKE_HAVE_LIBC_PTHREAD
[1.962s] -- Performing Test CMAKE_HAVE_LIBC_PTHREAD - Success
[1.963s] -- Found Threads: TRUE  
[2.315s] -- Found sensor_msgs: 4.2.3 (/opt/ros/humble/share/sensor_msgs/cmake)
[2.572s] -- Found ament_lint_auto: 0.12.5 (/opt/ros/humble/share/ament_lint_auto/cmake)
[2.694s] -- Added test 'cppcheck' to perform static code analysis on C / C++ code
[2.694s] -- Configured cppcheck include dirs: $<BUILD_INTERFACE:/home/ram-user/Desktop/rosProject/src/image_input/include>
[2.694s] -- Configured cppcheck exclude dirs and/or files: 
[2.695s] -- Added test 'lint_cmake' to check CMake code style
[2.696s] -- Added test 'uncrustify' to check C / C++ code style
[2.696s] -- Configured uncrustify additional arguments: 
[2.697s] -- Added test 'xmllint' to check XML markup files
[2.698s] -- Configuring done
[2.713s] -- Generating done
[2.716s] -- Build files have been written to: /home/ram-user/Desktop/rosProject/build/image_input
[2.731s] Invoked command in '/home/ram-user/Desktop/rosProject/build/image_input' returned '0': CMAKE_PREFIX_PATH=/opt/ros/humble /usr/bin/cmake /home/ram-user/Desktop/rosProject/src/image_input -DCMAKE_INSTALL_PREFIX=/home/ram-user/Desktop/rosProject/install/image_input
[2.732s] Invoking command in '/home/ram-user/Desktop/rosProject/build/image_input': CMAKE_PREFIX_PATH=/opt/ros/humble /usr/bin/cmake --build /home/ram-user/Desktop/rosProject/build/image_input -- -j2 -l2
[2.833s] [ 33%] [32mBuilding CXX object CMakeFiles/image.dir/src/subpub_light.cpp.o[0m
[2.845s] [ 66%] [32mBuilding CXX object CMakeFiles/image.dir/src/image_functions.cpp.o[0m
[21.894s] [100%] [32m[1mLinking CXX executable image[0m
[22.819s] [100%] Built target image
[22.844s] Invoked command in '/home/ram-user/Desktop/rosProject/build/image_input' returned '0': CMAKE_PREFIX_PATH=/opt/ros/humble /usr/bin/cmake --build /home/ram-user/Desktop/rosProject/build/image_input -- -j2 -l2
[22.909s] Invoking command in '/home/ram-user/Desktop/rosProject/build/image_input': CMAKE_PREFIX_PATH=/opt/ros/humble /usr/bin/cmake --install /home/ram-user/Desktop/rosProject/build/image_input
[22.920s] -- Install configuration: ""
[22.920s] -- Installing: /home/ram-user/Desktop/rosProject/install/image_input/lib/image_input/image
[22.925s] -- Set runtime path of "/home/ram-user/Desktop/rosProject/install/image_input/lib/image_input/image" to ""
[22.926s] -- Installing: /home/ram-user/Desktop/rosProject/install/image_input/share/ament_index/resource_index/package_run_dependencies/image_input
[22.926s] -- Installing: /home/ram-user/Desktop/rosProject/install/image_input/share/ament_index/resource_index/parent_prefix_path/image_input
[22.926s] -- Installing: /home/ram-user/Desktop/rosProject/install/image_input/share/image_input/environment/ament_prefix_path.sh
[22.926s] -- Installing: /home/ram-user/Desktop/rosProject/install/image_input/share/image_input/environment/ament_prefix_path.dsv
[22.926s] -- Installing: /home/ram-user/Desktop/rosProject/install/image_input/share/image_input/environment/path.sh
[22.926s] -- Installing: /home/ram-user/Desktop/rosProject/install/image_input/share/image_input/environment/path.dsv
[22.927s] -- Installing: /home/ram-user/Desktop/rosProject/install/image_input/share/image_input/local_setup.bash
[22.927s] -- Installing: /home/ram-user/Desktop/rosProject/install/image_input/share/image_input/local_setup.sh
[22.927s] -- Installing: /home/ram-user/Desktop/rosProject/install/image_input/share/image_input/local_setup.zsh
[22.927s] -- Installing: /home/ram-user/Desktop/rosProject/install/image_input/share/image_input/local_setup.dsv
[22.928s] -- Installing: /home/ram-user/Desktop/rosProject/install/image_input/share/image_input/package.dsv
[22.928s] -- Installing: /home/ram-user/Desktop/rosProject/install/image_input/share/ament_index/resource_index/packages/image_input
[22.928s] -- Installing: /home/ram-user/Desktop/rosProject/install/image_input/share/image_input/cmake/image_inputConfig.cmake
[22.928s] -- Installing: /home/ram-user/Desktop/rosProject/install/image_input/share/image_input/cmake/image_inputConfig-version.cmake
[22.928s] -- Installing: /home/ram-user/Desktop/rosProject/install/image_input/share/image_input/package.xml
[22.937s] Invoked command in '/home/ram-user/Desktop/rosProject/build/image_input' returned '0': CMAKE_PREFIX_PATH=/opt/ros/humble /usr/bin/cmake --install /home/ram-user/Desktop/rosProject/build/image_input
