[0.047s] Invoking command in '/home/ram-user/Desktop/rosProject/build/tutorial_interfaces': CMAKE_PREFIX_PATH=${CMAKE_PREFIX_PATH}:/opt/ros/humble /usr/bin/cmake --build /home/ram-user/Desktop/rosProject/build/tutorial_interfaces -- -j2 -l2
[0.173s] [ 10%] Built target tutorial_interfaces__rosidl_generator_c
[0.184s] [ 12%] Built target tutorial_interfaces__cpp
[0.232s] [ 12%] Built target ament_cmake_python_copy_tutorial_interfaces
[0.284s] [ 23%] Built target tutorial_interfaces__rosidl_typesupport_cpp
[0.349s] [ 34%] Built target tutorial_interfaces__rosidl_typesupport_fastrtps_c
[0.364s] [ 44%] Built target tutorial_interfaces__rosidl_typesupport_fastrtps_cpp
[0.392s] [ 55%] Built target tutorial_interfaces__rosidl_typesupport_introspection_c
[0.413s] [ 65%] Built target tutorial_interfaces__rosidl_typesupport_c
[0.480s] [ 76%] Built target tutorial_interfaces__rosidl_typesupport_introspection_cpp
[0.662s] [ 76%] Built target tutorial_interfaces
[0.732s] [ 78%] Built target tutorial_interfaces__py
[0.824s] [ 87%] Built target tutorial_interfaces__rosidl_generator_py
[0.915s] [ 91%] Built target tutorial_interfaces__rosidl_typesupport_fastrtps_c__pyext
[0.966s] [ 95%] Built target tutorial_interfaces__rosidl_typesupport_introspection_c__pyext
[0.983s] running egg_info
[0.985s] writing tutorial_interfaces.egg-info/PKG-INFO
[0.987s] writing dependency_links to tutorial_interfaces.egg-info/dependency_links.txt
[0.989s] writing top-level names to tutorial_interfaces.egg-info/top_level.txt
[0.996s] reading manifest file 'tutorial_interfaces.egg-info/SOURCES.txt'
[1.001s] writing manifest file 'tutorial_interfaces.egg-info/SOURCES.txt'
[1.033s] [100%] Built target tutorial_interfaces__rosidl_typesupport_c__pyext
[1.072s] [100%] Built target ament_cmake_python_build_tutorial_interfaces_egg
[1.144s] Invoked command in '/home/ram-user/Desktop/rosProject/build/tutorial_interfaces' returned '0': CMAKE_PREFIX_PATH=${CMAKE_PREFIX_PATH}:/opt/ros/humble /usr/bin/cmake --build /home/ram-user/Desktop/rosProject/build/tutorial_interfaces -- -j2 -l2
[1.532s] Invoking command in '/home/ram-user/Desktop/rosProject/build/tutorial_interfaces': CMAKE_PREFIX_PATH=${CMAKE_PREFIX_PATH}:/opt/ros/humble /usr/bin/cmake --install /home/ram-user/Desktop/rosProject/build/tutorial_interfaces
[1.561s] -- Install configuration: ""
[1.561s] -- Up-to-date: /home/ram-user/Desktop/rosProject/install/tutorial_interfaces/share/ament_index/resource_index/rosidl_interfaces/tutorial_interfaces
[1.561s] -- Up-to-date: /home/ram-user/Desktop/rosProject/install/tutorial_interfaces/include/tutorial_interfaces/tutorial_interfaces
[1.561s] -- Up-to-date: /home/ram-user/Desktop/rosProject/install/tutorial_interfaces/include/tutorial_interfaces/tutorial_interfaces/msg
[1.561s] -- Up-to-date: /home/ram-user/Desktop/rosProject/install/tutorial_interfaces/include/tutorial_interfaces/tutorial_interfaces/msg/ball.h
[1.561s] -- Up-to-date: /home/ram-user/Desktop/rosProject/install/tutorial_interfaces/include/tutorial_interfaces/tutorial_interfaces/msg/detail
[1.562s] -- Up-to-date: /home/ram-user/Desktop/rosProject/install/tutorial_interfaces/include/tutorial_interfaces/tutorial_interfaces/msg/detail/ball__struct.h
[1.562s] -- Up-to-date: /home/ram-user/Desktop/rosProject/install/tutorial_interfaces/include/tutorial_interfaces/tutorial_interfaces/msg/detail/vel__functions.c
[1.562s] -- Up-to-date: /home/ram-user/Desktop/rosProject/install/tutorial_interfaces/include/tutorial_interfaces/tutorial_interfaces/msg/detail/ball__type_support.h
[1.562s] -- Up-to-date: /home/ram-user/Desktop/rosProject/install/tutorial_interfaces/include/tutorial_interfaces/tutorial_interfaces/msg/detail/vel__type_support.h
[1.562s] -- Up-to-date: /home/ram-user/Desktop/rosProject/install/tutorial_interfaces/include/tutorial_interfaces/tutorial_interfaces/msg/detail/vel__struct.h
[1.562s] -- Up-to-date: /home/ram-user/Desktop/rosProject/install/tutorial_interfaces/include/tutorial_interfaces/tutorial_interfaces/msg/detail/score__functions.c
[1.562s] -- Up-to-date: /home/ram-user/Desktop/rosProject/install/tutorial_interfaces/include/tutorial_interfaces/tutorial_interfaces/msg/detail/score__functions.h
[1.562s] -- Up-to-date: /home/ram-user/Desktop/rosProject/install/tutorial_interfaces/include/tutorial_interfaces/tutorial_interfaces/msg/detail/ball__functions.h
[1.562s] -- Up-to-date: /home/ram-user/Desktop/rosProject/install/tutorial_interfaces/include/tutorial_interfaces/tutorial_interfaces/msg/detail/score__struct.h
[1.562s] -- Up-to-date: /home/ram-user/Desktop/rosProject/install/tutorial_interfaces/include/tutorial_interfaces/tutorial_interfaces/msg/detail/vel__functions.h
[1.562s] -- Up-to-date: /home/ram-user/Desktop/rosProject/install/tutorial_interfaces/include/tutorial_interfaces/tutorial_interfaces/msg/detail/score__type_support.h
[1.562s] -- Up-to-date: /home/ram-user/Desktop/rosProject/install/tutorial_interfaces/include/tutorial_interfaces/tutorial_interfaces/msg/detail/ball__functions.c
[1.563s] -- Up-to-date: /home/ram-user/Desktop/rosProject/install/tutorial_interfaces/include/tutorial_interfaces/tutorial_interfaces/msg/rosidl_generator_c__visibility_control.h
[1.563s] -- Up-to-date: /home/ram-user/Desktop/rosProject/install/tutorial_interfaces/include/tutorial_interfaces/tutorial_interfaces/msg/vel.h
[1.563s] -- Up-to-date: /home/ram-user/Desktop/rosProject/install/tutorial_interfaces/include/tutorial_interfaces/tutorial_interfaces/msg/score.h
[1.563s] -- Up-to-date: /home/ram-user/Desktop/rosProject/install/tutorial_interfaces/share/tutorial_interfaces/environment/library_path.sh
[1.563s] -- Up-to-date: /home/ram-user/Desktop/rosProject/install/tutorial_interfaces/share/tutorial_interfaces/environment/library_path.dsv
[1.563s] -- Up-to-date: /home/ram-user/Desktop/rosProject/install/tutorial_interfaces/lib/libtutorial_interfaces__rosidl_generator_c.so
[1.564s] -- Up-to-date: /home/ram-user/Desktop/rosProject/install/tutorial_interfaces/include/tutorial_interfaces/tutorial_interfaces
[1.564s] -- Up-to-date: /home/ram-user/Desktop/rosProject/install/tutorial_interfaces/include/tutorial_interfaces/tutorial_interfaces/msg
[1.564s] -- Up-to-date: /home/ram-user/Desktop/rosProject/install/tutorial_interfaces/include/tutorial_interfaces/tutorial_interfaces/msg/rosidl_typesupport_fastrtps_c__visibility_control.h
[1.564s] -- Up-to-date: /home/ram-user/Desktop/rosProject/install/tutorial_interfaces/include/tutorial_interfaces/tutorial_interfaces/msg/detail
[1.564s] -- Up-to-date: /home/ram-user/Desktop/rosProject/install/tutorial_interfaces/include/tutorial_interfaces/tutorial_interfaces/msg/detail/ball__rosidl_typesupport_fastrtps_c.h
[1.564s] -- Up-to-date: /home/ram-user/Desktop/rosProject/install/tutorial_interfaces/include/tutorial_interfaces/tutorial_interfaces/msg/detail/vel__rosidl_typesupport_fastrtps_c.h
[1.564s] -- Up-to-date: /home/ram-user/Desktop/rosProject/install/tutorial_interfaces/include/tutorial_interfaces/tutorial_interfaces/msg/detail/score__rosidl_typesupport_fastrtps_c.h
[1.564s] -- Up-to-date: /home/ram-user/Desktop/rosProject/install/tutorial_interfaces/lib/libtutorial_interfaces__rosidl_typesupport_fastrtps_c.so
[1.564s] -- Up-to-date: /home/ram-user/Desktop/rosProject/install/tutorial_interfaces/include/tutorial_interfaces/tutorial_interfaces
[1.564s] -- Up-to-date: /home/ram-user/Desktop/rosProject/install/tutorial_interfaces/include/tutorial_interfaces/tutorial_interfaces/msg
[1.564s] -- Up-to-date: /home/ram-user/Desktop/rosProject/install/tutorial_interfaces/include/tutorial_interfaces/tutorial_interfaces/msg/score.hpp
[1.564s] -- Up-to-date: /home/ram-user/Desktop/rosProject/install/tutorial_interfaces/include/tutorial_interfaces/tutorial_interfaces/msg/detail
[1.564s] -- Up-to-date: /home/ram-user/Desktop/rosProject/install/tutorial_interfaces/include/tutorial_interfaces/tutorial_interfaces/msg/detail/ball__traits.hpp
[1.565s] -- Up-to-date: /home/ram-user/Desktop/rosProject/install/tutorial_interfaces/include/tutorial_interfaces/tutorial_interfaces/msg/detail/score__traits.hpp
[1.565s] -- Up-to-date: /home/ram-user/Desktop/rosProject/install/tutorial_interfaces/include/tutorial_interfaces/tutorial_interfaces/msg/detail/ball__struct.hpp
[1.565s] -- Up-to-date: /home/ram-user/Desktop/rosProject/install/tutorial_interfaces/include/tutorial_interfaces/tutorial_interfaces/msg/detail/score__struct.hpp
[1.565s] -- Up-to-date: /home/ram-user/Desktop/rosProject/install/tutorial_interfaces/include/tutorial_interfaces/tutorial_interfaces/msg/detail/vel__struct.hpp
[1.565s] -- Up-to-date: /home/ram-user/Desktop/rosProject/install/tutorial_interfaces/include/tutorial_interfaces/tutorial_interfaces/msg/detail/score__builder.hpp
[1.565s] -- Up-to-date: /home/ram-user/Desktop/rosProject/install/tutorial_interfaces/include/tutorial_interfaces/tutorial_interfaces/msg/detail/vel__builder.hpp
[1.565s] -- Up-to-date: /home/ram-user/Desktop/rosProject/install/tutorial_interfaces/include/tutorial_interfaces/tutorial_interfaces/msg/detail/ball__builder.hpp
[1.565s] -- Up-to-date: /home/ram-user/Desktop/rosProject/install/tutorial_interfaces/include/tutorial_interfaces/tutorial_interfaces/msg/detail/vel__traits.hpp
[1.565s] -- Up-to-date: /home/ram-user/Desktop/rosProject/install/tutorial_interfaces/include/tutorial_interfaces/tutorial_interfaces/msg/vel.hpp
[1.565s] -- Up-to-date: /home/ram-user/Desktop/rosProject/install/tutorial_interfaces/include/tutorial_interfaces/tutorial_interfaces/msg/ball.hpp
[1.565s] -- Up-to-date: /home/ram-user/Desktop/rosProject/install/tutorial_interfaces/include/tutorial_interfaces/tutorial_interfaces
[1.566s] -- Up-to-date: /home/ram-user/Desktop/rosProject/install/tutorial_interfaces/include/tutorial_interfaces/tutorial_interfaces/msg
[1.566s] -- Up-to-date: /home/ram-user/Desktop/rosProject/install/tutorial_interfaces/include/tutorial_interfaces/tutorial_interfaces/msg/detail
[1.566s] -- Up-to-date: /home/ram-user/Desktop/rosProject/install/tutorial_interfaces/include/tutorial_interfaces/tutorial_interfaces/msg/detail/vel__rosidl_typesupport_fastrtps_cpp.hpp
[1.566s] -- Up-to-date: /home/ram-user/Desktop/rosProject/install/tutorial_interfaces/include/tutorial_interfaces/tutorial_interfaces/msg/detail/score__rosidl_typesupport_fastrtps_cpp.hpp
[1.566s] -- Up-to-date: /home/ram-user/Desktop/rosProject/install/tutorial_interfaces/include/tutorial_interfaces/tutorial_interfaces/msg/detail/dds_fastrtps
[1.566s] -- Up-to-date: /home/ram-user/Desktop/rosProject/install/tutorial_interfaces/include/tutorial_interfaces/tutorial_interfaces/msg/detail/ball__rosidl_typesupport_fastrtps_cpp.hpp
[1.566s] -- Up-to-date: /home/ram-user/Desktop/rosProject/install/tutorial_interfaces/include/tutorial_interfaces/tutorial_interfaces/msg/rosidl_typesupport_fastrtps_cpp__visibility_control.h
[1.566s] -- Up-to-date: /home/ram-user/Desktop/rosProject/install/tutorial_interfaces/lib/libtutorial_interfaces__rosidl_typesupport_fastrtps_cpp.so
[1.566s] -- Up-to-date: /home/ram-user/Desktop/rosProject/install/tutorial_interfaces/include/tutorial_interfaces/tutorial_interfaces
[1.566s] -- Up-to-date: /home/ram-user/Desktop/rosProject/install/tutorial_interfaces/include/tutorial_interfaces/tutorial_interfaces/msg
[1.566s] -- Up-to-date: /home/ram-user/Desktop/rosProject/install/tutorial_interfaces/include/tutorial_interfaces/tutorial_interfaces/msg/rosidl_typesupport_introspection_c__visibility_control.h
[1.566s] -- Up-to-date: /home/ram-user/Desktop/rosProject/install/tutorial_interfaces/include/tutorial_interfaces/tutorial_interfaces/msg/detail
[1.567s] -- Up-to-date: /home/ram-user/Desktop/rosProject/install/tutorial_interfaces/include/tutorial_interfaces/tutorial_interfaces/msg/detail/ball__rosidl_typesupport_introspection_c.h
[1.567s] -- Up-to-date: /home/ram-user/Desktop/rosProject/install/tutorial_interfaces/include/tutorial_interfaces/tutorial_interfaces/msg/detail/score__type_support.c
[1.567s] -- Up-to-date: /home/ram-user/Desktop/rosProject/install/tutorial_interfaces/include/tutorial_interfaces/tutorial_interfaces/msg/detail/score__rosidl_typesupport_introspection_c.h
[1.567s] -- Up-to-date: /home/ram-user/Desktop/rosProject/install/tutorial_interfaces/include/tutorial_interfaces/tutorial_interfaces/msg/detail/ball__type_support.c
[1.567s] -- Up-to-date: /home/ram-user/Desktop/rosProject/install/tutorial_interfaces/include/tutorial_interfaces/tutorial_interfaces/msg/detail/vel__type_support.c
[1.567s] -- Up-to-date: /home/ram-user/Desktop/rosProject/install/tutorial_interfaces/include/tutorial_interfaces/tutorial_interfaces/msg/detail/vel__rosidl_typesupport_introspection_c.h
[1.567s] -- Up-to-date: /home/ram-user/Desktop/rosProject/install/tutorial_interfaces/lib/libtutorial_interfaces__rosidl_typesupport_introspection_c.so
[1.567s] -- Up-to-date: /home/ram-user/Desktop/rosProject/install/tutorial_interfaces/lib/libtutorial_interfaces__rosidl_typesupport_c.so
[1.567s] -- Up-to-date: /home/ram-user/Desktop/rosProject/install/tutorial_interfaces/include/tutorial_interfaces/tutorial_interfaces
[1.567s] -- Up-to-date: /home/ram-user/Desktop/rosProject/install/tutorial_interfaces/include/tutorial_interfaces/tutorial_interfaces/msg
[1.567s] -- Up-to-date: /home/ram-user/Desktop/rosProject/install/tutorial_interfaces/include/tutorial_interfaces/tutorial_interfaces/msg/detail
[1.567s] -- Up-to-date: /home/ram-user/Desktop/rosProject/install/tutorial_interfaces/include/tutorial_interfaces/tutorial_interfaces/msg/detail/vel__rosidl_typesupport_introspection_cpp.hpp
[1.568s] -- Up-to-date: /home/ram-user/Desktop/rosProject/install/tutorial_interfaces/include/tutorial_interfaces/tutorial_interfaces/msg/detail/score__type_support.cpp
[1.568s] -- Up-to-date: /home/ram-user/Desktop/rosProject/install/tutorial_interfaces/include/tutorial_interfaces/tutorial_interfaces/msg/detail/ball__type_support.cpp
[1.568s] -- Up-to-date: /home/ram-user/Desktop/rosProject/install/tutorial_interfaces/include/tutorial_interfaces/tutorial_interfaces/msg/detail/score__rosidl_typesupport_introspection_cpp.hpp
[1.568s] -- Up-to-date: /home/ram-user/Desktop/rosProject/install/tutorial_interfaces/include/tutorial_interfaces/tutorial_interfaces/msg/detail/ball__rosidl_typesupport_introspection_cpp.hpp
[1.568s] -- Up-to-date: /home/ram-user/Desktop/rosProject/install/tutorial_interfaces/include/tutorial_interfaces/tutorial_interfaces/msg/detail/vel__type_support.cpp
[1.568s] -- Up-to-date: /home/ram-user/Desktop/rosProject/install/tutorial_interfaces/lib/libtutorial_interfaces__rosidl_typesupport_introspection_cpp.so
[1.568s] -- Up-to-date: /home/ram-user/Desktop/rosProject/install/tutorial_interfaces/lib/libtutorial_interfaces__rosidl_typesupport_cpp.so
[1.568s] -- Up-to-date: /home/ram-user/Desktop/rosProject/install/tutorial_interfaces/share/tutorial_interfaces/environment/pythonpath.sh
[1.568s] -- Up-to-date: /home/ram-user/Desktop/rosProject/install/tutorial_interfaces/share/tutorial_interfaces/environment/pythonpath.dsv
[1.568s] -- Up-to-date: /home/ram-user/Desktop/rosProject/install/tutorial_interfaces/local/lib/python3.10/dist-packages/tutorial_interfaces-0.0.0-py3.10.egg-info
[1.568s] -- Installing: /home/ram-user/Desktop/rosProject/install/tutorial_interfaces/local/lib/python3.10/dist-packages/tutorial_interfaces-0.0.0-py3.10.egg-info/dependency_links.txt
[1.568s] -- Installing: /home/ram-user/Desktop/rosProject/install/tutorial_interfaces/local/lib/python3.10/dist-packages/tutorial_interfaces-0.0.0-py3.10.egg-info/top_level.txt
[1.569s] -- Installing: /home/ram-user/Desktop/rosProject/install/tutorial_interfaces/local/lib/python3.10/dist-packages/tutorial_interfaces-0.0.0-py3.10.egg-info/PKG-INFO
[1.569s] -- Installing: /home/ram-user/Desktop/rosProject/install/tutorial_interfaces/local/lib/python3.10/dist-packages/tutorial_interfaces-0.0.0-py3.10.egg-info/SOURCES.txt
[1.569s] -- Up-to-date: /home/ram-user/Desktop/rosProject/install/tutorial_interfaces/local/lib/python3.10/dist-packages/tutorial_interfaces
[1.569s] -- Up-to-date: /home/ram-user/Desktop/rosProject/install/tutorial_interfaces/local/lib/python3.10/dist-packages/tutorial_interfaces/__init__.py
[1.569s] -- Up-to-date: /home/ram-user/Desktop/rosProject/install/tutorial_interfaces/local/lib/python3.10/dist-packages/tutorial_interfaces/_tutorial_interfaces_s.ep.rosidl_typesupport_c.c
[1.569s] -- Up-to-date: /home/ram-user/Desktop/rosProject/install/tutorial_interfaces/local/lib/python3.10/dist-packages/tutorial_interfaces/_tutorial_interfaces_s.ep.rosidl_typesupport_fastrtps_c.c
[1.569s] -- Up-to-date: /home/ram-user/Desktop/rosProject/install/tutorial_interfaces/local/lib/python3.10/dist-packages/tutorial_interfaces/_tutorial_interfaces_s.ep.rosidl_typesupport_introspection_c.c
[1.569s] -- Up-to-date: /home/ram-user/Desktop/rosProject/install/tutorial_interfaces/local/lib/python3.10/dist-packages/tutorial_interfaces/libtutorial_interfaces__rosidl_generator_py.so
[1.569s] -- Up-to-date: /home/ram-user/Desktop/rosProject/install/tutorial_interfaces/local/lib/python3.10/dist-packages/tutorial_interfaces/tutorial_interfaces_s__rosidl_typesupport_fastrtps_c.cpython-310-x86_64-linux-gnu.so
[1.569s] -- Up-to-date: /home/ram-user/Desktop/rosProject/install/tutorial_interfaces/local/lib/python3.10/dist-packages/tutorial_interfaces/msg
[1.569s] -- Up-to-date: /home/ram-user/Desktop/rosProject/install/tutorial_interfaces/local/lib/python3.10/dist-packages/tutorial_interfaces/msg/__init__.py
[1.569s] -- Up-to-date: /home/ram-user/Desktop/rosProject/install/tutorial_interfaces/local/lib/python3.10/dist-packages/tutorial_interfaces/msg/_score_s.c
[1.570s] -- Up-to-date: /home/ram-user/Desktop/rosProject/install/tutorial_interfaces/local/lib/python3.10/dist-packages/tutorial_interfaces/msg/_vel_s.c
[1.570s] -- Up-to-date: /home/ram-user/Desktop/rosProject/install/tutorial_interfaces/local/lib/python3.10/dist-packages/tutorial_interfaces/msg/_ball.py
[1.570s] -- Up-to-date: /home/ram-user/Desktop/rosProject/install/tutorial_interfaces/local/lib/python3.10/dist-packages/tutorial_interfaces/msg/_score.py
[1.570s] -- Up-to-date: /home/ram-user/Desktop/rosProject/install/tutorial_interfaces/local/lib/python3.10/dist-packages/tutorial_interfaces/msg/_vel.py
[1.570s] -- Up-to-date: /home/ram-user/Desktop/rosProject/install/tutorial_interfaces/local/lib/python3.10/dist-packages/tutorial_interfaces/msg/_ball_s.c
[1.570s] -- Up-to-date: /home/ram-user/Desktop/rosProject/install/tutorial_interfaces/local/lib/python3.10/dist-packages/tutorial_interfaces/tutorial_interfaces_s__rosidl_typesupport_c.cpython-310-x86_64-linux-gnu.so
[1.570s] -- Up-to-date: /home/ram-user/Desktop/rosProject/install/tutorial_interfaces/local/lib/python3.10/dist-packages/tutorial_interfaces/tutorial_interfaces_s__rosidl_typesupport_introspection_c.cpython-310-x86_64-linux-gnu.so
[1.612s] Listing '/home/ram-user/Desktop/rosProject/install/tutorial_interfaces/local/lib/python3.10/dist-packages/tutorial_interfaces'...
[1.612s] Listing '/home/ram-user/Desktop/rosProject/install/tutorial_interfaces/local/lib/python3.10/dist-packages/tutorial_interfaces/msg'...
[1.638s] -- Up-to-date: /home/ram-user/Desktop/rosProject/install/tutorial_interfaces/local/lib/python3.10/dist-packages/tutorial_interfaces/tutorial_interfaces_s__rosidl_typesupport_fastrtps_c.cpython-310-x86_64-linux-gnu.so
[1.638s] -- Up-to-date: /home/ram-user/Desktop/rosProject/install/tutorial_interfaces/local/lib/python3.10/dist-packages/tutorial_interfaces/tutorial_interfaces_s__rosidl_typesupport_introspection_c.cpython-310-x86_64-linux-gnu.so
[1.639s] -- Up-to-date: /home/ram-user/Desktop/rosProject/install/tutorial_interfaces/local/lib/python3.10/dist-packages/tutorial_interfaces/tutorial_interfaces_s__rosidl_typesupport_c.cpython-310-x86_64-linux-gnu.so
[1.645s] -- Up-to-date: /home/ram-user/Desktop/rosProject/install/tutorial_interfaces/lib/libtutorial_interfaces__rosidl_generator_py.so
[1.645s] -- Up-to-date: /home/ram-user/Desktop/rosProject/install/tutorial_interfaces/share/tutorial_interfaces/msg/Ball.idl
[1.645s] -- Up-to-date: /home/ram-user/Desktop/rosProject/install/tutorial_interfaces/share/tutorial_interfaces/msg/Score.idl
[1.645s] -- Up-to-date: /home/ram-user/Desktop/rosProject/install/tutorial_interfaces/share/tutorial_interfaces/msg/Vel.idl
[1.645s] -- Up-to-date: /home/ram-user/Desktop/rosProject/install/tutorial_interfaces/share/tutorial_interfaces/msg/Ball.msg
[1.645s] -- Up-to-date: /home/ram-user/Desktop/rosProject/install/tutorial_interfaces/share/tutorial_interfaces/msg/Score.msg
[1.646s] -- Up-to-date: /home/ram-user/Desktop/rosProject/install/tutorial_interfaces/share/tutorial_interfaces/msg/Vel.msg
[1.646s] -- Up-to-date: /home/ram-user/Desktop/rosProject/install/tutorial_interfaces/share/ament_index/resource_index/package_run_dependencies/tutorial_interfaces
[1.646s] -- Up-to-date: /home/ram-user/Desktop/rosProject/install/tutorial_interfaces/share/ament_index/resource_index/parent_prefix_path/tutorial_interfaces
[1.646s] -- Up-to-date: /home/ram-user/Desktop/rosProject/install/tutorial_interfaces/share/tutorial_interfaces/environment/ament_prefix_path.sh
[1.646s] -- Up-to-date: /home/ram-user/Desktop/rosProject/install/tutorial_interfaces/share/tutorial_interfaces/environment/ament_prefix_path.dsv
[1.646s] -- Up-to-date: /home/ram-user/Desktop/rosProject/install/tutorial_interfaces/share/tutorial_interfaces/environment/path.sh
[1.646s] -- Up-to-date: /home/ram-user/Desktop/rosProject/install/tutorial_interfaces/share/tutorial_interfaces/environment/path.dsv
[1.646s] -- Up-to-date: /home/ram-user/Desktop/rosProject/install/tutorial_interfaces/share/tutorial_interfaces/local_setup.bash
[1.646s] -- Up-to-date: /home/ram-user/Desktop/rosProject/install/tutorial_interfaces/share/tutorial_interfaces/local_setup.sh
[1.646s] -- Up-to-date: /home/ram-user/Desktop/rosProject/install/tutorial_interfaces/share/tutorial_interfaces/local_setup.zsh
[1.646s] -- Up-to-date: /home/ram-user/Desktop/rosProject/install/tutorial_interfaces/share/tutorial_interfaces/local_setup.dsv
[1.646s] -- Installing: /home/ram-user/Desktop/rosProject/install/tutorial_interfaces/share/tutorial_interfaces/package.dsv
[1.647s] -- Up-to-date: /home/ram-user/Desktop/rosProject/install/tutorial_interfaces/share/ament_index/resource_index/packages/tutorial_interfaces
[1.647s] -- Up-to-date: /home/ram-user/Desktop/rosProject/install/tutorial_interfaces/share/tutorial_interfaces/cmake/export_tutorial_interfaces__rosidl_generator_cExport.cmake
[1.647s] -- Up-to-date: /home/ram-user/Desktop/rosProject/install/tutorial_interfaces/share/tutorial_interfaces/cmake/export_tutorial_interfaces__rosidl_generator_cExport-noconfig.cmake
[1.647s] -- Up-to-date: /home/ram-user/Desktop/rosProject/install/tutorial_interfaces/share/tutorial_interfaces/cmake/export_tutorial_interfaces__rosidl_typesupport_fastrtps_cExport.cmake
[1.647s] -- Up-to-date: /home/ram-user/Desktop/rosProject/install/tutorial_interfaces/share/tutorial_interfaces/cmake/export_tutorial_interfaces__rosidl_typesupport_fastrtps_cExport-noconfig.cmake
[1.647s] -- Up-to-date: /home/ram-user/Desktop/rosProject/install/tutorial_interfaces/share/tutorial_interfaces/cmake/export_tutorial_interfaces__rosidl_generator_cppExport.cmake
[1.647s] -- Up-to-date: /home/ram-user/Desktop/rosProject/install/tutorial_interfaces/share/tutorial_interfaces/cmake/export_tutorial_interfaces__rosidl_typesupport_fastrtps_cppExport.cmake
[1.656s] -- Up-to-date: /home/ram-user/Desktop/rosProject/install/tutorial_interfaces/share/tutorial_interfaces/cmake/export_tutorial_interfaces__rosidl_typesupport_fastrtps_cppExport-noconfig.cmake
[1.658s] -- Up-to-date: /home/ram-user/Desktop/rosProject/install/tutorial_interfaces/share/tutorial_interfaces/cmake/tutorial_interfaces__rosidl_typesupport_introspection_cExport.cmake
[1.658s] -- Up-to-date: /home/ram-user/Desktop/rosProject/install/tutorial_interfaces/share/tutorial_interfaces/cmake/tutorial_interfaces__rosidl_typesupport_introspection_cExport-noconfig.cmake
[1.658s] -- Up-to-date: /home/ram-user/Desktop/rosProject/install/tutorial_interfaces/share/tutorial_interfaces/cmake/tutorial_interfaces__rosidl_typesupport_cExport.cmake
[1.659s] -- Up-to-date: /home/ram-user/Desktop/rosProject/install/tutorial_interfaces/share/tutorial_interfaces/cmake/tutorial_interfaces__rosidl_typesupport_cExport-noconfig.cmake
[1.659s] -- Up-to-date: /home/ram-user/Desktop/rosProject/install/tutorial_interfaces/share/tutorial_interfaces/cmake/tutorial_interfaces__rosidl_typesupport_introspection_cppExport.cmake
[1.659s] -- Up-to-date: /home/ram-user/Desktop/rosProject/install/tutorial_interfaces/share/tutorial_interfaces/cmake/tutorial_interfaces__rosidl_typesupport_introspection_cppExport-noconfig.cmake
[1.659s] -- Up-to-date: /home/ram-user/Desktop/rosProject/install/tutorial_interfaces/share/tutorial_interfaces/cmake/tutorial_interfaces__rosidl_typesupport_cppExport.cmake
[1.659s] -- Up-to-date: /home/ram-user/Desktop/rosProject/install/tutorial_interfaces/share/tutorial_interfaces/cmake/tutorial_interfaces__rosidl_typesupport_cppExport-noconfig.cmake
[1.659s] -- Up-to-date: /home/ram-user/Desktop/rosProject/install/tutorial_interfaces/share/tutorial_interfaces/cmake/export_tutorial_interfaces__rosidl_generator_pyExport.cmake
[1.659s] -- Up-to-date: /home/ram-user/Desktop/rosProject/install/tutorial_interfaces/share/tutorial_interfaces/cmake/export_tutorial_interfaces__rosidl_generator_pyExport-noconfig.cmake
[1.660s] -- Up-to-date: /home/ram-user/Desktop/rosProject/install/tutorial_interfaces/share/tutorial_interfaces/cmake/rosidl_cmake-extras.cmake
[1.660s] -- Up-to-date: /home/ram-user/Desktop/rosProject/install/tutorial_interfaces/share/tutorial_interfaces/cmake/ament_cmake_export_include_directories-extras.cmake
[1.660s] -- Up-to-date: /home/ram-user/Desktop/rosProject/install/tutorial_interfaces/share/tutorial_interfaces/cmake/ament_cmake_export_libraries-extras.cmake
[1.660s] -- Up-to-date: /home/ram-user/Desktop/rosProject/install/tutorial_interfaces/share/tutorial_interfaces/cmake/ament_cmake_export_targets-extras.cmake
[1.660s] -- Up-to-date: /home/ram-user/Desktop/rosProject/install/tutorial_interfaces/share/tutorial_interfaces/cmake/rosidl_cmake_export_typesupport_targets-extras.cmake
[1.660s] -- Up-to-date: /home/ram-user/Desktop/rosProject/install/tutorial_interfaces/share/tutorial_interfaces/cmake/ament_cmake_export_dependencies-extras.cmake
[1.660s] -- Up-to-date: /home/ram-user/Desktop/rosProject/install/tutorial_interfaces/share/tutorial_interfaces/cmake/rosidl_cmake_export_typesupport_libraries-extras.cmake
[1.660s] -- Up-to-date: /home/ram-user/Desktop/rosProject/install/tutorial_interfaces/share/tutorial_interfaces/cmake/tutorial_interfacesConfig.cmake
[1.660s] -- Up-to-date: /home/ram-user/Desktop/rosProject/install/tutorial_interfaces/share/tutorial_interfaces/cmake/tutorial_interfacesConfig-version.cmake
[1.660s] -- Up-to-date: /home/ram-user/Desktop/rosProject/install/tutorial_interfaces/share/tutorial_interfaces/package.xml
[1.678s] Invoked command in '/home/ram-user/Desktop/rosProject/build/tutorial_interfaces' returned '0': CMAKE_PREFIX_PATH=${CMAKE_PREFIX_PATH}:/opt/ros/humble /usr/bin/cmake --install /home/ram-user/Desktop/rosProject/build/tutorial_interfaces
