[0.054s] Invoking command in '/home/ram-user/Desktop/rosProject/build/pong_core': CMAKE_PREFIX_PATH=/home/ram-user/Desktop/rosProject/install/tutorial_interfaces:/home/ram-user/Desktop/rosProject/install/visualization_package:/home/ram-user/Desktop/rosProject/install/score:/home/ram-user/Desktop/rosProject/install/pong_core:/home/ram-user/Desktop/rosProject/install/cpp_publisher:/home/ram-user/Desktop/rosProject/install/paddle_physics:/home/ram-user/Desktop/rosProject/install/keyboard_input:/home/ram-user/Desktop/rosProject/install/image_input:/opt/ros/humble /usr/bin/cmake --build /home/ram-user/Desktop/rosProject/build/pong_core -- -j2 -l2
[0.264s] [ 50%] Built target logic
[0.333s] [100%] Built target physics
[0.375s] Invoked command in '/home/ram-user/Desktop/rosProject/build/pong_core' returned '0': CMAKE_PREFIX_PATH=/home/ram-user/Desktop/rosProject/install/tutorial_interfaces:/home/ram-user/Desktop/rosProject/install/visualization_package:/home/ram-user/Desktop/rosProject/install/score:/home/ram-user/Desktop/rosProject/install/pong_core:/home/ram-user/Desktop/rosProject/install/cpp_publisher:/home/ram-user/Desktop/rosProject/install/paddle_physics:/home/ram-user/Desktop/rosProject/install/keyboard_input:/home/ram-user/Desktop/rosProject/install/image_input:/opt/ros/humble /usr/bin/cmake --build /home/ram-user/Desktop/rosProject/build/pong_core -- -j2 -l2
[0.507s] Invoking command in '/home/ram-user/Desktop/rosProject/build/pong_core': CMAKE_PREFIX_PATH=/home/ram-user/Desktop/rosProject/install/tutorial_interfaces:/home/ram-user/Desktop/rosProject/install/visualization_package:/home/ram-user/Desktop/rosProject/install/score:/home/ram-user/Desktop/rosProject/install/pong_core:/home/ram-user/Desktop/rosProject/install/cpp_publisher:/home/ram-user/Desktop/rosProject/install/paddle_physics:/home/ram-user/Desktop/rosProject/install/keyboard_input:/home/ram-user/Desktop/rosProject/install/image_input:/opt/ros/humble /usr/bin/cmake --install /home/ram-user/Desktop/rosProject/build/pong_core
[0.540s] -- Install configuration: ""
[0.542s] -- Up-to-date: /home/ram-user/Desktop/rosProject/install/pong_core/lib/pong_core/logic
[0.544s] -- Up-to-date: /home/ram-user/Desktop/rosProject/install/pong_core/lib/pong_core/physics
[0.546s] -- Up-to-date: /home/ram-user/Desktop/rosProject/install/pong_core/share/ament_index/resource_index/package_run_dependencies/pong_core
[0.547s] -- Up-to-date: /home/ram-user/Desktop/rosProject/install/pong_core/share/ament_index/resource_index/parent_prefix_path/pong_core
[0.548s] -- Up-to-date: /home/ram-user/Desktop/rosProject/install/pong_core/share/pong_core/environment/ament_prefix_path.sh
[0.549s] -- Up-to-date: /home/ram-user/Desktop/rosProject/install/pong_core/share/pong_core/environment/ament_prefix_path.dsv
[0.551s] -- Up-to-date: /home/ram-user/Desktop/rosProject/install/pong_core/share/pong_core/environment/path.sh
[0.552s] -- Up-to-date: /home/ram-user/Desktop/rosProject/install/pong_core/share/pong_core/environment/path.dsv
[0.553s] -- Up-to-date: /home/ram-user/Desktop/rosProject/install/pong_core/share/pong_core/local_setup.bash
[0.554s] -- Up-to-date: /home/ram-user/Desktop/rosProject/install/pong_core/share/pong_core/local_setup.sh
[0.557s] -- Up-to-date: /home/ram-user/Desktop/rosProject/install/pong_core/share/pong_core/local_setup.zsh
[0.558s] -- Up-to-date: /home/ram-user/Desktop/rosProject/install/pong_core/share/pong_core/local_setup.dsv
[0.559s] -- Installing: /home/ram-user/Desktop/rosProject/install/pong_core/share/pong_core/package.dsv
[0.561s] -- Up-to-date: /home/ram-user/Desktop/rosProject/install/pong_core/share/ament_index/resource_index/packages/pong_core
[0.562s] -- Up-to-date: /home/ram-user/Desktop/rosProject/install/pong_core/share/pong_core/cmake/pong_coreConfig.cmake
[0.563s] -- Up-to-date: /home/ram-user/Desktop/rosProject/install/pong_core/share/pong_core/cmake/pong_coreConfig-version.cmake
[0.565s] -- Up-to-date: /home/ram-user/Desktop/rosProject/install/pong_core/share/pong_core/package.xml
[0.621s] Invoked command in '/home/ram-user/Desktop/rosProject/build/pong_core' returned '0': CMAKE_PREFIX_PATH=/home/ram-user/Desktop/rosProject/install/tutorial_interfaces:/home/ram-user/Desktop/rosProject/install/visualization_package:/home/ram-user/Desktop/rosProject/install/score:/home/ram-user/Desktop/rosProject/install/pong_core:/home/ram-user/Desktop/rosProject/install/cpp_publisher:/home/ram-user/Desktop/rosProject/install/paddle_physics:/home/ram-user/Desktop/rosProject/install/keyboard_input:/home/ram-user/Desktop/rosProject/install/image_input:/opt/ros/humble /usr/bin/cmake --install /home/ram-user/Desktop/rosProject/build/pong_core
