[0.022s] Invoking command in '/home/ram-user/Desktop/rosProject/build/visualization_package': AMENT_PREFIX_PATH=/home/ram-user/Desktop/rosProject/install/tutorial_interfaces:${AMENT_PREFIX_PATH} CMAKE_PREFIX_PATH=/home/ram-user/Desktop/rosProject/install/tutorial_interfaces:/opt/ros/humble LD_LIBRARY_PATH=/home/ram-user/Desktop/rosProject/install/tutorial_interfaces/lib:${LD_LIBRARY_PATH} PYTHONPATH=/home/ram-user/Desktop/rosProject/install/tutorial_interfaces/local/lib/python3.10/dist-packages:${PYTHONPATH} /usr/bin/cmake --build /home/ram-user/Desktop/rosProject/build/visualization_package -- -j2 -l2
[0.087s] [35m[1mConsolidate compiler generated dependencies of target visualization_package[0m
[0.121s] [ 25%] [32mBuilding CXX object CMakeFiles/visualization_package.dir/src/Pong_field.cpp.o[0m
[1.017s] [ 50%] [32m[1mLinking CXX executable visualization_package[0m
[2.243s] [100%] Built target visualization_package
[2.273s] Invoked command in '/home/ram-user/Desktop/rosProject/build/visualization_package' returned '0': AMENT_PREFIX_PATH=/home/ram-user/Desktop/rosProject/install/tutorial_interfaces:${AMENT_PREFIX_PATH} CMAKE_PREFIX_PATH=/home/ram-user/Desktop/rosProject/install/tutorial_interfaces:/opt/ros/humble LD_LIBRARY_PATH=/home/ram-user/Desktop/rosProject/install/tutorial_interfaces/lib:${LD_LIBRARY_PATH} PYTHONPATH=/home/ram-user/Desktop/rosProject/install/tutorial_interfaces/local/lib/python3.10/dist-packages:${PYTHONPATH} /usr/bin/cmake --build /home/ram-user/Desktop/rosProject/build/visualization_package -- -j2 -l2
[2.393s] Invoking command in '/home/ram-user/Desktop/rosProject/build/visualization_package': AMENT_PREFIX_PATH=/home/ram-user/Desktop/rosProject/install/tutorial_interfaces:${AMENT_PREFIX_PATH} CMAKE_PREFIX_PATH=/home/ram-user/Desktop/rosProject/install/tutorial_interfaces:/opt/ros/humble LD_LIBRARY_PATH=/home/ram-user/Desktop/rosProject/install/tutorial_interfaces/lib:${LD_LIBRARY_PATH} PYTHONPATH=/home/ram-user/Desktop/rosProject/install/tutorial_interfaces/local/lib/python3.10/dist-packages:${PYTHONPATH} /usr/bin/cmake --install /home/ram-user/Desktop/rosProject/build/visualization_package
[2.404s] -- Install configuration: ""
[2.405s] -- Installing: /home/ram-user/Desktop/rosProject/install/visualization_package/lib/visualization_package/visualization_package
[2.414s] -- Set runtime path of "/home/ram-user/Desktop/rosProject/install/visualization_package/lib/visualization_package/visualization_package" to ""
[2.414s] -- Up-to-date: /home/ram-user/Desktop/rosProject/install/visualization_package/share/ament_index/resource_index/package_run_dependencies/visualization_package
[2.414s] -- Up-to-date: /home/ram-user/Desktop/rosProject/install/visualization_package/share/ament_index/resource_index/parent_prefix_path/visualization_package
[2.415s] -- Up-to-date: /home/ram-user/Desktop/rosProject/install/visualization_package/share/visualization_package/environment/ament_prefix_path.sh
[2.415s] -- Up-to-date: /home/ram-user/Desktop/rosProject/install/visualization_package/share/visualization_package/environment/ament_prefix_path.dsv
[2.415s] -- Up-to-date: /home/ram-user/Desktop/rosProject/install/visualization_package/share/visualization_package/environment/path.sh
[2.415s] -- Up-to-date: /home/ram-user/Desktop/rosProject/install/visualization_package/share/visualization_package/environment/path.dsv
[2.416s] -- Up-to-date: /home/ram-user/Desktop/rosProject/install/visualization_package/share/visualization_package/local_setup.bash
[2.416s] -- Up-to-date: /home/ram-user/Desktop/rosProject/install/visualization_package/share/visualization_package/local_setup.sh
[2.416s] -- Up-to-date: /home/ram-user/Desktop/rosProject/install/visualization_package/share/visualization_package/local_setup.zsh
[2.417s] -- Up-to-date: /home/ram-user/Desktop/rosProject/install/visualization_package/share/visualization_package/local_setup.dsv
[2.417s] -- Installing: /home/ram-user/Desktop/rosProject/install/visualization_package/share/visualization_package/package.dsv
[2.417s] -- Up-to-date: /home/ram-user/Desktop/rosProject/install/visualization_package/share/ament_index/resource_index/packages/visualization_package
[2.418s] -- Up-to-date: /home/ram-user/Desktop/rosProject/install/visualization_package/share/visualization_package/cmake/visualization_packageConfig.cmake
[2.418s] -- Up-to-date: /home/ram-user/Desktop/rosProject/install/visualization_package/share/visualization_package/cmake/visualization_packageConfig-version.cmake
[2.418s] -- Up-to-date: /home/ram-user/Desktop/rosProject/install/visualization_package/share/visualization_package/package.xml
[2.434s] Invoked command in '/home/ram-user/Desktop/rosProject/build/visualization_package' returned '0': AMENT_PREFIX_PATH=/home/ram-user/Desktop/rosProject/install/tutorial_interfaces:${AMENT_PREFIX_PATH} CMAKE_PREFIX_PATH=/home/ram-user/Desktop/rosProject/install/tutorial_interfaces:/opt/ros/humble LD_LIBRARY_PATH=/home/ram-user/Desktop/rosProject/install/tutorial_interfaces/lib:${LD_LIBRARY_PATH} PYTHONPATH=/home/ram-user/Desktop/rosProject/install/tutorial_interfaces/local/lib/python3.10/dist-packages:${PYTHONPATH} /usr/bin/cmake --install /home/ram-user/Desktop/rosProject/build/visualization_package
