In file included from [01m[K/home/ram-user/Desktop/rosProject/src/visualization_package/src/my_node.cpp:6[m[K:
[01m[K/home/ram-user/Desktop/rosProject/src/visualization_package/src/../include/Pong_field.h:8:30:[m[K [01;31m[Kerror: [m[Kin-class initialization of static data member ‘[01m[Kconst string Pong_field::WINDOW_TITLE[m[K’ of non-literal type
    8 |     static const std::string [01;31m[KWINDOW_TITLE[m[K = "SDfR-CBL - Pong Game in ROS 2";
      |                              [01;31m[K^~~~~~~~~~~~[m[K
[01m[K/home/ram-user/Desktop/rosProject/src/visualization_package/src/../include/Pong_field.h:8:45:[m[K [01;31m[Kerror: [m[Ktemporary of non-literal type ‘[01m[Kconst string[m[K’ {aka ‘[01m[Kconst std::__cxx11::basic_string<char>[m[K’} in a constant expression
    8 |     static const std::string WINDOW_TITLE = [01;31m[K"SDfR-CBL - Pong Game in ROS 2"[m[K;
      |                                             [01;31m[K^~~~~~~~~~~~~~~~~~~~~~~~~~~~~~~[m[K
In file included from [01m[K/usr/include/c++/11/string:55[m[K,
                 from [01m[K/usr/include/c++/11/bits/locale_classes.h:40[m[K,
                 from [01m[K/usr/include/c++/11/bits/ios_base.h:41[m[K,
                 from [01m[K/usr/include/c++/11/ios:42[m[K,
                 from [01m[K/usr/include/c++/11/ostream:38[m[K,
                 from [01m[K/usr/include/c++/11/iostream:39[m[K,
                 from [01m[K/home/ram-user/Desktop/rosProject/src/visualization_package/src/my_node.cpp:2[m[K:
[01m[K/usr/include/c++/11/bits/basic_string.h:85:11:[m[K [01;36m[Knote: [m[K‘[01m[Kstd::__cxx11::basic_string<char>[m[K’ is not literal because:
   85 |     class [01;36m[Kbasic_string[m[K
      |           [01;36m[K^~~~~~~~~~~~[m[K
[01m[K/usr/include/c++/11/bits/basic_string.h:85:11:[m[K [01;36m[Knote: [m[K  ‘[01m[Kstd::__cxx11::basic_string<char>[m[K’ has a non-trivial destructor
gmake[2]: *** [CMakeFiles/visualization_package.dir/build.make:76: CMakeFiles/visualization_package.dir/src/my_node.cpp.o] Error 1
gmake[1]: *** [CMakeFiles/Makefile2:137: CMakeFiles/visualization_package.dir/all] Error 2
gmake: *** [Makefile:146: all] Error 2
