[0.035s] Invoking command in '/home/ram-user/Desktop/rosProject/build/cpp_publisher': AMENT_PREFIX_PATH=/home/ram-user/Desktop/rosProject/install/tutorial_interfaces:${AMENT_PREFIX_PATH} CMAKE_PREFIX_PATH=/home/ram-user/Desktop/rosProject/install/tutorial_interfaces:/opt/ros/humble LD_LIBRARY_PATH=/home/ram-user/Desktop/rosProject/install/tutorial_interfaces/lib:${LD_LIBRARY_PATH} PYTHONPATH=/home/ram-user/Desktop/rosProject/install/tutorial_interfaces/local/lib/python3.10/dist-packages:${PYTHONPATH} /usr/bin/cmake /home/ram-user/Desktop/rosProject/src/cpp_publisher -DCMAKE_INSTALL_PREFIX=/home/ram-user/Desktop/rosProject/install/cpp_publisher
[0.144s] -- The C compiler identification is GNU 11.3.0
[0.266s] -- The CXX compiler identification is GNU 11.3.0
[0.270s] -- Detecting C compiler ABI info
[0.385s] -- Detecting C compiler ABI info - done
[0.396s] -- Check for working C compiler: /usr/bin/cc - skipped
[0.397s] -- Detecting C compile features
[0.398s] -- Detecting C compile features - done
[0.402s] -- Detecting CXX compiler ABI info
[0.521s] -- Detecting CXX compiler ABI info - done
[0.532s] -- Check for working CXX compiler: /usr/bin/c++ - skipped
[0.533s] -- Detecting CXX compile features
[0.534s] -- Detecting CXX compile features - done
[0.536s] -- Found ament_cmake: 1.3.3 (/opt/ros/humble/share/ament_cmake/cmake)
[0.855s] -- Found Python3: /usr/bin/python3.10 (found version "3.10.6") found components: Interpreter 
[0.973s] -- Found rclcpp: 16.0.3 (/opt/ros/humble/share/rclcpp/cmake)
[1.059s] -- Found rosidl_generator_c: 3.1.4 (/opt/ros/humble/share/rosidl_generator_c/cmake)
[1.065s] -- Found rosidl_adapter: 3.1.4 (/opt/ros/humble/share/rosidl_adapter/cmake)
[1.074s] -- Found rosidl_generator_cpp: 3.1.4 (/opt/ros/humble/share/rosidl_generator_cpp/cmake)
[1.099s] -- Using all available rosidl_typesupport_c: rosidl_typesupport_fastrtps_c;rosidl_typesupport_introspection_c
[1.149s] -- Using all available rosidl_typesupport_cpp: rosidl_typesupport_fastrtps_cpp;rosidl_typesupport_introspection_cpp
[1.274s] -- Found rmw_implementation_cmake: 6.1.1 (/opt/ros/humble/share/rmw_implementation_cmake/cmake)
[1.274s] -- Found rmw_fastrtps_cpp: 6.2.2 (/opt/ros/humble/share/rmw_fastrtps_cpp/cmake)
[1.566s] -- Found OpenSSL: /usr/lib/x86_64-linux-gnu/libcrypto.so (found version "3.0.2")  
[1.620s] -- Found FastRTPS: /opt/ros/humble/include  
[1.695s] -- Using RMW implementation 'rmw_fastrtps_cpp' as default
[1.725s] -- Looking for pthread.h
[1.911s] -- Looking for pthread.h - found
[1.913s] -- Performing Test CMAKE_HAVE_LIBC_PTHREAD
[2.053s] -- Performing Test CMAKE_HAVE_LIBC_PTHREAD - Success
[2.057s] -- Found Threads: TRUE  
[2.304s] -- Found tutorial_interfaces: 0.0.0 (/home/ram-user/Desktop/rosProject/install/tutorial_interfaces/share/tutorial_interfaces/cmake)
[2.410s] -- Configuring done
[2.425s] -- Generating done
[2.447s] -- Build files have been written to: /home/ram-user/Desktop/rosProject/build/cpp_publisher
[2.477s] Invoked command in '/home/ram-user/Desktop/rosProject/build/cpp_publisher' returned '0': AMENT_PREFIX_PATH=/home/ram-user/Desktop/rosProject/install/tutorial_interfaces:${AMENT_PREFIX_PATH} CMAKE_PREFIX_PATH=/home/ram-user/Desktop/rosProject/install/tutorial_interfaces:/opt/ros/humble LD_LIBRARY_PATH=/home/ram-user/Desktop/rosProject/install/tutorial_interfaces/lib:${LD_LIBRARY_PATH} PYTHONPATH=/home/ram-user/Desktop/rosProject/install/tutorial_interfaces/local/lib/python3.10/dist-packages:${PYTHONPATH} /usr/bin/cmake /home/ram-user/Desktop/rosProject/src/cpp_publisher -DCMAKE_INSTALL_PREFIX=/home/ram-user/Desktop/rosProject/install/cpp_publisher
[2.478s] Invoking command in '/home/ram-user/Desktop/rosProject/build/cpp_publisher': AMENT_PREFIX_PATH=/home/ram-user/Desktop/rosProject/install/tutorial_interfaces:${AMENT_PREFIX_PATH} CMAKE_PREFIX_PATH=/home/ram-user/Desktop/rosProject/install/tutorial_interfaces:/opt/ros/humble LD_LIBRARY_PATH=/home/ram-user/Desktop/rosProject/install/tutorial_interfaces/lib:${LD_LIBRARY_PATH} PYTHONPATH=/home/ram-user/Desktop/rosProject/install/tutorial_interfaces/local/lib/python3.10/dist-packages:${PYTHONPATH} /usr/bin/cmake --build /home/ram-user/Desktop/rosProject/build/cpp_publisher -- -j2 -l2
[2.569s] [ 25%] [32mBuilding CXX object CMakeFiles/talker.dir/src/publisher_member_function.cpp.o[0m
[2.583s] [ 50%] [32mBuilding CXX object CMakeFiles/listener.dir/src/subscriber_member_function.cpp.o[0m
[20.487s] [ 75%] [32m[1mLinking CXX executable talker[0m
[20.818s] [ 75%] Built target talker
[26.079s] [100%] [32m[1mLinking CXX executable listener[0m
[26.947s] [100%] Built target listener
[26.962s] Invoked command in '/home/ram-user/Desktop/rosProject/build/cpp_publisher' returned '0': AMENT_PREFIX_PATH=/home/ram-user/Desktop/rosProject/install/tutorial_interfaces:${AMENT_PREFIX_PATH} CMAKE_PREFIX_PATH=/home/ram-user/Desktop/rosProject/install/tutorial_interfaces:/opt/ros/humble LD_LIBRARY_PATH=/home/ram-user/Desktop/rosProject/install/tutorial_interfaces/lib:${LD_LIBRARY_PATH} PYTHONPATH=/home/ram-user/Desktop/rosProject/install/tutorial_interfaces/local/lib/python3.10/dist-packages:${PYTHONPATH} /usr/bin/cmake --build /home/ram-user/Desktop/rosProject/build/cpp_publisher -- -j2 -l2
[27.019s] Invoking command in '/home/ram-user/Desktop/rosProject/build/cpp_publisher': AMENT_PREFIX_PATH=/home/ram-user/Desktop/rosProject/install/tutorial_interfaces:${AMENT_PREFIX_PATH} CMAKE_PREFIX_PATH=/home/ram-user/Desktop/rosProject/install/tutorial_interfaces:/opt/ros/humble LD_LIBRARY_PATH=/home/ram-user/Desktop/rosProject/install/tutorial_interfaces/lib:${LD_LIBRARY_PATH} PYTHONPATH=/home/ram-user/Desktop/rosProject/install/tutorial_interfaces/local/lib/python3.10/dist-packages:${PYTHONPATH} /usr/bin/cmake --install /home/ram-user/Desktop/rosProject/build/cpp_publisher
[27.030s] -- Install configuration: ""
[27.031s] -- Installing: /home/ram-user/Desktop/rosProject/install/cpp_publisher/lib/cpp_publisher/talker
[27.044s] -- Set runtime path of "/home/ram-user/Desktop/rosProject/install/cpp_publisher/lib/cpp_publisher/talker" to ""
[27.044s] -- Installing: /home/ram-user/Desktop/rosProject/install/cpp_publisher/lib/cpp_publisher/listener
[27.048s] -- Set runtime path of "/home/ram-user/Desktop/rosProject/install/cpp_publisher/lib/cpp_publisher/listener" to ""
[27.049s] -- Installing: /home/ram-user/Desktop/rosProject/install/cpp_publisher/share/ament_index/resource_index/package_run_dependencies/cpp_publisher
[27.049s] -- Installing: /home/ram-user/Desktop/rosProject/install/cpp_publisher/share/ament_index/resource_index/parent_prefix_path/cpp_publisher
[27.049s] -- Installing: /home/ram-user/Desktop/rosProject/install/cpp_publisher/share/cpp_publisher/environment/ament_prefix_path.sh
[27.050s] -- Installing: /home/ram-user/Desktop/rosProject/install/cpp_publisher/share/cpp_publisher/environment/ament_prefix_path.dsv
[27.050s] -- Installing: /home/ram-user/Desktop/rosProject/install/cpp_publisher/share/cpp_publisher/environment/path.sh
[27.050s] -- Installing: /home/ram-user/Desktop/rosProject/install/cpp_publisher/share/cpp_publisher/environment/path.dsv
[27.051s] -- Installing: /home/ram-user/Desktop/rosProject/install/cpp_publisher/share/cpp_publisher/local_setup.bash
[27.051s] -- Installing: /home/ram-user/Desktop/rosProject/install/cpp_publisher/share/cpp_publisher/local_setup.sh
[27.051s] -- Installing: /home/ram-user/Desktop/rosProject/install/cpp_publisher/share/cpp_publisher/local_setup.zsh
[27.052s] -- Installing: /home/ram-user/Desktop/rosProject/install/cpp_publisher/share/cpp_publisher/local_setup.dsv
[27.052s] -- Installing: /home/ram-user/Desktop/rosProject/install/cpp_publisher/share/cpp_publisher/package.dsv
[27.053s] -- Installing: /home/ram-user/Desktop/rosProject/install/cpp_publisher/share/ament_index/resource_index/packages/cpp_publisher
[27.053s] -- Installing: /home/ram-user/Desktop/rosProject/install/cpp_publisher/share/cpp_publisher/cmake/cpp_publisherConfig.cmake
[27.053s] -- Installing: /home/ram-user/Desktop/rosProject/install/cpp_publisher/share/cpp_publisher/cmake/cpp_publisherConfig-version.cmake
[27.053s] -- Installing: /home/ram-user/Desktop/rosProject/install/cpp_publisher/share/cpp_publisher/package.xml
[27.063s] Invoked command in '/home/ram-user/Desktop/rosProject/build/cpp_publisher' returned '0': AMENT_PREFIX_PATH=/home/ram-user/Desktop/rosProject/install/tutorial_interfaces:${AMENT_PREFIX_PATH} CMAKE_PREFIX_PATH=/home/ram-user/Desktop/rosProject/install/tutorial_interfaces:/opt/ros/humble LD_LIBRARY_PATH=/home/ram-user/Desktop/rosProject/install/tutorial_interfaces/lib:${LD_LIBRARY_PATH} PYTHONPATH=/home/ram-user/Desktop/rosProject/install/tutorial_interfaces/local/lib/python3.10/dist-packages:${PYTHONPATH} /usr/bin/cmake --install /home/ram-user/Desktop/rosProject/build/cpp_publisher
