[0.026s] Invoking command in '/home/ram-user/Desktop/rosProject/build/cpp_publisher': AMENT_PREFIX_PATH=/home/ram-user/Desktop/rosProject/install/tutorial_interfaces:${AMENT_PREFIX_PATH} CMAKE_PREFIX_PATH=/home/ram-user/Desktop/rosProject/install/tutorial_interfaces:/opt/ros/humble LD_LIBRARY_PATH=/home/ram-user/Desktop/rosProject/install/tutorial_interfaces/lib:${LD_LIBRARY_PATH} PYTHONPATH=/home/ram-user/Desktop/rosProject/install/tutorial_interfaces/local/lib/python3.10/dist-packages:${PYTHONPATH} /usr/bin/cmake --build /home/ram-user/Desktop/rosProject/build/cpp_publisher -- -j2 -l2
[0.140s] [ 50%] Built target talker
[0.168s] [100%] Built target listener
[0.184s] Invoked command in '/home/ram-user/Desktop/rosProject/build/cpp_publisher' returned '0': AMENT_PREFIX_PATH=/home/ram-user/Desktop/rosProject/install/tutorial_interfaces:${AMENT_PREFIX_PATH} CMAKE_PREFIX_PATH=/home/ram-user/Desktop/rosProject/install/tutorial_interfaces:/opt/ros/humble LD_LIBRARY_PATH=/home/ram-user/Desktop/rosProject/install/tutorial_interfaces/lib:${LD_LIBRARY_PATH} PYTHONPATH=/home/ram-user/Desktop/rosProject/install/tutorial_interfaces/local/lib/python3.10/dist-packages:${PYTHONPATH} /usr/bin/cmake --build /home/ram-user/Desktop/rosProject/build/cpp_publisher -- -j2 -l2
[0.265s] Invoking command in '/home/ram-user/Desktop/rosProject/build/cpp_publisher': AMENT_PREFIX_PATH=/home/ram-user/Desktop/rosProject/install/tutorial_interfaces:${AMENT_PREFIX_PATH} CMAKE_PREFIX_PATH=/home/ram-user/Desktop/rosProject/install/tutorial_interfaces:/opt/ros/humble LD_LIBRARY_PATH=/home/ram-user/Desktop/rosProject/install/tutorial_interfaces/lib:${LD_LIBRARY_PATH} PYTHONPATH=/home/ram-user/Desktop/rosProject/install/tutorial_interfaces/local/lib/python3.10/dist-packages:${PYTHONPATH} /usr/bin/cmake --install /home/ram-user/Desktop/rosProject/build/cpp_publisher
[0.279s] -- Install configuration: ""
[0.280s] -- Up-to-date: /home/ram-user/Desktop/rosProject/install/cpp_publisher/lib/cpp_publisher/talker
[0.281s] -- Up-to-date: /home/ram-user/Desktop/rosProject/install/cpp_publisher/lib/cpp_publisher/listener
[0.282s] -- Up-to-date: /home/ram-user/Desktop/rosProject/install/cpp_publisher/share/ament_index/resource_index/package_run_dependencies/cpp_publisher
[0.282s] -- Up-to-date: /home/ram-user/Desktop/rosProject/install/cpp_publisher/share/ament_index/resource_index/parent_prefix_path/cpp_publisher
[0.282s] -- Up-to-date: /home/ram-user/Desktop/rosProject/install/cpp_publisher/share/cpp_publisher/environment/ament_prefix_path.sh
[0.283s] -- Up-to-date: /home/ram-user/Desktop/rosProject/install/cpp_publisher/share/cpp_publisher/environment/ament_prefix_path.dsv
[0.283s] -- Up-to-date: /home/ram-user/Desktop/rosProject/install/cpp_publisher/share/cpp_publisher/environment/path.sh
[0.283s] -- Up-to-date: /home/ram-user/Desktop/rosProject/install/cpp_publisher/share/cpp_publisher/environment/path.dsv
[0.283s] -- Up-to-date: /home/ram-user/Desktop/rosProject/install/cpp_publisher/share/cpp_publisher/local_setup.bash
[0.283s] -- Up-to-date: /home/ram-user/Desktop/rosProject/install/cpp_publisher/share/cpp_publisher/local_setup.sh
[0.283s] -- Up-to-date: /home/ram-user/Desktop/rosProject/install/cpp_publisher/share/cpp_publisher/local_setup.zsh
[0.283s] -- Up-to-date: /home/ram-user/Desktop/rosProject/install/cpp_publisher/share/cpp_publisher/local_setup.dsv
[0.283s] -- Installing: /home/ram-user/Desktop/rosProject/install/cpp_publisher/share/cpp_publisher/package.dsv
[0.283s] -- Up-to-date: /home/ram-user/Desktop/rosProject/install/cpp_publisher/share/ament_index/resource_index/packages/cpp_publisher
[0.283s] -- Up-to-date: /home/ram-user/Desktop/rosProject/install/cpp_publisher/share/cpp_publisher/cmake/cpp_publisherConfig.cmake
[0.283s] -- Up-to-date: /home/ram-user/Desktop/rosProject/install/cpp_publisher/share/cpp_publisher/cmake/cpp_publisherConfig-version.cmake
[0.291s] -- Up-to-date: /home/ram-user/Desktop/rosProject/install/cpp_publisher/share/cpp_publisher/package.xml
[0.291s] Invoked command in '/home/ram-user/Desktop/rosProject/build/cpp_publisher' returned '0': AMENT_PREFIX_PATH=/home/ram-user/Desktop/rosProject/install/tutorial_interfaces:${AMENT_PREFIX_PATH} CMAKE_PREFIX_PATH=/home/ram-user/Desktop/rosProject/install/tutorial_interfaces:/opt/ros/humble LD_LIBRARY_PATH=/home/ram-user/Desktop/rosProject/install/tutorial_interfaces/lib:${LD_LIBRARY_PATH} PYTHONPATH=/home/ram-user/Desktop/rosProject/install/tutorial_interfaces/local/lib/python3.10/dist-packages:${PYTHONPATH} /usr/bin/cmake --install /home/ram-user/Desktop/rosProject/build/cpp_publisher
