[0.022s] Invoking command in '/home/ram-user/Desktop/rosProject/build/paddle_physics': CMAKE_PREFIX_PATH=/opt/ros/humble /usr/bin/cmake --build /home/ram-user/Desktop/rosProject/build/paddle_physics -- -j2 -l2
[0.119s] [100%] Built target paddle_physics
[0.139s] Invoked command in '/home/ram-user/Desktop/rosProject/build/paddle_physics' returned '0': CMAKE_PREFIX_PATH=/opt/ros/humble /usr/bin/cmake --build /home/ram-user/Desktop/rosProject/build/paddle_physics -- -j2 -l2
[0.188s] Invoking command in '/home/ram-user/Desktop/rosProject/build/paddle_physics': CMAKE_PREFIX_PATH=/opt/ros/humble /usr/bin/cmake --install /home/ram-user/Desktop/rosProject/build/paddle_physics
[0.202s] -- Install configuration: ""
[0.203s] -- Up-to-date: /home/ram-user/Desktop/rosProject/install/paddle_physics/lib/paddle_physics/paddle_physics
[0.203s] -- Up-to-date: /home/ram-user/Desktop/rosProject/install/paddle_physics/share/ament_index/resource_index/package_run_dependencies/paddle_physics
[0.203s] -- Up-to-date: /home/ram-user/Desktop/rosProject/install/paddle_physics/share/ament_index/resource_index/parent_prefix_path/paddle_physics
[0.203s] -- Up-to-date: /home/ram-user/Desktop/rosProject/install/paddle_physics/share/paddle_physics/environment/ament_prefix_path.sh
[0.203s] -- Up-to-date: /home/ram-user/Desktop/rosProject/install/paddle_physics/share/paddle_physics/environment/ament_prefix_path.dsv
[0.203s] -- Up-to-date: /home/ram-user/Desktop/rosProject/install/paddle_physics/share/paddle_physics/environment/path.sh
[0.203s] -- Up-to-date: /home/ram-user/Desktop/rosProject/install/paddle_physics/share/paddle_physics/environment/path.dsv
[0.204s] -- Up-to-date: /home/ram-user/Desktop/rosProject/install/paddle_physics/share/paddle_physics/local_setup.bash
[0.204s] -- Up-to-date: /home/ram-user/Desktop/rosProject/install/paddle_physics/share/paddle_physics/local_setup.sh
[0.204s] -- Up-to-date: /home/ram-user/Desktop/rosProject/install/paddle_physics/share/paddle_physics/local_setup.zsh
[0.205s] -- Up-to-date: /home/ram-user/Desktop/rosProject/install/paddle_physics/share/paddle_physics/local_setup.dsv
[0.205s] -- Installing: /home/ram-user/Desktop/rosProject/install/paddle_physics/share/paddle_physics/package.dsv
[0.205s] -- Up-to-date: /home/ram-user/Desktop/rosProject/install/paddle_physics/share/ament_index/resource_index/packages/paddle_physics
[0.205s] -- Up-to-date: /home/ram-user/Desktop/rosProject/install/paddle_physics/share/paddle_physics/cmake/paddle_physicsConfig.cmake
[0.206s] -- Up-to-date: /home/ram-user/Desktop/rosProject/install/paddle_physics/share/paddle_physics/cmake/paddle_physicsConfig-version.cmake
[0.207s] -- Up-to-date: /home/ram-user/Desktop/rosProject/install/paddle_physics/share/paddle_physics/package.xml
[0.214s] Invoked command in '/home/ram-user/Desktop/rosProject/build/paddle_physics' returned '0': CMAKE_PREFIX_PATH=/opt/ros/humble /usr/bin/cmake --install /home/ram-user/Desktop/rosProject/build/paddle_physics
