[0.022s] Invoking command in '/home/ram-user/Desktop/rosProject/build/keyboard_input': CMAKE_PREFIX_PATH=/opt/ros/humble /usr/bin/cmake --build /home/ram-user/Desktop/rosProject/build/keyboard_input -- -j2 -l2
[0.179s] [100%] Built target keyboard_input
[0.207s] Invoked command in '/home/ram-user/Desktop/rosProject/build/keyboard_input' returned '0': CMAKE_PREFIX_PATH=/opt/ros/humble /usr/bin/cmake --build /home/ram-user/Desktop/rosProject/build/keyboard_input -- -j2 -l2
[0.267s] Invoking command in '/home/ram-user/Desktop/rosProject/build/keyboard_input': CMAKE_PREFIX_PATH=/opt/ros/humble /usr/bin/cmake --install /home/ram-user/Desktop/rosProject/build/keyboard_input
[0.280s] -- Install configuration: ""
[0.281s] -- Up-to-date: /home/ram-user/Desktop/rosProject/install/keyboard_input/lib/keyboard_input/keyboard_input
[0.282s] -- Up-to-date: /home/ram-user/Desktop/rosProject/install/keyboard_input/share/keyboard_input//launch
[0.282s] -- Up-to-date: /home/ram-user/Desktop/rosProject/install/keyboard_input/share/keyboard_input//launch/keyboard_input_launch.py
[0.282s] -- Up-to-date: /home/ram-user/Desktop/rosProject/install/keyboard_input/share/ament_index/resource_index/package_run_dependencies/keyboard_input
[0.283s] -- Up-to-date: /home/ram-user/Desktop/rosProject/install/keyboard_input/share/ament_index/resource_index/parent_prefix_path/keyboard_input
[0.284s] -- Up-to-date: /home/ram-user/Desktop/rosProject/install/keyboard_input/share/keyboard_input/environment/ament_prefix_path.sh
[0.284s] -- Up-to-date: /home/ram-user/Desktop/rosProject/install/keyboard_input/share/keyboard_input/environment/ament_prefix_path.dsv
[0.285s] -- Up-to-date: /home/ram-user/Desktop/rosProject/install/keyboard_input/share/keyboard_input/environment/path.sh
[0.286s] -- Up-to-date: /home/ram-user/Desktop/rosProject/install/keyboard_input/share/keyboard_input/environment/path.dsv
[0.287s] -- Up-to-date: /home/ram-user/Desktop/rosProject/install/keyboard_input/share/keyboard_input/local_setup.bash
[0.287s] -- Up-to-date: /home/ram-user/Desktop/rosProject/install/keyboard_input/share/keyboard_input/local_setup.sh
[0.287s] -- Up-to-date: /home/ram-user/Desktop/rosProject/install/keyboard_input/share/keyboard_input/local_setup.zsh
[0.287s] -- Up-to-date: /home/ram-user/Desktop/rosProject/install/keyboard_input/share/keyboard_input/local_setup.dsv
[0.288s] -- Installing: /home/ram-user/Desktop/rosProject/install/keyboard_input/share/keyboard_input/package.dsv
[0.289s] -- Up-to-date: /home/ram-user/Desktop/rosProject/install/keyboard_input/share/ament_index/resource_index/packages/keyboard_input
[0.289s] -- Up-to-date: /home/ram-user/Desktop/rosProject/install/keyboard_input/share/keyboard_input/cmake/keyboard_inputConfig.cmake
[0.289s] -- Up-to-date: /home/ram-user/Desktop/rosProject/install/keyboard_input/share/keyboard_input/cmake/keyboard_inputConfig-version.cmake
[0.290s] -- Up-to-date: /home/ram-user/Desktop/rosProject/install/keyboard_input/share/keyboard_input/package.xml
[0.300s] Invoked command in '/home/ram-user/Desktop/rosProject/build/keyboard_input' returned '0': CMAKE_PREFIX_PATH=/opt/ros/humble /usr/bin/cmake --install /home/ram-user/Desktop/rosProject/build/keyboard_input
