[0.021s] Invoking command in '/home/ram-user/Desktop/rosProject/build/visualization_package': AMENT_PREFIX_PATH=/home/ram-user/Desktop/rosProject/install/tutorial_interfaces:${AMENT_PREFIX_PATH} CMAKE_PREFIX_PATH=/home/ram-user/Desktop/rosProject/install/tutorial_interfaces:/opt/ros/humble LD_LIBRARY_PATH=/home/ram-user/Desktop/rosProject/install/tutorial_interfaces/lib:${LD_LIBRARY_PATH} PYTHONPATH=/home/ram-user/Desktop/rosProject/install/tutorial_interfaces/local/lib/python3.10/dist-packages:${PYTHONPATH} /usr/bin/cmake --build /home/ram-user/Desktop/rosProject/build/visualization_package -- -j2 -l2
[0.201s] [100%] Built target visualization_package
[0.220s] Invoked command in '/home/ram-user/Desktop/rosProject/build/visualization_package' returned '0': AMENT_PREFIX_PATH=/home/ram-user/Desktop/rosProject/install/tutorial_interfaces:${AMENT_PREFIX_PATH} CMAKE_PREFIX_PATH=/home/ram-user/Desktop/rosProject/install/tutorial_interfaces:/opt/ros/humble LD_LIBRARY_PATH=/home/ram-user/Desktop/rosProject/install/tutorial_interfaces/lib:${LD_LIBRARY_PATH} PYTHONPATH=/home/ram-user/Desktop/rosProject/install/tutorial_interfaces/local/lib/python3.10/dist-packages:${PYTHONPATH} /usr/bin/cmake --build /home/ram-user/Desktop/rosProject/build/visualization_package -- -j2 -l2
[0.315s] Invoking command in '/home/ram-user/Desktop/rosProject/build/visualization_package': AMENT_PREFIX_PATH=/home/ram-user/Desktop/rosProject/install/tutorial_interfaces:${AMENT_PREFIX_PATH} CMAKE_PREFIX_PATH=/home/ram-user/Desktop/rosProject/install/tutorial_interfaces:/opt/ros/humble LD_LIBRARY_PATH=/home/ram-user/Desktop/rosProject/install/tutorial_interfaces/lib:${LD_LIBRARY_PATH} PYTHONPATH=/home/ram-user/Desktop/rosProject/install/tutorial_interfaces/local/lib/python3.10/dist-packages:${PYTHONPATH} /usr/bin/cmake --install /home/ram-user/Desktop/rosProject/build/visualization_package
[0.327s] -- Install configuration: ""
[0.328s] -- Up-to-date: /home/ram-user/Desktop/rosProject/install/visualization_package/lib/visualization_package/visualization_package
[0.329s] -- Up-to-date: /home/ram-user/Desktop/rosProject/install/visualization_package/share/ament_index/resource_index/package_run_dependencies/visualization_package
[0.330s] -- Up-to-date: /home/ram-user/Desktop/rosProject/install/visualization_package/share/ament_index/resource_index/parent_prefix_path/visualization_package
[0.330s] -- Up-to-date: /home/ram-user/Desktop/rosProject/install/visualization_package/share/visualization_package/environment/ament_prefix_path.sh
[0.330s] -- Up-to-date: /home/ram-user/Desktop/rosProject/install/visualization_package/share/visualization_package/environment/ament_prefix_path.dsv
[0.330s] -- Up-to-date: /home/ram-user/Desktop/rosProject/install/visualization_package/share/visualization_package/environment/path.sh
[0.330s] -- Up-to-date: /home/ram-user/Desktop/rosProject/install/visualization_package/share/visualization_package/environment/path.dsv
[0.330s] -- Up-to-date: /home/ram-user/Desktop/rosProject/install/visualization_package/share/visualization_package/local_setup.bash
[0.330s] -- Up-to-date: /home/ram-user/Desktop/rosProject/install/visualization_package/share/visualization_package/local_setup.sh
[0.330s] -- Up-to-date: /home/ram-user/Desktop/rosProject/install/visualization_package/share/visualization_package/local_setup.zsh
[0.330s] -- Up-to-date: /home/ram-user/Desktop/rosProject/install/visualization_package/share/visualization_package/local_setup.dsv
[0.330s] -- Installing: /home/ram-user/Desktop/rosProject/install/visualization_package/share/visualization_package/package.dsv
[0.330s] -- Up-to-date: /home/ram-user/Desktop/rosProject/install/visualization_package/share/ament_index/resource_index/packages/visualization_package
[0.330s] -- Up-to-date: /home/ram-user/Desktop/rosProject/install/visualization_package/share/visualization_package/cmake/visualization_packageConfig.cmake
[0.331s] -- Up-to-date: /home/ram-user/Desktop/rosProject/install/visualization_package/share/visualization_package/cmake/visualization_packageConfig-version.cmake
[0.331s] -- Up-to-date: /home/ram-user/Desktop/rosProject/install/visualization_package/share/visualization_package/package.xml
[0.350s] Invoked command in '/home/ram-user/Desktop/rosProject/build/visualization_package' returned '0': AMENT_PREFIX_PATH=/home/ram-user/Desktop/rosProject/install/tutorial_interfaces:${AMENT_PREFIX_PATH} CMAKE_PREFIX_PATH=/home/ram-user/Desktop/rosProject/install/tutorial_interfaces:/opt/ros/humble LD_LIBRARY_PATH=/home/ram-user/Desktop/rosProject/install/tutorial_interfaces/lib:${LD_LIBRARY_PATH} PYTHONPATH=/home/ram-user/Desktop/rosProject/install/tutorial_interfaces/local/lib/python3.10/dist-packages:${PYTHONPATH} /usr/bin/cmake --install /home/ram-user/Desktop/rosProject/build/visualization_package
