[0.020s] Invoking command in '/home/ram-user/Desktop/rosProject/build/pong_core': AMENT_PREFIX_PATH=/home/ram-user/Desktop/rosProject/install/tutorial_interfaces:${AMENT_PREFIX_PATH} CMAKE_PREFIX_PATH=/home/ram-user/Desktop/rosProject/install/tutorial_interfaces:/opt/ros/humble LD_LIBRARY_PATH=/home/ram-user/Desktop/rosProject/install/tutorial_interfaces/lib:${LD_LIBRARY_PATH} PYTHONPATH=/home/ram-user/Desktop/rosProject/install/tutorial_interfaces/local/lib/python3.10/dist-packages:${PYTHONPATH} /usr/bin/cmake --build /home/ram-user/Desktop/rosProject/build/pong_core -- -j2 -l2
[0.189s] [ 50%] Built target logic
[0.202s] [100%] Built target physics
[0.228s] Invoked command in '/home/ram-user/Desktop/rosProject/build/pong_core' returned '0': AMENT_PREFIX_PATH=/home/ram-user/Desktop/rosProject/install/tutorial_interfaces:${AMENT_PREFIX_PATH} CMAKE_PREFIX_PATH=/home/ram-user/Desktop/rosProject/install/tutorial_interfaces:/opt/ros/humble LD_LIBRARY_PATH=/home/ram-user/Desktop/rosProject/install/tutorial_interfaces/lib:${LD_LIBRARY_PATH} PYTHONPATH=/home/ram-user/Desktop/rosProject/install/tutorial_interfaces/local/lib/python3.10/dist-packages:${PYTHONPATH} /usr/bin/cmake --build /home/ram-user/Desktop/rosProject/build/pong_core -- -j2 -l2
[0.322s] Invoking command in '/home/ram-user/Desktop/rosProject/build/pong_core': AMENT_PREFIX_PATH=/home/ram-user/Desktop/rosProject/install/tutorial_interfaces:${AMENT_PREFIX_PATH} CMAKE_PREFIX_PATH=/home/ram-user/Desktop/rosProject/install/tutorial_interfaces:/opt/ros/humble LD_LIBRARY_PATH=/home/ram-user/Desktop/rosProject/install/tutorial_interfaces/lib:${LD_LIBRARY_PATH} PYTHONPATH=/home/ram-user/Desktop/rosProject/install/tutorial_interfaces/local/lib/python3.10/dist-packages:${PYTHONPATH} /usr/bin/cmake --install /home/ram-user/Desktop/rosProject/build/pong_core
[0.333s] -- Install configuration: ""
[0.334s] -- Up-to-date: /home/ram-user/Desktop/rosProject/install/pong_core/lib/pong_core/logic
[0.334s] -- Up-to-date: /home/ram-user/Desktop/rosProject/install/pong_core/lib/pong_core/physics
[0.335s] -- Up-to-date: /home/ram-user/Desktop/rosProject/install/pong_core/share/ament_index/resource_index/package_run_dependencies/pong_core
[0.336s] -- Up-to-date: /home/ram-user/Desktop/rosProject/install/pong_core/share/ament_index/resource_index/parent_prefix_path/pong_core
[0.336s] -- Up-to-date: /home/ram-user/Desktop/rosProject/install/pong_core/share/pong_core/environment/ament_prefix_path.sh
[0.336s] -- Up-to-date: /home/ram-user/Desktop/rosProject/install/pong_core/share/pong_core/environment/ament_prefix_path.dsv
[0.336s] -- Up-to-date: /home/ram-user/Desktop/rosProject/install/pong_core/share/pong_core/environment/path.sh
[0.337s] -- Up-to-date: /home/ram-user/Desktop/rosProject/install/pong_core/share/pong_core/environment/path.dsv
[0.337s] -- Up-to-date: /home/ram-user/Desktop/rosProject/install/pong_core/share/pong_core/local_setup.bash
[0.337s] -- Up-to-date: /home/ram-user/Desktop/rosProject/install/pong_core/share/pong_core/local_setup.sh
[0.337s] -- Up-to-date: /home/ram-user/Desktop/rosProject/install/pong_core/share/pong_core/local_setup.zsh
[0.338s] -- Up-to-date: /home/ram-user/Desktop/rosProject/install/pong_core/share/pong_core/local_setup.dsv
[0.338s] -- Installing: /home/ram-user/Desktop/rosProject/install/pong_core/share/pong_core/package.dsv
[0.338s] -- Up-to-date: /home/ram-user/Desktop/rosProject/install/pong_core/share/ament_index/resource_index/packages/pong_core
[0.339s] -- Up-to-date: /home/ram-user/Desktop/rosProject/install/pong_core/share/pong_core/cmake/pong_coreConfig.cmake
[0.339s] -- Up-to-date: /home/ram-user/Desktop/rosProject/install/pong_core/share/pong_core/cmake/pong_coreConfig-version.cmake
[0.339s] -- Up-to-date: /home/ram-user/Desktop/rosProject/install/pong_core/share/pong_core/package.xml
[0.346s] Invoked command in '/home/ram-user/Desktop/rosProject/build/pong_core' returned '0': AMENT_PREFIX_PATH=/home/ram-user/Desktop/rosProject/install/tutorial_interfaces:${AMENT_PREFIX_PATH} CMAKE_PREFIX_PATH=/home/ram-user/Desktop/rosProject/install/tutorial_interfaces:/opt/ros/humble LD_LIBRARY_PATH=/home/ram-user/Desktop/rosProject/install/tutorial_interfaces/lib:${LD_LIBRARY_PATH} PYTHONPATH=/home/ram-user/Desktop/rosProject/install/tutorial_interfaces/local/lib/python3.10/dist-packages:${PYTHONPATH} /usr/bin/cmake --install /home/ram-user/Desktop/rosProject/build/pong_core
