[0.067s] Invoking command in '/home/ram-user/Desktop/rosProject/build/visualization_package': CMAKE_PREFIX_PATH=/home/ram-user/Desktop/rosProject/install/tutorial_interfaces:/home/ram-user/Desktop/rosProject/install/visualization_package:/home/ram-user/Desktop/rosProject/install/score:/home/ram-user/Desktop/rosProject/install/pong_core:/home/ram-user/Desktop/rosProject/install/cpp_publisher:/home/ram-user/Desktop/rosProject/install/paddle_physics:/home/ram-user/Desktop/rosProject/install/keyboard_input:/home/ram-user/Desktop/rosProject/install/image_input:/opt/ros/humble /usr/bin/cmake --build /home/ram-user/Desktop/rosProject/build/visualization_package -- -j2 -l2
[0.229s] [35m[1mConsolidate compiler generated dependencies of target visualization_package[0m
[0.247s] [ 25%] [32mBuilding CXX object CMakeFiles/visualization_package.dir/src/my_node.cpp.o[0m
[28.192s] [ 50%] [32mBuilding CXX object CMakeFiles/visualization_package.dir/src/Pong_field.cpp.o[0m
[29.507s] [ 75%] [32m[1mLinking CXX executable visualization_package[0m
[32.000s] [100%] Built target visualization_package
[32.032s] Invoked command in '/home/ram-user/Desktop/rosProject/build/visualization_package' returned '0': CMAKE_PREFIX_PATH=/home/ram-user/Desktop/rosProject/install/tutorial_interfaces:/home/ram-user/Desktop/rosProject/install/visualization_package:/home/ram-user/Desktop/rosProject/install/score:/home/ram-user/Desktop/rosProject/install/pong_core:/home/ram-user/Desktop/rosProject/install/cpp_publisher:/home/ram-user/Desktop/rosProject/install/paddle_physics:/home/ram-user/Desktop/rosProject/install/keyboard_input:/home/ram-user/Desktop/rosProject/install/image_input:/opt/ros/humble /usr/bin/cmake --build /home/ram-user/Desktop/rosProject/build/visualization_package -- -j2 -l2
[32.156s] Invoking command in '/home/ram-user/Desktop/rosProject/build/visualization_package': CMAKE_PREFIX_PATH=/home/ram-user/Desktop/rosProject/install/tutorial_interfaces:/home/ram-user/Desktop/rosProject/install/visualization_package:/home/ram-user/Desktop/rosProject/install/score:/home/ram-user/Desktop/rosProject/install/pong_core:/home/ram-user/Desktop/rosProject/install/cpp_publisher:/home/ram-user/Desktop/rosProject/install/paddle_physics:/home/ram-user/Desktop/rosProject/install/keyboard_input:/home/ram-user/Desktop/rosProject/install/image_input:/opt/ros/humble /usr/bin/cmake --install /home/ram-user/Desktop/rosProject/build/visualization_package
[32.193s] -- Install configuration: ""
[32.194s] -- Installing: /home/ram-user/Desktop/rosProject/install/visualization_package/lib/visualization_package/visualization_package
[32.215s] -- Set runtime path of "/home/ram-user/Desktop/rosProject/install/visualization_package/lib/visualization_package/visualization_package" to ""
[32.218s] -- Up-to-date: /home/ram-user/Desktop/rosProject/install/visualization_package/share/ament_index/resource_index/package_run_dependencies/visualization_package
[32.218s] -- Up-to-date: /home/ram-user/Desktop/rosProject/install/visualization_package/share/ament_index/resource_index/parent_prefix_path/visualization_package
[32.218s] -- Up-to-date: /home/ram-user/Desktop/rosProject/install/visualization_package/share/visualization_package/environment/ament_prefix_path.sh
[32.218s] -- Up-to-date: /home/ram-user/Desktop/rosProject/install/visualization_package/share/visualization_package/environment/ament_prefix_path.dsv
[32.218s] -- Up-to-date: /home/ram-user/Desktop/rosProject/install/visualization_package/share/visualization_package/environment/path.sh
[32.218s] -- Up-to-date: /home/ram-user/Desktop/rosProject/install/visualization_package/share/visualization_package/environment/path.dsv
[32.219s] -- Up-to-date: /home/ram-user/Desktop/rosProject/install/visualization_package/share/visualization_package/local_setup.bash
[32.219s] -- Up-to-date: /home/ram-user/Desktop/rosProject/install/visualization_package/share/visualization_package/local_setup.sh
[32.219s] -- Up-to-date: /home/ram-user/Desktop/rosProject/install/visualization_package/share/visualization_package/local_setup.zsh
[32.219s] -- Up-to-date: /home/ram-user/Desktop/rosProject/install/visualization_package/share/visualization_package/local_setup.dsv
[32.219s] -- Installing: /home/ram-user/Desktop/rosProject/install/visualization_package/share/visualization_package/package.dsv
[32.219s] -- Up-to-date: /home/ram-user/Desktop/rosProject/install/visualization_package/share/ament_index/resource_index/packages/visualization_package
[32.219s] -- Up-to-date: /home/ram-user/Desktop/rosProject/install/visualization_package/share/visualization_package/cmake/visualization_packageConfig.cmake
[32.219s] -- Up-to-date: /home/ram-user/Desktop/rosProject/install/visualization_package/share/visualization_package/cmake/visualization_packageConfig-version.cmake
[32.219s] -- Up-to-date: /home/ram-user/Desktop/rosProject/install/visualization_package/share/visualization_package/package.xml
[32.232s] Invoked command in '/home/ram-user/Desktop/rosProject/build/visualization_package' returned '0': CMAKE_PREFIX_PATH=/home/ram-user/Desktop/rosProject/install/tutorial_interfaces:/home/ram-user/Desktop/rosProject/install/visualization_package:/home/ram-user/Desktop/rosProject/install/score:/home/ram-user/Desktop/rosProject/install/pong_core:/home/ram-user/Desktop/rosProject/install/cpp_publisher:/home/ram-user/Desktop/rosProject/install/paddle_physics:/home/ram-user/Desktop/rosProject/install/keyboard_input:/home/ram-user/Desktop/rosProject/install/image_input:/opt/ros/humble /usr/bin/cmake --install /home/ram-user/Desktop/rosProject/build/visualization_package
