[0.680s] DEBUG:colcon:Command line arguments: ['/usr/bin/colcon', 'build']
[0.680s] DEBUG:colcon:Parsed command line arguments: Namespace(log_base=None, log_level=None, verb_name='build', build_base='build', install_base='install', merge_install=False, symlink_install=False, test_result_base=None, continue_on_error=False, executor='parallel', parallel_workers=2, event_handlers=None, ignore_user_meta=False, metas=['./colcon.meta'], base_paths=['.'], packages_ignore=None, packages_ignore_regex=None, paths=None, packages_up_to=None, packages_up_to_regex=None, packages_above=None, packages_above_and_dependencies=None, packages_above_depth=None, packages_select_by_dep=None, packages_skip_by_dep=None, packages_skip_up_to=None, packages_select_build_failed=False, packages_skip_build_finished=False, packages_select_test_failures=False, packages_skip_test_passed=False, packages_select=None, packages_skip=None, packages_select_regex=None, packages_skip_regex=None, packages_start=None, packages_end=None, allow_overriding=[], cmake_args=None, cmake_target=None, cmake_target_skip_unavailable=False, cmake_clean_cache=False, cmake_clean_first=False, cmake_force_configure=False, ament_cmake_args=None, catkin_cmake_args=None, catkin_skip_building_tests=False, verb_parser=<colcon_defaults.argument_parser.defaults.DefaultArgumentsDecorator object at 0x7f20c3b6ba30>, verb_extension=<colcon_core.verb.build.BuildVerb object at 0x7f20c4603430>, main=<bound method BuildVerb.main of <colcon_core.verb.build.BuildVerb object at 0x7f20c4603430>>)
[0.749s] Level 1:colcon.colcon_core.package_discovery:discover_packages(colcon_meta) check parameters
[0.750s] Level 1:colcon.colcon_core.package_discovery:discover_packages(recursive) check parameters
[0.750s] Level 1:colcon.colcon_core.package_discovery:discover_packages(ignore) check parameters
[0.750s] Level 1:colcon.colcon_core.package_discovery:discover_packages(path) check parameters
[0.750s] Level 1:colcon.colcon_core.package_discovery:discover_packages(colcon_meta) discover
[0.750s] Level 1:colcon.colcon_core.package_discovery:discover_packages(recursive) discover
[0.750s] INFO:colcon.colcon_core.package_discovery:Crawling recursively for packages in '/home/ram-user/Desktop/rosProject'
[0.750s] Level 1:colcon.colcon_core.package_identification:_identify(.) by extensions ['ignore', 'ignore_ament_install']
[0.750s] Level 1:colcon.colcon_core.package_identification:_identify(.) by extension 'ignore'
[0.750s] Level 1:colcon.colcon_core.package_identification:_identify(.) by extension 'ignore_ament_install'
[0.750s] Level 1:colcon.colcon_core.package_identification:_identify(.) by extensions ['colcon_pkg']
[0.751s] Level 1:colcon.colcon_core.package_identification:_identify(.) by extension 'colcon_pkg'
[0.751s] Level 1:colcon.colcon_core.package_identification:_identify(.) by extensions ['colcon_meta']
[0.751s] Level 1:colcon.colcon_core.package_identification:_identify(.) by extension 'colcon_meta'
[0.751s] Level 1:colcon.colcon_core.package_identification:_identify(.) by extensions ['ros']
[0.751s] Level 1:colcon.colcon_core.package_identification:_identify(.) by extension 'ros'
[0.773s] Level 1:colcon.colcon_core.package_identification:_identify(.) by extensions ['cmake', 'python']
[0.773s] Level 1:colcon.colcon_core.package_identification:_identify(.) by extension 'cmake'
[0.774s] Level 1:colcon.colcon_core.package_identification:_identify(.) by extension 'python'
[0.774s] Level 1:colcon.colcon_core.package_identification:_identify(.) by extensions ['python_setup_py']
[0.774s] Level 1:colcon.colcon_core.package_identification:_identify(.) by extension 'python_setup_py'
[0.774s] Level 1:colcon.colcon_core.package_identification:_identify(build) by extensions ['ignore', 'ignore_ament_install']
[0.774s] Level 1:colcon.colcon_core.package_identification:_identify(build) by extension 'ignore'
[0.774s] Level 1:colcon.colcon_core.package_identification:_identify(build) ignored
[0.774s] Level 1:colcon.colcon_core.package_identification:_identify(install) by extensions ['ignore', 'ignore_ament_install']
[0.774s] Level 1:colcon.colcon_core.package_identification:_identify(install) by extension 'ignore'
[0.775s] Level 1:colcon.colcon_core.package_identification:_identify(install) ignored
[0.775s] Level 1:colcon.colcon_core.package_identification:_identify(log) by extensions ['ignore', 'ignore_ament_install']
[0.776s] Level 1:colcon.colcon_core.package_identification:_identify(log) by extension 'ignore'
[0.776s] Level 1:colcon.colcon_core.package_identification:_identify(log) ignored
[0.776s] Level 1:colcon.colcon_core.package_identification:_identify(src) by extensions ['ignore', 'ignore_ament_install']
[0.776s] Level 1:colcon.colcon_core.package_identification:_identify(src) by extension 'ignore'
[0.776s] Level 1:colcon.colcon_core.package_identification:_identify(src) by extension 'ignore_ament_install'
[0.776s] Level 1:colcon.colcon_core.package_identification:_identify(src) by extensions ['colcon_pkg']
[0.776s] Level 1:colcon.colcon_core.package_identification:_identify(src) by extension 'colcon_pkg'
[0.776s] Level 1:colcon.colcon_core.package_identification:_identify(src) by extensions ['colcon_meta']
[0.776s] Level 1:colcon.colcon_core.package_identification:_identify(src) by extension 'colcon_meta'
[0.776s] Level 1:colcon.colcon_core.package_identification:_identify(src) by extensions ['ros']
[0.776s] Level 1:colcon.colcon_core.package_identification:_identify(src) by extension 'ros'
[0.777s] Level 1:colcon.colcon_core.package_identification:_identify(src) by extensions ['cmake', 'python']
[0.777s] Level 1:colcon.colcon_core.package_identification:_identify(src) by extension 'cmake'
[0.777s] Level 1:colcon.colcon_core.package_identification:_identify(src) by extension 'python'
[0.777s] Level 1:colcon.colcon_core.package_identification:_identify(src) by extensions ['python_setup_py']
[0.777s] Level 1:colcon.colcon_core.package_identification:_identify(src) by extension 'python_setup_py'
[0.777s] Level 1:colcon.colcon_core.package_identification:_identify(src/cpp_publisher) by extensions ['ignore', 'ignore_ament_install']
[0.777s] Level 1:colcon.colcon_core.package_identification:_identify(src/cpp_publisher) by extension 'ignore'
[0.777s] Level 1:colcon.colcon_core.package_identification:_identify(src/cpp_publisher) by extension 'ignore_ament_install'
[0.777s] Level 1:colcon.colcon_core.package_identification:_identify(src/cpp_publisher) by extensions ['colcon_pkg']
[0.777s] Level 1:colcon.colcon_core.package_identification:_identify(src/cpp_publisher) by extension 'colcon_pkg'
[0.777s] Level 1:colcon.colcon_core.package_identification:_identify(src/cpp_publisher) by extensions ['colcon_meta']
[0.778s] Level 1:colcon.colcon_core.package_identification:_identify(src/cpp_publisher) by extension 'colcon_meta'
[0.778s] Level 1:colcon.colcon_core.package_identification:_identify(src/cpp_publisher) by extensions ['ros']
[0.778s] Level 1:colcon.colcon_core.package_identification:_identify(src/cpp_publisher) by extension 'ros'
[0.783s] DEBUG:colcon.colcon_core.package_identification:Package 'src/cpp_publisher' with type 'ros.ament_cmake' and name 'cpp_publisher'
[0.783s] Level 1:colcon.colcon_core.package_identification:_identify(src/image_input) by extensions ['ignore', 'ignore_ament_install']
[0.783s] Level 1:colcon.colcon_core.package_identification:_identify(src/image_input) by extension 'ignore'
[0.783s] Level 1:colcon.colcon_core.package_identification:_identify(src/image_input) by extension 'ignore_ament_install'
[0.784s] Level 1:colcon.colcon_core.package_identification:_identify(src/image_input) by extensions ['colcon_pkg']
[0.784s] Level 1:colcon.colcon_core.package_identification:_identify(src/image_input) by extension 'colcon_pkg'
[0.784s] Level 1:colcon.colcon_core.package_identification:_identify(src/image_input) by extensions ['colcon_meta']
[0.784s] Level 1:colcon.colcon_core.package_identification:_identify(src/image_input) by extension 'colcon_meta'
[0.784s] Level 1:colcon.colcon_core.package_identification:_identify(src/image_input) by extensions ['ros']
[0.784s] Level 1:colcon.colcon_core.package_identification:_identify(src/image_input) by extension 'ros'
[0.785s] DEBUG:colcon.colcon_core.package_identification:Package 'src/image_input' with type 'ros.ament_cmake' and name 'image_input'
[0.786s] Level 1:colcon.colcon_core.package_identification:_identify(src/keyboard_input) by extensions ['ignore', 'ignore_ament_install']
[0.786s] Level 1:colcon.colcon_core.package_identification:_identify(src/keyboard_input) by extension 'ignore'
[0.786s] Level 1:colcon.colcon_core.package_identification:_identify(src/keyboard_input) by extension 'ignore_ament_install'
[0.786s] Level 1:colcon.colcon_core.package_identification:_identify(src/keyboard_input) by extensions ['colcon_pkg']
[0.786s] Level 1:colcon.colcon_core.package_identification:_identify(src/keyboard_input) by extension 'colcon_pkg'
[0.786s] Level 1:colcon.colcon_core.package_identification:_identify(src/keyboard_input) by extensions ['colcon_meta']
[0.786s] Level 1:colcon.colcon_core.package_identification:_identify(src/keyboard_input) by extension 'colcon_meta'
[0.786s] Level 1:colcon.colcon_core.package_identification:_identify(src/keyboard_input) by extensions ['ros']
[0.786s] Level 1:colcon.colcon_core.package_identification:_identify(src/keyboard_input) by extension 'ros'
[0.787s] DEBUG:colcon.colcon_core.package_identification:Package 'src/keyboard_input' with type 'ros.ament_cmake' and name 'keyboard_input'
[0.788s] Level 1:colcon.colcon_core.package_identification:_identify(src/paddle_physics) by extensions ['ignore', 'ignore_ament_install']
[0.788s] Level 1:colcon.colcon_core.package_identification:_identify(src/paddle_physics) by extension 'ignore'
[0.788s] Level 1:colcon.colcon_core.package_identification:_identify(src/paddle_physics) by extension 'ignore_ament_install'
[0.788s] Level 1:colcon.colcon_core.package_identification:_identify(src/paddle_physics) by extensions ['colcon_pkg']
[0.788s] Level 1:colcon.colcon_core.package_identification:_identify(src/paddle_physics) by extension 'colcon_pkg'
[0.788s] Level 1:colcon.colcon_core.package_identification:_identify(src/paddle_physics) by extensions ['colcon_meta']
[0.788s] Level 1:colcon.colcon_core.package_identification:_identify(src/paddle_physics) by extension 'colcon_meta'
[0.788s] Level 1:colcon.colcon_core.package_identification:_identify(src/paddle_physics) by extensions ['ros']
[0.788s] Level 1:colcon.colcon_core.package_identification:_identify(src/paddle_physics) by extension 'ros'
[0.789s] DEBUG:colcon.colcon_core.package_identification:Package 'src/paddle_physics' with type 'ros.ament_cmake' and name 'paddle_physics'
[0.789s] Level 1:colcon.colcon_core.package_identification:_identify(src/pong_core) by extensions ['ignore', 'ignore_ament_install']
[0.789s] Level 1:colcon.colcon_core.package_identification:_identify(src/pong_core) by extension 'ignore'
[0.790s] Level 1:colcon.colcon_core.package_identification:_identify(src/pong_core) by extension 'ignore_ament_install'
[0.790s] Level 1:colcon.colcon_core.package_identification:_identify(src/pong_core) by extensions ['colcon_pkg']
[0.790s] Level 1:colcon.colcon_core.package_identification:_identify(src/pong_core) by extension 'colcon_pkg'
[0.790s] Level 1:colcon.colcon_core.package_identification:_identify(src/pong_core) by extensions ['colcon_meta']
[0.790s] Level 1:colcon.colcon_core.package_identification:_identify(src/pong_core) by extension 'colcon_meta'
[0.790s] Level 1:colcon.colcon_core.package_identification:_identify(src/pong_core) by extensions ['ros']
[0.790s] Level 1:colcon.colcon_core.package_identification:_identify(src/pong_core) by extension 'ros'
[0.791s] DEBUG:colcon.colcon_core.package_identification:Package 'src/pong_core' with type 'ros.ament_cmake' and name 'pong_core'
[0.792s] Level 1:colcon.colcon_core.package_identification:_identify(src/score) by extensions ['ignore', 'ignore_ament_install']
[0.792s] Level 1:colcon.colcon_core.package_identification:_identify(src/score) by extension 'ignore'
[0.792s] Level 1:colcon.colcon_core.package_identification:_identify(src/score) by extension 'ignore_ament_install'
[0.792s] Level 1:colcon.colcon_core.package_identification:_identify(src/score) by extensions ['colcon_pkg']
[0.792s] Level 1:colcon.colcon_core.package_identification:_identify(src/score) by extension 'colcon_pkg'
[0.792s] Level 1:colcon.colcon_core.package_identification:_identify(src/score) by extensions ['colcon_meta']
[0.792s] Level 1:colcon.colcon_core.package_identification:_identify(src/score) by extension 'colcon_meta'
[0.792s] Level 1:colcon.colcon_core.package_identification:_identify(src/score) by extensions ['ros']
[0.792s] Level 1:colcon.colcon_core.package_identification:_identify(src/score) by extension 'ros'
[0.793s] DEBUG:colcon.colcon_core.package_identification:Package 'src/score' with type 'ros.ament_cmake' and name 'score'
[0.794s] Level 1:colcon.colcon_core.package_identification:_identify(src/tutorial_interfaces) by extensions ['ignore', 'ignore_ament_install']
[0.794s] Level 1:colcon.colcon_core.package_identification:_identify(src/tutorial_interfaces) by extension 'ignore'
[0.794s] Level 1:colcon.colcon_core.package_identification:_identify(src/tutorial_interfaces) by extension 'ignore_ament_install'
[0.794s] Level 1:colcon.colcon_core.package_identification:_identify(src/tutorial_interfaces) by extensions ['colcon_pkg']
[0.794s] Level 1:colcon.colcon_core.package_identification:_identify(src/tutorial_interfaces) by extension 'colcon_pkg'
[0.794s] Level 1:colcon.colcon_core.package_identification:_identify(src/tutorial_interfaces) by extensions ['colcon_meta']
[0.794s] Level 1:colcon.colcon_core.package_identification:_identify(src/tutorial_interfaces) by extension 'colcon_meta'
[0.794s] Level 1:colcon.colcon_core.package_identification:_identify(src/tutorial_interfaces) by extensions ['ros']
[0.794s] Level 1:colcon.colcon_core.package_identification:_identify(src/tutorial_interfaces) by extension 'ros'
[0.795s] DEBUG:colcon.colcon_core.package_identification:Package 'src/tutorial_interfaces' with type 'ros.ament_cmake' and name 'tutorial_interfaces'
[0.796s] Level 1:colcon.colcon_core.package_identification:_identify(src/visualization_package) by extensions ['ignore', 'ignore_ament_install']
[0.796s] Level 1:colcon.colcon_core.package_identification:_identify(src/visualization_package) by extension 'ignore'
[0.796s] Level 1:colcon.colcon_core.package_identification:_identify(src/visualization_package) by extension 'ignore_ament_install'
[0.796s] Level 1:colcon.colcon_core.package_identification:_identify(src/visualization_package) by extensions ['colcon_pkg']
[0.796s] Level 1:colcon.colcon_core.package_identification:_identify(src/visualization_package) by extension 'colcon_pkg'
[0.797s] Level 1:colcon.colcon_core.package_identification:_identify(src/visualization_package) by extensions ['colcon_meta']
[0.797s] Level 1:colcon.colcon_core.package_identification:_identify(src/visualization_package) by extension 'colcon_meta'
[0.797s] Level 1:colcon.colcon_core.package_identification:_identify(src/visualization_package) by extensions ['ros']
[0.797s] Level 1:colcon.colcon_core.package_identification:_identify(src/visualization_package) by extension 'ros'
[0.798s] DEBUG:colcon.colcon_core.package_identification:Package 'src/visualization_package' with type 'ros.ament_cmake' and name 'visualization_package'
[0.798s] Level 1:colcon.colcon_core.package_discovery:discover_packages(recursive) using defaults
[0.798s] Level 1:colcon.colcon_core.package_discovery:discover_packages(ignore) discover
[0.798s] Level 1:colcon.colcon_core.package_discovery:discover_packages(ignore) using defaults
[0.798s] Level 1:colcon.colcon_core.package_discovery:discover_packages(path) discover
[0.798s] Level 1:colcon.colcon_core.package_discovery:discover_packages(path) using defaults
[0.851s] Level 1:colcon.colcon_core.package_discovery:discover_packages(prefix_path) check parameters
[0.851s] Level 1:colcon.colcon_core.package_discovery:discover_packages(prefix_path) discover
[0.857s] DEBUG:colcon.colcon_installed_package_information.package_discovery:Found 8 installed packages in /home/ram-user/Desktop/rosProject/install
[0.861s] DEBUG:colcon.colcon_installed_package_information.package_discovery:Found 270 installed packages in /opt/ros/humble
[0.863s] Level 1:colcon.colcon_core.package_discovery:discover_packages(prefix_path) using defaults
[0.963s] Level 5:colcon.colcon_core.verb:set package 'image_input' build argument 'cmake_args' from command line to 'None'
[0.964s] Level 5:colcon.colcon_core.verb:set package 'image_input' build argument 'cmake_target' from command line to 'None'
[0.964s] Level 5:colcon.colcon_core.verb:set package 'image_input' build argument 'cmake_target_skip_unavailable' from command line to 'False'
[0.964s] Level 5:colcon.colcon_core.verb:set package 'image_input' build argument 'cmake_clean_cache' from command line to 'False'
[0.964s] Level 5:colcon.colcon_core.verb:set package 'image_input' build argument 'cmake_clean_first' from command line to 'False'
[0.964s] Level 5:colcon.colcon_core.verb:set package 'image_input' build argument 'cmake_force_configure' from command line to 'False'
[0.964s] Level 5:colcon.colcon_core.verb:set package 'image_input' build argument 'ament_cmake_args' from command line to 'None'
[0.964s] Level 5:colcon.colcon_core.verb:set package 'image_input' build argument 'catkin_cmake_args' from command line to 'None'
[0.964s] Level 5:colcon.colcon_core.verb:set package 'image_input' build argument 'catkin_skip_building_tests' from command line to 'False'
[0.964s] DEBUG:colcon.colcon_core.verb:Building package 'image_input' with the following arguments: {'ament_cmake_args': None, 'build_base': '/home/ram-user/Desktop/rosProject/build/image_input', 'catkin_cmake_args': None, 'catkin_skip_building_tests': False, 'cmake_args': None, 'cmake_clean_cache': False, 'cmake_clean_first': False, 'cmake_force_configure': False, 'cmake_target': None, 'cmake_target_skip_unavailable': False, 'install_base': '/home/ram-user/Desktop/rosProject/install/image_input', 'merge_install': False, 'path': '/home/ram-user/Desktop/rosProject/src/image_input', 'symlink_install': False, 'test_result_base': None}
[0.967s] Level 5:colcon.colcon_core.verb:set package 'keyboard_input' build argument 'cmake_args' from command line to 'None'
[0.968s] Level 5:colcon.colcon_core.verb:set package 'keyboard_input' build argument 'cmake_target' from command line to 'None'
[0.968s] Level 5:colcon.colcon_core.verb:set package 'keyboard_input' build argument 'cmake_target_skip_unavailable' from command line to 'False'
[0.968s] Level 5:colcon.colcon_core.verb:set package 'keyboard_input' build argument 'cmake_clean_cache' from command line to 'False'
[0.968s] Level 5:colcon.colcon_core.verb:set package 'keyboard_input' build argument 'cmake_clean_first' from command line to 'False'
[0.968s] Level 5:colcon.colcon_core.verb:set package 'keyboard_input' build argument 'cmake_force_configure' from command line to 'False'
[0.968s] Level 5:colcon.colcon_core.verb:set package 'keyboard_input' build argument 'ament_cmake_args' from command line to 'None'
[0.968s] Level 5:colcon.colcon_core.verb:set package 'keyboard_input' build argument 'catkin_cmake_args' from command line to 'None'
[0.968s] Level 5:colcon.colcon_core.verb:set package 'keyboard_input' build argument 'catkin_skip_building_tests' from command line to 'False'
[0.968s] DEBUG:colcon.colcon_core.verb:Building package 'keyboard_input' with the following arguments: {'ament_cmake_args': None, 'build_base': '/home/ram-user/Desktop/rosProject/build/keyboard_input', 'catkin_cmake_args': None, 'catkin_skip_building_tests': False, 'cmake_args': None, 'cmake_clean_cache': False, 'cmake_clean_first': False, 'cmake_force_configure': False, 'cmake_target': None, 'cmake_target_skip_unavailable': False, 'install_base': '/home/ram-user/Desktop/rosProject/install/keyboard_input', 'merge_install': False, 'path': '/home/ram-user/Desktop/rosProject/src/keyboard_input', 'symlink_install': False, 'test_result_base': None}
[0.970s] Level 5:colcon.colcon_core.verb:set package 'paddle_physics' build argument 'cmake_args' from command line to 'None'
[0.970s] Level 5:colcon.colcon_core.verb:set package 'paddle_physics' build argument 'cmake_target' from command line to 'None'
[0.970s] Level 5:colcon.colcon_core.verb:set package 'paddle_physics' build argument 'cmake_target_skip_unavailable' from command line to 'False'
[0.970s] Level 5:colcon.colcon_core.verb:set package 'paddle_physics' build argument 'cmake_clean_cache' from command line to 'False'
[0.970s] Level 5:colcon.colcon_core.verb:set package 'paddle_physics' build argument 'cmake_clean_first' from command line to 'False'
[0.970s] Level 5:colcon.colcon_core.verb:set package 'paddle_physics' build argument 'cmake_force_configure' from command line to 'False'
[0.970s] Level 5:colcon.colcon_core.verb:set package 'paddle_physics' build argument 'ament_cmake_args' from command line to 'None'
[0.970s] Level 5:colcon.colcon_core.verb:set package 'paddle_physics' build argument 'catkin_cmake_args' from command line to 'None'
[0.970s] Level 5:colcon.colcon_core.verb:set package 'paddle_physics' build argument 'catkin_skip_building_tests' from command line to 'False'
[0.970s] DEBUG:colcon.colcon_core.verb:Building package 'paddle_physics' with the following arguments: {'ament_cmake_args': None, 'build_base': '/home/ram-user/Desktop/rosProject/build/paddle_physics', 'catkin_cmake_args': None, 'catkin_skip_building_tests': False, 'cmake_args': None, 'cmake_clean_cache': False, 'cmake_clean_first': False, 'cmake_force_configure': False, 'cmake_target': None, 'cmake_target_skip_unavailable': False, 'install_base': '/home/ram-user/Desktop/rosProject/install/paddle_physics', 'merge_install': False, 'path': '/home/ram-user/Desktop/rosProject/src/paddle_physics', 'symlink_install': False, 'test_result_base': None}
[0.972s] Level 5:colcon.colcon_core.verb:set package 'tutorial_interfaces' build argument 'cmake_args' from command line to 'None'
[0.972s] Level 5:colcon.colcon_core.verb:set package 'tutorial_interfaces' build argument 'cmake_target' from command line to 'None'
[0.972s] Level 5:colcon.colcon_core.verb:set package 'tutorial_interfaces' build argument 'cmake_target_skip_unavailable' from command line to 'False'
[0.972s] Level 5:colcon.colcon_core.verb:set package 'tutorial_interfaces' build argument 'cmake_clean_cache' from command line to 'False'
[0.972s] Level 5:colcon.colcon_core.verb:set package 'tutorial_interfaces' build argument 'cmake_clean_first' from command line to 'False'
[0.972s] Level 5:colcon.colcon_core.verb:set package 'tutorial_interfaces' build argument 'cmake_force_configure' from command line to 'False'
[0.972s] Level 5:colcon.colcon_core.verb:set package 'tutorial_interfaces' build argument 'ament_cmake_args' from command line to 'None'
[0.972s] Level 5:colcon.colcon_core.verb:set package 'tutorial_interfaces' build argument 'catkin_cmake_args' from command line to 'None'
[0.972s] Level 5:colcon.colcon_core.verb:set package 'tutorial_interfaces' build argument 'catkin_skip_building_tests' from command line to 'False'
[0.972s] DEBUG:colcon.colcon_core.verb:Building package 'tutorial_interfaces' with the following arguments: {'ament_cmake_args': None, 'build_base': '/home/ram-user/Desktop/rosProject/build/tutorial_interfaces', 'catkin_cmake_args': None, 'catkin_skip_building_tests': False, 'cmake_args': None, 'cmake_clean_cache': False, 'cmake_clean_first': False, 'cmake_force_configure': False, 'cmake_target': None, 'cmake_target_skip_unavailable': False, 'install_base': '/home/ram-user/Desktop/rosProject/install/tutorial_interfaces', 'merge_install': False, 'path': '/home/ram-user/Desktop/rosProject/src/tutorial_interfaces', 'symlink_install': False, 'test_result_base': None}
[0.974s] Level 5:colcon.colcon_core.verb:set package 'cpp_publisher' build argument 'cmake_args' from command line to 'None'
[0.974s] Level 5:colcon.colcon_core.verb:set package 'cpp_publisher' build argument 'cmake_target' from command line to 'None'
[0.974s] Level 5:colcon.colcon_core.verb:set package 'cpp_publisher' build argument 'cmake_target_skip_unavailable' from command line to 'False'
[0.974s] Level 5:colcon.colcon_core.verb:set package 'cpp_publisher' build argument 'cmake_clean_cache' from command line to 'False'
[0.974s] Level 5:colcon.colcon_core.verb:set package 'cpp_publisher' build argument 'cmake_clean_first' from command line to 'False'
[0.974s] Level 5:colcon.colcon_core.verb:set package 'cpp_publisher' build argument 'cmake_force_configure' from command line to 'False'
[0.974s] Level 5:colcon.colcon_core.verb:set package 'cpp_publisher' build argument 'ament_cmake_args' from command line to 'None'
[0.974s] Level 5:colcon.colcon_core.verb:set package 'cpp_publisher' build argument 'catkin_cmake_args' from command line to 'None'
[0.974s] Level 5:colcon.colcon_core.verb:set package 'cpp_publisher' build argument 'catkin_skip_building_tests' from command line to 'False'
[0.974s] DEBUG:colcon.colcon_core.verb:Building package 'cpp_publisher' with the following arguments: {'ament_cmake_args': None, 'build_base': '/home/ram-user/Desktop/rosProject/build/cpp_publisher', 'catkin_cmake_args': None, 'catkin_skip_building_tests': False, 'cmake_args': None, 'cmake_clean_cache': False, 'cmake_clean_first': False, 'cmake_force_configure': False, 'cmake_target': None, 'cmake_target_skip_unavailable': False, 'install_base': '/home/ram-user/Desktop/rosProject/install/cpp_publisher', 'merge_install': False, 'path': '/home/ram-user/Desktop/rosProject/src/cpp_publisher', 'symlink_install': False, 'test_result_base': None}
[0.976s] Level 5:colcon.colcon_core.verb:set package 'pong_core' build argument 'cmake_args' from command line to 'None'
[0.976s] Level 5:colcon.colcon_core.verb:set package 'pong_core' build argument 'cmake_target' from command line to 'None'
[0.976s] Level 5:colcon.colcon_core.verb:set package 'pong_core' build argument 'cmake_target_skip_unavailable' from command line to 'False'
[0.976s] Level 5:colcon.colcon_core.verb:set package 'pong_core' build argument 'cmake_clean_cache' from command line to 'False'
[0.976s] Level 5:colcon.colcon_core.verb:set package 'pong_core' build argument 'cmake_clean_first' from command line to 'False'
[0.976s] Level 5:colcon.colcon_core.verb:set package 'pong_core' build argument 'cmake_force_configure' from command line to 'False'
[0.976s] Level 5:colcon.colcon_core.verb:set package 'pong_core' build argument 'ament_cmake_args' from command line to 'None'
[0.976s] Level 5:colcon.colcon_core.verb:set package 'pong_core' build argument 'catkin_cmake_args' from command line to 'None'
[0.977s] Level 5:colcon.colcon_core.verb:set package 'pong_core' build argument 'catkin_skip_building_tests' from command line to 'False'
[0.977s] DEBUG:colcon.colcon_core.verb:Building package 'pong_core' with the following arguments: {'ament_cmake_args': None, 'build_base': '/home/ram-user/Desktop/rosProject/build/pong_core', 'catkin_cmake_args': None, 'catkin_skip_building_tests': False, 'cmake_args': None, 'cmake_clean_cache': False, 'cmake_clean_first': False, 'cmake_force_configure': False, 'cmake_target': None, 'cmake_target_skip_unavailable': False, 'install_base': '/home/ram-user/Desktop/rosProject/install/pong_core', 'merge_install': False, 'path': '/home/ram-user/Desktop/rosProject/src/pong_core', 'symlink_install': False, 'test_result_base': None}
[0.978s] Level 5:colcon.colcon_core.verb:set package 'score' build argument 'cmake_args' from command line to 'None'
[0.978s] Level 5:colcon.colcon_core.verb:set package 'score' build argument 'cmake_target' from command line to 'None'
[0.978s] Level 5:colcon.colcon_core.verb:set package 'score' build argument 'cmake_target_skip_unavailable' from command line to 'False'
[0.978s] Level 5:colcon.colcon_core.verb:set package 'score' build argument 'cmake_clean_cache' from command line to 'False'
[0.979s] Level 5:colcon.colcon_core.verb:set package 'score' build argument 'cmake_clean_first' from command line to 'False'
[0.979s] Level 5:colcon.colcon_core.verb:set package 'score' build argument 'cmake_force_configure' from command line to 'False'
[0.979s] Level 5:colcon.colcon_core.verb:set package 'score' build argument 'ament_cmake_args' from command line to 'None'
[0.979s] Level 5:colcon.colcon_core.verb:set package 'score' build argument 'catkin_cmake_args' from command line to 'None'
[0.979s] Level 5:colcon.colcon_core.verb:set package 'score' build argument 'catkin_skip_building_tests' from command line to 'False'
[0.979s] DEBUG:colcon.colcon_core.verb:Building package 'score' with the following arguments: {'ament_cmake_args': None, 'build_base': '/home/ram-user/Desktop/rosProject/build/score', 'catkin_cmake_args': None, 'catkin_skip_building_tests': False, 'cmake_args': None, 'cmake_clean_cache': False, 'cmake_clean_first': False, 'cmake_force_configure': False, 'cmake_target': None, 'cmake_target_skip_unavailable': False, 'install_base': '/home/ram-user/Desktop/rosProject/install/score', 'merge_install': False, 'path': '/home/ram-user/Desktop/rosProject/src/score', 'symlink_install': False, 'test_result_base': None}
[0.980s] Level 5:colcon.colcon_core.verb:set package 'visualization_package' build argument 'cmake_args' from command line to 'None'
[0.980s] Level 5:colcon.colcon_core.verb:set package 'visualization_package' build argument 'cmake_target' from command line to 'None'
[0.981s] Level 5:colcon.colcon_core.verb:set package 'visualization_package' build argument 'cmake_target_skip_unavailable' from command line to 'False'
[0.981s] Level 5:colcon.colcon_core.verb:set package 'visualization_package' build argument 'cmake_clean_cache' from command line to 'False'
[0.981s] Level 5:colcon.colcon_core.verb:set package 'visualization_package' build argument 'cmake_clean_first' from command line to 'False'
[0.981s] Level 5:colcon.colcon_core.verb:set package 'visualization_package' build argument 'cmake_force_configure' from command line to 'False'
[0.981s] Level 5:colcon.colcon_core.verb:set package 'visualization_package' build argument 'ament_cmake_args' from command line to 'None'
[0.981s] Level 5:colcon.colcon_core.verb:set package 'visualization_package' build argument 'catkin_cmake_args' from command line to 'None'
[0.981s] Level 5:colcon.colcon_core.verb:set package 'visualization_package' build argument 'catkin_skip_building_tests' from command line to 'False'
[0.981s] DEBUG:colcon.colcon_core.verb:Building package 'visualization_package' with the following arguments: {'ament_cmake_args': None, 'build_base': '/home/ram-user/Desktop/rosProject/build/visualization_package', 'catkin_cmake_args': None, 'catkin_skip_building_tests': False, 'cmake_args': None, 'cmake_clean_cache': False, 'cmake_clean_first': False, 'cmake_force_configure': False, 'cmake_target': None, 'cmake_target_skip_unavailable': False, 'install_base': '/home/ram-user/Desktop/rosProject/install/visualization_package', 'merge_install': False, 'path': '/home/ram-user/Desktop/rosProject/src/visualization_package', 'symlink_install': False, 'test_result_base': None}
[0.982s] INFO:colcon.colcon_core.executor:Executing jobs using 'parallel' executor
[0.987s] DEBUG:colcon.colcon_parallel_executor.executor.parallel:run_until_complete
[0.988s] INFO:colcon.colcon_ros.task.ament_cmake.build:Building ROS package in '/home/ram-user/Desktop/rosProject/src/tutorial_interfaces' with build type 'ament_cmake'
[0.989s] INFO:colcon.colcon_cmake.task.cmake.build:Building CMake package in '/home/ram-user/Desktop/rosProject/src/tutorial_interfaces'
[1.010s] INFO:colcon.colcon_core.plugin_system:Skipping extension 'colcon_core.shell.bat': Not used on non-Windows systems
[1.011s] INFO:colcon.colcon_core.shell:Skip shell extension 'powershell' for command environment: Not usable outside of PowerShell
[1.011s] DEBUG:colcon.colcon_core.shell:Skip shell extension 'dsv' for command environment
[1.027s] INFO:colcon.colcon_ros.task.ament_cmake.build:Building ROS package in '/home/ram-user/Desktop/rosProject/src/image_input' with build type 'ament_cmake'
[1.028s] INFO:colcon.colcon_cmake.task.cmake.build:Building CMake package in '/home/ram-user/Desktop/rosProject/src/image_input'
[1.030s] INFO:colcon.colcon_core.shell:Skip shell extension 'powershell' for command environment: Not usable outside of PowerShell
[1.030s] DEBUG:colcon.colcon_core.shell:Skip shell extension 'dsv' for command environment
[1.055s] DEBUG:colcon.colcon_core.event_handler.log_command:Invoking command in '/home/ram-user/Desktop/rosProject/build/tutorial_interfaces': CMAKE_PREFIX_PATH=${CMAKE_PREFIX_PATH}:/opt/ros/humble /usr/bin/cmake --build /home/ram-user/Desktop/rosProject/build/tutorial_interfaces -- -j2 -l2
[1.087s] DEBUG:colcon.colcon_core.event_handler.log_command:Invoking command in '/home/ram-user/Desktop/rosProject/build/image_input': CMAKE_PREFIX_PATH=${CMAKE_PREFIX_PATH}:/opt/ros/humble /usr/bin/cmake --build /home/ram-user/Desktop/rosProject/build/image_input -- -j2 -l2
[1.276s] DEBUG:colcon.colcon_core.event_handler.log_command:Invoked command in '/home/ram-user/Desktop/rosProject/build/image_input' returned '0': CMAKE_PREFIX_PATH=${CMAKE_PREFIX_PATH}:/opt/ros/humble /usr/bin/cmake --build /home/ram-user/Desktop/rosProject/build/image_input -- -j2 -l2
[1.400s] DEBUG:colcon.colcon_core.event_handler.log_command:Invoking command in '/home/ram-user/Desktop/rosProject/build/image_input': CMAKE_PREFIX_PATH=${CMAKE_PREFIX_PATH}:/opt/ros/humble /usr/bin/cmake --install /home/ram-user/Desktop/rosProject/build/image_input
[1.453s] Level 1:colcon.colcon_core.environment:create_environment_scripts_only(image_input)
[1.462s] Level 1:colcon.colcon_core.environment:checking '/home/ram-user/Desktop/rosProject/install/image_input' for CMake module files
[1.454s] DEBUG:colcon.colcon_core.event_handler.log_command:Invoked command in '/home/ram-user/Desktop/rosProject/build/image_input' returned '0': CMAKE_PREFIX_PATH=${CMAKE_PREFIX_PATH}:/opt/ros/humble /usr/bin/cmake --install /home/ram-user/Desktop/rosProject/build/image_input
[1.464s] Level 1:colcon.colcon_core.environment:checking '/home/ram-user/Desktop/rosProject/install/image_input' for CMake config files
[1.465s] Level 1:colcon.colcon_core.shell:create_environment_hook('image_input', 'cmake_prefix_path')
[1.468s] INFO:colcon.colcon_core.shell:Creating environment hook '/home/ram-user/Desktop/rosProject/install/image_input/share/image_input/hook/cmake_prefix_path.ps1'
[1.470s] INFO:colcon.colcon_core.shell:Creating environment descriptor '/home/ram-user/Desktop/rosProject/install/image_input/share/image_input/hook/cmake_prefix_path.dsv'
[1.472s] INFO:colcon.colcon_core.shell:Creating environment hook '/home/ram-user/Desktop/rosProject/install/image_input/share/image_input/hook/cmake_prefix_path.sh'
[1.475s] Level 1:colcon.colcon_core.environment:checking '/home/ram-user/Desktop/rosProject/install/image_input/lib'
[1.475s] Level 1:colcon.colcon_core.environment:checking '/home/ram-user/Desktop/rosProject/install/image_input/bin'
[1.475s] Level 1:colcon.colcon_core.environment:checking '/home/ram-user/Desktop/rosProject/install/image_input/lib/pkgconfig/image_input.pc'
[1.475s] Level 1:colcon.colcon_core.environment:checking '/home/ram-user/Desktop/rosProject/install/image_input/lib/python3.10/site-packages'
[1.477s] Level 1:colcon.colcon_core.environment:checking '/home/ram-user/Desktop/rosProject/install/image_input/bin'
[1.479s] INFO:colcon.colcon_core.shell:Creating package script '/home/ram-user/Desktop/rosProject/install/image_input/share/image_input/package.ps1'
[1.481s] INFO:colcon.colcon_core.shell:Creating package descriptor '/home/ram-user/Desktop/rosProject/install/image_input/share/image_input/package.dsv'
[1.483s] INFO:colcon.colcon_core.shell:Creating package script '/home/ram-user/Desktop/rosProject/install/image_input/share/image_input/package.sh'
[1.485s] INFO:colcon.colcon_core.shell:Creating package script '/home/ram-user/Desktop/rosProject/install/image_input/share/image_input/package.bash'
[1.488s] INFO:colcon.colcon_core.shell:Creating package script '/home/ram-user/Desktop/rosProject/install/image_input/share/image_input/package.zsh'
[1.492s] Level 1:colcon.colcon_core.environment:create_file_with_runtime_dependencies(/home/ram-user/Desktop/rosProject/install/image_input/share/colcon-core/packages/image_input)
[1.566s] Level 1:colcon.colcon_core.environment:create_environment_scripts_only(image_input)
[1.569s] Level 1:colcon.colcon_core.environment:checking '/home/ram-user/Desktop/rosProject/install/image_input' for CMake module files
[1.570s] Level 1:colcon.colcon_core.environment:checking '/home/ram-user/Desktop/rosProject/install/image_input' for CMake config files
[1.571s] Level 1:colcon.colcon_core.shell:create_environment_hook('image_input', 'cmake_prefix_path')
[1.573s] INFO:colcon.colcon_core.shell:Creating environment hook '/home/ram-user/Desktop/rosProject/install/image_input/share/image_input/hook/cmake_prefix_path.ps1'
[1.574s] INFO:colcon.colcon_core.shell:Creating environment descriptor '/home/ram-user/Desktop/rosProject/install/image_input/share/image_input/hook/cmake_prefix_path.dsv'
[1.577s] INFO:colcon.colcon_core.shell:Creating environment hook '/home/ram-user/Desktop/rosProject/install/image_input/share/image_input/hook/cmake_prefix_path.sh'
[1.578s] Level 1:colcon.colcon_core.environment:checking '/home/ram-user/Desktop/rosProject/install/image_input/lib'
[1.579s] Level 1:colcon.colcon_core.environment:checking '/home/ram-user/Desktop/rosProject/install/image_input/bin'
[1.579s] Level 1:colcon.colcon_core.environment:checking '/home/ram-user/Desktop/rosProject/install/image_input/lib/pkgconfig/image_input.pc'
[1.579s] Level 1:colcon.colcon_core.environment:checking '/home/ram-user/Desktop/rosProject/install/image_input/lib/python3.10/site-packages'
[1.580s] Level 1:colcon.colcon_core.environment:checking '/home/ram-user/Desktop/rosProject/install/image_input/bin'
[1.581s] INFO:colcon.colcon_core.shell:Creating package script '/home/ram-user/Desktop/rosProject/install/image_input/share/image_input/package.ps1'
[1.583s] INFO:colcon.colcon_core.shell:Creating package descriptor '/home/ram-user/Desktop/rosProject/install/image_input/share/image_input/package.dsv'
[1.585s] INFO:colcon.colcon_core.shell:Creating package script '/home/ram-user/Desktop/rosProject/install/image_input/share/image_input/package.sh'
[1.586s] INFO:colcon.colcon_core.shell:Creating package script '/home/ram-user/Desktop/rosProject/install/image_input/share/image_input/package.bash'
[1.588s] INFO:colcon.colcon_core.shell:Creating package script '/home/ram-user/Desktop/rosProject/install/image_input/share/image_input/package.zsh'
[1.590s] Level 1:colcon.colcon_core.environment:create_file_with_runtime_dependencies(/home/ram-user/Desktop/rosProject/install/image_input/share/colcon-core/packages/image_input)
[1.594s] INFO:colcon.colcon_ros.task.ament_cmake.build:Building ROS package in '/home/ram-user/Desktop/rosProject/src/keyboard_input' with build type 'ament_cmake'
[1.594s] INFO:colcon.colcon_cmake.task.cmake.build:Building CMake package in '/home/ram-user/Desktop/rosProject/src/keyboard_input'
[1.596s] INFO:colcon.colcon_core.shell:Skip shell extension 'powershell' for command environment: Not usable outside of PowerShell
[1.597s] DEBUG:colcon.colcon_core.shell:Skip shell extension 'dsv' for command environment
[1.635s] DEBUG:colcon.colcon_core.event_handler.log_command:Invoking command in '/home/ram-user/Desktop/rosProject/build/keyboard_input': CMAKE_PREFIX_PATH=${CMAKE_PREFIX_PATH}:/opt/ros/humble /usr/bin/cmake --build /home/ram-user/Desktop/rosProject/build/keyboard_input -- -j2 -l2
[1.762s] DEBUG:colcon.colcon_core.event_handler.log_command:Invoked command in '/home/ram-user/Desktop/rosProject/build/keyboard_input' returned '0': CMAKE_PREFIX_PATH=${CMAKE_PREFIX_PATH}:/opt/ros/humble /usr/bin/cmake --build /home/ram-user/Desktop/rosProject/build/keyboard_input -- -j2 -l2
[1.822s] DEBUG:colcon.colcon_core.event_handler.log_command:Invoking command in '/home/ram-user/Desktop/rosProject/build/keyboard_input': CMAKE_PREFIX_PATH=${CMAKE_PREFIX_PATH}:/opt/ros/humble /usr/bin/cmake --install /home/ram-user/Desktop/rosProject/build/keyboard_input
[1.846s] Level 1:colcon.colcon_core.environment:create_environment_scripts_only(keyboard_input)
[1.849s] Level 1:colcon.colcon_core.environment:checking '/home/ram-user/Desktop/rosProject/install/keyboard_input' for CMake module files
[1.850s] Level 1:colcon.colcon_core.environment:checking '/home/ram-user/Desktop/rosProject/install/keyboard_input' for CMake config files
[1.853s] Level 1:colcon.colcon_core.shell:create_environment_hook('keyboard_input', 'cmake_prefix_path')
[1.856s] INFO:colcon.colcon_core.shell:Creating environment hook '/home/ram-user/Desktop/rosProject/install/keyboard_input/share/keyboard_input/hook/cmake_prefix_path.ps1'
[1.856s] DEBUG:colcon.colcon_core.event_handler.log_command:Invoked command in '/home/ram-user/Desktop/rosProject/build/keyboard_input' returned '0': CMAKE_PREFIX_PATH=${CMAKE_PREFIX_PATH}:/opt/ros/humble /usr/bin/cmake --install /home/ram-user/Desktop/rosProject/build/keyboard_input
[1.858s] INFO:colcon.colcon_core.shell:Creating environment descriptor '/home/ram-user/Desktop/rosProject/install/keyboard_input/share/keyboard_input/hook/cmake_prefix_path.dsv'
[1.860s] INFO:colcon.colcon_core.shell:Creating environment hook '/home/ram-user/Desktop/rosProject/install/keyboard_input/share/keyboard_input/hook/cmake_prefix_path.sh'
[1.863s] Level 1:colcon.colcon_core.environment:checking '/home/ram-user/Desktop/rosProject/install/keyboard_input/lib'
[1.863s] Level 1:colcon.colcon_core.environment:checking '/home/ram-user/Desktop/rosProject/install/keyboard_input/bin'
[1.863s] Level 1:colcon.colcon_core.environment:checking '/home/ram-user/Desktop/rosProject/install/keyboard_input/lib/pkgconfig/keyboard_input.pc'
[1.863s] Level 1:colcon.colcon_core.environment:checking '/home/ram-user/Desktop/rosProject/install/keyboard_input/lib/python3.10/site-packages'
[1.864s] Level 1:colcon.colcon_core.environment:checking '/home/ram-user/Desktop/rosProject/install/keyboard_input/bin'
[1.866s] INFO:colcon.colcon_core.shell:Creating package script '/home/ram-user/Desktop/rosProject/install/keyboard_input/share/keyboard_input/package.ps1'
[1.868s] INFO:colcon.colcon_core.shell:Creating package descriptor '/home/ram-user/Desktop/rosProject/install/keyboard_input/share/keyboard_input/package.dsv'
[1.869s] INFO:colcon.colcon_core.shell:Creating package script '/home/ram-user/Desktop/rosProject/install/keyboard_input/share/keyboard_input/package.sh'
[1.870s] INFO:colcon.colcon_core.shell:Creating package script '/home/ram-user/Desktop/rosProject/install/keyboard_input/share/keyboard_input/package.bash'
[1.872s] INFO:colcon.colcon_core.shell:Creating package script '/home/ram-user/Desktop/rosProject/install/keyboard_input/share/keyboard_input/package.zsh'
[1.873s] Level 1:colcon.colcon_core.environment:create_file_with_runtime_dependencies(/home/ram-user/Desktop/rosProject/install/keyboard_input/share/colcon-core/packages/keyboard_input)
[1.951s] Level 1:colcon.colcon_core.environment:create_environment_scripts_only(keyboard_input)
[1.955s] Level 1:colcon.colcon_core.environment:checking '/home/ram-user/Desktop/rosProject/install/keyboard_input' for CMake module files
[1.956s] Level 1:colcon.colcon_core.environment:checking '/home/ram-user/Desktop/rosProject/install/keyboard_input' for CMake config files
[1.957s] Level 1:colcon.colcon_core.shell:create_environment_hook('keyboard_input', 'cmake_prefix_path')
[1.959s] INFO:colcon.colcon_core.shell:Creating environment hook '/home/ram-user/Desktop/rosProject/install/keyboard_input/share/keyboard_input/hook/cmake_prefix_path.ps1'
[1.961s] INFO:colcon.colcon_core.shell:Creating environment descriptor '/home/ram-user/Desktop/rosProject/install/keyboard_input/share/keyboard_input/hook/cmake_prefix_path.dsv'
[1.963s] INFO:colcon.colcon_core.shell:Creating environment hook '/home/ram-user/Desktop/rosProject/install/keyboard_input/share/keyboard_input/hook/cmake_prefix_path.sh'
[1.966s] Level 1:colcon.colcon_core.environment:checking '/home/ram-user/Desktop/rosProject/install/keyboard_input/lib'
[1.967s] Level 1:colcon.colcon_core.environment:checking '/home/ram-user/Desktop/rosProject/install/keyboard_input/bin'
[1.967s] Level 1:colcon.colcon_core.environment:checking '/home/ram-user/Desktop/rosProject/install/keyboard_input/lib/pkgconfig/keyboard_input.pc'
[1.967s] Level 1:colcon.colcon_core.environment:checking '/home/ram-user/Desktop/rosProject/install/keyboard_input/lib/python3.10/site-packages'
[1.968s] Level 1:colcon.colcon_core.environment:checking '/home/ram-user/Desktop/rosProject/install/keyboard_input/bin'
[1.970s] INFO:colcon.colcon_core.shell:Creating package script '/home/ram-user/Desktop/rosProject/install/keyboard_input/share/keyboard_input/package.ps1'
[1.972s] INFO:colcon.colcon_core.shell:Creating package descriptor '/home/ram-user/Desktop/rosProject/install/keyboard_input/share/keyboard_input/package.dsv'
[1.974s] INFO:colcon.colcon_core.shell:Creating package script '/home/ram-user/Desktop/rosProject/install/keyboard_input/share/keyboard_input/package.sh'
[1.976s] INFO:colcon.colcon_core.shell:Creating package script '/home/ram-user/Desktop/rosProject/install/keyboard_input/share/keyboard_input/package.bash'
[1.978s] INFO:colcon.colcon_core.shell:Creating package script '/home/ram-user/Desktop/rosProject/install/keyboard_input/share/keyboard_input/package.zsh'
[1.980s] Level 1:colcon.colcon_core.environment:create_file_with_runtime_dependencies(/home/ram-user/Desktop/rosProject/install/keyboard_input/share/colcon-core/packages/keyboard_input)
[1.983s] INFO:colcon.colcon_ros.task.ament_cmake.build:Building ROS package in '/home/ram-user/Desktop/rosProject/src/paddle_physics' with build type 'ament_cmake'
[1.984s] INFO:colcon.colcon_cmake.task.cmake.build:Building CMake package in '/home/ram-user/Desktop/rosProject/src/paddle_physics'
[1.986s] INFO:colcon.colcon_core.shell:Skip shell extension 'powershell' for command environment: Not usable outside of PowerShell
[1.986s] DEBUG:colcon.colcon_core.shell:Skip shell extension 'dsv' for command environment
[2.037s] DEBUG:colcon.colcon_core.event_handler.log_command:Invoking command in '/home/ram-user/Desktop/rosProject/build/paddle_physics': CMAKE_PREFIX_PATH=${CMAKE_PREFIX_PATH}:/opt/ros/humble /usr/bin/cmake --build /home/ram-user/Desktop/rosProject/build/paddle_physics -- -j2 -l2
[2.181s] DEBUG:colcon.colcon_core.event_handler.log_command:Invoked command in '/home/ram-user/Desktop/rosProject/build/paddle_physics' returned '0': CMAKE_PREFIX_PATH=${CMAKE_PREFIX_PATH}:/opt/ros/humble /usr/bin/cmake --build /home/ram-user/Desktop/rosProject/build/paddle_physics -- -j2 -l2
[2.245s] DEBUG:colcon.colcon_core.event_handler.log_command:Invoking command in '/home/ram-user/Desktop/rosProject/build/paddle_physics': CMAKE_PREFIX_PATH=${CMAKE_PREFIX_PATH}:/opt/ros/humble /usr/bin/cmake --install /home/ram-user/Desktop/rosProject/build/paddle_physics
[2.267s] Level 1:colcon.colcon_core.environment:create_environment_scripts_only(paddle_physics)
[2.270s] Level 1:colcon.colcon_core.environment:checking '/home/ram-user/Desktop/rosProject/install/paddle_physics' for CMake module files
[2.272s] DEBUG:colcon.colcon_core.event_handler.log_command:Invoked command in '/home/ram-user/Desktop/rosProject/build/paddle_physics' returned '0': CMAKE_PREFIX_PATH=${CMAKE_PREFIX_PATH}:/opt/ros/humble /usr/bin/cmake --install /home/ram-user/Desktop/rosProject/build/paddle_physics
[2.273s] Level 1:colcon.colcon_core.environment:checking '/home/ram-user/Desktop/rosProject/install/paddle_physics' for CMake config files
[2.273s] Level 1:colcon.colcon_core.shell:create_environment_hook('paddle_physics', 'cmake_prefix_path')
[2.282s] INFO:colcon.colcon_core.shell:Creating environment hook '/home/ram-user/Desktop/rosProject/install/paddle_physics/share/paddle_physics/hook/cmake_prefix_path.ps1'
[2.291s] INFO:colcon.colcon_core.shell:Creating environment descriptor '/home/ram-user/Desktop/rosProject/install/paddle_physics/share/paddle_physics/hook/cmake_prefix_path.dsv'
[2.294s] INFO:colcon.colcon_core.shell:Creating environment hook '/home/ram-user/Desktop/rosProject/install/paddle_physics/share/paddle_physics/hook/cmake_prefix_path.sh'
[2.297s] Level 1:colcon.colcon_core.environment:checking '/home/ram-user/Desktop/rosProject/install/paddle_physics/lib'
[2.298s] Level 1:colcon.colcon_core.environment:checking '/home/ram-user/Desktop/rosProject/install/paddle_physics/bin'
[2.298s] Level 1:colcon.colcon_core.environment:checking '/home/ram-user/Desktop/rosProject/install/paddle_physics/lib/pkgconfig/paddle_physics.pc'
[2.298s] Level 1:colcon.colcon_core.environment:checking '/home/ram-user/Desktop/rosProject/install/paddle_physics/lib/python3.10/site-packages'
[2.299s] Level 1:colcon.colcon_core.environment:checking '/home/ram-user/Desktop/rosProject/install/paddle_physics/bin'
[2.301s] INFO:colcon.colcon_core.shell:Creating package script '/home/ram-user/Desktop/rosProject/install/paddle_physics/share/paddle_physics/package.ps1'
[2.303s] INFO:colcon.colcon_core.shell:Creating package descriptor '/home/ram-user/Desktop/rosProject/install/paddle_physics/share/paddle_physics/package.dsv'
[2.305s] INFO:colcon.colcon_core.shell:Creating package script '/home/ram-user/Desktop/rosProject/install/paddle_physics/share/paddle_physics/package.sh'
[2.307s] INFO:colcon.colcon_core.shell:Creating package script '/home/ram-user/Desktop/rosProject/install/paddle_physics/share/paddle_physics/package.bash'
[2.309s] INFO:colcon.colcon_core.shell:Creating package script '/home/ram-user/Desktop/rosProject/install/paddle_physics/share/paddle_physics/package.zsh'
[2.312s] Level 1:colcon.colcon_core.environment:create_file_with_runtime_dependencies(/home/ram-user/Desktop/rosProject/install/paddle_physics/share/colcon-core/packages/paddle_physics)
[2.385s] Level 1:colcon.colcon_core.environment:create_environment_scripts_only(paddle_physics)
[2.389s] Level 1:colcon.colcon_core.environment:checking '/home/ram-user/Desktop/rosProject/install/paddle_physics' for CMake module files
[2.391s] Level 1:colcon.colcon_core.environment:checking '/home/ram-user/Desktop/rosProject/install/paddle_physics' for CMake config files
[2.392s] Level 1:colcon.colcon_core.shell:create_environment_hook('paddle_physics', 'cmake_prefix_path')
[2.394s] INFO:colcon.colcon_core.shell:Creating environment hook '/home/ram-user/Desktop/rosProject/install/paddle_physics/share/paddle_physics/hook/cmake_prefix_path.ps1'
[2.396s] INFO:colcon.colcon_core.shell:Creating environment descriptor '/home/ram-user/Desktop/rosProject/install/paddle_physics/share/paddle_physics/hook/cmake_prefix_path.dsv'
[2.398s] INFO:colcon.colcon_core.shell:Creating environment hook '/home/ram-user/Desktop/rosProject/install/paddle_physics/share/paddle_physics/hook/cmake_prefix_path.sh'
[2.400s] Level 1:colcon.colcon_core.environment:checking '/home/ram-user/Desktop/rosProject/install/paddle_physics/lib'
[2.400s] Level 1:colcon.colcon_core.environment:checking '/home/ram-user/Desktop/rosProject/install/paddle_physics/bin'
[2.400s] Level 1:colcon.colcon_core.environment:checking '/home/ram-user/Desktop/rosProject/install/paddle_physics/lib/pkgconfig/paddle_physics.pc'
[2.401s] Level 1:colcon.colcon_core.environment:checking '/home/ram-user/Desktop/rosProject/install/paddle_physics/lib/python3.10/site-packages'
[2.401s] Level 1:colcon.colcon_core.environment:checking '/home/ram-user/Desktop/rosProject/install/paddle_physics/bin'
[2.403s] INFO:colcon.colcon_core.shell:Creating package script '/home/ram-user/Desktop/rosProject/install/paddle_physics/share/paddle_physics/package.ps1'
[2.405s] INFO:colcon.colcon_core.shell:Creating package descriptor '/home/ram-user/Desktop/rosProject/install/paddle_physics/share/paddle_physics/package.dsv'
[2.406s] INFO:colcon.colcon_core.shell:Creating package script '/home/ram-user/Desktop/rosProject/install/paddle_physics/share/paddle_physics/package.sh'
[2.408s] INFO:colcon.colcon_core.shell:Creating package script '/home/ram-user/Desktop/rosProject/install/paddle_physics/share/paddle_physics/package.bash'
[2.409s] INFO:colcon.colcon_core.shell:Creating package script '/home/ram-user/Desktop/rosProject/install/paddle_physics/share/paddle_physics/package.zsh'
[2.410s] Level 1:colcon.colcon_core.environment:create_file_with_runtime_dependencies(/home/ram-user/Desktop/rosProject/install/paddle_physics/share/colcon-core/packages/paddle_physics)
[2.631s] DEBUG:colcon.colcon_core.event_handler.log_command:Invoked command in '/home/ram-user/Desktop/rosProject/build/tutorial_interfaces' returned '0': CMAKE_PREFIX_PATH=${CMAKE_PREFIX_PATH}:/opt/ros/humble /usr/bin/cmake --build /home/ram-user/Desktop/rosProject/build/tutorial_interfaces -- -j2 -l2
[2.948s] DEBUG:colcon.colcon_core.event_handler.log_command:Invoking command in '/home/ram-user/Desktop/rosProject/build/tutorial_interfaces': CMAKE_PREFIX_PATH=${CMAKE_PREFIX_PATH}:/opt/ros/humble /usr/bin/cmake --install /home/ram-user/Desktop/rosProject/build/tutorial_interfaces
[3.071s] Level 1:colcon.colcon_core.environment:create_environment_scripts_only(tutorial_interfaces)
[3.073s] Level 1:colcon.colcon_core.environment:checking '/home/ram-user/Desktop/rosProject/install/tutorial_interfaces' for CMake module files
[3.074s] Level 1:colcon.colcon_core.environment:checking '/home/ram-user/Desktop/rosProject/install/tutorial_interfaces' for CMake config files
[3.074s] Level 1:colcon.colcon_core.shell:create_environment_hook('tutorial_interfaces', 'cmake_prefix_path')
[3.076s] INFO:colcon.colcon_core.shell:Creating environment hook '/home/ram-user/Desktop/rosProject/install/tutorial_interfaces/share/tutorial_interfaces/hook/cmake_prefix_path.ps1'
[3.078s] DEBUG:colcon.colcon_core.event_handler.log_command:Invoked command in '/home/ram-user/Desktop/rosProject/build/tutorial_interfaces' returned '0': CMAKE_PREFIX_PATH=${CMAKE_PREFIX_PATH}:/opt/ros/humble /usr/bin/cmake --install /home/ram-user/Desktop/rosProject/build/tutorial_interfaces
[3.079s] INFO:colcon.colcon_core.shell:Creating environment descriptor '/home/ram-user/Desktop/rosProject/install/tutorial_interfaces/share/tutorial_interfaces/hook/cmake_prefix_path.dsv'
[3.080s] INFO:colcon.colcon_core.shell:Creating environment hook '/home/ram-user/Desktop/rosProject/install/tutorial_interfaces/share/tutorial_interfaces/hook/cmake_prefix_path.sh'
[3.081s] Level 1:colcon.colcon_core.environment:checking '/home/ram-user/Desktop/rosProject/install/tutorial_interfaces/lib'
[3.082s] Level 1:colcon.colcon_core.shell:create_environment_hook('tutorial_interfaces', 'ld_library_path_lib')
[3.083s] INFO:colcon.colcon_core.shell:Creating environment hook '/home/ram-user/Desktop/rosProject/install/tutorial_interfaces/share/tutorial_interfaces/hook/ld_library_path_lib.ps1'
[3.085s] INFO:colcon.colcon_core.shell:Creating environment descriptor '/home/ram-user/Desktop/rosProject/install/tutorial_interfaces/share/tutorial_interfaces/hook/ld_library_path_lib.dsv'
[3.086s] INFO:colcon.colcon_core.shell:Creating environment hook '/home/ram-user/Desktop/rosProject/install/tutorial_interfaces/share/tutorial_interfaces/hook/ld_library_path_lib.sh'
[3.088s] Level 1:colcon.colcon_core.environment:checking '/home/ram-user/Desktop/rosProject/install/tutorial_interfaces/bin'
[3.088s] Level 1:colcon.colcon_core.environment:checking '/home/ram-user/Desktop/rosProject/install/tutorial_interfaces/lib/pkgconfig/tutorial_interfaces.pc'
[3.089s] Level 1:colcon.colcon_core.environment:checking '/home/ram-user/Desktop/rosProject/install/tutorial_interfaces/lib/python3.10/site-packages'
[3.089s] Level 1:colcon.colcon_core.environment:checking '/home/ram-user/Desktop/rosProject/install/tutorial_interfaces/bin'
[3.091s] INFO:colcon.colcon_core.shell:Creating package script '/home/ram-user/Desktop/rosProject/install/tutorial_interfaces/share/tutorial_interfaces/package.ps1'
[3.099s] INFO:colcon.colcon_core.shell:Creating package descriptor '/home/ram-user/Desktop/rosProject/install/tutorial_interfaces/share/tutorial_interfaces/package.dsv'
[3.100s] INFO:colcon.colcon_core.shell:Creating package script '/home/ram-user/Desktop/rosProject/install/tutorial_interfaces/share/tutorial_interfaces/package.sh'
[3.101s] INFO:colcon.colcon_core.shell:Creating package script '/home/ram-user/Desktop/rosProject/install/tutorial_interfaces/share/tutorial_interfaces/package.bash'
[3.102s] INFO:colcon.colcon_core.shell:Creating package script '/home/ram-user/Desktop/rosProject/install/tutorial_interfaces/share/tutorial_interfaces/package.zsh'
[3.103s] Level 1:colcon.colcon_core.environment:create_file_with_runtime_dependencies(/home/ram-user/Desktop/rosProject/install/tutorial_interfaces/share/colcon-core/packages/tutorial_interfaces)
[3.413s] Level 1:colcon.colcon_core.environment:create_environment_scripts_only(tutorial_interfaces)
[3.416s] Level 1:colcon.colcon_core.environment:checking '/home/ram-user/Desktop/rosProject/install/tutorial_interfaces' for CMake module files
[3.416s] Level 1:colcon.colcon_core.environment:checking '/home/ram-user/Desktop/rosProject/install/tutorial_interfaces' for CMake config files
[3.417s] Level 1:colcon.colcon_core.shell:create_environment_hook('tutorial_interfaces', 'cmake_prefix_path')
[3.418s] INFO:colcon.colcon_core.shell:Creating environment hook '/home/ram-user/Desktop/rosProject/install/tutorial_interfaces/share/tutorial_interfaces/hook/cmake_prefix_path.ps1'
[3.419s] INFO:colcon.colcon_core.shell:Creating environment descriptor '/home/ram-user/Desktop/rosProject/install/tutorial_interfaces/share/tutorial_interfaces/hook/cmake_prefix_path.dsv'
[3.420s] INFO:colcon.colcon_core.shell:Creating environment hook '/home/ram-user/Desktop/rosProject/install/tutorial_interfaces/share/tutorial_interfaces/hook/cmake_prefix_path.sh'
[3.422s] Level 1:colcon.colcon_core.environment:checking '/home/ram-user/Desktop/rosProject/install/tutorial_interfaces/lib'
[3.422s] Level 1:colcon.colcon_core.shell:create_environment_hook('tutorial_interfaces', 'ld_library_path_lib')
[3.425s] INFO:colcon.colcon_core.shell:Creating environment hook '/home/ram-user/Desktop/rosProject/install/tutorial_interfaces/share/tutorial_interfaces/hook/ld_library_path_lib.ps1'
[3.426s] INFO:colcon.colcon_core.shell:Creating environment descriptor '/home/ram-user/Desktop/rosProject/install/tutorial_interfaces/share/tutorial_interfaces/hook/ld_library_path_lib.dsv'
[3.427s] INFO:colcon.colcon_core.shell:Creating environment hook '/home/ram-user/Desktop/rosProject/install/tutorial_interfaces/share/tutorial_interfaces/hook/ld_library_path_lib.sh'
[3.428s] Level 1:colcon.colcon_core.environment:checking '/home/ram-user/Desktop/rosProject/install/tutorial_interfaces/bin'
[3.428s] Level 1:colcon.colcon_core.environment:checking '/home/ram-user/Desktop/rosProject/install/tutorial_interfaces/lib/pkgconfig/tutorial_interfaces.pc'
[3.428s] Level 1:colcon.colcon_core.environment:checking '/home/ram-user/Desktop/rosProject/install/tutorial_interfaces/lib/python3.10/site-packages'
[3.428s] Level 1:colcon.colcon_core.environment:checking '/home/ram-user/Desktop/rosProject/install/tutorial_interfaces/bin'
[3.431s] INFO:colcon.colcon_core.shell:Creating package script '/home/ram-user/Desktop/rosProject/install/tutorial_interfaces/share/tutorial_interfaces/package.ps1'
[3.432s] INFO:colcon.colcon_core.shell:Creating package descriptor '/home/ram-user/Desktop/rosProject/install/tutorial_interfaces/share/tutorial_interfaces/package.dsv'
[3.433s] INFO:colcon.colcon_core.shell:Creating package script '/home/ram-user/Desktop/rosProject/install/tutorial_interfaces/share/tutorial_interfaces/package.sh'
[3.434s] INFO:colcon.colcon_core.shell:Creating package script '/home/ram-user/Desktop/rosProject/install/tutorial_interfaces/share/tutorial_interfaces/package.bash'
[3.434s] INFO:colcon.colcon_core.shell:Creating package script '/home/ram-user/Desktop/rosProject/install/tutorial_interfaces/share/tutorial_interfaces/package.zsh'
[3.435s] Level 1:colcon.colcon_core.environment:create_file_with_runtime_dependencies(/home/ram-user/Desktop/rosProject/install/tutorial_interfaces/share/colcon-core/packages/tutorial_interfaces)
[3.437s] INFO:colcon.colcon_ros.task.ament_cmake.build:Building ROS package in '/home/ram-user/Desktop/rosProject/src/cpp_publisher' with build type 'ament_cmake'
[3.437s] INFO:colcon.colcon_cmake.task.cmake.build:Building CMake package in '/home/ram-user/Desktop/rosProject/src/cpp_publisher'
[3.439s] INFO:colcon.colcon_core.shell:Skip shell extension 'powershell' for command environment: Not usable outside of PowerShell
[3.439s] DEBUG:colcon.colcon_core.shell:Skip shell extension 'dsv' for command environment
[3.450s] INFO:colcon.colcon_ros.task.ament_cmake.build:Building ROS package in '/home/ram-user/Desktop/rosProject/src/pong_core' with build type 'ament_cmake'
[3.451s] INFO:colcon.colcon_cmake.task.cmake.build:Building CMake package in '/home/ram-user/Desktop/rosProject/src/pong_core'
[3.453s] INFO:colcon.colcon_core.shell:Skip shell extension 'powershell' for command environment: Not usable outside of PowerShell
[3.454s] DEBUG:colcon.colcon_core.shell:Skip shell extension 'dsv' for command environment
[3.493s] DEBUG:colcon.colcon_core.event_handler.log_command:Invoking command in '/home/ram-user/Desktop/rosProject/build/cpp_publisher': CMAKE_PREFIX_PATH=/home/ram-user/Desktop/rosProject/install/tutorial_interfaces:/home/ram-user/Desktop/rosProject/install/visualization_package:/home/ram-user/Desktop/rosProject/install/score:/home/ram-user/Desktop/rosProject/install/pong_core:/home/ram-user/Desktop/rosProject/install/cpp_publisher:/home/ram-user/Desktop/rosProject/install/paddle_physics:/home/ram-user/Desktop/rosProject/install/keyboard_input:/home/ram-user/Desktop/rosProject/install/image_input:/opt/ros/humble /usr/bin/cmake --build /home/ram-user/Desktop/rosProject/build/cpp_publisher -- -j2 -l2
[3.530s] DEBUG:colcon.colcon_core.event_handler.log_command:Invoking command in '/home/ram-user/Desktop/rosProject/build/pong_core': CMAKE_PREFIX_PATH=/home/ram-user/Desktop/rosProject/install/tutorial_interfaces:/home/ram-user/Desktop/rosProject/install/visualization_package:/home/ram-user/Desktop/rosProject/install/score:/home/ram-user/Desktop/rosProject/install/pong_core:/home/ram-user/Desktop/rosProject/install/cpp_publisher:/home/ram-user/Desktop/rosProject/install/paddle_physics:/home/ram-user/Desktop/rosProject/install/keyboard_input:/home/ram-user/Desktop/rosProject/install/image_input:/opt/ros/humble /usr/bin/cmake --build /home/ram-user/Desktop/rosProject/build/pong_core -- -j2 -l2
[3.700s] DEBUG:colcon.colcon_core.event_handler.log_command:Invoked command in '/home/ram-user/Desktop/rosProject/build/pong_core' returned '0': CMAKE_PREFIX_PATH=/home/ram-user/Desktop/rosProject/install/tutorial_interfaces:/home/ram-user/Desktop/rosProject/install/visualization_package:/home/ram-user/Desktop/rosProject/install/score:/home/ram-user/Desktop/rosProject/install/pong_core:/home/ram-user/Desktop/rosProject/install/cpp_publisher:/home/ram-user/Desktop/rosProject/install/paddle_physics:/home/ram-user/Desktop/rosProject/install/keyboard_input:/home/ram-user/Desktop/rosProject/install/image_input:/opt/ros/humble /usr/bin/cmake --build /home/ram-user/Desktop/rosProject/build/pong_core -- -j2 -l2
[3.730s] DEBUG:colcon.colcon_core.event_handler.log_command:Invoked command in '/home/ram-user/Desktop/rosProject/build/cpp_publisher' returned '0': CMAKE_PREFIX_PATH=/home/ram-user/Desktop/rosProject/install/tutorial_interfaces:/home/ram-user/Desktop/rosProject/install/visualization_package:/home/ram-user/Desktop/rosProject/install/score:/home/ram-user/Desktop/rosProject/install/pong_core:/home/ram-user/Desktop/rosProject/install/cpp_publisher:/home/ram-user/Desktop/rosProject/install/paddle_physics:/home/ram-user/Desktop/rosProject/install/keyboard_input:/home/ram-user/Desktop/rosProject/install/image_input:/opt/ros/humble /usr/bin/cmake --build /home/ram-user/Desktop/rosProject/build/cpp_publisher -- -j2 -l2
[3.797s] DEBUG:colcon.colcon_core.event_handler.log_command:Invoking command in '/home/ram-user/Desktop/rosProject/build/cpp_publisher': CMAKE_PREFIX_PATH=/home/ram-user/Desktop/rosProject/install/tutorial_interfaces:/home/ram-user/Desktop/rosProject/install/visualization_package:/home/ram-user/Desktop/rosProject/install/score:/home/ram-user/Desktop/rosProject/install/pong_core:/home/ram-user/Desktop/rosProject/install/cpp_publisher:/home/ram-user/Desktop/rosProject/install/paddle_physics:/home/ram-user/Desktop/rosProject/install/keyboard_input:/home/ram-user/Desktop/rosProject/install/image_input:/opt/ros/humble /usr/bin/cmake --install /home/ram-user/Desktop/rosProject/build/cpp_publisher
[3.803s] DEBUG:colcon.colcon_core.event_handler.log_command:Invoking command in '/home/ram-user/Desktop/rosProject/build/pong_core': CMAKE_PREFIX_PATH=/home/ram-user/Desktop/rosProject/install/tutorial_interfaces:/home/ram-user/Desktop/rosProject/install/visualization_package:/home/ram-user/Desktop/rosProject/install/score:/home/ram-user/Desktop/rosProject/install/pong_core:/home/ram-user/Desktop/rosProject/install/cpp_publisher:/home/ram-user/Desktop/rosProject/install/paddle_physics:/home/ram-user/Desktop/rosProject/install/keyboard_input:/home/ram-user/Desktop/rosProject/install/image_input:/opt/ros/humble /usr/bin/cmake --install /home/ram-user/Desktop/rosProject/build/pong_core
[3.841s] Level 1:colcon.colcon_core.environment:create_environment_scripts_only(cpp_publisher)
[3.844s] Level 1:colcon.colcon_core.environment:checking '/home/ram-user/Desktop/rosProject/install/cpp_publisher' for CMake module files
[3.848s] Level 1:colcon.colcon_core.environment:checking '/home/ram-user/Desktop/rosProject/install/cpp_publisher' for CMake config files
[3.851s] Level 1:colcon.colcon_core.shell:create_environment_hook('cpp_publisher', 'cmake_prefix_path')
[3.854s] INFO:colcon.colcon_core.shell:Creating environment hook '/home/ram-user/Desktop/rosProject/install/cpp_publisher/share/cpp_publisher/hook/cmake_prefix_path.ps1'
[3.855s] INFO:colcon.colcon_core.shell:Creating environment descriptor '/home/ram-user/Desktop/rosProject/install/cpp_publisher/share/cpp_publisher/hook/cmake_prefix_path.dsv'
[3.856s] INFO:colcon.colcon_core.shell:Creating environment hook '/home/ram-user/Desktop/rosProject/install/cpp_publisher/share/cpp_publisher/hook/cmake_prefix_path.sh'
[3.857s] Level 1:colcon.colcon_core.environment:checking '/home/ram-user/Desktop/rosProject/install/cpp_publisher/lib'
[3.857s] Level 1:colcon.colcon_core.environment:checking '/home/ram-user/Desktop/rosProject/install/cpp_publisher/bin'
[3.857s] Level 1:colcon.colcon_core.environment:checking '/home/ram-user/Desktop/rosProject/install/cpp_publisher/lib/pkgconfig/cpp_publisher.pc'
[3.858s] Level 1:colcon.colcon_core.environment:checking '/home/ram-user/Desktop/rosProject/install/cpp_publisher/lib/python3.10/site-packages'
[3.858s] Level 1:colcon.colcon_core.environment:checking '/home/ram-user/Desktop/rosProject/install/cpp_publisher/bin'
[3.860s] INFO:colcon.colcon_core.shell:Creating package script '/home/ram-user/Desktop/rosProject/install/cpp_publisher/share/cpp_publisher/package.ps1'
[3.864s] DEBUG:colcon.colcon_core.event_handler.log_command:Invoked command in '/home/ram-user/Desktop/rosProject/build/cpp_publisher' returned '0': CMAKE_PREFIX_PATH=/home/ram-user/Desktop/rosProject/install/tutorial_interfaces:/home/ram-user/Desktop/rosProject/install/visualization_package:/home/ram-user/Desktop/rosProject/install/score:/home/ram-user/Desktop/rosProject/install/pong_core:/home/ram-user/Desktop/rosProject/install/cpp_publisher:/home/ram-user/Desktop/rosProject/install/paddle_physics:/home/ram-user/Desktop/rosProject/install/keyboard_input:/home/ram-user/Desktop/rosProject/install/image_input:/opt/ros/humble /usr/bin/cmake --install /home/ram-user/Desktop/rosProject/build/cpp_publisher
[3.866s] INFO:colcon.colcon_core.shell:Creating package descriptor '/home/ram-user/Desktop/rosProject/install/cpp_publisher/share/cpp_publisher/package.dsv'
[3.867s] INFO:colcon.colcon_core.shell:Creating package script '/home/ram-user/Desktop/rosProject/install/cpp_publisher/share/cpp_publisher/package.sh'
[3.869s] INFO:colcon.colcon_core.shell:Creating package script '/home/ram-user/Desktop/rosProject/install/cpp_publisher/share/cpp_publisher/package.bash'
[3.869s] INFO:colcon.colcon_core.shell:Creating package script '/home/ram-user/Desktop/rosProject/install/cpp_publisher/share/cpp_publisher/package.zsh'
[3.870s] Level 1:colcon.colcon_core.environment:create_file_with_runtime_dependencies(/home/ram-user/Desktop/rosProject/install/cpp_publisher/share/colcon-core/packages/cpp_publisher)
[3.875s] Level 1:colcon.colcon_core.environment:create_environment_scripts_only(pong_core)
[3.877s] Level 1:colcon.colcon_core.environment:checking '/home/ram-user/Desktop/rosProject/install/pong_core' for CMake module files
[3.879s] DEBUG:colcon.colcon_core.event_handler.log_command:Invoked command in '/home/ram-user/Desktop/rosProject/build/pong_core' returned '0': CMAKE_PREFIX_PATH=/home/ram-user/Desktop/rosProject/install/tutorial_interfaces:/home/ram-user/Desktop/rosProject/install/visualization_package:/home/ram-user/Desktop/rosProject/install/score:/home/ram-user/Desktop/rosProject/install/pong_core:/home/ram-user/Desktop/rosProject/install/cpp_publisher:/home/ram-user/Desktop/rosProject/install/paddle_physics:/home/ram-user/Desktop/rosProject/install/keyboard_input:/home/ram-user/Desktop/rosProject/install/image_input:/opt/ros/humble /usr/bin/cmake --install /home/ram-user/Desktop/rosProject/build/pong_core
[3.881s] Level 1:colcon.colcon_core.environment:checking '/home/ram-user/Desktop/rosProject/install/pong_core' for CMake config files
[3.882s] Level 1:colcon.colcon_core.shell:create_environment_hook('pong_core', 'cmake_prefix_path')
[3.885s] INFO:colcon.colcon_core.shell:Creating environment hook '/home/ram-user/Desktop/rosProject/install/pong_core/share/pong_core/hook/cmake_prefix_path.ps1'
[3.887s] INFO:colcon.colcon_core.shell:Creating environment descriptor '/home/ram-user/Desktop/rosProject/install/pong_core/share/pong_core/hook/cmake_prefix_path.dsv'
[3.889s] INFO:colcon.colcon_core.shell:Creating environment hook '/home/ram-user/Desktop/rosProject/install/pong_core/share/pong_core/hook/cmake_prefix_path.sh'
[3.892s] Level 1:colcon.colcon_core.environment:checking '/home/ram-user/Desktop/rosProject/install/pong_core/lib'
[3.892s] Level 1:colcon.colcon_core.environment:checking '/home/ram-user/Desktop/rosProject/install/pong_core/bin'
[3.893s] Level 1:colcon.colcon_core.environment:checking '/home/ram-user/Desktop/rosProject/install/pong_core/lib/pkgconfig/pong_core.pc'
[3.893s] Level 1:colcon.colcon_core.environment:checking '/home/ram-user/Desktop/rosProject/install/pong_core/lib/python3.10/site-packages'
[3.893s] Level 1:colcon.colcon_core.environment:checking '/home/ram-user/Desktop/rosProject/install/pong_core/bin'
[3.896s] INFO:colcon.colcon_core.shell:Creating package script '/home/ram-user/Desktop/rosProject/install/pong_core/share/pong_core/package.ps1'
[3.898s] INFO:colcon.colcon_core.shell:Creating package descriptor '/home/ram-user/Desktop/rosProject/install/pong_core/share/pong_core/package.dsv'
[3.901s] INFO:colcon.colcon_core.shell:Creating package script '/home/ram-user/Desktop/rosProject/install/pong_core/share/pong_core/package.sh'
[3.903s] INFO:colcon.colcon_core.shell:Creating package script '/home/ram-user/Desktop/rosProject/install/pong_core/share/pong_core/package.bash'
[3.904s] INFO:colcon.colcon_core.shell:Creating package script '/home/ram-user/Desktop/rosProject/install/pong_core/share/pong_core/package.zsh'
[3.907s] Level 1:colcon.colcon_core.environment:create_file_with_runtime_dependencies(/home/ram-user/Desktop/rosProject/install/pong_core/share/colcon-core/packages/pong_core)
[3.958s] Level 1:colcon.colcon_core.environment:create_environment_scripts_only(cpp_publisher)
[3.961s] Level 1:colcon.colcon_core.environment:checking '/home/ram-user/Desktop/rosProject/install/cpp_publisher' for CMake module files
[3.962s] Level 1:colcon.colcon_core.environment:checking '/home/ram-user/Desktop/rosProject/install/cpp_publisher' for CMake config files
[3.962s] Level 1:colcon.colcon_core.shell:create_environment_hook('cpp_publisher', 'cmake_prefix_path')
[3.965s] INFO:colcon.colcon_core.shell:Creating environment hook '/home/ram-user/Desktop/rosProject/install/cpp_publisher/share/cpp_publisher/hook/cmake_prefix_path.ps1'
[3.966s] INFO:colcon.colcon_core.shell:Creating environment descriptor '/home/ram-user/Desktop/rosProject/install/cpp_publisher/share/cpp_publisher/hook/cmake_prefix_path.dsv'
[3.968s] INFO:colcon.colcon_core.shell:Creating environment hook '/home/ram-user/Desktop/rosProject/install/cpp_publisher/share/cpp_publisher/hook/cmake_prefix_path.sh'
[3.969s] Level 1:colcon.colcon_core.environment:checking '/home/ram-user/Desktop/rosProject/install/cpp_publisher/lib'
[3.970s] Level 1:colcon.colcon_core.environment:checking '/home/ram-user/Desktop/rosProject/install/cpp_publisher/bin'
[3.970s] Level 1:colcon.colcon_core.environment:checking '/home/ram-user/Desktop/rosProject/install/cpp_publisher/lib/pkgconfig/cpp_publisher.pc'
[3.970s] Level 1:colcon.colcon_core.environment:checking '/home/ram-user/Desktop/rosProject/install/cpp_publisher/lib/python3.10/site-packages'
[3.971s] Level 1:colcon.colcon_core.environment:checking '/home/ram-user/Desktop/rosProject/install/cpp_publisher/bin'
[3.974s] INFO:colcon.colcon_core.shell:Creating package script '/home/ram-user/Desktop/rosProject/install/cpp_publisher/share/cpp_publisher/package.ps1'
[3.976s] INFO:colcon.colcon_core.shell:Creating package descriptor '/home/ram-user/Desktop/rosProject/install/cpp_publisher/share/cpp_publisher/package.dsv'
[3.977s] INFO:colcon.colcon_core.shell:Creating package script '/home/ram-user/Desktop/rosProject/install/cpp_publisher/share/cpp_publisher/package.sh'
[3.979s] INFO:colcon.colcon_core.shell:Creating package script '/home/ram-user/Desktop/rosProject/install/cpp_publisher/share/cpp_publisher/package.bash'
[3.981s] INFO:colcon.colcon_core.shell:Creating package script '/home/ram-user/Desktop/rosProject/install/cpp_publisher/share/cpp_publisher/package.zsh'
[3.982s] Level 1:colcon.colcon_core.environment:create_file_with_runtime_dependencies(/home/ram-user/Desktop/rosProject/install/cpp_publisher/share/colcon-core/packages/cpp_publisher)
[3.985s] INFO:colcon.colcon_ros.task.ament_cmake.build:Building ROS package in '/home/ram-user/Desktop/rosProject/src/score' with build type 'ament_cmake'
[3.986s] INFO:colcon.colcon_cmake.task.cmake.build:Building CMake package in '/home/ram-user/Desktop/rosProject/src/score'
[3.991s] INFO:colcon.colcon_core.shell:Skip shell extension 'powershell' for command environment: Not usable outside of PowerShell
[3.991s] DEBUG:colcon.colcon_core.shell:Skip shell extension 'dsv' for command environment
[4.030s] Level 1:colcon.colcon_core.environment:create_environment_scripts_only(pong_core)
[4.033s] Level 1:colcon.colcon_core.environment:checking '/home/ram-user/Desktop/rosProject/install/pong_core' for CMake module files
[4.034s] Level 1:colcon.colcon_core.environment:checking '/home/ram-user/Desktop/rosProject/install/pong_core' for CMake config files
[4.034s] Level 1:colcon.colcon_core.shell:create_environment_hook('pong_core', 'cmake_prefix_path')
[4.036s] INFO:colcon.colcon_core.shell:Creating environment hook '/home/ram-user/Desktop/rosProject/install/pong_core/share/pong_core/hook/cmake_prefix_path.ps1'
[4.037s] INFO:colcon.colcon_core.shell:Creating environment descriptor '/home/ram-user/Desktop/rosProject/install/pong_core/share/pong_core/hook/cmake_prefix_path.dsv'
[4.039s] INFO:colcon.colcon_core.shell:Creating environment hook '/home/ram-user/Desktop/rosProject/install/pong_core/share/pong_core/hook/cmake_prefix_path.sh'
[4.041s] Level 1:colcon.colcon_core.environment:checking '/home/ram-user/Desktop/rosProject/install/pong_core/lib'
[4.041s] Level 1:colcon.colcon_core.environment:checking '/home/ram-user/Desktop/rosProject/install/pong_core/bin'
[4.041s] Level 1:colcon.colcon_core.environment:checking '/home/ram-user/Desktop/rosProject/install/pong_core/lib/pkgconfig/pong_core.pc'
[4.042s] Level 1:colcon.colcon_core.environment:checking '/home/ram-user/Desktop/rosProject/install/pong_core/lib/python3.10/site-packages'
[4.042s] Level 1:colcon.colcon_core.environment:checking '/home/ram-user/Desktop/rosProject/install/pong_core/bin'
[4.044s] INFO:colcon.colcon_core.shell:Creating package script '/home/ram-user/Desktop/rosProject/install/pong_core/share/pong_core/package.ps1'
[4.047s] INFO:colcon.colcon_core.shell:Creating package descriptor '/home/ram-user/Desktop/rosProject/install/pong_core/share/pong_core/package.dsv'
[4.048s] INFO:colcon.colcon_core.shell:Creating package script '/home/ram-user/Desktop/rosProject/install/pong_core/share/pong_core/package.sh'
[4.049s] INFO:colcon.colcon_core.shell:Creating package script '/home/ram-user/Desktop/rosProject/install/pong_core/share/pong_core/package.bash'
[4.050s] INFO:colcon.colcon_core.shell:Creating package script '/home/ram-user/Desktop/rosProject/install/pong_core/share/pong_core/package.zsh'
[4.051s] Level 1:colcon.colcon_core.environment:create_file_with_runtime_dependencies(/home/ram-user/Desktop/rosProject/install/pong_core/share/colcon-core/packages/pong_core)
[4.052s] INFO:colcon.colcon_ros.task.ament_cmake.build:Building ROS package in '/home/ram-user/Desktop/rosProject/src/visualization_package' with build type 'ament_cmake'
[4.053s] INFO:colcon.colcon_cmake.task.cmake.build:Building CMake package in '/home/ram-user/Desktop/rosProject/src/visualization_package'
[4.055s] INFO:colcon.colcon_core.shell:Skip shell extension 'powershell' for command environment: Not usable outside of PowerShell
[4.055s] DEBUG:colcon.colcon_core.shell:Skip shell extension 'dsv' for command environment
[4.077s] DEBUG:colcon.colcon_core.event_handler.log_command:Invoking command in '/home/ram-user/Desktop/rosProject/build/score': CMAKE_PREFIX_PATH=/home/ram-user/Desktop/rosProject/install/tutorial_interfaces:/home/ram-user/Desktop/rosProject/install/visualization_package:/home/ram-user/Desktop/rosProject/install/score:/home/ram-user/Desktop/rosProject/install/pong_core:/home/ram-user/Desktop/rosProject/install/cpp_publisher:/home/ram-user/Desktop/rosProject/install/paddle_physics:/home/ram-user/Desktop/rosProject/install/keyboard_input:/home/ram-user/Desktop/rosProject/install/image_input:/opt/ros/humble /usr/bin/cmake --build /home/ram-user/Desktop/rosProject/build/score -- -j2 -l2
[4.098s] DEBUG:colcon.colcon_core.event_handler.log_command:Invoking command in '/home/ram-user/Desktop/rosProject/build/visualization_package': CMAKE_PREFIX_PATH=/home/ram-user/Desktop/rosProject/install/tutorial_interfaces:/home/ram-user/Desktop/rosProject/install/visualization_package:/home/ram-user/Desktop/rosProject/install/score:/home/ram-user/Desktop/rosProject/install/pong_core:/home/ram-user/Desktop/rosProject/install/cpp_publisher:/home/ram-user/Desktop/rosProject/install/paddle_physics:/home/ram-user/Desktop/rosProject/install/keyboard_input:/home/ram-user/Desktop/rosProject/install/image_input:/opt/ros/humble /usr/bin/cmake --build /home/ram-user/Desktop/rosProject/build/visualization_package -- -j2 -l2
[4.251s] DEBUG:colcon.colcon_core.event_handler.log_command:Invoked command in '/home/ram-user/Desktop/rosProject/build/score' returned '0': CMAKE_PREFIX_PATH=/home/ram-user/Desktop/rosProject/install/tutorial_interfaces:/home/ram-user/Desktop/rosProject/install/visualization_package:/home/ram-user/Desktop/rosProject/install/score:/home/ram-user/Desktop/rosProject/install/pong_core:/home/ram-user/Desktop/rosProject/install/cpp_publisher:/home/ram-user/Desktop/rosProject/install/paddle_physics:/home/ram-user/Desktop/rosProject/install/keyboard_input:/home/ram-user/Desktop/rosProject/install/image_input:/opt/ros/humble /usr/bin/cmake --build /home/ram-user/Desktop/rosProject/build/score -- -j2 -l2
[4.321s] DEBUG:colcon.colcon_core.event_handler.log_command:Invoking command in '/home/ram-user/Desktop/rosProject/build/score': CMAKE_PREFIX_PATH=/home/ram-user/Desktop/rosProject/install/tutorial_interfaces:/home/ram-user/Desktop/rosProject/install/visualization_package:/home/ram-user/Desktop/rosProject/install/score:/home/ram-user/Desktop/rosProject/install/pong_core:/home/ram-user/Desktop/rosProject/install/cpp_publisher:/home/ram-user/Desktop/rosProject/install/paddle_physics:/home/ram-user/Desktop/rosProject/install/keyboard_input:/home/ram-user/Desktop/rosProject/install/image_input:/opt/ros/humble /usr/bin/cmake --install /home/ram-user/Desktop/rosProject/build/score
[4.363s] Level 1:colcon.colcon_core.environment:create_environment_scripts_only(score)
[4.365s] Level 1:colcon.colcon_core.environment:checking '/home/ram-user/Desktop/rosProject/install/score' for CMake module files
[4.367s] Level 1:colcon.colcon_core.environment:checking '/home/ram-user/Desktop/rosProject/install/score' for CMake config files
[4.366s] DEBUG:colcon.colcon_core.event_handler.log_command:Invoked command in '/home/ram-user/Desktop/rosProject/build/score' returned '0': CMAKE_PREFIX_PATH=/home/ram-user/Desktop/rosProject/install/tutorial_interfaces:/home/ram-user/Desktop/rosProject/install/visualization_package:/home/ram-user/Desktop/rosProject/install/score:/home/ram-user/Desktop/rosProject/install/pong_core:/home/ram-user/Desktop/rosProject/install/cpp_publisher:/home/ram-user/Desktop/rosProject/install/paddle_physics:/home/ram-user/Desktop/rosProject/install/keyboard_input:/home/ram-user/Desktop/rosProject/install/image_input:/opt/ros/humble /usr/bin/cmake --install /home/ram-user/Desktop/rosProject/build/score
[4.368s] Level 1:colcon.colcon_core.shell:create_environment_hook('score', 'cmake_prefix_path')
[4.370s] INFO:colcon.colcon_core.shell:Creating environment hook '/home/ram-user/Desktop/rosProject/install/score/share/score/hook/cmake_prefix_path.ps1'
[4.371s] INFO:colcon.colcon_core.shell:Creating environment descriptor '/home/ram-user/Desktop/rosProject/install/score/share/score/hook/cmake_prefix_path.dsv'
[4.373s] INFO:colcon.colcon_core.shell:Creating environment hook '/home/ram-user/Desktop/rosProject/install/score/share/score/hook/cmake_prefix_path.sh'
[4.374s] Level 1:colcon.colcon_core.environment:checking '/home/ram-user/Desktop/rosProject/install/score/lib'
[4.375s] Level 1:colcon.colcon_core.environment:checking '/home/ram-user/Desktop/rosProject/install/score/bin'
[4.375s] Level 1:colcon.colcon_core.environment:checking '/home/ram-user/Desktop/rosProject/install/score/lib/pkgconfig/score.pc'
[4.375s] Level 1:colcon.colcon_core.environment:checking '/home/ram-user/Desktop/rosProject/install/score/lib/python3.10/site-packages'
[4.376s] Level 1:colcon.colcon_core.environment:checking '/home/ram-user/Desktop/rosProject/install/score/bin'
[4.378s] INFO:colcon.colcon_core.shell:Creating package script '/home/ram-user/Desktop/rosProject/install/score/share/score/package.ps1'
[4.380s] INFO:colcon.colcon_core.shell:Creating package descriptor '/home/ram-user/Desktop/rosProject/install/score/share/score/package.dsv'
[4.382s] INFO:colcon.colcon_core.shell:Creating package script '/home/ram-user/Desktop/rosProject/install/score/share/score/package.sh'
[4.383s] INFO:colcon.colcon_core.shell:Creating package script '/home/ram-user/Desktop/rosProject/install/score/share/score/package.bash'
[4.384s] INFO:colcon.colcon_core.shell:Creating package script '/home/ram-user/Desktop/rosProject/install/score/share/score/package.zsh'
[4.385s] Level 1:colcon.colcon_core.environment:create_file_with_runtime_dependencies(/home/ram-user/Desktop/rosProject/install/score/share/colcon-core/packages/score)
[5.015s] Level 1:colcon.colcon_core.environment:create_environment_scripts_only(score)
[5.023s] Level 1:colcon.colcon_core.environment:checking '/home/ram-user/Desktop/rosProject/install/score' for CMake module files
[5.032s] Level 1:colcon.colcon_core.environment:checking '/home/ram-user/Desktop/rosProject/install/score' for CMake config files
[5.039s] Level 1:colcon.colcon_core.shell:create_environment_hook('score', 'cmake_prefix_path')
[5.041s] INFO:colcon.colcon_core.shell:Creating environment hook '/home/ram-user/Desktop/rosProject/install/score/share/score/hook/cmake_prefix_path.ps1'
[5.044s] INFO:colcon.colcon_core.shell:Creating environment descriptor '/home/ram-user/Desktop/rosProject/install/score/share/score/hook/cmake_prefix_path.dsv'
[5.062s] INFO:colcon.colcon_core.shell:Creating environment hook '/home/ram-user/Desktop/rosProject/install/score/share/score/hook/cmake_prefix_path.sh'
[5.065s] Level 1:colcon.colcon_core.environment:checking '/home/ram-user/Desktop/rosProject/install/score/lib'
[5.065s] Level 1:colcon.colcon_core.environment:checking '/home/ram-user/Desktop/rosProject/install/score/bin'
[5.066s] Level 1:colcon.colcon_core.environment:checking '/home/ram-user/Desktop/rosProject/install/score/lib/pkgconfig/score.pc'
[5.066s] Level 1:colcon.colcon_core.environment:checking '/home/ram-user/Desktop/rosProject/install/score/lib/python3.10/site-packages'
[5.068s] Level 1:colcon.colcon_core.environment:checking '/home/ram-user/Desktop/rosProject/install/score/bin'
[5.071s] INFO:colcon.colcon_core.shell:Creating package script '/home/ram-user/Desktop/rosProject/install/score/share/score/package.ps1'
[5.073s] INFO:colcon.colcon_core.shell:Creating package descriptor '/home/ram-user/Desktop/rosProject/install/score/share/score/package.dsv'
[5.075s] INFO:colcon.colcon_core.shell:Creating package script '/home/ram-user/Desktop/rosProject/install/score/share/score/package.sh'
[5.076s] INFO:colcon.colcon_core.shell:Creating package script '/home/ram-user/Desktop/rosProject/install/score/share/score/package.bash'
[5.078s] INFO:colcon.colcon_core.shell:Creating package script '/home/ram-user/Desktop/rosProject/install/score/share/score/package.zsh'
[5.079s] Level 1:colcon.colcon_core.environment:create_file_with_runtime_dependencies(/home/ram-user/Desktop/rosProject/install/score/share/colcon-core/packages/score)
[7.080s] DEBUG:colcon.colcon_core.event_handler.log_command:Invoked command in '/home/ram-user/Desktop/rosProject/build/visualization_package' returned '0': CMAKE_PREFIX_PATH=/home/ram-user/Desktop/rosProject/install/tutorial_interfaces:/home/ram-user/Desktop/rosProject/install/visualization_package:/home/ram-user/Desktop/rosProject/install/score:/home/ram-user/Desktop/rosProject/install/pong_core:/home/ram-user/Desktop/rosProject/install/cpp_publisher:/home/ram-user/Desktop/rosProject/install/paddle_physics:/home/ram-user/Desktop/rosProject/install/keyboard_input:/home/ram-user/Desktop/rosProject/install/image_input:/opt/ros/humble /usr/bin/cmake --build /home/ram-user/Desktop/rosProject/build/visualization_package -- -j2 -l2
[7.179s] DEBUG:colcon.colcon_core.event_handler.log_command:Invoking command in '/home/ram-user/Desktop/rosProject/build/visualization_package': CMAKE_PREFIX_PATH=/home/ram-user/Desktop/rosProject/install/tutorial_interfaces:/home/ram-user/Desktop/rosProject/install/visualization_package:/home/ram-user/Desktop/rosProject/install/score:/home/ram-user/Desktop/rosProject/install/pong_core:/home/ram-user/Desktop/rosProject/install/cpp_publisher:/home/ram-user/Desktop/rosProject/install/paddle_physics:/home/ram-user/Desktop/rosProject/install/keyboard_input:/home/ram-user/Desktop/rosProject/install/image_input:/opt/ros/humble /usr/bin/cmake --install /home/ram-user/Desktop/rosProject/build/visualization_package
[7.207s] Level 1:colcon.colcon_core.environment:create_environment_scripts_only(visualization_package)
[7.209s] Level 1:colcon.colcon_core.environment:checking '/home/ram-user/Desktop/rosProject/install/visualization_package' for CMake module files
[7.210s] Level 1:colcon.colcon_core.environment:checking '/home/ram-user/Desktop/rosProject/install/visualization_package' for CMake config files
[7.210s] Level 1:colcon.colcon_core.shell:create_environment_hook('visualization_package', 'cmake_prefix_path')
[7.212s] INFO:colcon.colcon_core.shell:Creating environment hook '/home/ram-user/Desktop/rosProject/install/visualization_package/share/visualization_package/hook/cmake_prefix_path.ps1'
[7.213s] INFO:colcon.colcon_core.shell:Creating environment descriptor '/home/ram-user/Desktop/rosProject/install/visualization_package/share/visualization_package/hook/cmake_prefix_path.dsv'
[7.214s] DEBUG:colcon.colcon_core.event_handler.log_command:Invoked command in '/home/ram-user/Desktop/rosProject/build/visualization_package' returned '0': CMAKE_PREFIX_PATH=/home/ram-user/Desktop/rosProject/install/tutorial_interfaces:/home/ram-user/Desktop/rosProject/install/visualization_package:/home/ram-user/Desktop/rosProject/install/score:/home/ram-user/Desktop/rosProject/install/pong_core:/home/ram-user/Desktop/rosProject/install/cpp_publisher:/home/ram-user/Desktop/rosProject/install/paddle_physics:/home/ram-user/Desktop/rosProject/install/keyboard_input:/home/ram-user/Desktop/rosProject/install/image_input:/opt/ros/humble /usr/bin/cmake --install /home/ram-user/Desktop/rosProject/build/visualization_package
[7.216s] INFO:colcon.colcon_core.shell:Creating environment hook '/home/ram-user/Desktop/rosProject/install/visualization_package/share/visualization_package/hook/cmake_prefix_path.sh'
[7.218s] Level 1:colcon.colcon_core.environment:checking '/home/ram-user/Desktop/rosProject/install/visualization_package/lib'
[7.218s] Level 1:colcon.colcon_core.environment:checking '/home/ram-user/Desktop/rosProject/install/visualization_package/bin'
[7.218s] Level 1:colcon.colcon_core.environment:checking '/home/ram-user/Desktop/rosProject/install/visualization_package/lib/pkgconfig/visualization_package.pc'
[7.219s] Level 1:colcon.colcon_core.environment:checking '/home/ram-user/Desktop/rosProject/install/visualization_package/lib/python3.10/site-packages'
[7.219s] Level 1:colcon.colcon_core.environment:checking '/home/ram-user/Desktop/rosProject/install/visualization_package/bin'
[7.221s] INFO:colcon.colcon_core.shell:Creating package script '/home/ram-user/Desktop/rosProject/install/visualization_package/share/visualization_package/package.ps1'
[7.223s] INFO:colcon.colcon_core.shell:Creating package descriptor '/home/ram-user/Desktop/rosProject/install/visualization_package/share/visualization_package/package.dsv'
[7.224s] INFO:colcon.colcon_core.shell:Creating package script '/home/ram-user/Desktop/rosProject/install/visualization_package/share/visualization_package/package.sh'
[7.226s] INFO:colcon.colcon_core.shell:Creating package script '/home/ram-user/Desktop/rosProject/install/visualization_package/share/visualization_package/package.bash'
[7.227s] INFO:colcon.colcon_core.shell:Creating package script '/home/ram-user/Desktop/rosProject/install/visualization_package/share/visualization_package/package.zsh'
[7.229s] Level 1:colcon.colcon_core.environment:create_file_with_runtime_dependencies(/home/ram-user/Desktop/rosProject/install/visualization_package/share/colcon-core/packages/visualization_package)
[7.310s] Level 1:colcon.colcon_core.environment:create_environment_scripts_only(visualization_package)
[7.314s] Level 1:colcon.colcon_core.environment:checking '/home/ram-user/Desktop/rosProject/install/visualization_package' for CMake module files
[7.316s] Level 1:colcon.colcon_core.environment:checking '/home/ram-user/Desktop/rosProject/install/visualization_package' for CMake config files
[7.317s] Level 1:colcon.colcon_core.shell:create_environment_hook('visualization_package', 'cmake_prefix_path')
[7.319s] INFO:colcon.colcon_core.shell:Creating environment hook '/home/ram-user/Desktop/rosProject/install/visualization_package/share/visualization_package/hook/cmake_prefix_path.ps1'
[7.321s] INFO:colcon.colcon_core.shell:Creating environment descriptor '/home/ram-user/Desktop/rosProject/install/visualization_package/share/visualization_package/hook/cmake_prefix_path.dsv'
[7.322s] INFO:colcon.colcon_core.shell:Creating environment hook '/home/ram-user/Desktop/rosProject/install/visualization_package/share/visualization_package/hook/cmake_prefix_path.sh'
[7.324s] Level 1:colcon.colcon_core.environment:checking '/home/ram-user/Desktop/rosProject/install/visualization_package/lib'
[7.325s] Level 1:colcon.colcon_core.environment:checking '/home/ram-user/Desktop/rosProject/install/visualization_package/bin'
[7.325s] Level 1:colcon.colcon_core.environment:checking '/home/ram-user/Desktop/rosProject/install/visualization_package/lib/pkgconfig/visualization_package.pc'
[7.325s] Level 1:colcon.colcon_core.environment:checking '/home/ram-user/Desktop/rosProject/install/visualization_package/lib/python3.10/site-packages'
[7.326s] Level 1:colcon.colcon_core.environment:checking '/home/ram-user/Desktop/rosProject/install/visualization_package/bin'
[7.328s] INFO:colcon.colcon_core.shell:Creating package script '/home/ram-user/Desktop/rosProject/install/visualization_package/share/visualization_package/package.ps1'
[7.331s] INFO:colcon.colcon_core.shell:Creating package descriptor '/home/ram-user/Desktop/rosProject/install/visualization_package/share/visualization_package/package.dsv'
[7.334s] INFO:colcon.colcon_core.shell:Creating package script '/home/ram-user/Desktop/rosProject/install/visualization_package/share/visualization_package/package.sh'
[7.336s] INFO:colcon.colcon_core.shell:Creating package script '/home/ram-user/Desktop/rosProject/install/visualization_package/share/visualization_package/package.bash'
[7.337s] INFO:colcon.colcon_core.shell:Creating package script '/home/ram-user/Desktop/rosProject/install/visualization_package/share/visualization_package/package.zsh'
[7.339s] Level 1:colcon.colcon_core.environment:create_file_with_runtime_dependencies(/home/ram-user/Desktop/rosProject/install/visualization_package/share/colcon-core/packages/visualization_package)
[7.340s] DEBUG:colcon.colcon_parallel_executor.executor.parallel:closing loop
[7.340s] DEBUG:colcon.colcon_parallel_executor.executor.parallel:loop closed
[7.340s] DEBUG:colcon.colcon_parallel_executor.executor.parallel:run_until_complete finished with '0'
[7.340s] DEBUG:colcon.colcon_core.event_reactor:joining thread
[7.361s] INFO:colcon.colcon_core.plugin_system:Skipping extension 'colcon_notification.desktop_notification.terminal_notifier': Not used on non-Darwin systems
[7.362s] INFO:colcon.colcon_core.plugin_system:Skipping extension 'colcon_notification.desktop_notification.win32': Not used on non-Windows systems
[7.362s] INFO:colcon.colcon_notification.desktop_notification:Sending desktop notification using 'notify2'
[7.397s] DEBUG:colcon.colcon_core.event_reactor:joined thread
[7.399s] INFO:colcon.colcon_core.shell:Creating prefix script '/home/ram-user/Desktop/rosProject/install/local_setup.ps1'
[7.402s] INFO:colcon.colcon_core.shell:Creating prefix util module '/home/ram-user/Desktop/rosProject/install/_local_setup_util_ps1.py'
[7.405s] INFO:colcon.colcon_core.shell:Creating prefix chain script '/home/ram-user/Desktop/rosProject/install/setup.ps1'
[7.410s] INFO:colcon.colcon_core.shell:Creating prefix script '/home/ram-user/Desktop/rosProject/install/local_setup.sh'
[7.412s] INFO:colcon.colcon_core.shell:Creating prefix util module '/home/ram-user/Desktop/rosProject/install/_local_setup_util_sh.py'
[7.413s] INFO:colcon.colcon_core.shell:Creating prefix chain script '/home/ram-user/Desktop/rosProject/install/setup.sh'
[7.417s] INFO:colcon.colcon_core.shell:Creating prefix script '/home/ram-user/Desktop/rosProject/install/local_setup.bash'
[7.419s] INFO:colcon.colcon_core.shell:Creating prefix chain script '/home/ram-user/Desktop/rosProject/install/setup.bash'
[7.422s] INFO:colcon.colcon_core.shell:Creating prefix script '/home/ram-user/Desktop/rosProject/install/local_setup.zsh'
[7.424s] INFO:colcon.colcon_core.shell:Creating prefix chain script '/home/ram-user/Desktop/rosProject/install/setup.zsh'
