[0.091s] Invoking command in '/home/ram-user/Desktop/rosProject/build/visualization_package': CMAKE_PREFIX_PATH=/home/ram-user/Desktop/rosProject/install/tutorial_interfaces:/home/ram-user/Desktop/rosProject/install/visualization_package:/home/ram-user/Desktop/rosProject/install/score:/home/ram-user/Desktop/rosProject/install/pong_core:/home/ram-user/Desktop/rosProject/install/cpp_publisher:/home/ram-user/Desktop/rosProject/install/paddle_physics:/home/ram-user/Desktop/rosProject/install/keyboard_input:/home/ram-user/Desktop/rosProject/install/image_input:/opt/ros/humble /usr/bin/cmake --build /home/ram-user/Desktop/rosProject/build/visualization_package -- -j2 -l2
[0.297s] [35m[1mConsolidate compiler generated dependencies of target visualization_package[0m
[0.321s] [ 25%] [32mBuilding CXX object CMakeFiles/visualization_package.dir/src/my_node.cpp.o[0m
[33.925s] [ 50%] [32mBuilding CXX object CMakeFiles/visualization_package.dir/src/Pong_field.cpp.o[0m
[35.269s] [ 75%] [32m[1mLinking CXX executable visualization_package[0m
[38.468s] [100%] Built target visualization_package
[38.514s] Invoked command in '/home/ram-user/Desktop/rosProject/build/visualization_package' returned '0': CMAKE_PREFIX_PATH=/home/ram-user/Desktop/rosProject/install/tutorial_interfaces:/home/ram-user/Desktop/rosProject/install/visualization_package:/home/ram-user/Desktop/rosProject/install/score:/home/ram-user/Desktop/rosProject/install/pong_core:/home/ram-user/Desktop/rosProject/install/cpp_publisher:/home/ram-user/Desktop/rosProject/install/paddle_physics:/home/ram-user/Desktop/rosProject/install/keyboard_input:/home/ram-user/Desktop/rosProject/install/image_input:/opt/ros/humble /usr/bin/cmake --build /home/ram-user/Desktop/rosProject/build/visualization_package -- -j2 -l2
[38.764s] Invoking command in '/home/ram-user/Desktop/rosProject/build/visualization_package': CMAKE_PREFIX_PATH=/home/ram-user/Desktop/rosProject/install/tutorial_interfaces:/home/ram-user/Desktop/rosProject/install/visualization_package:/home/ram-user/Desktop/rosProject/install/score:/home/ram-user/Desktop/rosProject/install/pong_core:/home/ram-user/Desktop/rosProject/install/cpp_publisher:/home/ram-user/Desktop/rosProject/install/paddle_physics:/home/ram-user/Desktop/rosProject/install/keyboard_input:/home/ram-user/Desktop/rosProject/install/image_input:/opt/ros/humble /usr/bin/cmake --install /home/ram-user/Desktop/rosProject/build/visualization_package
[38.808s] -- Install configuration: ""
[38.809s] -- Installing: /home/ram-user/Desktop/rosProject/install/visualization_package/lib/visualization_package/visualization_package
[38.831s] -- Set runtime path of "/home/ram-user/Desktop/rosProject/install/visualization_package/lib/visualization_package/visualization_package" to ""
[38.833s] -- Up-to-date: /home/ram-user/Desktop/rosProject/install/visualization_package/share/ament_index/resource_index/package_run_dependencies/visualization_package
[38.833s] -- Up-to-date: /home/ram-user/Desktop/rosProject/install/visualization_package/share/ament_index/resource_index/parent_prefix_path/visualization_package
[38.840s] -- Up-to-date: /home/ram-user/Desktop/rosProject/install/visualization_package/share/visualization_package/environment/ament_prefix_path.sh
[38.841s] -- Up-to-date: /home/ram-user/Desktop/rosProject/install/visualization_package/share/visualization_package/environment/ament_prefix_path.dsv
[38.842s] -- Up-to-date: /home/ram-user/Desktop/rosProject/install/visualization_package/share/visualization_package/environment/path.sh
[38.842s] -- Up-to-date: /home/ram-user/Desktop/rosProject/install/visualization_package/share/visualization_package/environment/path.dsv
[38.843s] -- Up-to-date: /home/ram-user/Desktop/rosProject/install/visualization_package/share/visualization_package/local_setup.bash
[38.843s] -- Up-to-date: /home/ram-user/Desktop/rosProject/install/visualization_package/share/visualization_package/local_setup.sh
[38.844s] -- Up-to-date: /home/ram-user/Desktop/rosProject/install/visualization_package/share/visualization_package/local_setup.zsh
[38.844s] -- Up-to-date: /home/ram-user/Desktop/rosProject/install/visualization_package/share/visualization_package/local_setup.dsv
[38.844s] -- Installing: /home/ram-user/Desktop/rosProject/install/visualization_package/share/visualization_package/package.dsv
[38.847s] -- Up-to-date: /home/ram-user/Desktop/rosProject/install/visualization_package/share/ament_index/resource_index/packages/visualization_package
[38.847s] -- Up-to-date: /home/ram-user/Desktop/rosProject/install/visualization_package/share/visualization_package/cmake/visualization_packageConfig.cmake
[38.847s] -- Up-to-date: /home/ram-user/Desktop/rosProject/install/visualization_package/share/visualization_package/cmake/visualization_packageConfig-version.cmake
[38.847s] -- Up-to-date: /home/ram-user/Desktop/rosProject/install/visualization_package/share/visualization_package/package.xml
[38.876s] Invoked command in '/home/ram-user/Desktop/rosProject/build/visualization_package' returned '0': CMAKE_PREFIX_PATH=/home/ram-user/Desktop/rosProject/install/tutorial_interfaces:/home/ram-user/Desktop/rosProject/install/visualization_package:/home/ram-user/Desktop/rosProject/install/score:/home/ram-user/Desktop/rosProject/install/pong_core:/home/ram-user/Desktop/rosProject/install/cpp_publisher:/home/ram-user/Desktop/rosProject/install/paddle_physics:/home/ram-user/Desktop/rosProject/install/keyboard_input:/home/ram-user/Desktop/rosProject/install/image_input:/opt/ros/humble /usr/bin/cmake --install /home/ram-user/Desktop/rosProject/build/visualization_package
