[0.507s] DEBUG:colcon:Command line arguments: ['/usr/bin/colcon', 'build']
[0.507s] DEBUG:colcon:Parsed command line arguments: Namespace(log_base=None, log_level=None, verb_name='build', build_base='build', install_base='install', merge_install=False, symlink_install=False, test_result_base=None, continue_on_error=False, executor='parallel', parallel_workers=2, event_handlers=None, ignore_user_meta=False, metas=['./colcon.meta'], base_paths=['.'], packages_ignore=None, packages_ignore_regex=None, paths=None, packages_up_to=None, packages_up_to_regex=None, packages_above=None, packages_above_and_dependencies=None, packages_above_depth=None, packages_select_by_dep=None, packages_skip_by_dep=None, packages_skip_up_to=None, packages_select_build_failed=False, packages_skip_build_finished=False, packages_select_test_failures=False, packages_skip_test_passed=False, packages_select=None, packages_skip=None, packages_select_regex=None, packages_skip_regex=None, packages_start=None, packages_end=None, allow_overriding=[], cmake_args=None, cmake_target=None, cmake_target_skip_unavailable=False, cmake_clean_cache=False, cmake_clean_first=False, cmake_force_configure=False, ament_cmake_args=None, catkin_cmake_args=None, catkin_skip_building_tests=False, verb_parser=<colcon_defaults.argument_parser.defaults.DefaultArgumentsDecorator object at 0x7f6b042d3af0>, verb_extension=<colcon_core.verb.build.BuildVerb object at 0x7f6b04d72020>, main=<bound method BuildVerb.main of <colcon_core.verb.build.BuildVerb object at 0x7f6b04d72020>>)
[0.543s] Level 1:colcon.colcon_core.package_discovery:discover_packages(colcon_meta) check parameters
[0.543s] Level 1:colcon.colcon_core.package_discovery:discover_packages(recursive) check parameters
[0.543s] Level 1:colcon.colcon_core.package_discovery:discover_packages(ignore) check parameters
[0.543s] Level 1:colcon.colcon_core.package_discovery:discover_packages(path) check parameters
[0.543s] Level 1:colcon.colcon_core.package_discovery:discover_packages(colcon_meta) discover
[0.543s] Level 1:colcon.colcon_core.package_discovery:discover_packages(recursive) discover
[0.543s] INFO:colcon.colcon_core.package_discovery:Crawling recursively for packages in '/home/ram-user/Desktop/rosProject'
[0.543s] Level 1:colcon.colcon_core.package_identification:_identify(.) by extensions ['ignore', 'ignore_ament_install']
[0.544s] Level 1:colcon.colcon_core.package_identification:_identify(.) by extension 'ignore'
[0.544s] Level 1:colcon.colcon_core.package_identification:_identify(.) by extension 'ignore_ament_install'
[0.544s] Level 1:colcon.colcon_core.package_identification:_identify(.) by extensions ['colcon_pkg']
[0.544s] Level 1:colcon.colcon_core.package_identification:_identify(.) by extension 'colcon_pkg'
[0.544s] Level 1:colcon.colcon_core.package_identification:_identify(.) by extensions ['colcon_meta']
[0.544s] Level 1:colcon.colcon_core.package_identification:_identify(.) by extension 'colcon_meta'
[0.544s] Level 1:colcon.colcon_core.package_identification:_identify(.) by extensions ['ros']
[0.544s] Level 1:colcon.colcon_core.package_identification:_identify(.) by extension 'ros'
[0.563s] Level 1:colcon.colcon_core.package_identification:_identify(.) by extensions ['cmake', 'python']
[0.563s] Level 1:colcon.colcon_core.package_identification:_identify(.) by extension 'cmake'
[0.563s] Level 1:colcon.colcon_core.package_identification:_identify(.) by extension 'python'
[0.563s] Level 1:colcon.colcon_core.package_identification:_identify(.) by extensions ['python_setup_py']
[0.563s] Level 1:colcon.colcon_core.package_identification:_identify(.) by extension 'python_setup_py'
[0.563s] Level 1:colcon.colcon_core.package_identification:_identify(build) by extensions ['ignore', 'ignore_ament_install']
[0.563s] Level 1:colcon.colcon_core.package_identification:_identify(build) by extension 'ignore'
[0.563s] Level 1:colcon.colcon_core.package_identification:_identify(build) ignored
[0.564s] Level 1:colcon.colcon_core.package_identification:_identify(install) by extensions ['ignore', 'ignore_ament_install']
[0.564s] Level 1:colcon.colcon_core.package_identification:_identify(install) by extension 'ignore'
[0.564s] Level 1:colcon.colcon_core.package_identification:_identify(install) ignored
[0.564s] Level 1:colcon.colcon_core.package_identification:_identify(log) by extensions ['ignore', 'ignore_ament_install']
[0.564s] Level 1:colcon.colcon_core.package_identification:_identify(log) by extension 'ignore'
[0.564s] Level 1:colcon.colcon_core.package_identification:_identify(log) ignored
[0.565s] Level 1:colcon.colcon_core.package_identification:_identify(src) by extensions ['ignore', 'ignore_ament_install']
[0.565s] Level 1:colcon.colcon_core.package_identification:_identify(src) by extension 'ignore'
[0.565s] Level 1:colcon.colcon_core.package_identification:_identify(src) by extension 'ignore_ament_install'
[0.565s] Level 1:colcon.colcon_core.package_identification:_identify(src) by extensions ['colcon_pkg']
[0.565s] Level 1:colcon.colcon_core.package_identification:_identify(src) by extension 'colcon_pkg'
[0.565s] Level 1:colcon.colcon_core.package_identification:_identify(src) by extensions ['colcon_meta']
[0.565s] Level 1:colcon.colcon_core.package_identification:_identify(src) by extension 'colcon_meta'
[0.565s] Level 1:colcon.colcon_core.package_identification:_identify(src) by extensions ['ros']
[0.565s] Level 1:colcon.colcon_core.package_identification:_identify(src) by extension 'ros'
[0.565s] Level 1:colcon.colcon_core.package_identification:_identify(src) by extensions ['cmake', 'python']
[0.565s] Level 1:colcon.colcon_core.package_identification:_identify(src) by extension 'cmake'
[0.565s] Level 1:colcon.colcon_core.package_identification:_identify(src) by extension 'python'
[0.565s] Level 1:colcon.colcon_core.package_identification:_identify(src) by extensions ['python_setup_py']
[0.566s] Level 1:colcon.colcon_core.package_identification:_identify(src) by extension 'python_setup_py'
[0.566s] Level 1:colcon.colcon_core.package_identification:_identify(src/cpp_publisher) by extensions ['ignore', 'ignore_ament_install']
[0.566s] Level 1:colcon.colcon_core.package_identification:_identify(src/cpp_publisher) by extension 'ignore'
[0.566s] Level 1:colcon.colcon_core.package_identification:_identify(src/cpp_publisher) by extension 'ignore_ament_install'
[0.566s] Level 1:colcon.colcon_core.package_identification:_identify(src/cpp_publisher) by extensions ['colcon_pkg']
[0.566s] Level 1:colcon.colcon_core.package_identification:_identify(src/cpp_publisher) by extension 'colcon_pkg'
[0.566s] Level 1:colcon.colcon_core.package_identification:_identify(src/cpp_publisher) by extensions ['colcon_meta']
[0.566s] Level 1:colcon.colcon_core.package_identification:_identify(src/cpp_publisher) by extension 'colcon_meta'
[0.566s] Level 1:colcon.colcon_core.package_identification:_identify(src/cpp_publisher) by extensions ['ros']
[0.566s] Level 1:colcon.colcon_core.package_identification:_identify(src/cpp_publisher) by extension 'ros'
[0.570s] DEBUG:colcon.colcon_core.package_identification:Package 'src/cpp_publisher' with type 'ros.ament_cmake' and name 'cpp_publisher'
[0.570s] Level 1:colcon.colcon_core.package_identification:_identify(src/image_input) by extensions ['ignore', 'ignore_ament_install']
[0.571s] Level 1:colcon.colcon_core.package_identification:_identify(src/image_input) by extension 'ignore'
[0.571s] Level 1:colcon.colcon_core.package_identification:_identify(src/image_input) by extension 'ignore_ament_install'
[0.571s] Level 1:colcon.colcon_core.package_identification:_identify(src/image_input) by extensions ['colcon_pkg']
[0.571s] Level 1:colcon.colcon_core.package_identification:_identify(src/image_input) by extension 'colcon_pkg'
[0.571s] Level 1:colcon.colcon_core.package_identification:_identify(src/image_input) by extensions ['colcon_meta']
[0.571s] Level 1:colcon.colcon_core.package_identification:_identify(src/image_input) by extension 'colcon_meta'
[0.571s] Level 1:colcon.colcon_core.package_identification:_identify(src/image_input) by extensions ['ros']
[0.571s] Level 1:colcon.colcon_core.package_identification:_identify(src/image_input) by extension 'ros'
[0.572s] DEBUG:colcon.colcon_core.package_identification:Package 'src/image_input' with type 'ros.ament_cmake' and name 'image_input'
[0.572s] Level 1:colcon.colcon_core.package_identification:_identify(src/keyboard_input) by extensions ['ignore', 'ignore_ament_install']
[0.573s] Level 1:colcon.colcon_core.package_identification:_identify(src/keyboard_input) by extension 'ignore'
[0.573s] Level 1:colcon.colcon_core.package_identification:_identify(src/keyboard_input) by extension 'ignore_ament_install'
[0.573s] Level 1:colcon.colcon_core.package_identification:_identify(src/keyboard_input) by extensions ['colcon_pkg']
[0.573s] Level 1:colcon.colcon_core.package_identification:_identify(src/keyboard_input) by extension 'colcon_pkg'
[0.573s] Level 1:colcon.colcon_core.package_identification:_identify(src/keyboard_input) by extensions ['colcon_meta']
[0.573s] Level 1:colcon.colcon_core.package_identification:_identify(src/keyboard_input) by extension 'colcon_meta'
[0.573s] Level 1:colcon.colcon_core.package_identification:_identify(src/keyboard_input) by extensions ['ros']
[0.573s] Level 1:colcon.colcon_core.package_identification:_identify(src/keyboard_input) by extension 'ros'
[0.574s] DEBUG:colcon.colcon_core.package_identification:Package 'src/keyboard_input' with type 'ros.ament_cmake' and name 'keyboard_input'
[0.574s] Level 1:colcon.colcon_core.package_identification:_identify(src/paddle_physics) by extensions ['ignore', 'ignore_ament_install']
[0.574s] Level 1:colcon.colcon_core.package_identification:_identify(src/paddle_physics) by extension 'ignore'
[0.574s] Level 1:colcon.colcon_core.package_identification:_identify(src/paddle_physics) by extension 'ignore_ament_install'
[0.574s] Level 1:colcon.colcon_core.package_identification:_identify(src/paddle_physics) by extensions ['colcon_pkg']
[0.574s] Level 1:colcon.colcon_core.package_identification:_identify(src/paddle_physics) by extension 'colcon_pkg'
[0.574s] Level 1:colcon.colcon_core.package_identification:_identify(src/paddle_physics) by extensions ['colcon_meta']
[0.574s] Level 1:colcon.colcon_core.package_identification:_identify(src/paddle_physics) by extension 'colcon_meta'
[0.574s] Level 1:colcon.colcon_core.package_identification:_identify(src/paddle_physics) by extensions ['ros']
[0.574s] Level 1:colcon.colcon_core.package_identification:_identify(src/paddle_physics) by extension 'ros'
[0.575s] DEBUG:colcon.colcon_core.package_identification:Package 'src/paddle_physics' with type 'ros.ament_cmake' and name 'paddle_physics'
[0.575s] Level 1:colcon.colcon_core.package_identification:_identify(src/pong_core) by extensions ['ignore', 'ignore_ament_install']
[0.575s] Level 1:colcon.colcon_core.package_identification:_identify(src/pong_core) by extension 'ignore'
[0.575s] Level 1:colcon.colcon_core.package_identification:_identify(src/pong_core) by extension 'ignore_ament_install'
[0.575s] Level 1:colcon.colcon_core.package_identification:_identify(src/pong_core) by extensions ['colcon_pkg']
[0.575s] Level 1:colcon.colcon_core.package_identification:_identify(src/pong_core) by extension 'colcon_pkg'
[0.575s] Level 1:colcon.colcon_core.package_identification:_identify(src/pong_core) by extensions ['colcon_meta']
[0.575s] Level 1:colcon.colcon_core.package_identification:_identify(src/pong_core) by extension 'colcon_meta'
[0.575s] Level 1:colcon.colcon_core.package_identification:_identify(src/pong_core) by extensions ['ros']
[0.576s] Level 1:colcon.colcon_core.package_identification:_identify(src/pong_core) by extension 'ros'
[0.577s] DEBUG:colcon.colcon_core.package_identification:Package 'src/pong_core' with type 'ros.ament_cmake' and name 'pong_core'
[0.577s] Level 1:colcon.colcon_core.package_identification:_identify(src/score) by extensions ['ignore', 'ignore_ament_install']
[0.577s] Level 1:colcon.colcon_core.package_identification:_identify(src/score) by extension 'ignore'
[0.577s] Level 1:colcon.colcon_core.package_identification:_identify(src/score) by extension 'ignore_ament_install'
[0.577s] Level 1:colcon.colcon_core.package_identification:_identify(src/score) by extensions ['colcon_pkg']
[0.577s] Level 1:colcon.colcon_core.package_identification:_identify(src/score) by extension 'colcon_pkg'
[0.577s] Level 1:colcon.colcon_core.package_identification:_identify(src/score) by extensions ['colcon_meta']
[0.577s] Level 1:colcon.colcon_core.package_identification:_identify(src/score) by extension 'colcon_meta'
[0.577s] Level 1:colcon.colcon_core.package_identification:_identify(src/score) by extensions ['ros']
[0.577s] Level 1:colcon.colcon_core.package_identification:_identify(src/score) by extension 'ros'
[0.578s] DEBUG:colcon.colcon_core.package_identification:Package 'src/score' with type 'ros.ament_cmake' and name 'score'
[0.579s] Level 1:colcon.colcon_core.package_identification:_identify(src/tutorial_interfaces) by extensions ['ignore', 'ignore_ament_install']
[0.579s] Level 1:colcon.colcon_core.package_identification:_identify(src/tutorial_interfaces) by extension 'ignore'
[0.579s] Level 1:colcon.colcon_core.package_identification:_identify(src/tutorial_interfaces) by extension 'ignore_ament_install'
[0.579s] Level 1:colcon.colcon_core.package_identification:_identify(src/tutorial_interfaces) by extensions ['colcon_pkg']
[0.579s] Level 1:colcon.colcon_core.package_identification:_identify(src/tutorial_interfaces) by extension 'colcon_pkg'
[0.579s] Level 1:colcon.colcon_core.package_identification:_identify(src/tutorial_interfaces) by extensions ['colcon_meta']
[0.579s] Level 1:colcon.colcon_core.package_identification:_identify(src/tutorial_interfaces) by extension 'colcon_meta'
[0.579s] Level 1:colcon.colcon_core.package_identification:_identify(src/tutorial_interfaces) by extensions ['ros']
[0.579s] Level 1:colcon.colcon_core.package_identification:_identify(src/tutorial_interfaces) by extension 'ros'
[0.580s] DEBUG:colcon.colcon_core.package_identification:Package 'src/tutorial_interfaces' with type 'ros.ament_cmake' and name 'tutorial_interfaces'
[0.581s] Level 1:colcon.colcon_core.package_identification:_identify(src/visualization_package) by extensions ['ignore', 'ignore_ament_install']
[0.581s] Level 1:colcon.colcon_core.package_identification:_identify(src/visualization_package) by extension 'ignore'
[0.581s] Level 1:colcon.colcon_core.package_identification:_identify(src/visualization_package) by extension 'ignore_ament_install'
[0.581s] Level 1:colcon.colcon_core.package_identification:_identify(src/visualization_package) by extensions ['colcon_pkg']
[0.581s] Level 1:colcon.colcon_core.package_identification:_identify(src/visualization_package) by extension 'colcon_pkg'
[0.581s] Level 1:colcon.colcon_core.package_identification:_identify(src/visualization_package) by extensions ['colcon_meta']
[0.581s] Level 1:colcon.colcon_core.package_identification:_identify(src/visualization_package) by extension 'colcon_meta'
[0.581s] Level 1:colcon.colcon_core.package_identification:_identify(src/visualization_package) by extensions ['ros']
[0.581s] Level 1:colcon.colcon_core.package_identification:_identify(src/visualization_package) by extension 'ros'
[0.582s] DEBUG:colcon.colcon_core.package_identification:Package 'src/visualization_package' with type 'ros.ament_cmake' and name 'visualization_package'
[0.582s] Level 1:colcon.colcon_core.package_discovery:discover_packages(recursive) using defaults
[0.582s] Level 1:colcon.colcon_core.package_discovery:discover_packages(ignore) discover
[0.582s] Level 1:colcon.colcon_core.package_discovery:discover_packages(ignore) using defaults
[0.582s] Level 1:colcon.colcon_core.package_discovery:discover_packages(path) discover
[0.582s] Level 1:colcon.colcon_core.package_discovery:discover_packages(path) using defaults
[0.636s] Level 1:colcon.colcon_core.package_discovery:discover_packages(prefix_path) check parameters
[0.637s] Level 1:colcon.colcon_core.package_discovery:discover_packages(prefix_path) discover
[0.649s] DEBUG:colcon.colcon_installed_package_information.package_discovery:Found 270 installed packages in /opt/ros/humble
[0.653s] Level 1:colcon.colcon_core.package_discovery:discover_packages(prefix_path) using defaults
[0.774s] Level 5:colcon.colcon_core.verb:set package 'image_input' build argument 'cmake_args' from command line to 'None'
[0.774s] Level 5:colcon.colcon_core.verb:set package 'image_input' build argument 'cmake_target' from command line to 'None'
[0.774s] Level 5:colcon.colcon_core.verb:set package 'image_input' build argument 'cmake_target_skip_unavailable' from command line to 'False'
[0.774s] Level 5:colcon.colcon_core.verb:set package 'image_input' build argument 'cmake_clean_cache' from command line to 'False'
[0.774s] Level 5:colcon.colcon_core.verb:set package 'image_input' build argument 'cmake_clean_first' from command line to 'False'
[0.774s] Level 5:colcon.colcon_core.verb:set package 'image_input' build argument 'cmake_force_configure' from command line to 'False'
[0.774s] Level 5:colcon.colcon_core.verb:set package 'image_input' build argument 'ament_cmake_args' from command line to 'None'
[0.774s] Level 5:colcon.colcon_core.verb:set package 'image_input' build argument 'catkin_cmake_args' from command line to 'None'
[0.774s] Level 5:colcon.colcon_core.verb:set package 'image_input' build argument 'catkin_skip_building_tests' from command line to 'False'
[0.774s] DEBUG:colcon.colcon_core.verb:Building package 'image_input' with the following arguments: {'ament_cmake_args': None, 'build_base': '/home/ram-user/Desktop/rosProject/build/image_input', 'catkin_cmake_args': None, 'catkin_skip_building_tests': False, 'cmake_args': None, 'cmake_clean_cache': False, 'cmake_clean_first': False, 'cmake_force_configure': False, 'cmake_target': None, 'cmake_target_skip_unavailable': False, 'install_base': '/home/ram-user/Desktop/rosProject/install/image_input', 'merge_install': False, 'path': '/home/ram-user/Desktop/rosProject/src/image_input', 'symlink_install': False, 'test_result_base': None}
[0.775s] Level 5:colcon.colcon_core.verb:set package 'keyboard_input' build argument 'cmake_args' from command line to 'None'
[0.775s] Level 5:colcon.colcon_core.verb:set package 'keyboard_input' build argument 'cmake_target' from command line to 'None'
[0.775s] Level 5:colcon.colcon_core.verb:set package 'keyboard_input' build argument 'cmake_target_skip_unavailable' from command line to 'False'
[0.775s] Level 5:colcon.colcon_core.verb:set package 'keyboard_input' build argument 'cmake_clean_cache' from command line to 'False'
[0.775s] Level 5:colcon.colcon_core.verb:set package 'keyboard_input' build argument 'cmake_clean_first' from command line to 'False'
[0.775s] Level 5:colcon.colcon_core.verb:set package 'keyboard_input' build argument 'cmake_force_configure' from command line to 'False'
[0.776s] Level 5:colcon.colcon_core.verb:set package 'keyboard_input' build argument 'ament_cmake_args' from command line to 'None'
[0.776s] Level 5:colcon.colcon_core.verb:set package 'keyboard_input' build argument 'catkin_cmake_args' from command line to 'None'
[0.776s] Level 5:colcon.colcon_core.verb:set package 'keyboard_input' build argument 'catkin_skip_building_tests' from command line to 'False'
[0.776s] DEBUG:colcon.colcon_core.verb:Building package 'keyboard_input' with the following arguments: {'ament_cmake_args': None, 'build_base': '/home/ram-user/Desktop/rosProject/build/keyboard_input', 'catkin_cmake_args': None, 'catkin_skip_building_tests': False, 'cmake_args': None, 'cmake_clean_cache': False, 'cmake_clean_first': False, 'cmake_force_configure': False, 'cmake_target': None, 'cmake_target_skip_unavailable': False, 'install_base': '/home/ram-user/Desktop/rosProject/install/keyboard_input', 'merge_install': False, 'path': '/home/ram-user/Desktop/rosProject/src/keyboard_input', 'symlink_install': False, 'test_result_base': None}
[0.777s] Level 5:colcon.colcon_core.verb:set package 'paddle_physics' build argument 'cmake_args' from command line to 'None'
[0.777s] Level 5:colcon.colcon_core.verb:set package 'paddle_physics' build argument 'cmake_target' from command line to 'None'
[0.777s] Level 5:colcon.colcon_core.verb:set package 'paddle_physics' build argument 'cmake_target_skip_unavailable' from command line to 'False'
[0.777s] Level 5:colcon.colcon_core.verb:set package 'paddle_physics' build argument 'cmake_clean_cache' from command line to 'False'
[0.777s] Level 5:colcon.colcon_core.verb:set package 'paddle_physics' build argument 'cmake_clean_first' from command line to 'False'
[0.777s] Level 5:colcon.colcon_core.verb:set package 'paddle_physics' build argument 'cmake_force_configure' from command line to 'False'
[0.777s] Level 5:colcon.colcon_core.verb:set package 'paddle_physics' build argument 'ament_cmake_args' from command line to 'None'
[0.777s] Level 5:colcon.colcon_core.verb:set package 'paddle_physics' build argument 'catkin_cmake_args' from command line to 'None'
[0.777s] Level 5:colcon.colcon_core.verb:set package 'paddle_physics' build argument 'catkin_skip_building_tests' from command line to 'False'
[0.777s] DEBUG:colcon.colcon_core.verb:Building package 'paddle_physics' with the following arguments: {'ament_cmake_args': None, 'build_base': '/home/ram-user/Desktop/rosProject/build/paddle_physics', 'catkin_cmake_args': None, 'catkin_skip_building_tests': False, 'cmake_args': None, 'cmake_clean_cache': False, 'cmake_clean_first': False, 'cmake_force_configure': False, 'cmake_target': None, 'cmake_target_skip_unavailable': False, 'install_base': '/home/ram-user/Desktop/rosProject/install/paddle_physics', 'merge_install': False, 'path': '/home/ram-user/Desktop/rosProject/src/paddle_physics', 'symlink_install': False, 'test_result_base': None}
[0.778s] Level 5:colcon.colcon_core.verb:set package 'tutorial_interfaces' build argument 'cmake_args' from command line to 'None'
[0.778s] Level 5:colcon.colcon_core.verb:set package 'tutorial_interfaces' build argument 'cmake_target' from command line to 'None'
[0.778s] Level 5:colcon.colcon_core.verb:set package 'tutorial_interfaces' build argument 'cmake_target_skip_unavailable' from command line to 'False'
[0.778s] Level 5:colcon.colcon_core.verb:set package 'tutorial_interfaces' build argument 'cmake_clean_cache' from command line to 'False'
[0.779s] Level 5:colcon.colcon_core.verb:set package 'tutorial_interfaces' build argument 'cmake_clean_first' from command line to 'False'
[0.779s] Level 5:colcon.colcon_core.verb:set package 'tutorial_interfaces' build argument 'cmake_force_configure' from command line to 'False'
[0.779s] Level 5:colcon.colcon_core.verb:set package 'tutorial_interfaces' build argument 'ament_cmake_args' from command line to 'None'
[0.779s] Level 5:colcon.colcon_core.verb:set package 'tutorial_interfaces' build argument 'catkin_cmake_args' from command line to 'None'
[0.779s] Level 5:colcon.colcon_core.verb:set package 'tutorial_interfaces' build argument 'catkin_skip_building_tests' from command line to 'False'
[0.779s] DEBUG:colcon.colcon_core.verb:Building package 'tutorial_interfaces' with the following arguments: {'ament_cmake_args': None, 'build_base': '/home/ram-user/Desktop/rosProject/build/tutorial_interfaces', 'catkin_cmake_args': None, 'catkin_skip_building_tests': False, 'cmake_args': None, 'cmake_clean_cache': False, 'cmake_clean_first': False, 'cmake_force_configure': False, 'cmake_target': None, 'cmake_target_skip_unavailable': False, 'install_base': '/home/ram-user/Desktop/rosProject/install/tutorial_interfaces', 'merge_install': False, 'path': '/home/ram-user/Desktop/rosProject/src/tutorial_interfaces', 'symlink_install': False, 'test_result_base': None}
[0.780s] Level 5:colcon.colcon_core.verb:set package 'cpp_publisher' build argument 'cmake_args' from command line to 'None'
[0.780s] Level 5:colcon.colcon_core.verb:set package 'cpp_publisher' build argument 'cmake_target' from command line to 'None'
[0.780s] Level 5:colcon.colcon_core.verb:set package 'cpp_publisher' build argument 'cmake_target_skip_unavailable' from command line to 'False'
[0.780s] Level 5:colcon.colcon_core.verb:set package 'cpp_publisher' build argument 'cmake_clean_cache' from command line to 'False'
[0.780s] Level 5:colcon.colcon_core.verb:set package 'cpp_publisher' build argument 'cmake_clean_first' from command line to 'False'
[0.780s] Level 5:colcon.colcon_core.verb:set package 'cpp_publisher' build argument 'cmake_force_configure' from command line to 'False'
[0.780s] Level 5:colcon.colcon_core.verb:set package 'cpp_publisher' build argument 'ament_cmake_args' from command line to 'None'
[0.780s] Level 5:colcon.colcon_core.verb:set package 'cpp_publisher' build argument 'catkin_cmake_args' from command line to 'None'
[0.780s] Level 5:colcon.colcon_core.verb:set package 'cpp_publisher' build argument 'catkin_skip_building_tests' from command line to 'False'
[0.780s] DEBUG:colcon.colcon_core.verb:Building package 'cpp_publisher' with the following arguments: {'ament_cmake_args': None, 'build_base': '/home/ram-user/Desktop/rosProject/build/cpp_publisher', 'catkin_cmake_args': None, 'catkin_skip_building_tests': False, 'cmake_args': None, 'cmake_clean_cache': False, 'cmake_clean_first': False, 'cmake_force_configure': False, 'cmake_target': None, 'cmake_target_skip_unavailable': False, 'install_base': '/home/ram-user/Desktop/rosProject/install/cpp_publisher', 'merge_install': False, 'path': '/home/ram-user/Desktop/rosProject/src/cpp_publisher', 'symlink_install': False, 'test_result_base': None}
[0.782s] Level 5:colcon.colcon_core.verb:set package 'pong_core' build argument 'cmake_args' from command line to 'None'
[0.782s] Level 5:colcon.colcon_core.verb:set package 'pong_core' build argument 'cmake_target' from command line to 'None'
[0.782s] Level 5:colcon.colcon_core.verb:set package 'pong_core' build argument 'cmake_target_skip_unavailable' from command line to 'False'
[0.782s] Level 5:colcon.colcon_core.verb:set package 'pong_core' build argument 'cmake_clean_cache' from command line to 'False'
[0.782s] Level 5:colcon.colcon_core.verb:set package 'pong_core' build argument 'cmake_clean_first' from command line to 'False'
[0.782s] Level 5:colcon.colcon_core.verb:set package 'pong_core' build argument 'cmake_force_configure' from command line to 'False'
[0.782s] Level 5:colcon.colcon_core.verb:set package 'pong_core' build argument 'ament_cmake_args' from command line to 'None'
[0.782s] Level 5:colcon.colcon_core.verb:set package 'pong_core' build argument 'catkin_cmake_args' from command line to 'None'
[0.782s] Level 5:colcon.colcon_core.verb:set package 'pong_core' build argument 'catkin_skip_building_tests' from command line to 'False'
[0.782s] DEBUG:colcon.colcon_core.verb:Building package 'pong_core' with the following arguments: {'ament_cmake_args': None, 'build_base': '/home/ram-user/Desktop/rosProject/build/pong_core', 'catkin_cmake_args': None, 'catkin_skip_building_tests': False, 'cmake_args': None, 'cmake_clean_cache': False, 'cmake_clean_first': False, 'cmake_force_configure': False, 'cmake_target': None, 'cmake_target_skip_unavailable': False, 'install_base': '/home/ram-user/Desktop/rosProject/install/pong_core', 'merge_install': False, 'path': '/home/ram-user/Desktop/rosProject/src/pong_core', 'symlink_install': False, 'test_result_base': None}
[0.783s] Level 5:colcon.colcon_core.verb:set package 'score' build argument 'cmake_args' from command line to 'None'
[0.783s] Level 5:colcon.colcon_core.verb:set package 'score' build argument 'cmake_target' from command line to 'None'
[0.783s] Level 5:colcon.colcon_core.verb:set package 'score' build argument 'cmake_target_skip_unavailable' from command line to 'False'
[0.783s] Level 5:colcon.colcon_core.verb:set package 'score' build argument 'cmake_clean_cache' from command line to 'False'
[0.783s] Level 5:colcon.colcon_core.verb:set package 'score' build argument 'cmake_clean_first' from command line to 'False'
[0.783s] Level 5:colcon.colcon_core.verb:set package 'score' build argument 'cmake_force_configure' from command line to 'False'
[0.783s] Level 5:colcon.colcon_core.verb:set package 'score' build argument 'ament_cmake_args' from command line to 'None'
[0.783s] Level 5:colcon.colcon_core.verb:set package 'score' build argument 'catkin_cmake_args' from command line to 'None'
[0.783s] Level 5:colcon.colcon_core.verb:set package 'score' build argument 'catkin_skip_building_tests' from command line to 'False'
[0.784s] DEBUG:colcon.colcon_core.verb:Building package 'score' with the following arguments: {'ament_cmake_args': None, 'build_base': '/home/ram-user/Desktop/rosProject/build/score', 'catkin_cmake_args': None, 'catkin_skip_building_tests': False, 'cmake_args': None, 'cmake_clean_cache': False, 'cmake_clean_first': False, 'cmake_force_configure': False, 'cmake_target': None, 'cmake_target_skip_unavailable': False, 'install_base': '/home/ram-user/Desktop/rosProject/install/score', 'merge_install': False, 'path': '/home/ram-user/Desktop/rosProject/src/score', 'symlink_install': False, 'test_result_base': None}
[0.785s] Level 5:colcon.colcon_core.verb:set package 'visualization_package' build argument 'cmake_args' from command line to 'None'
[0.785s] Level 5:colcon.colcon_core.verb:set package 'visualization_package' build argument 'cmake_target' from command line to 'None'
[0.785s] Level 5:colcon.colcon_core.verb:set package 'visualization_package' build argument 'cmake_target_skip_unavailable' from command line to 'False'
[0.785s] Level 5:colcon.colcon_core.verb:set package 'visualization_package' build argument 'cmake_clean_cache' from command line to 'False'
[0.785s] Level 5:colcon.colcon_core.verb:set package 'visualization_package' build argument 'cmake_clean_first' from command line to 'False'
[0.785s] Level 5:colcon.colcon_core.verb:set package 'visualization_package' build argument 'cmake_force_configure' from command line to 'False'
[0.785s] Level 5:colcon.colcon_core.verb:set package 'visualization_package' build argument 'ament_cmake_args' from command line to 'None'
[0.785s] Level 5:colcon.colcon_core.verb:set package 'visualization_package' build argument 'catkin_cmake_args' from command line to 'None'
[0.785s] Level 5:colcon.colcon_core.verb:set package 'visualization_package' build argument 'catkin_skip_building_tests' from command line to 'False'
[0.785s] DEBUG:colcon.colcon_core.verb:Building package 'visualization_package' with the following arguments: {'ament_cmake_args': None, 'build_base': '/home/ram-user/Desktop/rosProject/build/visualization_package', 'catkin_cmake_args': None, 'catkin_skip_building_tests': False, 'cmake_args': None, 'cmake_clean_cache': False, 'cmake_clean_first': False, 'cmake_force_configure': False, 'cmake_target': None, 'cmake_target_skip_unavailable': False, 'install_base': '/home/ram-user/Desktop/rosProject/install/visualization_package', 'merge_install': False, 'path': '/home/ram-user/Desktop/rosProject/src/visualization_package', 'symlink_install': False, 'test_result_base': None}
[0.786s] INFO:colcon.colcon_core.executor:Executing jobs using 'parallel' executor
[0.791s] DEBUG:colcon.colcon_parallel_executor.executor.parallel:run_until_complete
[0.792s] INFO:colcon.colcon_ros.task.ament_cmake.build:Building ROS package in '/home/ram-user/Desktop/rosProject/src/tutorial_interfaces' with build type 'ament_cmake'
[0.792s] INFO:colcon.colcon_cmake.task.cmake.build:Building CMake package in '/home/ram-user/Desktop/rosProject/src/tutorial_interfaces'
[0.800s] INFO:colcon.colcon_core.plugin_system:Skipping extension 'colcon_core.shell.bat': Not used on non-Windows systems
[0.800s] INFO:colcon.colcon_core.shell:Skip shell extension 'powershell' for command environment: Not usable outside of PowerShell
[0.801s] DEBUG:colcon.colcon_core.shell:Skip shell extension 'dsv' for command environment
[0.811s] INFO:colcon.colcon_ros.task.ament_cmake.build:Building ROS package in '/home/ram-user/Desktop/rosProject/src/image_input' with build type 'ament_cmake'
[0.811s] INFO:colcon.colcon_cmake.task.cmake.build:Building CMake package in '/home/ram-user/Desktop/rosProject/src/image_input'
[0.813s] INFO:colcon.colcon_core.shell:Skip shell extension 'powershell' for command environment: Not usable outside of PowerShell
[0.813s] DEBUG:colcon.colcon_core.shell:Skip shell extension 'dsv' for command environment
[0.844s] DEBUG:colcon.colcon_core.event_handler.log_command:Invoking command in '/home/ram-user/Desktop/rosProject/build/tutorial_interfaces': CMAKE_PREFIX_PATH=/opt/ros/humble /usr/bin/cmake --build /home/ram-user/Desktop/rosProject/build/tutorial_interfaces -- -j2 -l2
[0.857s] DEBUG:colcon.colcon_core.event_handler.log_command:Invoking command in '/home/ram-user/Desktop/rosProject/build/image_input': CMAKE_PREFIX_PATH=/opt/ros/humble /usr/bin/cmake --build /home/ram-user/Desktop/rosProject/build/image_input -- -j2 -l2
[1.043s] DEBUG:colcon.colcon_core.event_handler.log_command:Invoked command in '/home/ram-user/Desktop/rosProject/build/image_input' returned '0': CMAKE_PREFIX_PATH=/opt/ros/humble /usr/bin/cmake --build /home/ram-user/Desktop/rosProject/build/image_input -- -j2 -l2
[1.185s] DEBUG:colcon.colcon_core.event_handler.log_command:Invoking command in '/home/ram-user/Desktop/rosProject/build/image_input': CMAKE_PREFIX_PATH=/opt/ros/humble /usr/bin/cmake --install /home/ram-user/Desktop/rosProject/build/image_input
[1.204s] Level 1:colcon.colcon_core.environment:create_environment_scripts_only(image_input)
[1.212s] Level 1:colcon.colcon_core.environment:checking '/home/ram-user/Desktop/rosProject/install/image_input' for CMake module files
[1.212s] Level 1:colcon.colcon_core.environment:checking '/home/ram-user/Desktop/rosProject/install/image_input' for CMake config files
[1.212s] Level 1:colcon.colcon_core.shell:create_environment_hook('image_input', 'cmake_prefix_path')
[1.216s] INFO:colcon.colcon_core.shell:Creating environment hook '/home/ram-user/Desktop/rosProject/install/image_input/share/image_input/hook/cmake_prefix_path.ps1'
[1.217s] DEBUG:colcon.colcon_core.event_handler.log_command:Invoked command in '/home/ram-user/Desktop/rosProject/build/image_input' returned '0': CMAKE_PREFIX_PATH=/opt/ros/humble /usr/bin/cmake --install /home/ram-user/Desktop/rosProject/build/image_input
[1.218s] INFO:colcon.colcon_core.shell:Creating environment descriptor '/home/ram-user/Desktop/rosProject/install/image_input/share/image_input/hook/cmake_prefix_path.dsv'
[1.228s] INFO:colcon.colcon_core.shell:Creating environment hook '/home/ram-user/Desktop/rosProject/install/image_input/share/image_input/hook/cmake_prefix_path.sh'
[1.230s] Level 1:colcon.colcon_core.environment:checking '/home/ram-user/Desktop/rosProject/install/image_input/lib'
[1.230s] Level 1:colcon.colcon_core.environment:checking '/home/ram-user/Desktop/rosProject/install/image_input/bin'
[1.230s] Level 1:colcon.colcon_core.environment:checking '/home/ram-user/Desktop/rosProject/install/image_input/lib/pkgconfig/image_input.pc'
[1.230s] Level 1:colcon.colcon_core.environment:checking '/home/ram-user/Desktop/rosProject/install/image_input/lib/python3.10/site-packages'
[1.231s] Level 1:colcon.colcon_core.environment:checking '/home/ram-user/Desktop/rosProject/install/image_input/bin'
[1.242s] INFO:colcon.colcon_core.shell:Creating package script '/home/ram-user/Desktop/rosProject/install/image_input/share/image_input/package.ps1'
[1.244s] INFO:colcon.colcon_core.shell:Creating package descriptor '/home/ram-user/Desktop/rosProject/install/image_input/share/image_input/package.dsv'
[1.245s] INFO:colcon.colcon_core.shell:Creating package script '/home/ram-user/Desktop/rosProject/install/image_input/share/image_input/package.sh'
[1.246s] INFO:colcon.colcon_core.shell:Creating package script '/home/ram-user/Desktop/rosProject/install/image_input/share/image_input/package.bash'
[1.247s] INFO:colcon.colcon_core.shell:Creating package script '/home/ram-user/Desktop/rosProject/install/image_input/share/image_input/package.zsh'
[1.254s] Level 1:colcon.colcon_core.environment:create_file_with_runtime_dependencies(/home/ram-user/Desktop/rosProject/install/image_input/share/colcon-core/packages/image_input)
[1.359s] Level 1:colcon.colcon_core.environment:create_environment_scripts_only(image_input)
[1.361s] Level 1:colcon.colcon_core.environment:checking '/home/ram-user/Desktop/rosProject/install/image_input' for CMake module files
[1.362s] Level 1:colcon.colcon_core.environment:checking '/home/ram-user/Desktop/rosProject/install/image_input' for CMake config files
[1.362s] Level 1:colcon.colcon_core.shell:create_environment_hook('image_input', 'cmake_prefix_path')
[1.364s] INFO:colcon.colcon_core.shell:Creating environment hook '/home/ram-user/Desktop/rosProject/install/image_input/share/image_input/hook/cmake_prefix_path.ps1'
[1.366s] INFO:colcon.colcon_core.shell:Creating environment descriptor '/home/ram-user/Desktop/rosProject/install/image_input/share/image_input/hook/cmake_prefix_path.dsv'
[1.367s] INFO:colcon.colcon_core.shell:Creating environment hook '/home/ram-user/Desktop/rosProject/install/image_input/share/image_input/hook/cmake_prefix_path.sh'
[1.369s] Level 1:colcon.colcon_core.environment:checking '/home/ram-user/Desktop/rosProject/install/image_input/lib'
[1.369s] Level 1:colcon.colcon_core.environment:checking '/home/ram-user/Desktop/rosProject/install/image_input/bin'
[1.369s] Level 1:colcon.colcon_core.environment:checking '/home/ram-user/Desktop/rosProject/install/image_input/lib/pkgconfig/image_input.pc'
[1.370s] Level 1:colcon.colcon_core.environment:checking '/home/ram-user/Desktop/rosProject/install/image_input/lib/python3.10/site-packages'
[1.370s] Level 1:colcon.colcon_core.environment:checking '/home/ram-user/Desktop/rosProject/install/image_input/bin'
[1.372s] INFO:colcon.colcon_core.shell:Creating package script '/home/ram-user/Desktop/rosProject/install/image_input/share/image_input/package.ps1'
[1.375s] INFO:colcon.colcon_core.shell:Creating package descriptor '/home/ram-user/Desktop/rosProject/install/image_input/share/image_input/package.dsv'
[1.377s] INFO:colcon.colcon_core.shell:Creating package script '/home/ram-user/Desktop/rosProject/install/image_input/share/image_input/package.sh'
[1.378s] INFO:colcon.colcon_core.shell:Creating package script '/home/ram-user/Desktop/rosProject/install/image_input/share/image_input/package.bash'
[1.380s] INFO:colcon.colcon_core.shell:Creating package script '/home/ram-user/Desktop/rosProject/install/image_input/share/image_input/package.zsh'
[1.381s] Level 1:colcon.colcon_core.environment:create_file_with_runtime_dependencies(/home/ram-user/Desktop/rosProject/install/image_input/share/colcon-core/packages/image_input)
[1.383s] INFO:colcon.colcon_ros.task.ament_cmake.build:Building ROS package in '/home/ram-user/Desktop/rosProject/src/keyboard_input' with build type 'ament_cmake'
[1.383s] INFO:colcon.colcon_cmake.task.cmake.build:Building CMake package in '/home/ram-user/Desktop/rosProject/src/keyboard_input'
[1.385s] INFO:colcon.colcon_core.shell:Skip shell extension 'powershell' for command environment: Not usable outside of PowerShell
[1.385s] DEBUG:colcon.colcon_core.shell:Skip shell extension 'dsv' for command environment
[1.540s] DEBUG:colcon.colcon_core.event_handler.log_command:Invoking command in '/home/ram-user/Desktop/rosProject/build/keyboard_input': CMAKE_PREFIX_PATH=/opt/ros/humble /usr/bin/cmake --build /home/ram-user/Desktop/rosProject/build/keyboard_input -- -j2 -l2
[1.662s] DEBUG:colcon.colcon_core.event_handler.log_command:Invoked command in '/home/ram-user/Desktop/rosProject/build/keyboard_input' returned '0': CMAKE_PREFIX_PATH=/opt/ros/humble /usr/bin/cmake --build /home/ram-user/Desktop/rosProject/build/keyboard_input -- -j2 -l2
[1.737s] DEBUG:colcon.colcon_core.event_handler.log_command:Invoking command in '/home/ram-user/Desktop/rosProject/build/keyboard_input': CMAKE_PREFIX_PATH=/opt/ros/humble /usr/bin/cmake --install /home/ram-user/Desktop/rosProject/build/keyboard_input
[1.762s] Level 1:colcon.colcon_core.environment:create_environment_scripts_only(keyboard_input)
[1.765s] Level 1:colcon.colcon_core.environment:checking '/home/ram-user/Desktop/rosProject/install/keyboard_input' for CMake module files
[1.765s] DEBUG:colcon.colcon_core.event_handler.log_command:Invoked command in '/home/ram-user/Desktop/rosProject/build/keyboard_input' returned '0': CMAKE_PREFIX_PATH=/opt/ros/humble /usr/bin/cmake --install /home/ram-user/Desktop/rosProject/build/keyboard_input
[1.766s] Level 1:colcon.colcon_core.environment:checking '/home/ram-user/Desktop/rosProject/install/keyboard_input' for CMake config files
[1.766s] Level 1:colcon.colcon_core.shell:create_environment_hook('keyboard_input', 'cmake_prefix_path')
[1.768s] INFO:colcon.colcon_core.shell:Creating environment hook '/home/ram-user/Desktop/rosProject/install/keyboard_input/share/keyboard_input/hook/cmake_prefix_path.ps1'
[1.769s] INFO:colcon.colcon_core.shell:Creating environment descriptor '/home/ram-user/Desktop/rosProject/install/keyboard_input/share/keyboard_input/hook/cmake_prefix_path.dsv'
[1.770s] INFO:colcon.colcon_core.shell:Creating environment hook '/home/ram-user/Desktop/rosProject/install/keyboard_input/share/keyboard_input/hook/cmake_prefix_path.sh'
[1.771s] Level 1:colcon.colcon_core.environment:checking '/home/ram-user/Desktop/rosProject/install/keyboard_input/lib'
[1.771s] Level 1:colcon.colcon_core.environment:checking '/home/ram-user/Desktop/rosProject/install/keyboard_input/bin'
[1.771s] Level 1:colcon.colcon_core.environment:checking '/home/ram-user/Desktop/rosProject/install/keyboard_input/lib/pkgconfig/keyboard_input.pc'
[1.773s] Level 1:colcon.colcon_core.environment:checking '/home/ram-user/Desktop/rosProject/install/keyboard_input/lib/python3.10/site-packages'
[1.773s] Level 1:colcon.colcon_core.environment:checking '/home/ram-user/Desktop/rosProject/install/keyboard_input/bin'
[1.775s] INFO:colcon.colcon_core.shell:Creating package script '/home/ram-user/Desktop/rosProject/install/keyboard_input/share/keyboard_input/package.ps1'
[1.777s] INFO:colcon.colcon_core.shell:Creating package descriptor '/home/ram-user/Desktop/rosProject/install/keyboard_input/share/keyboard_input/package.dsv'
[1.778s] INFO:colcon.colcon_core.shell:Creating package script '/home/ram-user/Desktop/rosProject/install/keyboard_input/share/keyboard_input/package.sh'
[1.779s] INFO:colcon.colcon_core.shell:Creating package script '/home/ram-user/Desktop/rosProject/install/keyboard_input/share/keyboard_input/package.bash'
[1.780s] INFO:colcon.colcon_core.shell:Creating package script '/home/ram-user/Desktop/rosProject/install/keyboard_input/share/keyboard_input/package.zsh'
[1.782s] Level 1:colcon.colcon_core.environment:create_file_with_runtime_dependencies(/home/ram-user/Desktop/rosProject/install/keyboard_input/share/colcon-core/packages/keyboard_input)
[1.794s] DEBUG:colcon.colcon_core.event_handler.log_command:Invoked command in '/home/ram-user/Desktop/rosProject/build/tutorial_interfaces' returned '0': CMAKE_PREFIX_PATH=/opt/ros/humble /usr/bin/cmake --build /home/ram-user/Desktop/rosProject/build/tutorial_interfaces -- -j2 -l2
[1.845s] Level 1:colcon.colcon_core.environment:create_environment_scripts_only(keyboard_input)
[1.848s] Level 1:colcon.colcon_core.environment:checking '/home/ram-user/Desktop/rosProject/install/keyboard_input' for CMake module files
[1.849s] Level 1:colcon.colcon_core.environment:checking '/home/ram-user/Desktop/rosProject/install/keyboard_input' for CMake config files
[1.849s] Level 1:colcon.colcon_core.shell:create_environment_hook('keyboard_input', 'cmake_prefix_path')
[1.850s] INFO:colcon.colcon_core.shell:Creating environment hook '/home/ram-user/Desktop/rosProject/install/keyboard_input/share/keyboard_input/hook/cmake_prefix_path.ps1'
[1.851s] INFO:colcon.colcon_core.shell:Creating environment descriptor '/home/ram-user/Desktop/rosProject/install/keyboard_input/share/keyboard_input/hook/cmake_prefix_path.dsv'
[1.852s] INFO:colcon.colcon_core.shell:Creating environment hook '/home/ram-user/Desktop/rosProject/install/keyboard_input/share/keyboard_input/hook/cmake_prefix_path.sh'
[1.853s] Level 1:colcon.colcon_core.environment:checking '/home/ram-user/Desktop/rosProject/install/keyboard_input/lib'
[1.853s] Level 1:colcon.colcon_core.environment:checking '/home/ram-user/Desktop/rosProject/install/keyboard_input/bin'
[1.853s] Level 1:colcon.colcon_core.environment:checking '/home/ram-user/Desktop/rosProject/install/keyboard_input/lib/pkgconfig/keyboard_input.pc'
[1.854s] Level 1:colcon.colcon_core.environment:checking '/home/ram-user/Desktop/rosProject/install/keyboard_input/lib/python3.10/site-packages'
[1.854s] Level 1:colcon.colcon_core.environment:checking '/home/ram-user/Desktop/rosProject/install/keyboard_input/bin'
[1.856s] INFO:colcon.colcon_core.shell:Creating package script '/home/ram-user/Desktop/rosProject/install/keyboard_input/share/keyboard_input/package.ps1'
[1.857s] INFO:colcon.colcon_core.shell:Creating package descriptor '/home/ram-user/Desktop/rosProject/install/keyboard_input/share/keyboard_input/package.dsv'
[1.858s] INFO:colcon.colcon_core.shell:Creating package script '/home/ram-user/Desktop/rosProject/install/keyboard_input/share/keyboard_input/package.sh'
[1.859s] INFO:colcon.colcon_core.shell:Creating package script '/home/ram-user/Desktop/rosProject/install/keyboard_input/share/keyboard_input/package.bash'
[1.860s] INFO:colcon.colcon_core.shell:Creating package script '/home/ram-user/Desktop/rosProject/install/keyboard_input/share/keyboard_input/package.zsh'
[1.861s] Level 1:colcon.colcon_core.environment:create_file_with_runtime_dependencies(/home/ram-user/Desktop/rosProject/install/keyboard_input/share/colcon-core/packages/keyboard_input)
[1.862s] INFO:colcon.colcon_ros.task.ament_cmake.build:Building ROS package in '/home/ram-user/Desktop/rosProject/src/paddle_physics' with build type 'ament_cmake'
[1.862s] INFO:colcon.colcon_cmake.task.cmake.build:Building CMake package in '/home/ram-user/Desktop/rosProject/src/paddle_physics'
[1.864s] INFO:colcon.colcon_core.shell:Skip shell extension 'powershell' for command environment: Not usable outside of PowerShell
[1.864s] DEBUG:colcon.colcon_core.shell:Skip shell extension 'dsv' for command environment
[1.889s] DEBUG:colcon.colcon_core.event_handler.log_command:Invoking command in '/home/ram-user/Desktop/rosProject/build/paddle_physics': CMAKE_PREFIX_PATH=/opt/ros/humble /usr/bin/cmake --build /home/ram-user/Desktop/rosProject/build/paddle_physics -- -j2 -l2
[2.015s] DEBUG:colcon.colcon_core.event_handler.log_command:Invoked command in '/home/ram-user/Desktop/rosProject/build/paddle_physics' returned '0': CMAKE_PREFIX_PATH=/opt/ros/humble /usr/bin/cmake --build /home/ram-user/Desktop/rosProject/build/paddle_physics -- -j2 -l2
[2.070s] DEBUG:colcon.colcon_core.event_handler.log_command:Invoking command in '/home/ram-user/Desktop/rosProject/build/paddle_physics': CMAKE_PREFIX_PATH=/opt/ros/humble /usr/bin/cmake --install /home/ram-user/Desktop/rosProject/build/paddle_physics
[2.094s] Level 1:colcon.colcon_core.environment:create_environment_scripts_only(paddle_physics)
[2.097s] Level 1:colcon.colcon_core.environment:checking '/home/ram-user/Desktop/rosProject/install/paddle_physics' for CMake module files
[2.097s] Level 1:colcon.colcon_core.environment:checking '/home/ram-user/Desktop/rosProject/install/paddle_physics' for CMake config files
[2.097s] Level 1:colcon.colcon_core.shell:create_environment_hook('paddle_physics', 'cmake_prefix_path')
[2.099s] INFO:colcon.colcon_core.shell:Creating environment hook '/home/ram-user/Desktop/rosProject/install/paddle_physics/share/paddle_physics/hook/cmake_prefix_path.ps1'
[2.101s] DEBUG:colcon.colcon_core.event_handler.log_command:Invoked command in '/home/ram-user/Desktop/rosProject/build/paddle_physics' returned '0': CMAKE_PREFIX_PATH=/opt/ros/humble /usr/bin/cmake --install /home/ram-user/Desktop/rosProject/build/paddle_physics
[2.102s] INFO:colcon.colcon_core.shell:Creating environment descriptor '/home/ram-user/Desktop/rosProject/install/paddle_physics/share/paddle_physics/hook/cmake_prefix_path.dsv'
[2.103s] INFO:colcon.colcon_core.shell:Creating environment hook '/home/ram-user/Desktop/rosProject/install/paddle_physics/share/paddle_physics/hook/cmake_prefix_path.sh'
[2.105s] Level 1:colcon.colcon_core.environment:checking '/home/ram-user/Desktop/rosProject/install/paddle_physics/lib'
[2.105s] Level 1:colcon.colcon_core.environment:checking '/home/ram-user/Desktop/rosProject/install/paddle_physics/bin'
[2.105s] Level 1:colcon.colcon_core.environment:checking '/home/ram-user/Desktop/rosProject/install/paddle_physics/lib/pkgconfig/paddle_physics.pc'
[2.105s] Level 1:colcon.colcon_core.environment:checking '/home/ram-user/Desktop/rosProject/install/paddle_physics/lib/python3.10/site-packages'
[2.106s] Level 1:colcon.colcon_core.environment:checking '/home/ram-user/Desktop/rosProject/install/paddle_physics/bin'
[2.109s] INFO:colcon.colcon_core.shell:Creating package script '/home/ram-user/Desktop/rosProject/install/paddle_physics/share/paddle_physics/package.ps1'
[2.111s] INFO:colcon.colcon_core.shell:Creating package descriptor '/home/ram-user/Desktop/rosProject/install/paddle_physics/share/paddle_physics/package.dsv'
[2.112s] INFO:colcon.colcon_core.shell:Creating package script '/home/ram-user/Desktop/rosProject/install/paddle_physics/share/paddle_physics/package.sh'
[2.113s] INFO:colcon.colcon_core.shell:Creating package script '/home/ram-user/Desktop/rosProject/install/paddle_physics/share/paddle_physics/package.bash'
[2.114s] INFO:colcon.colcon_core.shell:Creating package script '/home/ram-user/Desktop/rosProject/install/paddle_physics/share/paddle_physics/package.zsh'
[2.115s] Level 1:colcon.colcon_core.environment:create_file_with_runtime_dependencies(/home/ram-user/Desktop/rosProject/install/paddle_physics/share/colcon-core/packages/paddle_physics)
[2.119s] DEBUG:colcon.colcon_core.event_handler.log_command:Invoking command in '/home/ram-user/Desktop/rosProject/build/tutorial_interfaces': CMAKE_PREFIX_PATH=/opt/ros/humble /usr/bin/cmake --install /home/ram-user/Desktop/rosProject/build/tutorial_interfaces
[2.205s] Level 1:colcon.colcon_core.environment:create_environment_scripts_only(paddle_physics)
[2.210s] Level 1:colcon.colcon_core.environment:checking '/home/ram-user/Desktop/rosProject/install/paddle_physics' for CMake module files
[2.211s] Level 1:colcon.colcon_core.environment:checking '/home/ram-user/Desktop/rosProject/install/paddle_physics' for CMake config files
[2.211s] Level 1:colcon.colcon_core.shell:create_environment_hook('paddle_physics', 'cmake_prefix_path')
[2.212s] INFO:colcon.colcon_core.shell:Creating environment hook '/home/ram-user/Desktop/rosProject/install/paddle_physics/share/paddle_physics/hook/cmake_prefix_path.ps1'
[2.214s] INFO:colcon.colcon_core.shell:Creating environment descriptor '/home/ram-user/Desktop/rosProject/install/paddle_physics/share/paddle_physics/hook/cmake_prefix_path.dsv'
[2.215s] INFO:colcon.colcon_core.shell:Creating environment hook '/home/ram-user/Desktop/rosProject/install/paddle_physics/share/paddle_physics/hook/cmake_prefix_path.sh'
[2.217s] Level 1:colcon.colcon_core.environment:checking '/home/ram-user/Desktop/rosProject/install/paddle_physics/lib'
[2.217s] Level 1:colcon.colcon_core.environment:checking '/home/ram-user/Desktop/rosProject/install/paddle_physics/bin'
[2.217s] Level 1:colcon.colcon_core.environment:checking '/home/ram-user/Desktop/rosProject/install/paddle_physics/lib/pkgconfig/paddle_physics.pc'
[2.217s] Level 1:colcon.colcon_core.environment:checking '/home/ram-user/Desktop/rosProject/install/paddle_physics/lib/python3.10/site-packages'
[2.217s] Level 1:colcon.colcon_core.environment:checking '/home/ram-user/Desktop/rosProject/install/paddle_physics/bin'
[2.219s] INFO:colcon.colcon_core.shell:Creating package script '/home/ram-user/Desktop/rosProject/install/paddle_physics/share/paddle_physics/package.ps1'
[2.220s] INFO:colcon.colcon_core.shell:Creating package descriptor '/home/ram-user/Desktop/rosProject/install/paddle_physics/share/paddle_physics/package.dsv'
[2.223s] INFO:colcon.colcon_core.shell:Creating package script '/home/ram-user/Desktop/rosProject/install/paddle_physics/share/paddle_physics/package.sh'
[2.224s] INFO:colcon.colcon_core.shell:Creating package script '/home/ram-user/Desktop/rosProject/install/paddle_physics/share/paddle_physics/package.bash'
[2.226s] INFO:colcon.colcon_core.shell:Creating package script '/home/ram-user/Desktop/rosProject/install/paddle_physics/share/paddle_physics/package.zsh'
[2.228s] Level 1:colcon.colcon_core.environment:create_file_with_runtime_dependencies(/home/ram-user/Desktop/rosProject/install/paddle_physics/share/colcon-core/packages/paddle_physics)
[2.253s] Level 1:colcon.colcon_core.environment:create_environment_scripts_only(tutorial_interfaces)
[2.256s] Level 1:colcon.colcon_core.environment:checking '/home/ram-user/Desktop/rosProject/install/tutorial_interfaces' for CMake module files
[2.257s] DEBUG:colcon.colcon_core.event_handler.log_command:Invoked command in '/home/ram-user/Desktop/rosProject/build/tutorial_interfaces' returned '0': CMAKE_PREFIX_PATH=/opt/ros/humble /usr/bin/cmake --install /home/ram-user/Desktop/rosProject/build/tutorial_interfaces
[2.259s] Level 1:colcon.colcon_core.environment:checking '/home/ram-user/Desktop/rosProject/install/tutorial_interfaces' for CMake config files
[2.259s] Level 1:colcon.colcon_core.shell:create_environment_hook('tutorial_interfaces', 'cmake_prefix_path')
[2.261s] INFO:colcon.colcon_core.shell:Creating environment hook '/home/ram-user/Desktop/rosProject/install/tutorial_interfaces/share/tutorial_interfaces/hook/cmake_prefix_path.ps1'
[2.262s] INFO:colcon.colcon_core.shell:Creating environment descriptor '/home/ram-user/Desktop/rosProject/install/tutorial_interfaces/share/tutorial_interfaces/hook/cmake_prefix_path.dsv'
[2.264s] INFO:colcon.colcon_core.shell:Creating environment hook '/home/ram-user/Desktop/rosProject/install/tutorial_interfaces/share/tutorial_interfaces/hook/cmake_prefix_path.sh'
[2.265s] Level 1:colcon.colcon_core.environment:checking '/home/ram-user/Desktop/rosProject/install/tutorial_interfaces/lib'
[2.265s] Level 1:colcon.colcon_core.shell:create_environment_hook('tutorial_interfaces', 'ld_library_path_lib')
[2.268s] INFO:colcon.colcon_core.shell:Creating environment hook '/home/ram-user/Desktop/rosProject/install/tutorial_interfaces/share/tutorial_interfaces/hook/ld_library_path_lib.ps1'
[2.269s] INFO:colcon.colcon_core.shell:Creating environment descriptor '/home/ram-user/Desktop/rosProject/install/tutorial_interfaces/share/tutorial_interfaces/hook/ld_library_path_lib.dsv'
[2.270s] INFO:colcon.colcon_core.shell:Creating environment hook '/home/ram-user/Desktop/rosProject/install/tutorial_interfaces/share/tutorial_interfaces/hook/ld_library_path_lib.sh'
[2.271s] Level 1:colcon.colcon_core.environment:checking '/home/ram-user/Desktop/rosProject/install/tutorial_interfaces/bin'
[2.271s] Level 1:colcon.colcon_core.environment:checking '/home/ram-user/Desktop/rosProject/install/tutorial_interfaces/lib/pkgconfig/tutorial_interfaces.pc'
[2.271s] Level 1:colcon.colcon_core.environment:checking '/home/ram-user/Desktop/rosProject/install/tutorial_interfaces/lib/python3.10/site-packages'
[2.272s] Level 1:colcon.colcon_core.environment:checking '/home/ram-user/Desktop/rosProject/install/tutorial_interfaces/bin'
[2.274s] INFO:colcon.colcon_core.shell:Creating package script '/home/ram-user/Desktop/rosProject/install/tutorial_interfaces/share/tutorial_interfaces/package.ps1'
[2.276s] INFO:colcon.colcon_core.shell:Creating package descriptor '/home/ram-user/Desktop/rosProject/install/tutorial_interfaces/share/tutorial_interfaces/package.dsv'
[2.278s] INFO:colcon.colcon_core.shell:Creating package script '/home/ram-user/Desktop/rosProject/install/tutorial_interfaces/share/tutorial_interfaces/package.sh'
[2.279s] INFO:colcon.colcon_core.shell:Creating package script '/home/ram-user/Desktop/rosProject/install/tutorial_interfaces/share/tutorial_interfaces/package.bash'
[2.280s] INFO:colcon.colcon_core.shell:Creating package script '/home/ram-user/Desktop/rosProject/install/tutorial_interfaces/share/tutorial_interfaces/package.zsh'
[2.281s] Level 1:colcon.colcon_core.environment:create_file_with_runtime_dependencies(/home/ram-user/Desktop/rosProject/install/tutorial_interfaces/share/colcon-core/packages/tutorial_interfaces)
[2.566s] Level 1:colcon.colcon_core.environment:create_environment_scripts_only(tutorial_interfaces)
[2.568s] Level 1:colcon.colcon_core.environment:checking '/home/ram-user/Desktop/rosProject/install/tutorial_interfaces' for CMake module files
[2.569s] Level 1:colcon.colcon_core.environment:checking '/home/ram-user/Desktop/rosProject/install/tutorial_interfaces' for CMake config files
[2.569s] Level 1:colcon.colcon_core.shell:create_environment_hook('tutorial_interfaces', 'cmake_prefix_path')
[2.571s] INFO:colcon.colcon_core.shell:Creating environment hook '/home/ram-user/Desktop/rosProject/install/tutorial_interfaces/share/tutorial_interfaces/hook/cmake_prefix_path.ps1'
[2.573s] INFO:colcon.colcon_core.shell:Creating environment descriptor '/home/ram-user/Desktop/rosProject/install/tutorial_interfaces/share/tutorial_interfaces/hook/cmake_prefix_path.dsv'
[2.574s] INFO:colcon.colcon_core.shell:Creating environment hook '/home/ram-user/Desktop/rosProject/install/tutorial_interfaces/share/tutorial_interfaces/hook/cmake_prefix_path.sh'
[2.576s] Level 1:colcon.colcon_core.environment:checking '/home/ram-user/Desktop/rosProject/install/tutorial_interfaces/lib'
[2.576s] Level 1:colcon.colcon_core.shell:create_environment_hook('tutorial_interfaces', 'ld_library_path_lib')
[2.577s] INFO:colcon.colcon_core.shell:Creating environment hook '/home/ram-user/Desktop/rosProject/install/tutorial_interfaces/share/tutorial_interfaces/hook/ld_library_path_lib.ps1'
[2.578s] INFO:colcon.colcon_core.shell:Creating environment descriptor '/home/ram-user/Desktop/rosProject/install/tutorial_interfaces/share/tutorial_interfaces/hook/ld_library_path_lib.dsv'
[2.580s] INFO:colcon.colcon_core.shell:Creating environment hook '/home/ram-user/Desktop/rosProject/install/tutorial_interfaces/share/tutorial_interfaces/hook/ld_library_path_lib.sh'
[2.581s] Level 1:colcon.colcon_core.environment:checking '/home/ram-user/Desktop/rosProject/install/tutorial_interfaces/bin'
[2.581s] Level 1:colcon.colcon_core.environment:checking '/home/ram-user/Desktop/rosProject/install/tutorial_interfaces/lib/pkgconfig/tutorial_interfaces.pc'
[2.582s] Level 1:colcon.colcon_core.environment:checking '/home/ram-user/Desktop/rosProject/install/tutorial_interfaces/lib/python3.10/site-packages'
[2.582s] Level 1:colcon.colcon_core.environment:checking '/home/ram-user/Desktop/rosProject/install/tutorial_interfaces/bin'
[2.584s] INFO:colcon.colcon_core.shell:Creating package script '/home/ram-user/Desktop/rosProject/install/tutorial_interfaces/share/tutorial_interfaces/package.ps1'
[2.585s] INFO:colcon.colcon_core.shell:Creating package descriptor '/home/ram-user/Desktop/rosProject/install/tutorial_interfaces/share/tutorial_interfaces/package.dsv'
[2.587s] INFO:colcon.colcon_core.shell:Creating package script '/home/ram-user/Desktop/rosProject/install/tutorial_interfaces/share/tutorial_interfaces/package.sh'
[2.588s] INFO:colcon.colcon_core.shell:Creating package script '/home/ram-user/Desktop/rosProject/install/tutorial_interfaces/share/tutorial_interfaces/package.bash'
[2.590s] INFO:colcon.colcon_core.shell:Creating package script '/home/ram-user/Desktop/rosProject/install/tutorial_interfaces/share/tutorial_interfaces/package.zsh'
[2.593s] Level 1:colcon.colcon_core.environment:create_file_with_runtime_dependencies(/home/ram-user/Desktop/rosProject/install/tutorial_interfaces/share/colcon-core/packages/tutorial_interfaces)
[2.596s] INFO:colcon.colcon_ros.task.ament_cmake.build:Building ROS package in '/home/ram-user/Desktop/rosProject/src/cpp_publisher' with build type 'ament_cmake'
[2.597s] INFO:colcon.colcon_cmake.task.cmake.build:Building CMake package in '/home/ram-user/Desktop/rosProject/src/cpp_publisher'
[2.601s] INFO:colcon.colcon_core.shell:Skip shell extension 'powershell' for command environment: Not usable outside of PowerShell
[2.601s] DEBUG:colcon.colcon_core.shell:Skip shell extension 'dsv' for command environment
[2.610s] INFO:colcon.colcon_ros.task.ament_cmake.build:Building ROS package in '/home/ram-user/Desktop/rosProject/src/pong_core' with build type 'ament_cmake'
[2.610s] INFO:colcon.colcon_cmake.task.cmake.build:Building CMake package in '/home/ram-user/Desktop/rosProject/src/pong_core'
[2.612s] INFO:colcon.colcon_core.shell:Skip shell extension 'powershell' for command environment: Not usable outside of PowerShell
[2.612s] DEBUG:colcon.colcon_core.shell:Skip shell extension 'dsv' for command environment
[2.633s] DEBUG:colcon.colcon_core.event_handler.log_command:Invoking command in '/home/ram-user/Desktop/rosProject/build/cpp_publisher': AMENT_PREFIX_PATH=/home/ram-user/Desktop/rosProject/install/tutorial_interfaces:${AMENT_PREFIX_PATH} CMAKE_PREFIX_PATH=/home/ram-user/Desktop/rosProject/install/tutorial_interfaces:/opt/ros/humble LD_LIBRARY_PATH=/home/ram-user/Desktop/rosProject/install/tutorial_interfaces/lib:${LD_LIBRARY_PATH} PYTHONPATH=/home/ram-user/Desktop/rosProject/install/tutorial_interfaces/local/lib/python3.10/dist-packages:${PYTHONPATH} /usr/bin/cmake --build /home/ram-user/Desktop/rosProject/build/cpp_publisher -- -j2 -l2
[2.655s] DEBUG:colcon.colcon_core.event_handler.log_command:Invoking command in '/home/ram-user/Desktop/rosProject/build/pong_core': AMENT_PREFIX_PATH=/home/ram-user/Desktop/rosProject/install/tutorial_interfaces:${AMENT_PREFIX_PATH} CMAKE_PREFIX_PATH=/home/ram-user/Desktop/rosProject/install/tutorial_interfaces:/opt/ros/humble LD_LIBRARY_PATH=/home/ram-user/Desktop/rosProject/install/tutorial_interfaces/lib:${LD_LIBRARY_PATH} PYTHONPATH=/home/ram-user/Desktop/rosProject/install/tutorial_interfaces/local/lib/python3.10/dist-packages:${PYTHONPATH} /usr/bin/cmake --build /home/ram-user/Desktop/rosProject/build/pong_core -- -j2 -l2
[2.790s] DEBUG:colcon.colcon_core.event_handler.log_command:Invoked command in '/home/ram-user/Desktop/rosProject/build/cpp_publisher' returned '0': AMENT_PREFIX_PATH=/home/ram-user/Desktop/rosProject/install/tutorial_interfaces:${AMENT_PREFIX_PATH} CMAKE_PREFIX_PATH=/home/ram-user/Desktop/rosProject/install/tutorial_interfaces:/opt/ros/humble LD_LIBRARY_PATH=/home/ram-user/Desktop/rosProject/install/tutorial_interfaces/lib:${LD_LIBRARY_PATH} PYTHONPATH=/home/ram-user/Desktop/rosProject/install/tutorial_interfaces/local/lib/python3.10/dist-packages:${PYTHONPATH} /usr/bin/cmake --build /home/ram-user/Desktop/rosProject/build/cpp_publisher -- -j2 -l2
[2.872s] DEBUG:colcon.colcon_core.event_handler.log_command:Invoking command in '/home/ram-user/Desktop/rosProject/build/cpp_publisher': AMENT_PREFIX_PATH=/home/ram-user/Desktop/rosProject/install/tutorial_interfaces:${AMENT_PREFIX_PATH} CMAKE_PREFIX_PATH=/home/ram-user/Desktop/rosProject/install/tutorial_interfaces:/opt/ros/humble LD_LIBRARY_PATH=/home/ram-user/Desktop/rosProject/install/tutorial_interfaces/lib:${LD_LIBRARY_PATH} PYTHONPATH=/home/ram-user/Desktop/rosProject/install/tutorial_interfaces/local/lib/python3.10/dist-packages:${PYTHONPATH} /usr/bin/cmake --install /home/ram-user/Desktop/rosProject/build/cpp_publisher
[2.876s] DEBUG:colcon.colcon_core.event_handler.log_command:Invoked command in '/home/ram-user/Desktop/rosProject/build/pong_core' returned '0': AMENT_PREFIX_PATH=/home/ram-user/Desktop/rosProject/install/tutorial_interfaces:${AMENT_PREFIX_PATH} CMAKE_PREFIX_PATH=/home/ram-user/Desktop/rosProject/install/tutorial_interfaces:/opt/ros/humble LD_LIBRARY_PATH=/home/ram-user/Desktop/rosProject/install/tutorial_interfaces/lib:${LD_LIBRARY_PATH} PYTHONPATH=/home/ram-user/Desktop/rosProject/install/tutorial_interfaces/local/lib/python3.10/dist-packages:${PYTHONPATH} /usr/bin/cmake --build /home/ram-user/Desktop/rosProject/build/pong_core -- -j2 -l2
[2.892s] Level 1:colcon.colcon_core.environment:create_environment_scripts_only(cpp_publisher)
[2.894s] Level 1:colcon.colcon_core.environment:checking '/home/ram-user/Desktop/rosProject/install/cpp_publisher' for CMake module files
[2.895s] Level 1:colcon.colcon_core.environment:checking '/home/ram-user/Desktop/rosProject/install/cpp_publisher' for CMake config files
[2.895s] Level 1:colcon.colcon_core.shell:create_environment_hook('cpp_publisher', 'cmake_prefix_path')
[2.897s] INFO:colcon.colcon_core.shell:Creating environment hook '/home/ram-user/Desktop/rosProject/install/cpp_publisher/share/cpp_publisher/hook/cmake_prefix_path.ps1'
[2.898s] DEBUG:colcon.colcon_core.event_handler.log_command:Invoked command in '/home/ram-user/Desktop/rosProject/build/cpp_publisher' returned '0': AMENT_PREFIX_PATH=/home/ram-user/Desktop/rosProject/install/tutorial_interfaces:${AMENT_PREFIX_PATH} CMAKE_PREFIX_PATH=/home/ram-user/Desktop/rosProject/install/tutorial_interfaces:/opt/ros/humble LD_LIBRARY_PATH=/home/ram-user/Desktop/rosProject/install/tutorial_interfaces/lib:${LD_LIBRARY_PATH} PYTHONPATH=/home/ram-user/Desktop/rosProject/install/tutorial_interfaces/local/lib/python3.10/dist-packages:${PYTHONPATH} /usr/bin/cmake --install /home/ram-user/Desktop/rosProject/build/cpp_publisher
[2.899s] INFO:colcon.colcon_core.shell:Creating environment descriptor '/home/ram-user/Desktop/rosProject/install/cpp_publisher/share/cpp_publisher/hook/cmake_prefix_path.dsv'
[2.900s] INFO:colcon.colcon_core.shell:Creating environment hook '/home/ram-user/Desktop/rosProject/install/cpp_publisher/share/cpp_publisher/hook/cmake_prefix_path.sh'
[2.902s] Level 1:colcon.colcon_core.environment:checking '/home/ram-user/Desktop/rosProject/install/cpp_publisher/lib'
[2.902s] Level 1:colcon.colcon_core.environment:checking '/home/ram-user/Desktop/rosProject/install/cpp_publisher/bin'
[2.902s] Level 1:colcon.colcon_core.environment:checking '/home/ram-user/Desktop/rosProject/install/cpp_publisher/lib/pkgconfig/cpp_publisher.pc'
[2.903s] Level 1:colcon.colcon_core.environment:checking '/home/ram-user/Desktop/rosProject/install/cpp_publisher/lib/python3.10/site-packages'
[2.904s] Level 1:colcon.colcon_core.environment:checking '/home/ram-user/Desktop/rosProject/install/cpp_publisher/bin'
[2.906s] INFO:colcon.colcon_core.shell:Creating package script '/home/ram-user/Desktop/rosProject/install/cpp_publisher/share/cpp_publisher/package.ps1'
[2.906s] INFO:colcon.colcon_core.shell:Creating package descriptor '/home/ram-user/Desktop/rosProject/install/cpp_publisher/share/cpp_publisher/package.dsv'
[2.908s] INFO:colcon.colcon_core.shell:Creating package script '/home/ram-user/Desktop/rosProject/install/cpp_publisher/share/cpp_publisher/package.sh'
[2.909s] INFO:colcon.colcon_core.shell:Creating package script '/home/ram-user/Desktop/rosProject/install/cpp_publisher/share/cpp_publisher/package.bash'
[2.909s] INFO:colcon.colcon_core.shell:Creating package script '/home/ram-user/Desktop/rosProject/install/cpp_publisher/share/cpp_publisher/package.zsh'
[2.911s] Level 1:colcon.colcon_core.environment:create_file_with_runtime_dependencies(/home/ram-user/Desktop/rosProject/install/cpp_publisher/share/colcon-core/packages/cpp_publisher)
[2.978s] Level 1:colcon.colcon_core.environment:create_environment_scripts_only(cpp_publisher)
[2.981s] Level 1:colcon.colcon_core.environment:checking '/home/ram-user/Desktop/rosProject/install/cpp_publisher' for CMake module files
[2.982s] Level 1:colcon.colcon_core.environment:checking '/home/ram-user/Desktop/rosProject/install/cpp_publisher' for CMake config files
[2.982s] Level 1:colcon.colcon_core.shell:create_environment_hook('cpp_publisher', 'cmake_prefix_path')
[2.984s] INFO:colcon.colcon_core.shell:Creating environment hook '/home/ram-user/Desktop/rosProject/install/cpp_publisher/share/cpp_publisher/hook/cmake_prefix_path.ps1'
[2.985s] INFO:colcon.colcon_core.shell:Creating environment descriptor '/home/ram-user/Desktop/rosProject/install/cpp_publisher/share/cpp_publisher/hook/cmake_prefix_path.dsv'
[2.986s] INFO:colcon.colcon_core.shell:Creating environment hook '/home/ram-user/Desktop/rosProject/install/cpp_publisher/share/cpp_publisher/hook/cmake_prefix_path.sh'
[2.987s] Level 1:colcon.colcon_core.environment:checking '/home/ram-user/Desktop/rosProject/install/cpp_publisher/lib'
[2.987s] Level 1:colcon.colcon_core.environment:checking '/home/ram-user/Desktop/rosProject/install/cpp_publisher/bin'
[2.987s] Level 1:colcon.colcon_core.environment:checking '/home/ram-user/Desktop/rosProject/install/cpp_publisher/lib/pkgconfig/cpp_publisher.pc'
[2.988s] Level 1:colcon.colcon_core.environment:checking '/home/ram-user/Desktop/rosProject/install/cpp_publisher/lib/python3.10/site-packages'
[2.988s] Level 1:colcon.colcon_core.environment:checking '/home/ram-user/Desktop/rosProject/install/cpp_publisher/bin'
[2.990s] INFO:colcon.colcon_core.shell:Creating package script '/home/ram-user/Desktop/rosProject/install/cpp_publisher/share/cpp_publisher/package.ps1'
[2.991s] INFO:colcon.colcon_core.shell:Creating package descriptor '/home/ram-user/Desktop/rosProject/install/cpp_publisher/share/cpp_publisher/package.dsv'
[2.992s] INFO:colcon.colcon_core.shell:Creating package script '/home/ram-user/Desktop/rosProject/install/cpp_publisher/share/cpp_publisher/package.sh'
[2.993s] INFO:colcon.colcon_core.shell:Creating package script '/home/ram-user/Desktop/rosProject/install/cpp_publisher/share/cpp_publisher/package.bash'
[2.993s] INFO:colcon.colcon_core.shell:Creating package script '/home/ram-user/Desktop/rosProject/install/cpp_publisher/share/cpp_publisher/package.zsh'
[2.994s] Level 1:colcon.colcon_core.environment:create_file_with_runtime_dependencies(/home/ram-user/Desktop/rosProject/install/cpp_publisher/share/colcon-core/packages/cpp_publisher)
[3.000s] DEBUG:colcon.colcon_core.event_handler.log_command:Invoking command in '/home/ram-user/Desktop/rosProject/build/pong_core': AMENT_PREFIX_PATH=/home/ram-user/Desktop/rosProject/install/tutorial_interfaces:${AMENT_PREFIX_PATH} CMAKE_PREFIX_PATH=/home/ram-user/Desktop/rosProject/install/tutorial_interfaces:/opt/ros/humble LD_LIBRARY_PATH=/home/ram-user/Desktop/rosProject/install/tutorial_interfaces/lib:${LD_LIBRARY_PATH} PYTHONPATH=/home/ram-user/Desktop/rosProject/install/tutorial_interfaces/local/lib/python3.10/dist-packages:${PYTHONPATH} /usr/bin/cmake --install /home/ram-user/Desktop/rosProject/build/pong_core
[3.001s] INFO:colcon.colcon_ros.task.ament_cmake.build:Building ROS package in '/home/ram-user/Desktop/rosProject/src/score' with build type 'ament_cmake'
[3.001s] INFO:colcon.colcon_cmake.task.cmake.build:Building CMake package in '/home/ram-user/Desktop/rosProject/src/score'
[3.003s] INFO:colcon.colcon_core.shell:Skip shell extension 'powershell' for command environment: Not usable outside of PowerShell
[3.003s] DEBUG:colcon.colcon_core.shell:Skip shell extension 'dsv' for command environment
[3.041s] Level 1:colcon.colcon_core.environment:create_environment_scripts_only(pong_core)
[3.044s] Level 1:colcon.colcon_core.environment:checking '/home/ram-user/Desktop/rosProject/install/pong_core' for CMake module files
[3.046s] DEBUG:colcon.colcon_core.event_handler.log_command:Invoked command in '/home/ram-user/Desktop/rosProject/build/pong_core' returned '0': AMENT_PREFIX_PATH=/home/ram-user/Desktop/rosProject/install/tutorial_interfaces:${AMENT_PREFIX_PATH} CMAKE_PREFIX_PATH=/home/ram-user/Desktop/rosProject/install/tutorial_interfaces:/opt/ros/humble LD_LIBRARY_PATH=/home/ram-user/Desktop/rosProject/install/tutorial_interfaces/lib:${LD_LIBRARY_PATH} PYTHONPATH=/home/ram-user/Desktop/rosProject/install/tutorial_interfaces/local/lib/python3.10/dist-packages:${PYTHONPATH} /usr/bin/cmake --install /home/ram-user/Desktop/rosProject/build/pong_core
[3.047s] Level 1:colcon.colcon_core.environment:checking '/home/ram-user/Desktop/rosProject/install/pong_core' for CMake config files
[3.047s] Level 1:colcon.colcon_core.shell:create_environment_hook('pong_core', 'cmake_prefix_path')
[3.049s] INFO:colcon.colcon_core.shell:Creating environment hook '/home/ram-user/Desktop/rosProject/install/pong_core/share/pong_core/hook/cmake_prefix_path.ps1'
[3.050s] INFO:colcon.colcon_core.shell:Creating environment descriptor '/home/ram-user/Desktop/rosProject/install/pong_core/share/pong_core/hook/cmake_prefix_path.dsv'
[3.051s] INFO:colcon.colcon_core.shell:Creating environment hook '/home/ram-user/Desktop/rosProject/install/pong_core/share/pong_core/hook/cmake_prefix_path.sh'
[3.053s] Level 1:colcon.colcon_core.environment:checking '/home/ram-user/Desktop/rosProject/install/pong_core/lib'
[3.053s] Level 1:colcon.colcon_core.environment:checking '/home/ram-user/Desktop/rosProject/install/pong_core/bin'
[3.053s] Level 1:colcon.colcon_core.environment:checking '/home/ram-user/Desktop/rosProject/install/pong_core/lib/pkgconfig/pong_core.pc'
[3.054s] Level 1:colcon.colcon_core.environment:checking '/home/ram-user/Desktop/rosProject/install/pong_core/lib/python3.10/site-packages'
[3.054s] Level 1:colcon.colcon_core.environment:checking '/home/ram-user/Desktop/rosProject/install/pong_core/bin'
[3.055s] INFO:colcon.colcon_core.shell:Creating package script '/home/ram-user/Desktop/rosProject/install/pong_core/share/pong_core/package.ps1'
[3.057s] INFO:colcon.colcon_core.shell:Creating package descriptor '/home/ram-user/Desktop/rosProject/install/pong_core/share/pong_core/package.dsv'
[3.058s] INFO:colcon.colcon_core.shell:Creating package script '/home/ram-user/Desktop/rosProject/install/pong_core/share/pong_core/package.sh'
[3.060s] INFO:colcon.colcon_core.shell:Creating package script '/home/ram-user/Desktop/rosProject/install/pong_core/share/pong_core/package.bash'
[3.062s] INFO:colcon.colcon_core.shell:Creating package script '/home/ram-user/Desktop/rosProject/install/pong_core/share/pong_core/package.zsh'
[3.064s] Level 1:colcon.colcon_core.environment:create_file_with_runtime_dependencies(/home/ram-user/Desktop/rosProject/install/pong_core/share/colcon-core/packages/pong_core)
[3.077s] DEBUG:colcon.colcon_core.event_handler.log_command:Invoking command in '/home/ram-user/Desktop/rosProject/build/score': AMENT_PREFIX_PATH=/home/ram-user/Desktop/rosProject/install/tutorial_interfaces:${AMENT_PREFIX_PATH} CMAKE_PREFIX_PATH=/home/ram-user/Desktop/rosProject/install/tutorial_interfaces:/opt/ros/humble LD_LIBRARY_PATH=/home/ram-user/Desktop/rosProject/install/tutorial_interfaces/lib:${LD_LIBRARY_PATH} PYTHONPATH=/home/ram-user/Desktop/rosProject/install/tutorial_interfaces/local/lib/python3.10/dist-packages:${PYTHONPATH} /usr/bin/cmake --build /home/ram-user/Desktop/rosProject/build/score -- -j2 -l2
[3.136s] Level 1:colcon.colcon_core.environment:create_environment_scripts_only(pong_core)
[3.138s] Level 1:colcon.colcon_core.environment:checking '/home/ram-user/Desktop/rosProject/install/pong_core' for CMake module files
[3.139s] Level 1:colcon.colcon_core.environment:checking '/home/ram-user/Desktop/rosProject/install/pong_core' for CMake config files
[3.139s] Level 1:colcon.colcon_core.shell:create_environment_hook('pong_core', 'cmake_prefix_path')
[3.140s] INFO:colcon.colcon_core.shell:Creating environment hook '/home/ram-user/Desktop/rosProject/install/pong_core/share/pong_core/hook/cmake_prefix_path.ps1'
[3.141s] INFO:colcon.colcon_core.shell:Creating environment descriptor '/home/ram-user/Desktop/rosProject/install/pong_core/share/pong_core/hook/cmake_prefix_path.dsv'
[3.142s] INFO:colcon.colcon_core.shell:Creating environment hook '/home/ram-user/Desktop/rosProject/install/pong_core/share/pong_core/hook/cmake_prefix_path.sh'
[3.144s] Level 1:colcon.colcon_core.environment:checking '/home/ram-user/Desktop/rosProject/install/pong_core/lib'
[3.144s] Level 1:colcon.colcon_core.environment:checking '/home/ram-user/Desktop/rosProject/install/pong_core/bin'
[3.144s] Level 1:colcon.colcon_core.environment:checking '/home/ram-user/Desktop/rosProject/install/pong_core/lib/pkgconfig/pong_core.pc'
[3.144s] Level 1:colcon.colcon_core.environment:checking '/home/ram-user/Desktop/rosProject/install/pong_core/lib/python3.10/site-packages'
[3.145s] Level 1:colcon.colcon_core.environment:checking '/home/ram-user/Desktop/rosProject/install/pong_core/bin'
[3.146s] INFO:colcon.colcon_core.shell:Creating package script '/home/ram-user/Desktop/rosProject/install/pong_core/share/pong_core/package.ps1'
[3.147s] INFO:colcon.colcon_core.shell:Creating package descriptor '/home/ram-user/Desktop/rosProject/install/pong_core/share/pong_core/package.dsv'
[3.148s] INFO:colcon.colcon_core.shell:Creating package script '/home/ram-user/Desktop/rosProject/install/pong_core/share/pong_core/package.sh'
[3.149s] INFO:colcon.colcon_core.shell:Creating package script '/home/ram-user/Desktop/rosProject/install/pong_core/share/pong_core/package.bash'
[3.150s] INFO:colcon.colcon_core.shell:Creating package script '/home/ram-user/Desktop/rosProject/install/pong_core/share/pong_core/package.zsh'
[3.151s] Level 1:colcon.colcon_core.environment:create_file_with_runtime_dependencies(/home/ram-user/Desktop/rosProject/install/pong_core/share/colcon-core/packages/pong_core)
[3.154s] INFO:colcon.colcon_ros.task.ament_cmake.build:Building ROS package in '/home/ram-user/Desktop/rosProject/src/visualization_package' with build type 'ament_cmake'
[3.154s] INFO:colcon.colcon_cmake.task.cmake.build:Building CMake package in '/home/ram-user/Desktop/rosProject/src/visualization_package'
[3.156s] INFO:colcon.colcon_core.shell:Skip shell extension 'powershell' for command environment: Not usable outside of PowerShell
[3.156s] DEBUG:colcon.colcon_core.shell:Skip shell extension 'dsv' for command environment
[3.197s] DEBUG:colcon.colcon_core.event_handler.log_command:Invoking command in '/home/ram-user/Desktop/rosProject/build/visualization_package': AMENT_PREFIX_PATH=/home/ram-user/Desktop/rosProject/install/tutorial_interfaces:${AMENT_PREFIX_PATH} CMAKE_PREFIX_PATH=/home/ram-user/Desktop/rosProject/install/tutorial_interfaces:/opt/ros/humble LD_LIBRARY_PATH=/home/ram-user/Desktop/rosProject/install/tutorial_interfaces/lib:${LD_LIBRARY_PATH} PYTHONPATH=/home/ram-user/Desktop/rosProject/install/tutorial_interfaces/local/lib/python3.10/dist-packages:${PYTHONPATH} /usr/bin/cmake --build /home/ram-user/Desktop/rosProject/build/visualization_package -- -j2 -l2
[3.209s] DEBUG:colcon.colcon_core.event_handler.log_command:Invoked command in '/home/ram-user/Desktop/rosProject/build/score' returned '0': AMENT_PREFIX_PATH=/home/ram-user/Desktop/rosProject/install/tutorial_interfaces:${AMENT_PREFIX_PATH} CMAKE_PREFIX_PATH=/home/ram-user/Desktop/rosProject/install/tutorial_interfaces:/opt/ros/humble LD_LIBRARY_PATH=/home/ram-user/Desktop/rosProject/install/tutorial_interfaces/lib:${LD_LIBRARY_PATH} PYTHONPATH=/home/ram-user/Desktop/rosProject/install/tutorial_interfaces/local/lib/python3.10/dist-packages:${PYTHONPATH} /usr/bin/cmake --build /home/ram-user/Desktop/rosProject/build/score -- -j2 -l2
[3.295s] DEBUG:colcon.colcon_core.event_handler.log_command:Invoking command in '/home/ram-user/Desktop/rosProject/build/score': AMENT_PREFIX_PATH=/home/ram-user/Desktop/rosProject/install/tutorial_interfaces:${AMENT_PREFIX_PATH} CMAKE_PREFIX_PATH=/home/ram-user/Desktop/rosProject/install/tutorial_interfaces:/opt/ros/humble LD_LIBRARY_PATH=/home/ram-user/Desktop/rosProject/install/tutorial_interfaces/lib:${LD_LIBRARY_PATH} PYTHONPATH=/home/ram-user/Desktop/rosProject/install/tutorial_interfaces/local/lib/python3.10/dist-packages:${PYTHONPATH} /usr/bin/cmake --install /home/ram-user/Desktop/rosProject/build/score
[3.316s] Level 1:colcon.colcon_core.environment:create_environment_scripts_only(score)
[3.318s] Level 1:colcon.colcon_core.environment:checking '/home/ram-user/Desktop/rosProject/install/score' for CMake module files
[3.320s] DEBUG:colcon.colcon_core.event_handler.log_command:Invoked command in '/home/ram-user/Desktop/rosProject/build/score' returned '0': AMENT_PREFIX_PATH=/home/ram-user/Desktop/rosProject/install/tutorial_interfaces:${AMENT_PREFIX_PATH} CMAKE_PREFIX_PATH=/home/ram-user/Desktop/rosProject/install/tutorial_interfaces:/opt/ros/humble LD_LIBRARY_PATH=/home/ram-user/Desktop/rosProject/install/tutorial_interfaces/lib:${LD_LIBRARY_PATH} PYTHONPATH=/home/ram-user/Desktop/rosProject/install/tutorial_interfaces/local/lib/python3.10/dist-packages:${PYTHONPATH} /usr/bin/cmake --install /home/ram-user/Desktop/rosProject/build/score
[3.321s] Level 1:colcon.colcon_core.environment:checking '/home/ram-user/Desktop/rosProject/install/score' for CMake config files
[3.321s] Level 1:colcon.colcon_core.shell:create_environment_hook('score', 'cmake_prefix_path')
[3.323s] INFO:colcon.colcon_core.shell:Creating environment hook '/home/ram-user/Desktop/rosProject/install/score/share/score/hook/cmake_prefix_path.ps1'
[3.324s] INFO:colcon.colcon_core.shell:Creating environment descriptor '/home/ram-user/Desktop/rosProject/install/score/share/score/hook/cmake_prefix_path.dsv'
[3.324s] INFO:colcon.colcon_core.shell:Creating environment hook '/home/ram-user/Desktop/rosProject/install/score/share/score/hook/cmake_prefix_path.sh'
[3.325s] Level 1:colcon.colcon_core.environment:checking '/home/ram-user/Desktop/rosProject/install/score/lib'
[3.326s] Level 1:colcon.colcon_core.environment:checking '/home/ram-user/Desktop/rosProject/install/score/bin'
[3.326s] Level 1:colcon.colcon_core.environment:checking '/home/ram-user/Desktop/rosProject/install/score/lib/pkgconfig/score.pc'
[3.326s] Level 1:colcon.colcon_core.environment:checking '/home/ram-user/Desktop/rosProject/install/score/lib/python3.10/site-packages'
[3.326s] Level 1:colcon.colcon_core.environment:checking '/home/ram-user/Desktop/rosProject/install/score/bin'
[3.328s] INFO:colcon.colcon_core.shell:Creating package script '/home/ram-user/Desktop/rosProject/install/score/share/score/package.ps1'
[3.329s] INFO:colcon.colcon_core.shell:Creating package descriptor '/home/ram-user/Desktop/rosProject/install/score/share/score/package.dsv'
[3.330s] INFO:colcon.colcon_core.shell:Creating package script '/home/ram-user/Desktop/rosProject/install/score/share/score/package.sh'
[3.331s] INFO:colcon.colcon_core.shell:Creating package script '/home/ram-user/Desktop/rosProject/install/score/share/score/package.bash'
[3.331s] INFO:colcon.colcon_core.shell:Creating package script '/home/ram-user/Desktop/rosProject/install/score/share/score/package.zsh'
[3.332s] Level 1:colcon.colcon_core.environment:create_file_with_runtime_dependencies(/home/ram-user/Desktop/rosProject/install/score/share/colcon-core/packages/score)
[3.338s] DEBUG:colcon.colcon_core.event_handler.log_command:Invoked command in '/home/ram-user/Desktop/rosProject/build/visualization_package' returned '0': AMENT_PREFIX_PATH=/home/ram-user/Desktop/rosProject/install/tutorial_interfaces:${AMENT_PREFIX_PATH} CMAKE_PREFIX_PATH=/home/ram-user/Desktop/rosProject/install/tutorial_interfaces:/opt/ros/humble LD_LIBRARY_PATH=/home/ram-user/Desktop/rosProject/install/tutorial_interfaces/lib:${LD_LIBRARY_PATH} PYTHONPATH=/home/ram-user/Desktop/rosProject/install/tutorial_interfaces/local/lib/python3.10/dist-packages:${PYTHONPATH} /usr/bin/cmake --build /home/ram-user/Desktop/rosProject/build/visualization_package -- -j2 -l2
[3.407s] Level 1:colcon.colcon_core.environment:create_environment_scripts_only(score)
[3.412s] Level 1:colcon.colcon_core.environment:checking '/home/ram-user/Desktop/rosProject/install/score' for CMake module files
[3.413s] Level 1:colcon.colcon_core.environment:checking '/home/ram-user/Desktop/rosProject/install/score' for CMake config files
[3.414s] Level 1:colcon.colcon_core.shell:create_environment_hook('score', 'cmake_prefix_path')
[3.417s] INFO:colcon.colcon_core.shell:Creating environment hook '/home/ram-user/Desktop/rosProject/install/score/share/score/hook/cmake_prefix_path.ps1'
[3.420s] INFO:colcon.colcon_core.shell:Creating environment descriptor '/home/ram-user/Desktop/rosProject/install/score/share/score/hook/cmake_prefix_path.dsv'
[3.423s] INFO:colcon.colcon_core.shell:Creating environment hook '/home/ram-user/Desktop/rosProject/install/score/share/score/hook/cmake_prefix_path.sh'
[3.426s] Level 1:colcon.colcon_core.environment:checking '/home/ram-user/Desktop/rosProject/install/score/lib'
[3.426s] Level 1:colcon.colcon_core.environment:checking '/home/ram-user/Desktop/rosProject/install/score/bin'
[3.426s] Level 1:colcon.colcon_core.environment:checking '/home/ram-user/Desktop/rosProject/install/score/lib/pkgconfig/score.pc'
[3.427s] Level 1:colcon.colcon_core.environment:checking '/home/ram-user/Desktop/rosProject/install/score/lib/python3.10/site-packages'
[3.427s] Level 1:colcon.colcon_core.environment:checking '/home/ram-user/Desktop/rosProject/install/score/bin'
[3.429s] INFO:colcon.colcon_core.shell:Creating package script '/home/ram-user/Desktop/rosProject/install/score/share/score/package.ps1'
[3.432s] INFO:colcon.colcon_core.shell:Creating package descriptor '/home/ram-user/Desktop/rosProject/install/score/share/score/package.dsv'
[3.433s] INFO:colcon.colcon_core.shell:Creating package script '/home/ram-user/Desktop/rosProject/install/score/share/score/package.sh'
[3.438s] INFO:colcon.colcon_core.shell:Creating package script '/home/ram-user/Desktop/rosProject/install/score/share/score/package.bash'
[3.440s] INFO:colcon.colcon_core.shell:Creating package script '/home/ram-user/Desktop/rosProject/install/score/share/score/package.zsh'
[3.443s] Level 1:colcon.colcon_core.environment:create_file_with_runtime_dependencies(/home/ram-user/Desktop/rosProject/install/score/share/colcon-core/packages/score)
[3.453s] DEBUG:colcon.colcon_core.event_handler.log_command:Invoking command in '/home/ram-user/Desktop/rosProject/build/visualization_package': AMENT_PREFIX_PATH=/home/ram-user/Desktop/rosProject/install/tutorial_interfaces:${AMENT_PREFIX_PATH} CMAKE_PREFIX_PATH=/home/ram-user/Desktop/rosProject/install/tutorial_interfaces:/opt/ros/humble LD_LIBRARY_PATH=/home/ram-user/Desktop/rosProject/install/tutorial_interfaces/lib:${LD_LIBRARY_PATH} PYTHONPATH=/home/ram-user/Desktop/rosProject/install/tutorial_interfaces/local/lib/python3.10/dist-packages:${PYTHONPATH} /usr/bin/cmake --install /home/ram-user/Desktop/rosProject/build/visualization_package
[3.470s] Level 1:colcon.colcon_core.environment:create_environment_scripts_only(visualization_package)
[3.474s] Level 1:colcon.colcon_core.environment:checking '/home/ram-user/Desktop/rosProject/install/visualization_package' for CMake module files
[3.476s] Level 1:colcon.colcon_core.environment:checking '/home/ram-user/Desktop/rosProject/install/visualization_package' for CMake config files
[3.477s] DEBUG:colcon.colcon_core.event_handler.log_command:Invoked command in '/home/ram-user/Desktop/rosProject/build/visualization_package' returned '0': AMENT_PREFIX_PATH=/home/ram-user/Desktop/rosProject/install/tutorial_interfaces:${AMENT_PREFIX_PATH} CMAKE_PREFIX_PATH=/home/ram-user/Desktop/rosProject/install/tutorial_interfaces:/opt/ros/humble LD_LIBRARY_PATH=/home/ram-user/Desktop/rosProject/install/tutorial_interfaces/lib:${LD_LIBRARY_PATH} PYTHONPATH=/home/ram-user/Desktop/rosProject/install/tutorial_interfaces/local/lib/python3.10/dist-packages:${PYTHONPATH} /usr/bin/cmake --install /home/ram-user/Desktop/rosProject/build/visualization_package
[3.478s] Level 1:colcon.colcon_core.shell:create_environment_hook('visualization_package', 'cmake_prefix_path')
[3.480s] INFO:colcon.colcon_core.shell:Creating environment hook '/home/ram-user/Desktop/rosProject/install/visualization_package/share/visualization_package/hook/cmake_prefix_path.ps1'
[3.482s] INFO:colcon.colcon_core.shell:Creating environment descriptor '/home/ram-user/Desktop/rosProject/install/visualization_package/share/visualization_package/hook/cmake_prefix_path.dsv'
[3.484s] INFO:colcon.colcon_core.shell:Creating environment hook '/home/ram-user/Desktop/rosProject/install/visualization_package/share/visualization_package/hook/cmake_prefix_path.sh'
[3.486s] Level 1:colcon.colcon_core.environment:checking '/home/ram-user/Desktop/rosProject/install/visualization_package/lib'
[3.486s] Level 1:colcon.colcon_core.environment:checking '/home/ram-user/Desktop/rosProject/install/visualization_package/bin'
[3.486s] Level 1:colcon.colcon_core.environment:checking '/home/ram-user/Desktop/rosProject/install/visualization_package/lib/pkgconfig/visualization_package.pc'
[3.487s] Level 1:colcon.colcon_core.environment:checking '/home/ram-user/Desktop/rosProject/install/visualization_package/lib/python3.10/site-packages'
[3.487s] Level 1:colcon.colcon_core.environment:checking '/home/ram-user/Desktop/rosProject/install/visualization_package/bin'
[3.491s] INFO:colcon.colcon_core.shell:Creating package script '/home/ram-user/Desktop/rosProject/install/visualization_package/share/visualization_package/package.ps1'
[3.493s] INFO:colcon.colcon_core.shell:Creating package descriptor '/home/ram-user/Desktop/rosProject/install/visualization_package/share/visualization_package/package.dsv'
[3.494s] INFO:colcon.colcon_core.shell:Creating package script '/home/ram-user/Desktop/rosProject/install/visualization_package/share/visualization_package/package.sh'
[3.496s] INFO:colcon.colcon_core.shell:Creating package script '/home/ram-user/Desktop/rosProject/install/visualization_package/share/visualization_package/package.bash'
[3.498s] INFO:colcon.colcon_core.shell:Creating package script '/home/ram-user/Desktop/rosProject/install/visualization_package/share/visualization_package/package.zsh'
[3.500s] Level 1:colcon.colcon_core.environment:create_file_with_runtime_dependencies(/home/ram-user/Desktop/rosProject/install/visualization_package/share/colcon-core/packages/visualization_package)
[3.588s] Level 1:colcon.colcon_core.environment:create_environment_scripts_only(visualization_package)
[3.591s] Level 1:colcon.colcon_core.environment:checking '/home/ram-user/Desktop/rosProject/install/visualization_package' for CMake module files
[3.592s] Level 1:colcon.colcon_core.environment:checking '/home/ram-user/Desktop/rosProject/install/visualization_package' for CMake config files
[3.592s] Level 1:colcon.colcon_core.shell:create_environment_hook('visualization_package', 'cmake_prefix_path')
[3.594s] INFO:colcon.colcon_core.shell:Creating environment hook '/home/ram-user/Desktop/rosProject/install/visualization_package/share/visualization_package/hook/cmake_prefix_path.ps1'
[3.597s] INFO:colcon.colcon_core.shell:Creating environment descriptor '/home/ram-user/Desktop/rosProject/install/visualization_package/share/visualization_package/hook/cmake_prefix_path.dsv'
[3.597s] INFO:colcon.colcon_core.shell:Creating environment hook '/home/ram-user/Desktop/rosProject/install/visualization_package/share/visualization_package/hook/cmake_prefix_path.sh'
[3.600s] Level 1:colcon.colcon_core.environment:checking '/home/ram-user/Desktop/rosProject/install/visualization_package/lib'
[3.600s] Level 1:colcon.colcon_core.environment:checking '/home/ram-user/Desktop/rosProject/install/visualization_package/bin'
[3.600s] Level 1:colcon.colcon_core.environment:checking '/home/ram-user/Desktop/rosProject/install/visualization_package/lib/pkgconfig/visualization_package.pc'
[3.600s] Level 1:colcon.colcon_core.environment:checking '/home/ram-user/Desktop/rosProject/install/visualization_package/lib/python3.10/site-packages'
[3.601s] Level 1:colcon.colcon_core.environment:checking '/home/ram-user/Desktop/rosProject/install/visualization_package/bin'
[3.603s] INFO:colcon.colcon_core.shell:Creating package script '/home/ram-user/Desktop/rosProject/install/visualization_package/share/visualization_package/package.ps1'
[3.605s] INFO:colcon.colcon_core.shell:Creating package descriptor '/home/ram-user/Desktop/rosProject/install/visualization_package/share/visualization_package/package.dsv'
[3.607s] INFO:colcon.colcon_core.shell:Creating package script '/home/ram-user/Desktop/rosProject/install/visualization_package/share/visualization_package/package.sh'
[3.609s] INFO:colcon.colcon_core.shell:Creating package script '/home/ram-user/Desktop/rosProject/install/visualization_package/share/visualization_package/package.bash'
[3.610s] INFO:colcon.colcon_core.shell:Creating package script '/home/ram-user/Desktop/rosProject/install/visualization_package/share/visualization_package/package.zsh'
[3.611s] Level 1:colcon.colcon_core.environment:create_file_with_runtime_dependencies(/home/ram-user/Desktop/rosProject/install/visualization_package/share/colcon-core/packages/visualization_package)
[3.612s] DEBUG:colcon.colcon_parallel_executor.executor.parallel:closing loop
[3.614s] DEBUG:colcon.colcon_parallel_executor.executor.parallel:loop closed
[3.614s] DEBUG:colcon.colcon_parallel_executor.executor.parallel:run_until_complete finished with '0'
[3.614s] DEBUG:colcon.colcon_core.event_reactor:joining thread
[3.624s] INFO:colcon.colcon_core.plugin_system:Skipping extension 'colcon_notification.desktop_notification.terminal_notifier': Not used on non-Darwin systems
[3.624s] INFO:colcon.colcon_core.plugin_system:Skipping extension 'colcon_notification.desktop_notification.win32': Not used on non-Windows systems
[3.624s] INFO:colcon.colcon_notification.desktop_notification:Sending desktop notification using 'notify2'
[3.665s] DEBUG:colcon.colcon_core.event_reactor:joined thread
[3.667s] INFO:colcon.colcon_core.shell:Creating prefix script '/home/ram-user/Desktop/rosProject/install/local_setup.ps1'
[3.669s] INFO:colcon.colcon_core.shell:Creating prefix util module '/home/ram-user/Desktop/rosProject/install/_local_setup_util_ps1.py'
[3.674s] INFO:colcon.colcon_core.shell:Creating prefix chain script '/home/ram-user/Desktop/rosProject/install/setup.ps1'
[3.676s] INFO:colcon.colcon_core.shell:Creating prefix script '/home/ram-user/Desktop/rosProject/install/local_setup.sh'
[3.678s] INFO:colcon.colcon_core.shell:Creating prefix util module '/home/ram-user/Desktop/rosProject/install/_local_setup_util_sh.py'
[3.680s] INFO:colcon.colcon_core.shell:Creating prefix chain script '/home/ram-user/Desktop/rosProject/install/setup.sh'
[3.684s] INFO:colcon.colcon_core.shell:Creating prefix script '/home/ram-user/Desktop/rosProject/install/local_setup.bash'
[3.685s] INFO:colcon.colcon_core.shell:Creating prefix chain script '/home/ram-user/Desktop/rosProject/install/setup.bash'
[3.690s] INFO:colcon.colcon_core.shell:Creating prefix script '/home/ram-user/Desktop/rosProject/install/local_setup.zsh'
[3.692s] INFO:colcon.colcon_core.shell:Creating prefix chain script '/home/ram-user/Desktop/rosProject/install/setup.zsh'
