[0.475s] DEBUG:colcon:Command line arguments: ['/usr/bin/colcon', 'build']
[0.475s] DEBUG:colcon:Parsed command line arguments: Namespace(log_base=None, log_level=None, verb_name='build', build_base='build', install_base='install', merge_install=False, symlink_install=False, test_result_base=None, continue_on_error=False, executor='parallel', parallel_workers=2, event_handlers=None, ignore_user_meta=False, metas=['./colcon.meta'], base_paths=['.'], packages_ignore=None, packages_ignore_regex=None, paths=None, packages_up_to=None, packages_up_to_regex=None, packages_above=None, packages_above_and_dependencies=None, packages_above_depth=None, packages_select_by_dep=None, packages_skip_by_dep=None, packages_skip_up_to=None, packages_select_build_failed=False, packages_skip_build_finished=False, packages_select_test_failures=False, packages_skip_test_passed=False, packages_select=None, packages_skip=None, packages_select_regex=None, packages_skip_regex=None, packages_start=None, packages_end=None, allow_overriding=[], cmake_args=None, cmake_target=None, cmake_target_skip_unavailable=False, cmake_clean_cache=False, cmake_clean_first=False, cmake_force_configure=False, ament_cmake_args=None, catkin_cmake_args=None, catkin_skip_building_tests=False, verb_parser=<colcon_defaults.argument_parser.defaults.DefaultArgumentsDecorator object at 0x7feca76576d0>, verb_extension=<colcon_core.verb.build.BuildVerb object at 0x7feca80e7400>, main=<bound method BuildVerb.main of <colcon_core.verb.build.BuildVerb object at 0x7feca80e7400>>)
[0.503s] Level 1:colcon.colcon_core.package_discovery:discover_packages(colcon_meta) check parameters
[0.503s] Level 1:colcon.colcon_core.package_discovery:discover_packages(recursive) check parameters
[0.503s] Level 1:colcon.colcon_core.package_discovery:discover_packages(ignore) check parameters
[0.503s] Level 1:colcon.colcon_core.package_discovery:discover_packages(path) check parameters
[0.503s] Level 1:colcon.colcon_core.package_discovery:discover_packages(colcon_meta) discover
[0.503s] Level 1:colcon.colcon_core.package_discovery:discover_packages(recursive) discover
[0.503s] INFO:colcon.colcon_core.package_discovery:Crawling recursively for packages in '/home/ram-user/Desktop/rosProject'
[0.503s] Level 1:colcon.colcon_core.package_identification:_identify(.) by extensions ['ignore', 'ignore_ament_install']
[0.503s] Level 1:colcon.colcon_core.package_identification:_identify(.) by extension 'ignore'
[0.504s] Level 1:colcon.colcon_core.package_identification:_identify(.) by extension 'ignore_ament_install'
[0.504s] Level 1:colcon.colcon_core.package_identification:_identify(.) by extensions ['colcon_pkg']
[0.504s] Level 1:colcon.colcon_core.package_identification:_identify(.) by extension 'colcon_pkg'
[0.504s] Level 1:colcon.colcon_core.package_identification:_identify(.) by extensions ['colcon_meta']
[0.504s] Level 1:colcon.colcon_core.package_identification:_identify(.) by extension 'colcon_meta'
[0.504s] Level 1:colcon.colcon_core.package_identification:_identify(.) by extensions ['ros']
[0.504s] Level 1:colcon.colcon_core.package_identification:_identify(.) by extension 'ros'
[0.523s] Level 1:colcon.colcon_core.package_identification:_identify(.) by extensions ['cmake', 'python']
[0.524s] Level 1:colcon.colcon_core.package_identification:_identify(.) by extension 'cmake'
[0.524s] Level 1:colcon.colcon_core.package_identification:_identify(.) by extension 'python'
[0.524s] Level 1:colcon.colcon_core.package_identification:_identify(.) by extensions ['python_setup_py']
[0.524s] Level 1:colcon.colcon_core.package_identification:_identify(.) by extension 'python_setup_py'
[0.524s] Level 1:colcon.colcon_core.package_identification:_identify(build) by extensions ['ignore', 'ignore_ament_install']
[0.524s] Level 1:colcon.colcon_core.package_identification:_identify(build) by extension 'ignore'
[0.524s] Level 1:colcon.colcon_core.package_identification:_identify(build) ignored
[0.524s] Level 1:colcon.colcon_core.package_identification:_identify(install) by extensions ['ignore', 'ignore_ament_install']
[0.525s] Level 1:colcon.colcon_core.package_identification:_identify(install) by extension 'ignore'
[0.525s] Level 1:colcon.colcon_core.package_identification:_identify(install) ignored
[0.525s] Level 1:colcon.colcon_core.package_identification:_identify(log) by extensions ['ignore', 'ignore_ament_install']
[0.525s] Level 1:colcon.colcon_core.package_identification:_identify(log) by extension 'ignore'
[0.525s] Level 1:colcon.colcon_core.package_identification:_identify(log) ignored
[0.525s] Level 1:colcon.colcon_core.package_identification:_identify(src) by extensions ['ignore', 'ignore_ament_install']
[0.525s] Level 1:colcon.colcon_core.package_identification:_identify(src) by extension 'ignore'
[0.525s] Level 1:colcon.colcon_core.package_identification:_identify(src) by extension 'ignore_ament_install'
[0.525s] Level 1:colcon.colcon_core.package_identification:_identify(src) by extensions ['colcon_pkg']
[0.525s] Level 1:colcon.colcon_core.package_identification:_identify(src) by extension 'colcon_pkg'
[0.525s] Level 1:colcon.colcon_core.package_identification:_identify(src) by extensions ['colcon_meta']
[0.525s] Level 1:colcon.colcon_core.package_identification:_identify(src) by extension 'colcon_meta'
[0.526s] Level 1:colcon.colcon_core.package_identification:_identify(src) by extensions ['ros']
[0.526s] Level 1:colcon.colcon_core.package_identification:_identify(src) by extension 'ros'
[0.526s] Level 1:colcon.colcon_core.package_identification:_identify(src) by extensions ['cmake', 'python']
[0.526s] Level 1:colcon.colcon_core.package_identification:_identify(src) by extension 'cmake'
[0.526s] Level 1:colcon.colcon_core.package_identification:_identify(src) by extension 'python'
[0.526s] Level 1:colcon.colcon_core.package_identification:_identify(src) by extensions ['python_setup_py']
[0.526s] Level 1:colcon.colcon_core.package_identification:_identify(src) by extension 'python_setup_py'
[0.526s] Level 1:colcon.colcon_core.package_identification:_identify(src/cpp_publisher) by extensions ['ignore', 'ignore_ament_install']
[0.526s] Level 1:colcon.colcon_core.package_identification:_identify(src/cpp_publisher) by extension 'ignore'
[0.526s] Level 1:colcon.colcon_core.package_identification:_identify(src/cpp_publisher) by extension 'ignore_ament_install'
[0.526s] Level 1:colcon.colcon_core.package_identification:_identify(src/cpp_publisher) by extensions ['colcon_pkg']
[0.526s] Level 1:colcon.colcon_core.package_identification:_identify(src/cpp_publisher) by extension 'colcon_pkg'
[0.526s] Level 1:colcon.colcon_core.package_identification:_identify(src/cpp_publisher) by extensions ['colcon_meta']
[0.526s] Level 1:colcon.colcon_core.package_identification:_identify(src/cpp_publisher) by extension 'colcon_meta'
[0.526s] Level 1:colcon.colcon_core.package_identification:_identify(src/cpp_publisher) by extensions ['ros']
[0.526s] Level 1:colcon.colcon_core.package_identification:_identify(src/cpp_publisher) by extension 'ros'
[0.530s] DEBUG:colcon.colcon_core.package_identification:Package 'src/cpp_publisher' with type 'ros.ament_cmake' and name 'cpp_publisher'
[0.531s] Level 1:colcon.colcon_core.package_identification:_identify(src/image_input) by extensions ['ignore', 'ignore_ament_install']
[0.531s] Level 1:colcon.colcon_core.package_identification:_identify(src/image_input) by extension 'ignore'
[0.531s] Level 1:colcon.colcon_core.package_identification:_identify(src/image_input) by extension 'ignore_ament_install'
[0.531s] Level 1:colcon.colcon_core.package_identification:_identify(src/image_input) by extensions ['colcon_pkg']
[0.531s] Level 1:colcon.colcon_core.package_identification:_identify(src/image_input) by extension 'colcon_pkg'
[0.531s] Level 1:colcon.colcon_core.package_identification:_identify(src/image_input) by extensions ['colcon_meta']
[0.531s] Level 1:colcon.colcon_core.package_identification:_identify(src/image_input) by extension 'colcon_meta'
[0.531s] Level 1:colcon.colcon_core.package_identification:_identify(src/image_input) by extensions ['ros']
[0.531s] Level 1:colcon.colcon_core.package_identification:_identify(src/image_input) by extension 'ros'
[0.532s] DEBUG:colcon.colcon_core.package_identification:Package 'src/image_input' with type 'ros.ament_cmake' and name 'image_input'
[0.533s] Level 1:colcon.colcon_core.package_identification:_identify(src/keyboard_input) by extensions ['ignore', 'ignore_ament_install']
[0.533s] Level 1:colcon.colcon_core.package_identification:_identify(src/keyboard_input) by extension 'ignore'
[0.533s] Level 1:colcon.colcon_core.package_identification:_identify(src/keyboard_input) by extension 'ignore_ament_install'
[0.533s] Level 1:colcon.colcon_core.package_identification:_identify(src/keyboard_input) by extensions ['colcon_pkg']
[0.533s] Level 1:colcon.colcon_core.package_identification:_identify(src/keyboard_input) by extension 'colcon_pkg'
[0.533s] Level 1:colcon.colcon_core.package_identification:_identify(src/keyboard_input) by extensions ['colcon_meta']
[0.533s] Level 1:colcon.colcon_core.package_identification:_identify(src/keyboard_input) by extension 'colcon_meta'
[0.533s] Level 1:colcon.colcon_core.package_identification:_identify(src/keyboard_input) by extensions ['ros']
[0.533s] Level 1:colcon.colcon_core.package_identification:_identify(src/keyboard_input) by extension 'ros'
[0.534s] DEBUG:colcon.colcon_core.package_identification:Package 'src/keyboard_input' with type 'ros.ament_cmake' and name 'keyboard_input'
[0.535s] Level 1:colcon.colcon_core.package_identification:_identify(src/paddle_physics) by extensions ['ignore', 'ignore_ament_install']
[0.535s] Level 1:colcon.colcon_core.package_identification:_identify(src/paddle_physics) by extension 'ignore'
[0.535s] Level 1:colcon.colcon_core.package_identification:_identify(src/paddle_physics) by extension 'ignore_ament_install'
[0.535s] Level 1:colcon.colcon_core.package_identification:_identify(src/paddle_physics) by extensions ['colcon_pkg']
[0.535s] Level 1:colcon.colcon_core.package_identification:_identify(src/paddle_physics) by extension 'colcon_pkg'
[0.535s] Level 1:colcon.colcon_core.package_identification:_identify(src/paddle_physics) by extensions ['colcon_meta']
[0.535s] Level 1:colcon.colcon_core.package_identification:_identify(src/paddle_physics) by extension 'colcon_meta'
[0.535s] Level 1:colcon.colcon_core.package_identification:_identify(src/paddle_physics) by extensions ['ros']
[0.535s] Level 1:colcon.colcon_core.package_identification:_identify(src/paddle_physics) by extension 'ros'
[0.536s] DEBUG:colcon.colcon_core.package_identification:Package 'src/paddle_physics' with type 'ros.ament_cmake' and name 'paddle_physics'
[0.536s] Level 1:colcon.colcon_core.package_identification:_identify(src/pong_core) by extensions ['ignore', 'ignore_ament_install']
[0.537s] Level 1:colcon.colcon_core.package_identification:_identify(src/pong_core) by extension 'ignore'
[0.537s] Level 1:colcon.colcon_core.package_identification:_identify(src/pong_core) by extension 'ignore_ament_install'
[0.537s] Level 1:colcon.colcon_core.package_identification:_identify(src/pong_core) by extensions ['colcon_pkg']
[0.537s] Level 1:colcon.colcon_core.package_identification:_identify(src/pong_core) by extension 'colcon_pkg'
[0.537s] Level 1:colcon.colcon_core.package_identification:_identify(src/pong_core) by extensions ['colcon_meta']
[0.537s] Level 1:colcon.colcon_core.package_identification:_identify(src/pong_core) by extension 'colcon_meta'
[0.537s] Level 1:colcon.colcon_core.package_identification:_identify(src/pong_core) by extensions ['ros']
[0.537s] Level 1:colcon.colcon_core.package_identification:_identify(src/pong_core) by extension 'ros'
[0.538s] DEBUG:colcon.colcon_core.package_identification:Package 'src/pong_core' with type 'ros.ament_cmake' and name 'pong_core'
[0.538s] Level 1:colcon.colcon_core.package_identification:_identify(src/score) by extensions ['ignore', 'ignore_ament_install']
[0.538s] Level 1:colcon.colcon_core.package_identification:_identify(src/score) by extension 'ignore'
[0.538s] Level 1:colcon.colcon_core.package_identification:_identify(src/score) by extension 'ignore_ament_install'
[0.539s] Level 1:colcon.colcon_core.package_identification:_identify(src/score) by extensions ['colcon_pkg']
[0.539s] Level 1:colcon.colcon_core.package_identification:_identify(src/score) by extension 'colcon_pkg'
[0.539s] Level 1:colcon.colcon_core.package_identification:_identify(src/score) by extensions ['colcon_meta']
[0.539s] Level 1:colcon.colcon_core.package_identification:_identify(src/score) by extension 'colcon_meta'
[0.539s] Level 1:colcon.colcon_core.package_identification:_identify(src/score) by extensions ['ros']
[0.539s] Level 1:colcon.colcon_core.package_identification:_identify(src/score) by extension 'ros'
[0.540s] DEBUG:colcon.colcon_core.package_identification:Package 'src/score' with type 'ros.ament_cmake' and name 'score'
[0.540s] Level 1:colcon.colcon_core.package_identification:_identify(src/tutorial_interfaces) by extensions ['ignore', 'ignore_ament_install']
[0.540s] Level 1:colcon.colcon_core.package_identification:_identify(src/tutorial_interfaces) by extension 'ignore'
[0.540s] Level 1:colcon.colcon_core.package_identification:_identify(src/tutorial_interfaces) by extension 'ignore_ament_install'
[0.540s] Level 1:colcon.colcon_core.package_identification:_identify(src/tutorial_interfaces) by extensions ['colcon_pkg']
[0.540s] Level 1:colcon.colcon_core.package_identification:_identify(src/tutorial_interfaces) by extension 'colcon_pkg'
[0.541s] Level 1:colcon.colcon_core.package_identification:_identify(src/tutorial_interfaces) by extensions ['colcon_meta']
[0.541s] Level 1:colcon.colcon_core.package_identification:_identify(src/tutorial_interfaces) by extension 'colcon_meta'
[0.541s] Level 1:colcon.colcon_core.package_identification:_identify(src/tutorial_interfaces) by extensions ['ros']
[0.541s] Level 1:colcon.colcon_core.package_identification:_identify(src/tutorial_interfaces) by extension 'ros'
[0.542s] DEBUG:colcon.colcon_core.package_identification:Package 'src/tutorial_interfaces' with type 'ros.ament_cmake' and name 'tutorial_interfaces'
[0.543s] Level 1:colcon.colcon_core.package_identification:_identify(src/visualization_package) by extensions ['ignore', 'ignore_ament_install']
[0.543s] Level 1:colcon.colcon_core.package_identification:_identify(src/visualization_package) by extension 'ignore'
[0.543s] Level 1:colcon.colcon_core.package_identification:_identify(src/visualization_package) by extension 'ignore_ament_install'
[0.543s] Level 1:colcon.colcon_core.package_identification:_identify(src/visualization_package) by extensions ['colcon_pkg']
[0.543s] Level 1:colcon.colcon_core.package_identification:_identify(src/visualization_package) by extension 'colcon_pkg'
[0.544s] Level 1:colcon.colcon_core.package_identification:_identify(src/visualization_package) by extensions ['colcon_meta']
[0.544s] Level 1:colcon.colcon_core.package_identification:_identify(src/visualization_package) by extension 'colcon_meta'
[0.544s] Level 1:colcon.colcon_core.package_identification:_identify(src/visualization_package) by extensions ['ros']
[0.544s] Level 1:colcon.colcon_core.package_identification:_identify(src/visualization_package) by extension 'ros'
[0.545s] DEBUG:colcon.colcon_core.package_identification:Package 'src/visualization_package' with type 'ros.ament_cmake' and name 'visualization_package'
[0.545s] Level 1:colcon.colcon_core.package_discovery:discover_packages(recursive) using defaults
[0.545s] Level 1:colcon.colcon_core.package_discovery:discover_packages(ignore) discover
[0.546s] Level 1:colcon.colcon_core.package_discovery:discover_packages(ignore) using defaults
[0.546s] Level 1:colcon.colcon_core.package_discovery:discover_packages(path) discover
[0.546s] Level 1:colcon.colcon_core.package_discovery:discover_packages(path) using defaults
[0.580s] Level 1:colcon.colcon_core.package_discovery:discover_packages(prefix_path) check parameters
[0.580s] Level 1:colcon.colcon_core.package_discovery:discover_packages(prefix_path) discover
[0.584s] DEBUG:colcon.colcon_installed_package_information.package_discovery:Found 8 installed packages in /home/ram-user/Desktop/rosProject/install
[0.586s] DEBUG:colcon.colcon_installed_package_information.package_discovery:Found 270 installed packages in /opt/ros/humble
[0.589s] Level 1:colcon.colcon_core.package_discovery:discover_packages(prefix_path) using defaults
[0.661s] Level 5:colcon.colcon_core.verb:set package 'image_input' build argument 'cmake_args' from command line to 'None'
[0.661s] Level 5:colcon.colcon_core.verb:set package 'image_input' build argument 'cmake_target' from command line to 'None'
[0.661s] Level 5:colcon.colcon_core.verb:set package 'image_input' build argument 'cmake_target_skip_unavailable' from command line to 'False'
[0.661s] Level 5:colcon.colcon_core.verb:set package 'image_input' build argument 'cmake_clean_cache' from command line to 'False'
[0.661s] Level 5:colcon.colcon_core.verb:set package 'image_input' build argument 'cmake_clean_first' from command line to 'False'
[0.661s] Level 5:colcon.colcon_core.verb:set package 'image_input' build argument 'cmake_force_configure' from command line to 'False'
[0.661s] Level 5:colcon.colcon_core.verb:set package 'image_input' build argument 'ament_cmake_args' from command line to 'None'
[0.661s] Level 5:colcon.colcon_core.verb:set package 'image_input' build argument 'catkin_cmake_args' from command line to 'None'
[0.661s] Level 5:colcon.colcon_core.verb:set package 'image_input' build argument 'catkin_skip_building_tests' from command line to 'False'
[0.661s] DEBUG:colcon.colcon_core.verb:Building package 'image_input' with the following arguments: {'ament_cmake_args': None, 'build_base': '/home/ram-user/Desktop/rosProject/build/image_input', 'catkin_cmake_args': None, 'catkin_skip_building_tests': False, 'cmake_args': None, 'cmake_clean_cache': False, 'cmake_clean_first': False, 'cmake_force_configure': False, 'cmake_target': None, 'cmake_target_skip_unavailable': False, 'install_base': '/home/ram-user/Desktop/rosProject/install/image_input', 'merge_install': False, 'path': '/home/ram-user/Desktop/rosProject/src/image_input', 'symlink_install': False, 'test_result_base': None}
[0.663s] Level 5:colcon.colcon_core.verb:set package 'keyboard_input' build argument 'cmake_args' from command line to 'None'
[0.663s] Level 5:colcon.colcon_core.verb:set package 'keyboard_input' build argument 'cmake_target' from command line to 'None'
[0.663s] Level 5:colcon.colcon_core.verb:set package 'keyboard_input' build argument 'cmake_target_skip_unavailable' from command line to 'False'
[0.663s] Level 5:colcon.colcon_core.verb:set package 'keyboard_input' build argument 'cmake_clean_cache' from command line to 'False'
[0.663s] Level 5:colcon.colcon_core.verb:set package 'keyboard_input' build argument 'cmake_clean_first' from command line to 'False'
[0.663s] Level 5:colcon.colcon_core.verb:set package 'keyboard_input' build argument 'cmake_force_configure' from command line to 'False'
[0.663s] Level 5:colcon.colcon_core.verb:set package 'keyboard_input' build argument 'ament_cmake_args' from command line to 'None'
[0.663s] Level 5:colcon.colcon_core.verb:set package 'keyboard_input' build argument 'catkin_cmake_args' from command line to 'None'
[0.664s] Level 5:colcon.colcon_core.verb:set package 'keyboard_input' build argument 'catkin_skip_building_tests' from command line to 'False'
[0.664s] DEBUG:colcon.colcon_core.verb:Building package 'keyboard_input' with the following arguments: {'ament_cmake_args': None, 'build_base': '/home/ram-user/Desktop/rosProject/build/keyboard_input', 'catkin_cmake_args': None, 'catkin_skip_building_tests': False, 'cmake_args': None, 'cmake_clean_cache': False, 'cmake_clean_first': False, 'cmake_force_configure': False, 'cmake_target': None, 'cmake_target_skip_unavailable': False, 'install_base': '/home/ram-user/Desktop/rosProject/install/keyboard_input', 'merge_install': False, 'path': '/home/ram-user/Desktop/rosProject/src/keyboard_input', 'symlink_install': False, 'test_result_base': None}
[0.665s] Level 5:colcon.colcon_core.verb:set package 'paddle_physics' build argument 'cmake_args' from command line to 'None'
[0.665s] Level 5:colcon.colcon_core.verb:set package 'paddle_physics' build argument 'cmake_target' from command line to 'None'
[0.665s] Level 5:colcon.colcon_core.verb:set package 'paddle_physics' build argument 'cmake_target_skip_unavailable' from command line to 'False'
[0.665s] Level 5:colcon.colcon_core.verb:set package 'paddle_physics' build argument 'cmake_clean_cache' from command line to 'False'
[0.665s] Level 5:colcon.colcon_core.verb:set package 'paddle_physics' build argument 'cmake_clean_first' from command line to 'False'
[0.665s] Level 5:colcon.colcon_core.verb:set package 'paddle_physics' build argument 'cmake_force_configure' from command line to 'False'
[0.665s] Level 5:colcon.colcon_core.verb:set package 'paddle_physics' build argument 'ament_cmake_args' from command line to 'None'
[0.665s] Level 5:colcon.colcon_core.verb:set package 'paddle_physics' build argument 'catkin_cmake_args' from command line to 'None'
[0.665s] Level 5:colcon.colcon_core.verb:set package 'paddle_physics' build argument 'catkin_skip_building_tests' from command line to 'False'
[0.665s] DEBUG:colcon.colcon_core.verb:Building package 'paddle_physics' with the following arguments: {'ament_cmake_args': None, 'build_base': '/home/ram-user/Desktop/rosProject/build/paddle_physics', 'catkin_cmake_args': None, 'catkin_skip_building_tests': False, 'cmake_args': None, 'cmake_clean_cache': False, 'cmake_clean_first': False, 'cmake_force_configure': False, 'cmake_target': None, 'cmake_target_skip_unavailable': False, 'install_base': '/home/ram-user/Desktop/rosProject/install/paddle_physics', 'merge_install': False, 'path': '/home/ram-user/Desktop/rosProject/src/paddle_physics', 'symlink_install': False, 'test_result_base': None}
[0.667s] Level 5:colcon.colcon_core.verb:set package 'tutorial_interfaces' build argument 'cmake_args' from command line to 'None'
[0.667s] Level 5:colcon.colcon_core.verb:set package 'tutorial_interfaces' build argument 'cmake_target' from command line to 'None'
[0.667s] Level 5:colcon.colcon_core.verb:set package 'tutorial_interfaces' build argument 'cmake_target_skip_unavailable' from command line to 'False'
[0.667s] Level 5:colcon.colcon_core.verb:set package 'tutorial_interfaces' build argument 'cmake_clean_cache' from command line to 'False'
[0.667s] Level 5:colcon.colcon_core.verb:set package 'tutorial_interfaces' build argument 'cmake_clean_first' from command line to 'False'
[0.667s] Level 5:colcon.colcon_core.verb:set package 'tutorial_interfaces' build argument 'cmake_force_configure' from command line to 'False'
[0.667s] Level 5:colcon.colcon_core.verb:set package 'tutorial_interfaces' build argument 'ament_cmake_args' from command line to 'None'
[0.667s] Level 5:colcon.colcon_core.verb:set package 'tutorial_interfaces' build argument 'catkin_cmake_args' from command line to 'None'
[0.667s] Level 5:colcon.colcon_core.verb:set package 'tutorial_interfaces' build argument 'catkin_skip_building_tests' from command line to 'False'
[0.667s] DEBUG:colcon.colcon_core.verb:Building package 'tutorial_interfaces' with the following arguments: {'ament_cmake_args': None, 'build_base': '/home/ram-user/Desktop/rosProject/build/tutorial_interfaces', 'catkin_cmake_args': None, 'catkin_skip_building_tests': False, 'cmake_args': None, 'cmake_clean_cache': False, 'cmake_clean_first': False, 'cmake_force_configure': False, 'cmake_target': None, 'cmake_target_skip_unavailable': False, 'install_base': '/home/ram-user/Desktop/rosProject/install/tutorial_interfaces', 'merge_install': False, 'path': '/home/ram-user/Desktop/rosProject/src/tutorial_interfaces', 'symlink_install': False, 'test_result_base': None}
[0.668s] Level 5:colcon.colcon_core.verb:set package 'cpp_publisher' build argument 'cmake_args' from command line to 'None'
[0.669s] Level 5:colcon.colcon_core.verb:set package 'cpp_publisher' build argument 'cmake_target' from command line to 'None'
[0.669s] Level 5:colcon.colcon_core.verb:set package 'cpp_publisher' build argument 'cmake_target_skip_unavailable' from command line to 'False'
[0.669s] Level 5:colcon.colcon_core.verb:set package 'cpp_publisher' build argument 'cmake_clean_cache' from command line to 'False'
[0.669s] Level 5:colcon.colcon_core.verb:set package 'cpp_publisher' build argument 'cmake_clean_first' from command line to 'False'
[0.669s] Level 5:colcon.colcon_core.verb:set package 'cpp_publisher' build argument 'cmake_force_configure' from command line to 'False'
[0.669s] Level 5:colcon.colcon_core.verb:set package 'cpp_publisher' build argument 'ament_cmake_args' from command line to 'None'
[0.669s] Level 5:colcon.colcon_core.verb:set package 'cpp_publisher' build argument 'catkin_cmake_args' from command line to 'None'
[0.669s] Level 5:colcon.colcon_core.verb:set package 'cpp_publisher' build argument 'catkin_skip_building_tests' from command line to 'False'
[0.669s] DEBUG:colcon.colcon_core.verb:Building package 'cpp_publisher' with the following arguments: {'ament_cmake_args': None, 'build_base': '/home/ram-user/Desktop/rosProject/build/cpp_publisher', 'catkin_cmake_args': None, 'catkin_skip_building_tests': False, 'cmake_args': None, 'cmake_clean_cache': False, 'cmake_clean_first': False, 'cmake_force_configure': False, 'cmake_target': None, 'cmake_target_skip_unavailable': False, 'install_base': '/home/ram-user/Desktop/rosProject/install/cpp_publisher', 'merge_install': False, 'path': '/home/ram-user/Desktop/rosProject/src/cpp_publisher', 'symlink_install': False, 'test_result_base': None}
[0.670s] Level 5:colcon.colcon_core.verb:set package 'pong_core' build argument 'cmake_args' from command line to 'None'
[0.671s] Level 5:colcon.colcon_core.verb:set package 'pong_core' build argument 'cmake_target' from command line to 'None'
[0.671s] Level 5:colcon.colcon_core.verb:set package 'pong_core' build argument 'cmake_target_skip_unavailable' from command line to 'False'
[0.671s] Level 5:colcon.colcon_core.verb:set package 'pong_core' build argument 'cmake_clean_cache' from command line to 'False'
[0.671s] Level 5:colcon.colcon_core.verb:set package 'pong_core' build argument 'cmake_clean_first' from command line to 'False'
[0.671s] Level 5:colcon.colcon_core.verb:set package 'pong_core' build argument 'cmake_force_configure' from command line to 'False'
[0.671s] Level 5:colcon.colcon_core.verb:set package 'pong_core' build argument 'ament_cmake_args' from command line to 'None'
[0.671s] Level 5:colcon.colcon_core.verb:set package 'pong_core' build argument 'catkin_cmake_args' from command line to 'None'
[0.671s] Level 5:colcon.colcon_core.verb:set package 'pong_core' build argument 'catkin_skip_building_tests' from command line to 'False'
[0.671s] DEBUG:colcon.colcon_core.verb:Building package 'pong_core' with the following arguments: {'ament_cmake_args': None, 'build_base': '/home/ram-user/Desktop/rosProject/build/pong_core', 'catkin_cmake_args': None, 'catkin_skip_building_tests': False, 'cmake_args': None, 'cmake_clean_cache': False, 'cmake_clean_first': False, 'cmake_force_configure': False, 'cmake_target': None, 'cmake_target_skip_unavailable': False, 'install_base': '/home/ram-user/Desktop/rosProject/install/pong_core', 'merge_install': False, 'path': '/home/ram-user/Desktop/rosProject/src/pong_core', 'symlink_install': False, 'test_result_base': None}
[0.674s] Level 5:colcon.colcon_core.verb:set package 'score' build argument 'cmake_args' from command line to 'None'
[0.674s] Level 5:colcon.colcon_core.verb:set package 'score' build argument 'cmake_target' from command line to 'None'
[0.674s] Level 5:colcon.colcon_core.verb:set package 'score' build argument 'cmake_target_skip_unavailable' from command line to 'False'
[0.674s] Level 5:colcon.colcon_core.verb:set package 'score' build argument 'cmake_clean_cache' from command line to 'False'
[0.674s] Level 5:colcon.colcon_core.verb:set package 'score' build argument 'cmake_clean_first' from command line to 'False'
[0.674s] Level 5:colcon.colcon_core.verb:set package 'score' build argument 'cmake_force_configure' from command line to 'False'
[0.674s] Level 5:colcon.colcon_core.verb:set package 'score' build argument 'ament_cmake_args' from command line to 'None'
[0.674s] Level 5:colcon.colcon_core.verb:set package 'score' build argument 'catkin_cmake_args' from command line to 'None'
[0.674s] Level 5:colcon.colcon_core.verb:set package 'score' build argument 'catkin_skip_building_tests' from command line to 'False'
[0.674s] DEBUG:colcon.colcon_core.verb:Building package 'score' with the following arguments: {'ament_cmake_args': None, 'build_base': '/home/ram-user/Desktop/rosProject/build/score', 'catkin_cmake_args': None, 'catkin_skip_building_tests': False, 'cmake_args': None, 'cmake_clean_cache': False, 'cmake_clean_first': False, 'cmake_force_configure': False, 'cmake_target': None, 'cmake_target_skip_unavailable': False, 'install_base': '/home/ram-user/Desktop/rosProject/install/score', 'merge_install': False, 'path': '/home/ram-user/Desktop/rosProject/src/score', 'symlink_install': False, 'test_result_base': None}
[0.676s] Level 5:colcon.colcon_core.verb:set package 'visualization_package' build argument 'cmake_args' from command line to 'None'
[0.677s] Level 5:colcon.colcon_core.verb:set package 'visualization_package' build argument 'cmake_target' from command line to 'None'
[0.677s] Level 5:colcon.colcon_core.verb:set package 'visualization_package' build argument 'cmake_target_skip_unavailable' from command line to 'False'
[0.677s] Level 5:colcon.colcon_core.verb:set package 'visualization_package' build argument 'cmake_clean_cache' from command line to 'False'
[0.677s] Level 5:colcon.colcon_core.verb:set package 'visualization_package' build argument 'cmake_clean_first' from command line to 'False'
[0.677s] Level 5:colcon.colcon_core.verb:set package 'visualization_package' build argument 'cmake_force_configure' from command line to 'False'
[0.677s] Level 5:colcon.colcon_core.verb:set package 'visualization_package' build argument 'ament_cmake_args' from command line to 'None'
[0.677s] Level 5:colcon.colcon_core.verb:set package 'visualization_package' build argument 'catkin_cmake_args' from command line to 'None'
[0.677s] Level 5:colcon.colcon_core.verb:set package 'visualization_package' build argument 'catkin_skip_building_tests' from command line to 'False'
[0.677s] DEBUG:colcon.colcon_core.verb:Building package 'visualization_package' with the following arguments: {'ament_cmake_args': None, 'build_base': '/home/ram-user/Desktop/rosProject/build/visualization_package', 'catkin_cmake_args': None, 'catkin_skip_building_tests': False, 'cmake_args': None, 'cmake_clean_cache': False, 'cmake_clean_first': False, 'cmake_force_configure': False, 'cmake_target': None, 'cmake_target_skip_unavailable': False, 'install_base': '/home/ram-user/Desktop/rosProject/install/visualization_package', 'merge_install': False, 'path': '/home/ram-user/Desktop/rosProject/src/visualization_package', 'symlink_install': False, 'test_result_base': None}
[0.679s] INFO:colcon.colcon_core.executor:Executing jobs using 'parallel' executor
[0.685s] DEBUG:colcon.colcon_parallel_executor.executor.parallel:run_until_complete
[0.685s] INFO:colcon.colcon_ros.task.ament_cmake.build:Building ROS package in '/home/ram-user/Desktop/rosProject/src/tutorial_interfaces' with build type 'ament_cmake'
[0.685s] INFO:colcon.colcon_cmake.task.cmake.build:Building CMake package in '/home/ram-user/Desktop/rosProject/src/tutorial_interfaces'
[0.694s] INFO:colcon.colcon_core.plugin_system:Skipping extension 'colcon_core.shell.bat': Not used on non-Windows systems
[0.695s] INFO:colcon.colcon_core.shell:Skip shell extension 'powershell' for command environment: Not usable outside of PowerShell
[0.695s] DEBUG:colcon.colcon_core.shell:Skip shell extension 'dsv' for command environment
[0.709s] INFO:colcon.colcon_ros.task.ament_cmake.build:Building ROS package in '/home/ram-user/Desktop/rosProject/src/image_input' with build type 'ament_cmake'
[0.711s] INFO:colcon.colcon_cmake.task.cmake.build:Building CMake package in '/home/ram-user/Desktop/rosProject/src/image_input'
[0.714s] INFO:colcon.colcon_core.shell:Skip shell extension 'powershell' for command environment: Not usable outside of PowerShell
[0.715s] DEBUG:colcon.colcon_core.shell:Skip shell extension 'dsv' for command environment
[0.745s] DEBUG:colcon.colcon_core.event_handler.log_command:Invoking command in '/home/ram-user/Desktop/rosProject/build/tutorial_interfaces': CMAKE_PREFIX_PATH=${CMAKE_PREFIX_PATH}:/opt/ros/humble /usr/bin/cmake --build /home/ram-user/Desktop/rosProject/build/tutorial_interfaces -- -j2 -l2
[0.755s] DEBUG:colcon.colcon_core.event_handler.log_command:Invoking command in '/home/ram-user/Desktop/rosProject/build/image_input': CMAKE_PREFIX_PATH=${CMAKE_PREFIX_PATH}:/opt/ros/humble /usr/bin/cmake --build /home/ram-user/Desktop/rosProject/build/image_input -- -j2 -l2
[0.907s] DEBUG:colcon.colcon_core.event_handler.log_command:Invoked command in '/home/ram-user/Desktop/rosProject/build/image_input' returned '0': CMAKE_PREFIX_PATH=${CMAKE_PREFIX_PATH}:/opt/ros/humble /usr/bin/cmake --build /home/ram-user/Desktop/rosProject/build/image_input -- -j2 -l2
[1.072s] DEBUG:colcon.colcon_core.event_handler.log_command:Invoking command in '/home/ram-user/Desktop/rosProject/build/image_input': CMAKE_PREFIX_PATH=${CMAKE_PREFIX_PATH}:/opt/ros/humble /usr/bin/cmake --install /home/ram-user/Desktop/rosProject/build/image_input
[1.108s] Level 1:colcon.colcon_core.environment:create_environment_scripts_only(image_input)
[1.109s] DEBUG:colcon.colcon_core.event_handler.log_command:Invoked command in '/home/ram-user/Desktop/rosProject/build/image_input' returned '0': CMAKE_PREFIX_PATH=${CMAKE_PREFIX_PATH}:/opt/ros/humble /usr/bin/cmake --install /home/ram-user/Desktop/rosProject/build/image_input
[1.119s] Level 1:colcon.colcon_core.environment:checking '/home/ram-user/Desktop/rosProject/install/image_input' for CMake module files
[1.120s] Level 1:colcon.colcon_core.environment:checking '/home/ram-user/Desktop/rosProject/install/image_input' for CMake config files
[1.120s] Level 1:colcon.colcon_core.shell:create_environment_hook('image_input', 'cmake_prefix_path')
[1.122s] INFO:colcon.colcon_core.shell:Creating environment hook '/home/ram-user/Desktop/rosProject/install/image_input/share/image_input/hook/cmake_prefix_path.ps1'
[1.126s] INFO:colcon.colcon_core.shell:Creating environment descriptor '/home/ram-user/Desktop/rosProject/install/image_input/share/image_input/hook/cmake_prefix_path.dsv'
[1.131s] INFO:colcon.colcon_core.shell:Creating environment hook '/home/ram-user/Desktop/rosProject/install/image_input/share/image_input/hook/cmake_prefix_path.sh'
[1.133s] Level 1:colcon.colcon_core.environment:checking '/home/ram-user/Desktop/rosProject/install/image_input/lib'
[1.134s] Level 1:colcon.colcon_core.environment:checking '/home/ram-user/Desktop/rosProject/install/image_input/bin'
[1.134s] Level 1:colcon.colcon_core.environment:checking '/home/ram-user/Desktop/rosProject/install/image_input/lib/pkgconfig/image_input.pc'
[1.134s] Level 1:colcon.colcon_core.environment:checking '/home/ram-user/Desktop/rosProject/install/image_input/lib/python3.10/site-packages'
[1.135s] Level 1:colcon.colcon_core.environment:checking '/home/ram-user/Desktop/rosProject/install/image_input/bin'
[1.136s] INFO:colcon.colcon_core.shell:Creating package script '/home/ram-user/Desktop/rosProject/install/image_input/share/image_input/package.ps1'
[1.139s] INFO:colcon.colcon_core.shell:Creating package descriptor '/home/ram-user/Desktop/rosProject/install/image_input/share/image_input/package.dsv'
[1.141s] INFO:colcon.colcon_core.shell:Creating package script '/home/ram-user/Desktop/rosProject/install/image_input/share/image_input/package.sh'
[1.145s] INFO:colcon.colcon_core.shell:Creating package script '/home/ram-user/Desktop/rosProject/install/image_input/share/image_input/package.bash'
[1.147s] INFO:colcon.colcon_core.shell:Creating package script '/home/ram-user/Desktop/rosProject/install/image_input/share/image_input/package.zsh'
[1.152s] Level 1:colcon.colcon_core.environment:create_file_with_runtime_dependencies(/home/ram-user/Desktop/rosProject/install/image_input/share/colcon-core/packages/image_input)
[1.389s] Level 1:colcon.colcon_core.environment:create_environment_scripts_only(image_input)
[1.392s] Level 1:colcon.colcon_core.environment:checking '/home/ram-user/Desktop/rosProject/install/image_input' for CMake module files
[1.393s] Level 1:colcon.colcon_core.environment:checking '/home/ram-user/Desktop/rosProject/install/image_input' for CMake config files
[1.393s] Level 1:colcon.colcon_core.shell:create_environment_hook('image_input', 'cmake_prefix_path')
[1.395s] INFO:colcon.colcon_core.shell:Creating environment hook '/home/ram-user/Desktop/rosProject/install/image_input/share/image_input/hook/cmake_prefix_path.ps1'
[1.400s] INFO:colcon.colcon_core.shell:Creating environment descriptor '/home/ram-user/Desktop/rosProject/install/image_input/share/image_input/hook/cmake_prefix_path.dsv'
[1.401s] INFO:colcon.colcon_core.shell:Creating environment hook '/home/ram-user/Desktop/rosProject/install/image_input/share/image_input/hook/cmake_prefix_path.sh'
[1.403s] Level 1:colcon.colcon_core.environment:checking '/home/ram-user/Desktop/rosProject/install/image_input/lib'
[1.404s] Level 1:colcon.colcon_core.environment:checking '/home/ram-user/Desktop/rosProject/install/image_input/bin'
[1.404s] Level 1:colcon.colcon_core.environment:checking '/home/ram-user/Desktop/rosProject/install/image_input/lib/pkgconfig/image_input.pc'
[1.404s] Level 1:colcon.colcon_core.environment:checking '/home/ram-user/Desktop/rosProject/install/image_input/lib/python3.10/site-packages'
[1.405s] Level 1:colcon.colcon_core.environment:checking '/home/ram-user/Desktop/rosProject/install/image_input/bin'
[1.409s] INFO:colcon.colcon_core.shell:Creating package script '/home/ram-user/Desktop/rosProject/install/image_input/share/image_input/package.ps1'
[1.412s] INFO:colcon.colcon_core.shell:Creating package descriptor '/home/ram-user/Desktop/rosProject/install/image_input/share/image_input/package.dsv'
[1.414s] INFO:colcon.colcon_core.shell:Creating package script '/home/ram-user/Desktop/rosProject/install/image_input/share/image_input/package.sh'
[1.415s] INFO:colcon.colcon_core.shell:Creating package script '/home/ram-user/Desktop/rosProject/install/image_input/share/image_input/package.bash'
[1.417s] INFO:colcon.colcon_core.shell:Creating package script '/home/ram-user/Desktop/rosProject/install/image_input/share/image_input/package.zsh'
[1.418s] Level 1:colcon.colcon_core.environment:create_file_with_runtime_dependencies(/home/ram-user/Desktop/rosProject/install/image_input/share/colcon-core/packages/image_input)
[1.421s] INFO:colcon.colcon_ros.task.ament_cmake.build:Building ROS package in '/home/ram-user/Desktop/rosProject/src/keyboard_input' with build type 'ament_cmake'
[1.422s] INFO:colcon.colcon_cmake.task.cmake.build:Building CMake package in '/home/ram-user/Desktop/rosProject/src/keyboard_input'
[1.424s] INFO:colcon.colcon_core.shell:Skip shell extension 'powershell' for command environment: Not usable outside of PowerShell
[1.424s] DEBUG:colcon.colcon_core.shell:Skip shell extension 'dsv' for command environment
[1.454s] DEBUG:colcon.colcon_core.event_handler.log_command:Invoking command in '/home/ram-user/Desktop/rosProject/build/keyboard_input': CMAKE_PREFIX_PATH=${CMAKE_PREFIX_PATH}:/opt/ros/humble /usr/bin/cmake --build /home/ram-user/Desktop/rosProject/build/keyboard_input -- -j2 -l2
[1.599s] DEBUG:colcon.colcon_core.event_handler.log_command:Invoked command in '/home/ram-user/Desktop/rosProject/build/keyboard_input' returned '0': CMAKE_PREFIX_PATH=${CMAKE_PREFIX_PATH}:/opt/ros/humble /usr/bin/cmake --build /home/ram-user/Desktop/rosProject/build/keyboard_input -- -j2 -l2
[1.643s] DEBUG:colcon.colcon_core.event_handler.log_command:Invoked command in '/home/ram-user/Desktop/rosProject/build/tutorial_interfaces' returned '0': CMAKE_PREFIX_PATH=${CMAKE_PREFIX_PATH}:/opt/ros/humble /usr/bin/cmake --build /home/ram-user/Desktop/rosProject/build/tutorial_interfaces -- -j2 -l2
[1.670s] DEBUG:colcon.colcon_core.event_handler.log_command:Invoking command in '/home/ram-user/Desktop/rosProject/build/keyboard_input': CMAKE_PREFIX_PATH=${CMAKE_PREFIX_PATH}:/opt/ros/humble /usr/bin/cmake --install /home/ram-user/Desktop/rosProject/build/keyboard_input
[1.695s] Level 1:colcon.colcon_core.environment:create_environment_scripts_only(keyboard_input)
[1.697s] Level 1:colcon.colcon_core.environment:checking '/home/ram-user/Desktop/rosProject/install/keyboard_input' for CMake module files
[1.699s] DEBUG:colcon.colcon_core.event_handler.log_command:Invoked command in '/home/ram-user/Desktop/rosProject/build/keyboard_input' returned '0': CMAKE_PREFIX_PATH=${CMAKE_PREFIX_PATH}:/opt/ros/humble /usr/bin/cmake --install /home/ram-user/Desktop/rosProject/build/keyboard_input
[1.700s] Level 1:colcon.colcon_core.environment:checking '/home/ram-user/Desktop/rosProject/install/keyboard_input' for CMake config files
[1.700s] Level 1:colcon.colcon_core.shell:create_environment_hook('keyboard_input', 'cmake_prefix_path')
[1.702s] INFO:colcon.colcon_core.shell:Creating environment hook '/home/ram-user/Desktop/rosProject/install/keyboard_input/share/keyboard_input/hook/cmake_prefix_path.ps1'
[1.705s] INFO:colcon.colcon_core.shell:Creating environment descriptor '/home/ram-user/Desktop/rosProject/install/keyboard_input/share/keyboard_input/hook/cmake_prefix_path.dsv'
[1.707s] INFO:colcon.colcon_core.shell:Creating environment hook '/home/ram-user/Desktop/rosProject/install/keyboard_input/share/keyboard_input/hook/cmake_prefix_path.sh'
[1.708s] Level 1:colcon.colcon_core.environment:checking '/home/ram-user/Desktop/rosProject/install/keyboard_input/lib'
[1.708s] Level 1:colcon.colcon_core.environment:checking '/home/ram-user/Desktop/rosProject/install/keyboard_input/bin'
[1.708s] Level 1:colcon.colcon_core.environment:checking '/home/ram-user/Desktop/rosProject/install/keyboard_input/lib/pkgconfig/keyboard_input.pc'
[1.709s] Level 1:colcon.colcon_core.environment:checking '/home/ram-user/Desktop/rosProject/install/keyboard_input/lib/python3.10/site-packages'
[1.709s] Level 1:colcon.colcon_core.environment:checking '/home/ram-user/Desktop/rosProject/install/keyboard_input/bin'
[1.711s] INFO:colcon.colcon_core.shell:Creating package script '/home/ram-user/Desktop/rosProject/install/keyboard_input/share/keyboard_input/package.ps1'
[1.712s] INFO:colcon.colcon_core.shell:Creating package descriptor '/home/ram-user/Desktop/rosProject/install/keyboard_input/share/keyboard_input/package.dsv'
[1.713s] INFO:colcon.colcon_core.shell:Creating package script '/home/ram-user/Desktop/rosProject/install/keyboard_input/share/keyboard_input/package.sh'
[1.715s] INFO:colcon.colcon_core.shell:Creating package script '/home/ram-user/Desktop/rosProject/install/keyboard_input/share/keyboard_input/package.bash'
[1.716s] INFO:colcon.colcon_core.shell:Creating package script '/home/ram-user/Desktop/rosProject/install/keyboard_input/share/keyboard_input/package.zsh'
[1.719s] Level 1:colcon.colcon_core.environment:create_file_with_runtime_dependencies(/home/ram-user/Desktop/rosProject/install/keyboard_input/share/colcon-core/packages/keyboard_input)
[1.792s] Level 1:colcon.colcon_core.environment:create_environment_scripts_only(keyboard_input)
[1.795s] Level 1:colcon.colcon_core.environment:checking '/home/ram-user/Desktop/rosProject/install/keyboard_input' for CMake module files
[1.795s] Level 1:colcon.colcon_core.environment:checking '/home/ram-user/Desktop/rosProject/install/keyboard_input' for CMake config files
[1.796s] Level 1:colcon.colcon_core.shell:create_environment_hook('keyboard_input', 'cmake_prefix_path')
[1.798s] INFO:colcon.colcon_core.shell:Creating environment hook '/home/ram-user/Desktop/rosProject/install/keyboard_input/share/keyboard_input/hook/cmake_prefix_path.ps1'
[1.799s] INFO:colcon.colcon_core.shell:Creating environment descriptor '/home/ram-user/Desktop/rosProject/install/keyboard_input/share/keyboard_input/hook/cmake_prefix_path.dsv'
[1.800s] INFO:colcon.colcon_core.shell:Creating environment hook '/home/ram-user/Desktop/rosProject/install/keyboard_input/share/keyboard_input/hook/cmake_prefix_path.sh'
[1.803s] Level 1:colcon.colcon_core.environment:checking '/home/ram-user/Desktop/rosProject/install/keyboard_input/lib'
[1.803s] Level 1:colcon.colcon_core.environment:checking '/home/ram-user/Desktop/rosProject/install/keyboard_input/bin'
[1.803s] Level 1:colcon.colcon_core.environment:checking '/home/ram-user/Desktop/rosProject/install/keyboard_input/lib/pkgconfig/keyboard_input.pc'
[1.804s] Level 1:colcon.colcon_core.environment:checking '/home/ram-user/Desktop/rosProject/install/keyboard_input/lib/python3.10/site-packages'
[1.804s] Level 1:colcon.colcon_core.environment:checking '/home/ram-user/Desktop/rosProject/install/keyboard_input/bin'
[1.806s] INFO:colcon.colcon_core.shell:Creating package script '/home/ram-user/Desktop/rosProject/install/keyboard_input/share/keyboard_input/package.ps1'
[1.807s] INFO:colcon.colcon_core.shell:Creating package descriptor '/home/ram-user/Desktop/rosProject/install/keyboard_input/share/keyboard_input/package.dsv'
[1.809s] INFO:colcon.colcon_core.shell:Creating package script '/home/ram-user/Desktop/rosProject/install/keyboard_input/share/keyboard_input/package.sh'
[1.810s] INFO:colcon.colcon_core.shell:Creating package script '/home/ram-user/Desktop/rosProject/install/keyboard_input/share/keyboard_input/package.bash'
[1.811s] INFO:colcon.colcon_core.shell:Creating package script '/home/ram-user/Desktop/rosProject/install/keyboard_input/share/keyboard_input/package.zsh'
[1.812s] Level 1:colcon.colcon_core.environment:create_file_with_runtime_dependencies(/home/ram-user/Desktop/rosProject/install/keyboard_input/share/colcon-core/packages/keyboard_input)
[1.815s] INFO:colcon.colcon_ros.task.ament_cmake.build:Building ROS package in '/home/ram-user/Desktop/rosProject/src/paddle_physics' with build type 'ament_cmake'
[1.815s] INFO:colcon.colcon_cmake.task.cmake.build:Building CMake package in '/home/ram-user/Desktop/rosProject/src/paddle_physics'
[1.817s] INFO:colcon.colcon_core.shell:Skip shell extension 'powershell' for command environment: Not usable outside of PowerShell
[1.817s] DEBUG:colcon.colcon_core.shell:Skip shell extension 'dsv' for command environment
[1.852s] DEBUG:colcon.colcon_core.event_handler.log_command:Invoking command in '/home/ram-user/Desktop/rosProject/build/paddle_physics': CMAKE_PREFIX_PATH=${CMAKE_PREFIX_PATH}:/opt/ros/humble /usr/bin/cmake --build /home/ram-user/Desktop/rosProject/build/paddle_physics -- -j2 -l2
[1.976s] DEBUG:colcon.colcon_core.event_handler.log_command:Invoked command in '/home/ram-user/Desktop/rosProject/build/paddle_physics' returned '0': CMAKE_PREFIX_PATH=${CMAKE_PREFIX_PATH}:/opt/ros/humble /usr/bin/cmake --build /home/ram-user/Desktop/rosProject/build/paddle_physics -- -j2 -l2
[1.988s] DEBUG:colcon.colcon_core.event_handler.log_command:Invoking command in '/home/ram-user/Desktop/rosProject/build/tutorial_interfaces': CMAKE_PREFIX_PATH=${CMAKE_PREFIX_PATH}:/opt/ros/humble /usr/bin/cmake --install /home/ram-user/Desktop/rosProject/build/tutorial_interfaces
[2.107s] Level 1:colcon.colcon_core.environment:create_environment_scripts_only(tutorial_interfaces)
[2.111s] Level 1:colcon.colcon_core.environment:checking '/home/ram-user/Desktop/rosProject/install/tutorial_interfaces' for CMake module files
[2.112s] Level 1:colcon.colcon_core.environment:checking '/home/ram-user/Desktop/rosProject/install/tutorial_interfaces' for CMake config files
[2.113s] DEBUG:colcon.colcon_core.event_handler.log_command:Invoked command in '/home/ram-user/Desktop/rosProject/build/tutorial_interfaces' returned '0': CMAKE_PREFIX_PATH=${CMAKE_PREFIX_PATH}:/opt/ros/humble /usr/bin/cmake --install /home/ram-user/Desktop/rosProject/build/tutorial_interfaces
[2.113s] Level 1:colcon.colcon_core.shell:create_environment_hook('tutorial_interfaces', 'cmake_prefix_path')
[2.115s] INFO:colcon.colcon_core.shell:Creating environment hook '/home/ram-user/Desktop/rosProject/install/tutorial_interfaces/share/tutorial_interfaces/hook/cmake_prefix_path.ps1'
[2.117s] INFO:colcon.colcon_core.shell:Creating environment descriptor '/home/ram-user/Desktop/rosProject/install/tutorial_interfaces/share/tutorial_interfaces/hook/cmake_prefix_path.dsv'
[2.117s] INFO:colcon.colcon_core.shell:Creating environment hook '/home/ram-user/Desktop/rosProject/install/tutorial_interfaces/share/tutorial_interfaces/hook/cmake_prefix_path.sh'
[2.119s] Level 1:colcon.colcon_core.environment:checking '/home/ram-user/Desktop/rosProject/install/tutorial_interfaces/lib'
[2.119s] Level 1:colcon.colcon_core.shell:create_environment_hook('tutorial_interfaces', 'ld_library_path_lib')
[2.121s] INFO:colcon.colcon_core.shell:Creating environment hook '/home/ram-user/Desktop/rosProject/install/tutorial_interfaces/share/tutorial_interfaces/hook/ld_library_path_lib.ps1'
[2.123s] INFO:colcon.colcon_core.shell:Creating environment descriptor '/home/ram-user/Desktop/rosProject/install/tutorial_interfaces/share/tutorial_interfaces/hook/ld_library_path_lib.dsv'
[2.124s] INFO:colcon.colcon_core.shell:Creating environment hook '/home/ram-user/Desktop/rosProject/install/tutorial_interfaces/share/tutorial_interfaces/hook/ld_library_path_lib.sh'
[2.125s] Level 1:colcon.colcon_core.environment:checking '/home/ram-user/Desktop/rosProject/install/tutorial_interfaces/bin'
[2.125s] Level 1:colcon.colcon_core.environment:checking '/home/ram-user/Desktop/rosProject/install/tutorial_interfaces/lib/pkgconfig/tutorial_interfaces.pc'
[2.129s] Level 1:colcon.colcon_core.environment:checking '/home/ram-user/Desktop/rosProject/install/tutorial_interfaces/lib/python3.10/site-packages'
[2.130s] Level 1:colcon.colcon_core.environment:checking '/home/ram-user/Desktop/rosProject/install/tutorial_interfaces/bin'
[2.131s] INFO:colcon.colcon_core.shell:Creating package script '/home/ram-user/Desktop/rosProject/install/tutorial_interfaces/share/tutorial_interfaces/package.ps1'
[2.136s] INFO:colcon.colcon_core.shell:Creating package descriptor '/home/ram-user/Desktop/rosProject/install/tutorial_interfaces/share/tutorial_interfaces/package.dsv'
[2.138s] INFO:colcon.colcon_core.shell:Creating package script '/home/ram-user/Desktop/rosProject/install/tutorial_interfaces/share/tutorial_interfaces/package.sh'
[2.140s] INFO:colcon.colcon_core.shell:Creating package script '/home/ram-user/Desktop/rosProject/install/tutorial_interfaces/share/tutorial_interfaces/package.bash'
[2.141s] INFO:colcon.colcon_core.shell:Creating package script '/home/ram-user/Desktop/rosProject/install/tutorial_interfaces/share/tutorial_interfaces/package.zsh'
[2.144s] Level 1:colcon.colcon_core.environment:create_file_with_runtime_dependencies(/home/ram-user/Desktop/rosProject/install/tutorial_interfaces/share/colcon-core/packages/tutorial_interfaces)
[2.149s] DEBUG:colcon.colcon_core.event_handler.log_command:Invoking command in '/home/ram-user/Desktop/rosProject/build/paddle_physics': CMAKE_PREFIX_PATH=${CMAKE_PREFIX_PATH}:/opt/ros/humble /usr/bin/cmake --install /home/ram-user/Desktop/rosProject/build/paddle_physics
[2.180s] Level 1:colcon.colcon_core.environment:create_environment_scripts_only(paddle_physics)
[2.183s] Level 1:colcon.colcon_core.environment:checking '/home/ram-user/Desktop/rosProject/install/paddle_physics' for CMake module files
[2.184s] Level 1:colcon.colcon_core.environment:checking '/home/ram-user/Desktop/rosProject/install/paddle_physics' for CMake config files
[2.184s] Level 1:colcon.colcon_core.shell:create_environment_hook('paddle_physics', 'cmake_prefix_path')
[2.186s] INFO:colcon.colcon_core.shell:Creating environment hook '/home/ram-user/Desktop/rosProject/install/paddle_physics/share/paddle_physics/hook/cmake_prefix_path.ps1'
[2.187s] DEBUG:colcon.colcon_core.event_handler.log_command:Invoked command in '/home/ram-user/Desktop/rosProject/build/paddle_physics' returned '0': CMAKE_PREFIX_PATH=${CMAKE_PREFIX_PATH}:/opt/ros/humble /usr/bin/cmake --install /home/ram-user/Desktop/rosProject/build/paddle_physics
[2.189s] INFO:colcon.colcon_core.shell:Creating environment descriptor '/home/ram-user/Desktop/rosProject/install/paddle_physics/share/paddle_physics/hook/cmake_prefix_path.dsv'
[2.191s] INFO:colcon.colcon_core.shell:Creating environment hook '/home/ram-user/Desktop/rosProject/install/paddle_physics/share/paddle_physics/hook/cmake_prefix_path.sh'
[2.192s] Level 1:colcon.colcon_core.environment:checking '/home/ram-user/Desktop/rosProject/install/paddle_physics/lib'
[2.193s] Level 1:colcon.colcon_core.environment:checking '/home/ram-user/Desktop/rosProject/install/paddle_physics/bin'
[2.193s] Level 1:colcon.colcon_core.environment:checking '/home/ram-user/Desktop/rosProject/install/paddle_physics/lib/pkgconfig/paddle_physics.pc'
[2.193s] Level 1:colcon.colcon_core.environment:checking '/home/ram-user/Desktop/rosProject/install/paddle_physics/lib/python3.10/site-packages'
[2.193s] Level 1:colcon.colcon_core.environment:checking '/home/ram-user/Desktop/rosProject/install/paddle_physics/bin'
[2.195s] INFO:colcon.colcon_core.shell:Creating package script '/home/ram-user/Desktop/rosProject/install/paddle_physics/share/paddle_physics/package.ps1'
[2.197s] INFO:colcon.colcon_core.shell:Creating package descriptor '/home/ram-user/Desktop/rosProject/install/paddle_physics/share/paddle_physics/package.dsv'
[2.199s] INFO:colcon.colcon_core.shell:Creating package script '/home/ram-user/Desktop/rosProject/install/paddle_physics/share/paddle_physics/package.sh'
[2.200s] INFO:colcon.colcon_core.shell:Creating package script '/home/ram-user/Desktop/rosProject/install/paddle_physics/share/paddle_physics/package.bash'
[2.202s] INFO:colcon.colcon_core.shell:Creating package script '/home/ram-user/Desktop/rosProject/install/paddle_physics/share/paddle_physics/package.zsh'
[2.203s] Level 1:colcon.colcon_core.environment:create_file_with_runtime_dependencies(/home/ram-user/Desktop/rosProject/install/paddle_physics/share/colcon-core/packages/paddle_physics)
[2.282s] Level 1:colcon.colcon_core.environment:create_environment_scripts_only(paddle_physics)
[2.285s] Level 1:colcon.colcon_core.environment:checking '/home/ram-user/Desktop/rosProject/install/paddle_physics' for CMake module files
[2.286s] Level 1:colcon.colcon_core.environment:checking '/home/ram-user/Desktop/rosProject/install/paddle_physics' for CMake config files
[2.287s] Level 1:colcon.colcon_core.shell:create_environment_hook('paddle_physics', 'cmake_prefix_path')
[2.288s] INFO:colcon.colcon_core.shell:Creating environment hook '/home/ram-user/Desktop/rosProject/install/paddle_physics/share/paddle_physics/hook/cmake_prefix_path.ps1'
[2.292s] INFO:colcon.colcon_core.shell:Creating environment descriptor '/home/ram-user/Desktop/rosProject/install/paddle_physics/share/paddle_physics/hook/cmake_prefix_path.dsv'
[2.294s] INFO:colcon.colcon_core.shell:Creating environment hook '/home/ram-user/Desktop/rosProject/install/paddle_physics/share/paddle_physics/hook/cmake_prefix_path.sh'
[2.296s] Level 1:colcon.colcon_core.environment:checking '/home/ram-user/Desktop/rosProject/install/paddle_physics/lib'
[2.296s] Level 1:colcon.colcon_core.environment:checking '/home/ram-user/Desktop/rosProject/install/paddle_physics/bin'
[2.296s] Level 1:colcon.colcon_core.environment:checking '/home/ram-user/Desktop/rosProject/install/paddle_physics/lib/pkgconfig/paddle_physics.pc'
[2.297s] Level 1:colcon.colcon_core.environment:checking '/home/ram-user/Desktop/rosProject/install/paddle_physics/lib/python3.10/site-packages'
[2.297s] Level 1:colcon.colcon_core.environment:checking '/home/ram-user/Desktop/rosProject/install/paddle_physics/bin'
[2.299s] INFO:colcon.colcon_core.shell:Creating package script '/home/ram-user/Desktop/rosProject/install/paddle_physics/share/paddle_physics/package.ps1'
[2.301s] INFO:colcon.colcon_core.shell:Creating package descriptor '/home/ram-user/Desktop/rosProject/install/paddle_physics/share/paddle_physics/package.dsv'
[2.303s] INFO:colcon.colcon_core.shell:Creating package script '/home/ram-user/Desktop/rosProject/install/paddle_physics/share/paddle_physics/package.sh'
[2.313s] INFO:colcon.colcon_core.shell:Creating package script '/home/ram-user/Desktop/rosProject/install/paddle_physics/share/paddle_physics/package.bash'
[2.315s] INFO:colcon.colcon_core.shell:Creating package script '/home/ram-user/Desktop/rosProject/install/paddle_physics/share/paddle_physics/package.zsh'
[2.317s] Level 1:colcon.colcon_core.environment:create_file_with_runtime_dependencies(/home/ram-user/Desktop/rosProject/install/paddle_physics/share/colcon-core/packages/paddle_physics)
[2.497s] Level 1:colcon.colcon_core.environment:create_environment_scripts_only(tutorial_interfaces)
[2.499s] Level 1:colcon.colcon_core.environment:checking '/home/ram-user/Desktop/rosProject/install/tutorial_interfaces' for CMake module files
[2.501s] Level 1:colcon.colcon_core.environment:checking '/home/ram-user/Desktop/rosProject/install/tutorial_interfaces' for CMake config files
[2.501s] Level 1:colcon.colcon_core.shell:create_environment_hook('tutorial_interfaces', 'cmake_prefix_path')
[2.503s] INFO:colcon.colcon_core.shell:Creating environment hook '/home/ram-user/Desktop/rosProject/install/tutorial_interfaces/share/tutorial_interfaces/hook/cmake_prefix_path.ps1'
[2.505s] INFO:colcon.colcon_core.shell:Creating environment descriptor '/home/ram-user/Desktop/rosProject/install/tutorial_interfaces/share/tutorial_interfaces/hook/cmake_prefix_path.dsv'
[2.506s] INFO:colcon.colcon_core.shell:Creating environment hook '/home/ram-user/Desktop/rosProject/install/tutorial_interfaces/share/tutorial_interfaces/hook/cmake_prefix_path.sh'
[2.508s] Level 1:colcon.colcon_core.environment:checking '/home/ram-user/Desktop/rosProject/install/tutorial_interfaces/lib'
[2.508s] Level 1:colcon.colcon_core.shell:create_environment_hook('tutorial_interfaces', 'ld_library_path_lib')
[2.510s] INFO:colcon.colcon_core.shell:Creating environment hook '/home/ram-user/Desktop/rosProject/install/tutorial_interfaces/share/tutorial_interfaces/hook/ld_library_path_lib.ps1'
[2.511s] INFO:colcon.colcon_core.shell:Creating environment descriptor '/home/ram-user/Desktop/rosProject/install/tutorial_interfaces/share/tutorial_interfaces/hook/ld_library_path_lib.dsv'
[2.512s] INFO:colcon.colcon_core.shell:Creating environment hook '/home/ram-user/Desktop/rosProject/install/tutorial_interfaces/share/tutorial_interfaces/hook/ld_library_path_lib.sh'
[2.514s] Level 1:colcon.colcon_core.environment:checking '/home/ram-user/Desktop/rosProject/install/tutorial_interfaces/bin'
[2.514s] Level 1:colcon.colcon_core.environment:checking '/home/ram-user/Desktop/rosProject/install/tutorial_interfaces/lib/pkgconfig/tutorial_interfaces.pc'
[2.514s] Level 1:colcon.colcon_core.environment:checking '/home/ram-user/Desktop/rosProject/install/tutorial_interfaces/lib/python3.10/site-packages'
[2.515s] Level 1:colcon.colcon_core.environment:checking '/home/ram-user/Desktop/rosProject/install/tutorial_interfaces/bin'
[2.517s] INFO:colcon.colcon_core.shell:Creating package script '/home/ram-user/Desktop/rosProject/install/tutorial_interfaces/share/tutorial_interfaces/package.ps1'
[2.519s] INFO:colcon.colcon_core.shell:Creating package descriptor '/home/ram-user/Desktop/rosProject/install/tutorial_interfaces/share/tutorial_interfaces/package.dsv'
[2.520s] INFO:colcon.colcon_core.shell:Creating package script '/home/ram-user/Desktop/rosProject/install/tutorial_interfaces/share/tutorial_interfaces/package.sh'
[2.521s] INFO:colcon.colcon_core.shell:Creating package script '/home/ram-user/Desktop/rosProject/install/tutorial_interfaces/share/tutorial_interfaces/package.bash'
[2.523s] INFO:colcon.colcon_core.shell:Creating package script '/home/ram-user/Desktop/rosProject/install/tutorial_interfaces/share/tutorial_interfaces/package.zsh'
[2.524s] Level 1:colcon.colcon_core.environment:create_file_with_runtime_dependencies(/home/ram-user/Desktop/rosProject/install/tutorial_interfaces/share/colcon-core/packages/tutorial_interfaces)
[2.526s] INFO:colcon.colcon_ros.task.ament_cmake.build:Building ROS package in '/home/ram-user/Desktop/rosProject/src/cpp_publisher' with build type 'ament_cmake'
[2.526s] INFO:colcon.colcon_cmake.task.cmake.build:Building CMake package in '/home/ram-user/Desktop/rosProject/src/cpp_publisher'
[2.528s] INFO:colcon.colcon_core.shell:Skip shell extension 'powershell' for command environment: Not usable outside of PowerShell
[2.528s] DEBUG:colcon.colcon_core.shell:Skip shell extension 'dsv' for command environment
[2.541s] INFO:colcon.colcon_ros.task.ament_cmake.build:Building ROS package in '/home/ram-user/Desktop/rosProject/src/pong_core' with build type 'ament_cmake'
[2.541s] INFO:colcon.colcon_cmake.task.cmake.build:Building CMake package in '/home/ram-user/Desktop/rosProject/src/pong_core'
[2.544s] INFO:colcon.colcon_core.shell:Skip shell extension 'powershell' for command environment: Not usable outside of PowerShell
[2.544s] DEBUG:colcon.colcon_core.shell:Skip shell extension 'dsv' for command environment
[2.570s] DEBUG:colcon.colcon_core.event_handler.log_command:Invoking command in '/home/ram-user/Desktop/rosProject/build/pong_core': CMAKE_PREFIX_PATH=/home/ram-user/Desktop/rosProject/install/tutorial_interfaces:/home/ram-user/Desktop/rosProject/install/visualization_package:/home/ram-user/Desktop/rosProject/install/score:/home/ram-user/Desktop/rosProject/install/pong_core:/home/ram-user/Desktop/rosProject/install/cpp_publisher:/home/ram-user/Desktop/rosProject/install/paddle_physics:/home/ram-user/Desktop/rosProject/install/keyboard_input:/home/ram-user/Desktop/rosProject/install/image_input:/opt/ros/humble /usr/bin/cmake --build /home/ram-user/Desktop/rosProject/build/pong_core -- -j2 -l2
[2.586s] DEBUG:colcon.colcon_core.event_handler.log_command:Invoking command in '/home/ram-user/Desktop/rosProject/build/cpp_publisher': CMAKE_PREFIX_PATH=/home/ram-user/Desktop/rosProject/install/tutorial_interfaces:/home/ram-user/Desktop/rosProject/install/visualization_package:/home/ram-user/Desktop/rosProject/install/score:/home/ram-user/Desktop/rosProject/install/pong_core:/home/ram-user/Desktop/rosProject/install/cpp_publisher:/home/ram-user/Desktop/rosProject/install/paddle_physics:/home/ram-user/Desktop/rosProject/install/keyboard_input:/home/ram-user/Desktop/rosProject/install/image_input:/opt/ros/humble /usr/bin/cmake --build /home/ram-user/Desktop/rosProject/build/cpp_publisher -- -j2 -l2
[2.746s] DEBUG:colcon.colcon_core.event_handler.log_command:Invoked command in '/home/ram-user/Desktop/rosProject/build/cpp_publisher' returned '0': CMAKE_PREFIX_PATH=/home/ram-user/Desktop/rosProject/install/tutorial_interfaces:/home/ram-user/Desktop/rosProject/install/visualization_package:/home/ram-user/Desktop/rosProject/install/score:/home/ram-user/Desktop/rosProject/install/pong_core:/home/ram-user/Desktop/rosProject/install/cpp_publisher:/home/ram-user/Desktop/rosProject/install/paddle_physics:/home/ram-user/Desktop/rosProject/install/keyboard_input:/home/ram-user/Desktop/rosProject/install/image_input:/opt/ros/humble /usr/bin/cmake --build /home/ram-user/Desktop/rosProject/build/cpp_publisher -- -j2 -l2
[2.778s] DEBUG:colcon.colcon_core.event_handler.log_command:Invoked command in '/home/ram-user/Desktop/rosProject/build/pong_core' returned '0': CMAKE_PREFIX_PATH=/home/ram-user/Desktop/rosProject/install/tutorial_interfaces:/home/ram-user/Desktop/rosProject/install/visualization_package:/home/ram-user/Desktop/rosProject/install/score:/home/ram-user/Desktop/rosProject/install/pong_core:/home/ram-user/Desktop/rosProject/install/cpp_publisher:/home/ram-user/Desktop/rosProject/install/paddle_physics:/home/ram-user/Desktop/rosProject/install/keyboard_input:/home/ram-user/Desktop/rosProject/install/image_input:/opt/ros/humble /usr/bin/cmake --build /home/ram-user/Desktop/rosProject/build/pong_core -- -j2 -l2
[2.825s] DEBUG:colcon.colcon_core.event_handler.log_command:Invoking command in '/home/ram-user/Desktop/rosProject/build/cpp_publisher': CMAKE_PREFIX_PATH=/home/ram-user/Desktop/rosProject/install/tutorial_interfaces:/home/ram-user/Desktop/rosProject/install/visualization_package:/home/ram-user/Desktop/rosProject/install/score:/home/ram-user/Desktop/rosProject/install/pong_core:/home/ram-user/Desktop/rosProject/install/cpp_publisher:/home/ram-user/Desktop/rosProject/install/paddle_physics:/home/ram-user/Desktop/rosProject/install/keyboard_input:/home/ram-user/Desktop/rosProject/install/image_input:/opt/ros/humble /usr/bin/cmake --install /home/ram-user/Desktop/rosProject/build/cpp_publisher
[2.841s] Level 1:colcon.colcon_core.environment:create_environment_scripts_only(cpp_publisher)
[2.844s] Level 1:colcon.colcon_core.environment:checking '/home/ram-user/Desktop/rosProject/install/cpp_publisher' for CMake module files
[2.848s] DEBUG:colcon.colcon_core.event_handler.log_command:Invoked command in '/home/ram-user/Desktop/rosProject/build/cpp_publisher' returned '0': CMAKE_PREFIX_PATH=/home/ram-user/Desktop/rosProject/install/tutorial_interfaces:/home/ram-user/Desktop/rosProject/install/visualization_package:/home/ram-user/Desktop/rosProject/install/score:/home/ram-user/Desktop/rosProject/install/pong_core:/home/ram-user/Desktop/rosProject/install/cpp_publisher:/home/ram-user/Desktop/rosProject/install/paddle_physics:/home/ram-user/Desktop/rosProject/install/keyboard_input:/home/ram-user/Desktop/rosProject/install/image_input:/opt/ros/humble /usr/bin/cmake --install /home/ram-user/Desktop/rosProject/build/cpp_publisher
[2.852s] Level 1:colcon.colcon_core.environment:checking '/home/ram-user/Desktop/rosProject/install/cpp_publisher' for CMake config files
[2.852s] Level 1:colcon.colcon_core.shell:create_environment_hook('cpp_publisher', 'cmake_prefix_path')
[2.854s] INFO:colcon.colcon_core.shell:Creating environment hook '/home/ram-user/Desktop/rosProject/install/cpp_publisher/share/cpp_publisher/hook/cmake_prefix_path.ps1'
[2.855s] INFO:colcon.colcon_core.shell:Creating environment descriptor '/home/ram-user/Desktop/rosProject/install/cpp_publisher/share/cpp_publisher/hook/cmake_prefix_path.dsv'
[2.857s] INFO:colcon.colcon_core.shell:Creating environment hook '/home/ram-user/Desktop/rosProject/install/cpp_publisher/share/cpp_publisher/hook/cmake_prefix_path.sh'
[2.859s] Level 1:colcon.colcon_core.environment:checking '/home/ram-user/Desktop/rosProject/install/cpp_publisher/lib'
[2.860s] Level 1:colcon.colcon_core.environment:checking '/home/ram-user/Desktop/rosProject/install/cpp_publisher/bin'
[2.860s] Level 1:colcon.colcon_core.environment:checking '/home/ram-user/Desktop/rosProject/install/cpp_publisher/lib/pkgconfig/cpp_publisher.pc'
[2.860s] Level 1:colcon.colcon_core.environment:checking '/home/ram-user/Desktop/rosProject/install/cpp_publisher/lib/python3.10/site-packages'
[2.861s] Level 1:colcon.colcon_core.environment:checking '/home/ram-user/Desktop/rosProject/install/cpp_publisher/bin'
[2.862s] INFO:colcon.colcon_core.shell:Creating package script '/home/ram-user/Desktop/rosProject/install/cpp_publisher/share/cpp_publisher/package.ps1'
[2.864s] INFO:colcon.colcon_core.shell:Creating package descriptor '/home/ram-user/Desktop/rosProject/install/cpp_publisher/share/cpp_publisher/package.dsv'
[2.867s] INFO:colcon.colcon_core.shell:Creating package script '/home/ram-user/Desktop/rosProject/install/cpp_publisher/share/cpp_publisher/package.sh'
[2.868s] INFO:colcon.colcon_core.shell:Creating package script '/home/ram-user/Desktop/rosProject/install/cpp_publisher/share/cpp_publisher/package.bash'
[2.870s] INFO:colcon.colcon_core.shell:Creating package script '/home/ram-user/Desktop/rosProject/install/cpp_publisher/share/cpp_publisher/package.zsh'
[2.872s] Level 1:colcon.colcon_core.environment:create_file_with_runtime_dependencies(/home/ram-user/Desktop/rosProject/install/cpp_publisher/share/colcon-core/packages/cpp_publisher)
[2.891s] DEBUG:colcon.colcon_core.event_handler.log_command:Invoking command in '/home/ram-user/Desktop/rosProject/build/pong_core': CMAKE_PREFIX_PATH=/home/ram-user/Desktop/rosProject/install/tutorial_interfaces:/home/ram-user/Desktop/rosProject/install/visualization_package:/home/ram-user/Desktop/rosProject/install/score:/home/ram-user/Desktop/rosProject/install/pong_core:/home/ram-user/Desktop/rosProject/install/cpp_publisher:/home/ram-user/Desktop/rosProject/install/paddle_physics:/home/ram-user/Desktop/rosProject/install/keyboard_input:/home/ram-user/Desktop/rosProject/install/image_input:/opt/ros/humble /usr/bin/cmake --install /home/ram-user/Desktop/rosProject/build/pong_core
[2.908s] Level 1:colcon.colcon_core.environment:create_environment_scripts_only(pong_core)
[2.926s] Level 1:colcon.colcon_core.environment:checking '/home/ram-user/Desktop/rosProject/install/pong_core' for CMake module files
[2.937s] Level 1:colcon.colcon_core.environment:checking '/home/ram-user/Desktop/rosProject/install/pong_core' for CMake config files
[2.942s] Level 1:colcon.colcon_core.shell:create_environment_hook('pong_core', 'cmake_prefix_path')
[2.944s] INFO:colcon.colcon_core.shell:Creating environment hook '/home/ram-user/Desktop/rosProject/install/pong_core/share/pong_core/hook/cmake_prefix_path.ps1'
[2.943s] DEBUG:colcon.colcon_core.event_handler.log_command:Invoked command in '/home/ram-user/Desktop/rosProject/build/pong_core' returned '0': CMAKE_PREFIX_PATH=/home/ram-user/Desktop/rosProject/install/tutorial_interfaces:/home/ram-user/Desktop/rosProject/install/visualization_package:/home/ram-user/Desktop/rosProject/install/score:/home/ram-user/Desktop/rosProject/install/pong_core:/home/ram-user/Desktop/rosProject/install/cpp_publisher:/home/ram-user/Desktop/rosProject/install/paddle_physics:/home/ram-user/Desktop/rosProject/install/keyboard_input:/home/ram-user/Desktop/rosProject/install/image_input:/opt/ros/humble /usr/bin/cmake --install /home/ram-user/Desktop/rosProject/build/pong_core
[2.947s] INFO:colcon.colcon_core.shell:Creating environment descriptor '/home/ram-user/Desktop/rosProject/install/pong_core/share/pong_core/hook/cmake_prefix_path.dsv'
[2.948s] INFO:colcon.colcon_core.shell:Creating environment hook '/home/ram-user/Desktop/rosProject/install/pong_core/share/pong_core/hook/cmake_prefix_path.sh'
[2.950s] Level 1:colcon.colcon_core.environment:checking '/home/ram-user/Desktop/rosProject/install/pong_core/lib'
[2.950s] Level 1:colcon.colcon_core.environment:checking '/home/ram-user/Desktop/rosProject/install/pong_core/bin'
[2.951s] Level 1:colcon.colcon_core.environment:checking '/home/ram-user/Desktop/rosProject/install/pong_core/lib/pkgconfig/pong_core.pc'
[2.951s] Level 1:colcon.colcon_core.environment:checking '/home/ram-user/Desktop/rosProject/install/pong_core/lib/python3.10/site-packages'
[2.951s] Level 1:colcon.colcon_core.environment:checking '/home/ram-user/Desktop/rosProject/install/pong_core/bin'
[2.954s] INFO:colcon.colcon_core.shell:Creating package script '/home/ram-user/Desktop/rosProject/install/pong_core/share/pong_core/package.ps1'
[2.956s] INFO:colcon.colcon_core.shell:Creating package descriptor '/home/ram-user/Desktop/rosProject/install/pong_core/share/pong_core/package.dsv'
[2.958s] INFO:colcon.colcon_core.shell:Creating package script '/home/ram-user/Desktop/rosProject/install/pong_core/share/pong_core/package.sh'
[2.961s] INFO:colcon.colcon_core.shell:Creating package script '/home/ram-user/Desktop/rosProject/install/pong_core/share/pong_core/package.bash'
[2.962s] INFO:colcon.colcon_core.shell:Creating package script '/home/ram-user/Desktop/rosProject/install/pong_core/share/pong_core/package.zsh'
[2.963s] Level 1:colcon.colcon_core.environment:create_file_with_runtime_dependencies(/home/ram-user/Desktop/rosProject/install/pong_core/share/colcon-core/packages/pong_core)
[2.979s] Level 1:colcon.colcon_core.environment:create_environment_scripts_only(cpp_publisher)
[2.982s] Level 1:colcon.colcon_core.environment:checking '/home/ram-user/Desktop/rosProject/install/cpp_publisher' for CMake module files
[2.983s] Level 1:colcon.colcon_core.environment:checking '/home/ram-user/Desktop/rosProject/install/cpp_publisher' for CMake config files
[2.983s] Level 1:colcon.colcon_core.shell:create_environment_hook('cpp_publisher', 'cmake_prefix_path')
[2.991s] INFO:colcon.colcon_core.shell:Creating environment hook '/home/ram-user/Desktop/rosProject/install/cpp_publisher/share/cpp_publisher/hook/cmake_prefix_path.ps1'
[2.992s] INFO:colcon.colcon_core.shell:Creating environment descriptor '/home/ram-user/Desktop/rosProject/install/cpp_publisher/share/cpp_publisher/hook/cmake_prefix_path.dsv'
[2.993s] INFO:colcon.colcon_core.shell:Creating environment hook '/home/ram-user/Desktop/rosProject/install/cpp_publisher/share/cpp_publisher/hook/cmake_prefix_path.sh'
[2.995s] Level 1:colcon.colcon_core.environment:checking '/home/ram-user/Desktop/rosProject/install/cpp_publisher/lib'
[2.996s] Level 1:colcon.colcon_core.environment:checking '/home/ram-user/Desktop/rosProject/install/cpp_publisher/bin'
[2.996s] Level 1:colcon.colcon_core.environment:checking '/home/ram-user/Desktop/rosProject/install/cpp_publisher/lib/pkgconfig/cpp_publisher.pc'
[2.996s] Level 1:colcon.colcon_core.environment:checking '/home/ram-user/Desktop/rosProject/install/cpp_publisher/lib/python3.10/site-packages'
[2.997s] Level 1:colcon.colcon_core.environment:checking '/home/ram-user/Desktop/rosProject/install/cpp_publisher/bin'
[2.999s] INFO:colcon.colcon_core.shell:Creating package script '/home/ram-user/Desktop/rosProject/install/cpp_publisher/share/cpp_publisher/package.ps1'
[3.001s] INFO:colcon.colcon_core.shell:Creating package descriptor '/home/ram-user/Desktop/rosProject/install/cpp_publisher/share/cpp_publisher/package.dsv'
[3.003s] INFO:colcon.colcon_core.shell:Creating package script '/home/ram-user/Desktop/rosProject/install/cpp_publisher/share/cpp_publisher/package.sh'
[3.005s] INFO:colcon.colcon_core.shell:Creating package script '/home/ram-user/Desktop/rosProject/install/cpp_publisher/share/cpp_publisher/package.bash'
[3.008s] INFO:colcon.colcon_core.shell:Creating package script '/home/ram-user/Desktop/rosProject/install/cpp_publisher/share/cpp_publisher/package.zsh'
[3.009s] Level 1:colcon.colcon_core.environment:create_file_with_runtime_dependencies(/home/ram-user/Desktop/rosProject/install/cpp_publisher/share/colcon-core/packages/cpp_publisher)
[3.012s] INFO:colcon.colcon_ros.task.ament_cmake.build:Building ROS package in '/home/ram-user/Desktop/rosProject/src/score' with build type 'ament_cmake'
[3.013s] INFO:colcon.colcon_cmake.task.cmake.build:Building CMake package in '/home/ram-user/Desktop/rosProject/src/score'
[3.015s] INFO:colcon.colcon_core.shell:Skip shell extension 'powershell' for command environment: Not usable outside of PowerShell
[3.015s] DEBUG:colcon.colcon_core.shell:Skip shell extension 'dsv' for command environment
[3.060s] DEBUG:colcon.colcon_core.event_handler.log_command:Invoking command in '/home/ram-user/Desktop/rosProject/build/score': CMAKE_PREFIX_PATH=/home/ram-user/Desktop/rosProject/install/tutorial_interfaces:/home/ram-user/Desktop/rosProject/install/visualization_package:/home/ram-user/Desktop/rosProject/install/score:/home/ram-user/Desktop/rosProject/install/pong_core:/home/ram-user/Desktop/rosProject/install/cpp_publisher:/home/ram-user/Desktop/rosProject/install/paddle_physics:/home/ram-user/Desktop/rosProject/install/keyboard_input:/home/ram-user/Desktop/rosProject/install/image_input:/opt/ros/humble /usr/bin/cmake --build /home/ram-user/Desktop/rosProject/build/score -- -j2 -l2
[3.098s] Level 1:colcon.colcon_core.environment:create_environment_scripts_only(pong_core)
[3.101s] Level 1:colcon.colcon_core.environment:checking '/home/ram-user/Desktop/rosProject/install/pong_core' for CMake module files
[3.102s] Level 1:colcon.colcon_core.environment:checking '/home/ram-user/Desktop/rosProject/install/pong_core' for CMake config files
[3.103s] Level 1:colcon.colcon_core.shell:create_environment_hook('pong_core', 'cmake_prefix_path')
[3.105s] INFO:colcon.colcon_core.shell:Creating environment hook '/home/ram-user/Desktop/rosProject/install/pong_core/share/pong_core/hook/cmake_prefix_path.ps1'
[3.107s] INFO:colcon.colcon_core.shell:Creating environment descriptor '/home/ram-user/Desktop/rosProject/install/pong_core/share/pong_core/hook/cmake_prefix_path.dsv'
[3.109s] INFO:colcon.colcon_core.shell:Creating environment hook '/home/ram-user/Desktop/rosProject/install/pong_core/share/pong_core/hook/cmake_prefix_path.sh'
[3.111s] Level 1:colcon.colcon_core.environment:checking '/home/ram-user/Desktop/rosProject/install/pong_core/lib'
[3.112s] Level 1:colcon.colcon_core.environment:checking '/home/ram-user/Desktop/rosProject/install/pong_core/bin'
[3.112s] Level 1:colcon.colcon_core.environment:checking '/home/ram-user/Desktop/rosProject/install/pong_core/lib/pkgconfig/pong_core.pc'
[3.112s] Level 1:colcon.colcon_core.environment:checking '/home/ram-user/Desktop/rosProject/install/pong_core/lib/python3.10/site-packages'
[3.113s] Level 1:colcon.colcon_core.environment:checking '/home/ram-user/Desktop/rosProject/install/pong_core/bin'
[3.115s] INFO:colcon.colcon_core.shell:Creating package script '/home/ram-user/Desktop/rosProject/install/pong_core/share/pong_core/package.ps1'
[3.117s] INFO:colcon.colcon_core.shell:Creating package descriptor '/home/ram-user/Desktop/rosProject/install/pong_core/share/pong_core/package.dsv'
[3.119s] INFO:colcon.colcon_core.shell:Creating package script '/home/ram-user/Desktop/rosProject/install/pong_core/share/pong_core/package.sh'
[3.121s] INFO:colcon.colcon_core.shell:Creating package script '/home/ram-user/Desktop/rosProject/install/pong_core/share/pong_core/package.bash'
[3.123s] INFO:colcon.colcon_core.shell:Creating package script '/home/ram-user/Desktop/rosProject/install/pong_core/share/pong_core/package.zsh'
[3.124s] Level 1:colcon.colcon_core.environment:create_file_with_runtime_dependencies(/home/ram-user/Desktop/rosProject/install/pong_core/share/colcon-core/packages/pong_core)
[3.127s] INFO:colcon.colcon_ros.task.ament_cmake.build:Building ROS package in '/home/ram-user/Desktop/rosProject/src/visualization_package' with build type 'ament_cmake'
[3.128s] INFO:colcon.colcon_cmake.task.cmake.build:Building CMake package in '/home/ram-user/Desktop/rosProject/src/visualization_package'
[3.130s] INFO:colcon.colcon_core.shell:Skip shell extension 'powershell' for command environment: Not usable outside of PowerShell
[3.130s] DEBUG:colcon.colcon_core.shell:Skip shell extension 'dsv' for command environment
[3.180s] DEBUG:colcon.colcon_core.event_handler.log_command:Invoking command in '/home/ram-user/Desktop/rosProject/build/visualization_package': CMAKE_PREFIX_PATH=/home/ram-user/Desktop/rosProject/install/tutorial_interfaces:/home/ram-user/Desktop/rosProject/install/visualization_package:/home/ram-user/Desktop/rosProject/install/score:/home/ram-user/Desktop/rosProject/install/pong_core:/home/ram-user/Desktop/rosProject/install/cpp_publisher:/home/ram-user/Desktop/rosProject/install/paddle_physics:/home/ram-user/Desktop/rosProject/install/keyboard_input:/home/ram-user/Desktop/rosProject/install/image_input:/opt/ros/humble /usr/bin/cmake --build /home/ram-user/Desktop/rosProject/build/visualization_package -- -j2 -l2
[3.231s] DEBUG:colcon.colcon_core.event_handler.log_command:Invoked command in '/home/ram-user/Desktop/rosProject/build/score' returned '0': CMAKE_PREFIX_PATH=/home/ram-user/Desktop/rosProject/install/tutorial_interfaces:/home/ram-user/Desktop/rosProject/install/visualization_package:/home/ram-user/Desktop/rosProject/install/score:/home/ram-user/Desktop/rosProject/install/pong_core:/home/ram-user/Desktop/rosProject/install/cpp_publisher:/home/ram-user/Desktop/rosProject/install/paddle_physics:/home/ram-user/Desktop/rosProject/install/keyboard_input:/home/ram-user/Desktop/rosProject/install/image_input:/opt/ros/humble /usr/bin/cmake --build /home/ram-user/Desktop/rosProject/build/score -- -j2 -l2
[3.289s] DEBUG:colcon.colcon_core.event_handler.log_command:Invoking command in '/home/ram-user/Desktop/rosProject/build/score': CMAKE_PREFIX_PATH=/home/ram-user/Desktop/rosProject/install/tutorial_interfaces:/home/ram-user/Desktop/rosProject/install/visualization_package:/home/ram-user/Desktop/rosProject/install/score:/home/ram-user/Desktop/rosProject/install/pong_core:/home/ram-user/Desktop/rosProject/install/cpp_publisher:/home/ram-user/Desktop/rosProject/install/paddle_physics:/home/ram-user/Desktop/rosProject/install/keyboard_input:/home/ram-user/Desktop/rosProject/install/image_input:/opt/ros/humble /usr/bin/cmake --install /home/ram-user/Desktop/rosProject/build/score
[3.302s] Level 1:colcon.colcon_core.environment:create_environment_scripts_only(score)
[3.305s] Level 1:colcon.colcon_core.environment:checking '/home/ram-user/Desktop/rosProject/install/score' for CMake module files
[3.311s] Level 1:colcon.colcon_core.environment:checking '/home/ram-user/Desktop/rosProject/install/score' for CMake config files
[3.333s] Level 1:colcon.colcon_core.shell:create_environment_hook('score', 'cmake_prefix_path')
[3.335s] INFO:colcon.colcon_core.shell:Creating environment hook '/home/ram-user/Desktop/rosProject/install/score/share/score/hook/cmake_prefix_path.ps1'
[3.337s] INFO:colcon.colcon_core.shell:Creating environment descriptor '/home/ram-user/Desktop/rosProject/install/score/share/score/hook/cmake_prefix_path.dsv'
[3.333s] DEBUG:colcon.colcon_core.event_handler.log_command:Invoked command in '/home/ram-user/Desktop/rosProject/build/score' returned '0': CMAKE_PREFIX_PATH=/home/ram-user/Desktop/rosProject/install/tutorial_interfaces:/home/ram-user/Desktop/rosProject/install/visualization_package:/home/ram-user/Desktop/rosProject/install/score:/home/ram-user/Desktop/rosProject/install/pong_core:/home/ram-user/Desktop/rosProject/install/cpp_publisher:/home/ram-user/Desktop/rosProject/install/paddle_physics:/home/ram-user/Desktop/rosProject/install/keyboard_input:/home/ram-user/Desktop/rosProject/install/image_input:/opt/ros/humble /usr/bin/cmake --install /home/ram-user/Desktop/rosProject/build/score
[3.339s] INFO:colcon.colcon_core.shell:Creating environment hook '/home/ram-user/Desktop/rosProject/install/score/share/score/hook/cmake_prefix_path.sh'
[3.341s] Level 1:colcon.colcon_core.environment:checking '/home/ram-user/Desktop/rosProject/install/score/lib'
[3.341s] Level 1:colcon.colcon_core.environment:checking '/home/ram-user/Desktop/rosProject/install/score/bin'
[3.341s] Level 1:colcon.colcon_core.environment:checking '/home/ram-user/Desktop/rosProject/install/score/lib/pkgconfig/score.pc'
[3.341s] Level 1:colcon.colcon_core.environment:checking '/home/ram-user/Desktop/rosProject/install/score/lib/python3.10/site-packages'
[3.342s] Level 1:colcon.colcon_core.environment:checking '/home/ram-user/Desktop/rosProject/install/score/bin'
[3.344s] INFO:colcon.colcon_core.shell:Creating package script '/home/ram-user/Desktop/rosProject/install/score/share/score/package.ps1'
[3.345s] INFO:colcon.colcon_core.shell:Creating package descriptor '/home/ram-user/Desktop/rosProject/install/score/share/score/package.dsv'
[3.347s] INFO:colcon.colcon_core.shell:Creating package script '/home/ram-user/Desktop/rosProject/install/score/share/score/package.sh'
[3.348s] INFO:colcon.colcon_core.shell:Creating package script '/home/ram-user/Desktop/rosProject/install/score/share/score/package.bash'
[3.351s] INFO:colcon.colcon_core.shell:Creating package script '/home/ram-user/Desktop/rosProject/install/score/share/score/package.zsh'
[3.353s] Level 1:colcon.colcon_core.environment:create_file_with_runtime_dependencies(/home/ram-user/Desktop/rosProject/install/score/share/colcon-core/packages/score)
[3.425s] Level 1:colcon.colcon_core.environment:create_environment_scripts_only(score)
[3.428s] Level 1:colcon.colcon_core.environment:checking '/home/ram-user/Desktop/rosProject/install/score' for CMake module files
[3.429s] Level 1:colcon.colcon_core.environment:checking '/home/ram-user/Desktop/rosProject/install/score' for CMake config files
[3.429s] Level 1:colcon.colcon_core.shell:create_environment_hook('score', 'cmake_prefix_path')
[3.431s] INFO:colcon.colcon_core.shell:Creating environment hook '/home/ram-user/Desktop/rosProject/install/score/share/score/hook/cmake_prefix_path.ps1'
[3.433s] INFO:colcon.colcon_core.shell:Creating environment descriptor '/home/ram-user/Desktop/rosProject/install/score/share/score/hook/cmake_prefix_path.dsv'
[3.435s] INFO:colcon.colcon_core.shell:Creating environment hook '/home/ram-user/Desktop/rosProject/install/score/share/score/hook/cmake_prefix_path.sh'
[3.436s] Level 1:colcon.colcon_core.environment:checking '/home/ram-user/Desktop/rosProject/install/score/lib'
[3.436s] Level 1:colcon.colcon_core.environment:checking '/home/ram-user/Desktop/rosProject/install/score/bin'
[3.437s] Level 1:colcon.colcon_core.environment:checking '/home/ram-user/Desktop/rosProject/install/score/lib/pkgconfig/score.pc'
[3.437s] Level 1:colcon.colcon_core.environment:checking '/home/ram-user/Desktop/rosProject/install/score/lib/python3.10/site-packages'
[3.437s] Level 1:colcon.colcon_core.environment:checking '/home/ram-user/Desktop/rosProject/install/score/bin'
[3.439s] INFO:colcon.colcon_core.shell:Creating package script '/home/ram-user/Desktop/rosProject/install/score/share/score/package.ps1'
[3.441s] INFO:colcon.colcon_core.shell:Creating package descriptor '/home/ram-user/Desktop/rosProject/install/score/share/score/package.dsv'
[3.443s] INFO:colcon.colcon_core.shell:Creating package script '/home/ram-user/Desktop/rosProject/install/score/share/score/package.sh'
[3.444s] INFO:colcon.colcon_core.shell:Creating package script '/home/ram-user/Desktop/rosProject/install/score/share/score/package.bash'
[3.446s] INFO:colcon.colcon_core.shell:Creating package script '/home/ram-user/Desktop/rosProject/install/score/share/score/package.zsh'
[3.448s] Level 1:colcon.colcon_core.environment:create_file_with_runtime_dependencies(/home/ram-user/Desktop/rosProject/install/score/share/colcon-core/packages/score)
[3.569s] DEBUG:colcon.colcon_core.event_handler.log_command:Invoked command in '/home/ram-user/Desktop/rosProject/build/visualization_package' returned '2': CMAKE_PREFIX_PATH=/home/ram-user/Desktop/rosProject/install/tutorial_interfaces:/home/ram-user/Desktop/rosProject/install/visualization_package:/home/ram-user/Desktop/rosProject/install/score:/home/ram-user/Desktop/rosProject/install/pong_core:/home/ram-user/Desktop/rosProject/install/cpp_publisher:/home/ram-user/Desktop/rosProject/install/paddle_physics:/home/ram-user/Desktop/rosProject/install/keyboard_input:/home/ram-user/Desktop/rosProject/install/image_input:/opt/ros/humble /usr/bin/cmake --build /home/ram-user/Desktop/rosProject/build/visualization_package -- -j2 -l2
[3.658s] Level 1:colcon.colcon_core.environment:create_environment_scripts_only(visualization_package)
[3.661s] Level 1:colcon.colcon_core.environment:checking '/home/ram-user/Desktop/rosProject/install/visualization_package' for CMake module files
[3.661s] Level 1:colcon.colcon_core.environment:checking '/home/ram-user/Desktop/rosProject/install/visualization_package' for CMake config files
[3.662s] Level 1:colcon.colcon_core.shell:create_environment_hook('visualization_package', 'cmake_prefix_path')
[3.663s] INFO:colcon.colcon_core.shell:Creating environment hook '/home/ram-user/Desktop/rosProject/install/visualization_package/share/visualization_package/hook/cmake_prefix_path.ps1'
[3.665s] INFO:colcon.colcon_core.shell:Creating environment descriptor '/home/ram-user/Desktop/rosProject/install/visualization_package/share/visualization_package/hook/cmake_prefix_path.dsv'
[3.666s] INFO:colcon.colcon_core.shell:Creating environment hook '/home/ram-user/Desktop/rosProject/install/visualization_package/share/visualization_package/hook/cmake_prefix_path.sh'
[3.668s] Level 1:colcon.colcon_core.environment:checking '/home/ram-user/Desktop/rosProject/install/visualization_package/lib'
[3.668s] Level 1:colcon.colcon_core.environment:checking '/home/ram-user/Desktop/rosProject/install/visualization_package/bin'
[3.668s] Level 1:colcon.colcon_core.environment:checking '/home/ram-user/Desktop/rosProject/install/visualization_package/lib/pkgconfig/visualization_package.pc'
[3.669s] Level 1:colcon.colcon_core.environment:checking '/home/ram-user/Desktop/rosProject/install/visualization_package/lib/python3.10/site-packages'
[3.669s] Level 1:colcon.colcon_core.environment:checking '/home/ram-user/Desktop/rosProject/install/visualization_package/bin'
[3.671s] INFO:colcon.colcon_core.shell:Creating package script '/home/ram-user/Desktop/rosProject/install/visualization_package/share/visualization_package/package.ps1'
[3.673s] INFO:colcon.colcon_core.shell:Creating package descriptor '/home/ram-user/Desktop/rosProject/install/visualization_package/share/visualization_package/package.dsv'
[3.674s] INFO:colcon.colcon_core.shell:Creating package script '/home/ram-user/Desktop/rosProject/install/visualization_package/share/visualization_package/package.sh'
[3.676s] INFO:colcon.colcon_core.shell:Creating package script '/home/ram-user/Desktop/rosProject/install/visualization_package/share/visualization_package/package.bash'
[3.677s] INFO:colcon.colcon_core.shell:Creating package script '/home/ram-user/Desktop/rosProject/install/visualization_package/share/visualization_package/package.zsh'
[3.678s] Level 1:colcon.colcon_core.environment:create_file_with_runtime_dependencies(/home/ram-user/Desktop/rosProject/install/visualization_package/share/colcon-core/packages/visualization_package)
[3.681s] DEBUG:colcon.colcon_parallel_executor.executor.parallel:closing loop
[3.682s] DEBUG:colcon.colcon_parallel_executor.executor.parallel:loop closed
[3.682s] DEBUG:colcon.colcon_parallel_executor.executor.parallel:run_until_complete finished with '2'
[3.682s] DEBUG:colcon.colcon_core.event_reactor:joining thread
[3.690s] INFO:colcon.colcon_core.plugin_system:Skipping extension 'colcon_notification.desktop_notification.terminal_notifier': Not used on non-Darwin systems
[3.690s] INFO:colcon.colcon_core.plugin_system:Skipping extension 'colcon_notification.desktop_notification.win32': Not used on non-Windows systems
[3.690s] INFO:colcon.colcon_notification.desktop_notification:Sending desktop notification using 'notify2'
[3.726s] DEBUG:colcon.colcon_core.event_reactor:joined thread
[3.728s] INFO:colcon.colcon_core.shell:Creating prefix script '/home/ram-user/Desktop/rosProject/install/local_setup.ps1'
[3.730s] INFO:colcon.colcon_core.shell:Creating prefix util module '/home/ram-user/Desktop/rosProject/install/_local_setup_util_ps1.py'
[3.733s] INFO:colcon.colcon_core.shell:Creating prefix chain script '/home/ram-user/Desktop/rosProject/install/setup.ps1'
[3.747s] INFO:colcon.colcon_core.shell:Creating prefix script '/home/ram-user/Desktop/rosProject/install/local_setup.sh'
[3.748s] INFO:colcon.colcon_core.shell:Creating prefix util module '/home/ram-user/Desktop/rosProject/install/_local_setup_util_sh.py'
[3.749s] INFO:colcon.colcon_core.shell:Creating prefix chain script '/home/ram-user/Desktop/rosProject/install/setup.sh'
[3.753s] INFO:colcon.colcon_core.shell:Creating prefix script '/home/ram-user/Desktop/rosProject/install/local_setup.bash'
[3.754s] INFO:colcon.colcon_core.shell:Creating prefix chain script '/home/ram-user/Desktop/rosProject/install/setup.bash'
[3.756s] INFO:colcon.colcon_core.shell:Creating prefix script '/home/ram-user/Desktop/rosProject/install/local_setup.zsh'
[3.757s] INFO:colcon.colcon_core.shell:Creating prefix chain script '/home/ram-user/Desktop/rosProject/install/setup.zsh'
