[0.060s] Invoking command in '/home/ram-user/Desktop/rosProject/build/image_input': CMAKE_PREFIX_PATH=/opt/ros/humble /usr/bin/cmake --build /home/ram-user/Desktop/rosProject/build/image_input -- -j2 -l2
[0.241s] [100%] Built target image
[0.255s] Invoked command in '/home/ram-user/Desktop/rosProject/build/image_input' returned '0': CMAKE_PREFIX_PATH=/opt/ros/humble /usr/bin/cmake --build /home/ram-user/Desktop/rosProject/build/image_input -- -j2 -l2
[0.438s] Invoking command in '/home/ram-user/Desktop/rosProject/build/image_input': CMAKE_PREFIX_PATH=/opt/ros/humble /usr/bin/cmake --install /home/ram-user/Desktop/rosProject/build/image_input
[0.449s] -- Install configuration: ""
[0.451s] -- Up-to-date: /home/ram-user/Desktop/rosProject/install/image_input/lib/image_input/image
[0.451s] -- Up-to-date: /home/ram-user/Desktop/rosProject/install/image_input/share/ament_index/resource_index/package_run_dependencies/image_input
[0.452s] -- Up-to-date: /home/ram-user/Desktop/rosProject/install/image_input/share/ament_index/resource_index/parent_prefix_path/image_input
[0.452s] -- Up-to-date: /home/ram-user/Desktop/rosProject/install/image_input/share/image_input/environment/ament_prefix_path.sh
[0.453s] -- Up-to-date: /home/ram-user/Desktop/rosProject/install/image_input/share/image_input/environment/ament_prefix_path.dsv
[0.453s] -- Up-to-date: /home/ram-user/Desktop/rosProject/install/image_input/share/image_input/environment/path.sh
[0.453s] -- Up-to-date: /home/ram-user/Desktop/rosProject/install/image_input/share/image_input/environment/path.dsv
[0.453s] -- Up-to-date: /home/ram-user/Desktop/rosProject/install/image_input/share/image_input/local_setup.bash
[0.453s] -- Up-to-date: /home/ram-user/Desktop/rosProject/install/image_input/share/image_input/local_setup.sh
[0.454s] -- Up-to-date: /home/ram-user/Desktop/rosProject/install/image_input/share/image_input/local_setup.zsh
[0.454s] -- Up-to-date: /home/ram-user/Desktop/rosProject/install/image_input/share/image_input/local_setup.dsv
[0.455s] -- Installing: /home/ram-user/Desktop/rosProject/install/image_input/share/image_input/package.dsv
[0.456s] -- Up-to-date: /home/ram-user/Desktop/rosProject/install/image_input/share/ament_index/resource_index/packages/image_input
[0.456s] -- Up-to-date: /home/ram-user/Desktop/rosProject/install/image_input/share/image_input/cmake/image_inputConfig.cmake
[0.456s] -- Up-to-date: /home/ram-user/Desktop/rosProject/install/image_input/share/image_input/cmake/image_inputConfig-version.cmake
[0.457s] -- Up-to-date: /home/ram-user/Desktop/rosProject/install/image_input/share/image_input/package.xml
[0.467s] Invoked command in '/home/ram-user/Desktop/rosProject/build/image_input' returned '0': CMAKE_PREFIX_PATH=/opt/ros/humble /usr/bin/cmake --install /home/ram-user/Desktop/rosProject/build/image_input
