[0.064s] Invoking command in '/home/ram-user/Desktop/rosProject/build/visualization_package': AMENT_PREFIX_PATH=/home/ram-user/Desktop/rosProject/install/tutorial_interfaces:${AMENT_PREFIX_PATH} CMAKE_PREFIX_PATH=/home/ram-user/Desktop/rosProject/install/tutorial_interfaces:/opt/ros/humble LD_LIBRARY_PATH=/home/ram-user/Desktop/rosProject/install/tutorial_interfaces/lib:${LD_LIBRARY_PATH} PYTHONPATH=/home/ram-user/Desktop/rosProject/install/tutorial_interfaces/local/lib/python3.10/dist-packages:${PYTHONPATH} /usr/bin/cmake --build /home/ram-user/Desktop/rosProject/build/visualization_package -- -j2 -l2
[0.212s] [35m[1mConsolidate compiler generated dependencies of target visualization_package[0m
[0.321s] [ 25%] [32mBuilding CXX object CMakeFiles/visualization_package.dir/src/Pong_field.cpp.o[0m
[1.637s] [ 50%] [32m[1mLinking CXX executable visualization_package[0m
[4.324s] [100%] Built target visualization_package
[4.348s] Invoked command in '/home/ram-user/Desktop/rosProject/build/visualization_package' returned '0': AMENT_PREFIX_PATH=/home/ram-user/Desktop/rosProject/install/tutorial_interfaces:${AMENT_PREFIX_PATH} CMAKE_PREFIX_PATH=/home/ram-user/Desktop/rosProject/install/tutorial_interfaces:/opt/ros/humble LD_LIBRARY_PATH=/home/ram-user/Desktop/rosProject/install/tutorial_interfaces/lib:${LD_LIBRARY_PATH} PYTHONPATH=/home/ram-user/Desktop/rosProject/install/tutorial_interfaces/local/lib/python3.10/dist-packages:${PYTHONPATH} /usr/bin/cmake --build /home/ram-user/Desktop/rosProject/build/visualization_package -- -j2 -l2
[4.419s] Invoking command in '/home/ram-user/Desktop/rosProject/build/visualization_package': AMENT_PREFIX_PATH=/home/ram-user/Desktop/rosProject/install/tutorial_interfaces:${AMENT_PREFIX_PATH} CMAKE_PREFIX_PATH=/home/ram-user/Desktop/rosProject/install/tutorial_interfaces:/opt/ros/humble LD_LIBRARY_PATH=/home/ram-user/Desktop/rosProject/install/tutorial_interfaces/lib:${LD_LIBRARY_PATH} PYTHONPATH=/home/ram-user/Desktop/rosProject/install/tutorial_interfaces/local/lib/python3.10/dist-packages:${PYTHONPATH} /usr/bin/cmake --install /home/ram-user/Desktop/rosProject/build/visualization_package
[4.444s] -- Install configuration: ""
[4.453s] -- Installing: /home/ram-user/Desktop/rosProject/install/visualization_package/lib/visualization_package/visualization_package
[4.464s] -- Set runtime path of "/home/ram-user/Desktop/rosProject/install/visualization_package/lib/visualization_package/visualization_package" to ""
[4.465s] -- Up-to-date: /home/ram-user/Desktop/rosProject/install/visualization_package/share/ament_index/resource_index/package_run_dependencies/visualization_package
[4.465s] -- Installing: /home/ram-user/Desktop/rosProject/install/visualization_package/share/ament_index/resource_index/parent_prefix_path/visualization_package
[4.471s] -- Up-to-date: /home/ram-user/Desktop/rosProject/install/visualization_package/share/visualization_package/environment/ament_prefix_path.sh
[4.472s] -- Installing: /home/ram-user/Desktop/rosProject/install/visualization_package/share/visualization_package/environment/ament_prefix_path.dsv
[4.475s] -- Up-to-date: /home/ram-user/Desktop/rosProject/install/visualization_package/share/visualization_package/environment/path.sh
[4.477s] -- Installing: /home/ram-user/Desktop/rosProject/install/visualization_package/share/visualization_package/environment/path.dsv
[4.480s] -- Up-to-date: /home/ram-user/Desktop/rosProject/install/visualization_package/share/visualization_package/local_setup.bash
[4.480s] -- Up-to-date: /home/ram-user/Desktop/rosProject/install/visualization_package/share/visualization_package/local_setup.sh
[4.482s] -- Up-to-date: /home/ram-user/Desktop/rosProject/install/visualization_package/share/visualization_package/local_setup.zsh
[4.482s] -- Installing: /home/ram-user/Desktop/rosProject/install/visualization_package/share/visualization_package/local_setup.dsv
[4.485s] -- Installing: /home/ram-user/Desktop/rosProject/install/visualization_package/share/visualization_package/package.dsv
[4.488s] -- Up-to-date: /home/ram-user/Desktop/rosProject/install/visualization_package/share/ament_index/resource_index/packages/visualization_package
[4.488s] -- Up-to-date: /home/ram-user/Desktop/rosProject/install/visualization_package/share/visualization_package/cmake/visualization_packageConfig.cmake
[4.488s] -- Up-to-date: /home/ram-user/Desktop/rosProject/install/visualization_package/share/visualization_package/cmake/visualization_packageConfig-version.cmake
[4.488s] -- Up-to-date: /home/ram-user/Desktop/rosProject/install/visualization_package/share/visualization_package/package.xml
[4.508s] Invoked command in '/home/ram-user/Desktop/rosProject/build/visualization_package' returned '0': AMENT_PREFIX_PATH=/home/ram-user/Desktop/rosProject/install/tutorial_interfaces:${AMENT_PREFIX_PATH} CMAKE_PREFIX_PATH=/home/ram-user/Desktop/rosProject/install/tutorial_interfaces:/opt/ros/humble LD_LIBRARY_PATH=/home/ram-user/Desktop/rosProject/install/tutorial_interfaces/lib:${LD_LIBRARY_PATH} PYTHONPATH=/home/ram-user/Desktop/rosProject/install/tutorial_interfaces/local/lib/python3.10/dist-packages:${PYTHONPATH} /usr/bin/cmake --install /home/ram-user/Desktop/rosProject/build/visualization_package
