[0.073s] Invoking command in '/home/ram-user/Desktop/rosProject/build/keyboard_input': CMAKE_PREFIX_PATH=${CMAKE_PREFIX_PATH}:/opt/ros/humble /usr/bin/cmake --build /home/ram-user/Desktop/rosProject/build/keyboard_input -- -j2 -l2
[0.282s] [100%] Built target keyboard_input
[0.317s] Invoked command in '/home/ram-user/Desktop/rosProject/build/keyboard_input' returned '0': CMAKE_PREFIX_PATH=${CMAKE_PREFIX_PATH}:/opt/ros/humble /usr/bin/cmake --build /home/ram-user/Desktop/rosProject/build/keyboard_input -- -j2 -l2
[0.398s] Invoking command in '/home/ram-user/Desktop/rosProject/build/keyboard_input': CMAKE_PREFIX_PATH=${CMAKE_PREFIX_PATH}:/opt/ros/humble /usr/bin/cmake --install /home/ram-user/Desktop/rosProject/build/keyboard_input
[0.416s] -- Install configuration: ""
[0.422s] -- Up-to-date: /home/ram-user/Desktop/rosProject/install/keyboard_input/lib/keyboard_input/keyboard_input
[0.423s] -- Up-to-date: /home/ram-user/Desktop/rosProject/install/keyboard_input/share/keyboard_input//launch
[0.427s] -- Up-to-date: /home/ram-user/Desktop/rosProject/install/keyboard_input/share/keyboard_input//launch/keyboard_input_launch.py
[0.428s] -- Up-to-date: /home/ram-user/Desktop/rosProject/install/keyboard_input/share/ament_index/resource_index/package_run_dependencies/keyboard_input
[0.428s] -- Up-to-date: /home/ram-user/Desktop/rosProject/install/keyboard_input/share/ament_index/resource_index/parent_prefix_path/keyboard_input
[0.429s] -- Up-to-date: /home/ram-user/Desktop/rosProject/install/keyboard_input/share/keyboard_input/environment/ament_prefix_path.sh
[0.438s] -- Up-to-date: /home/ram-user/Desktop/rosProject/install/keyboard_input/share/keyboard_input/environment/ament_prefix_path.dsv
[0.439s] -- Up-to-date: /home/ram-user/Desktop/rosProject/install/keyboard_input/share/keyboard_input/environment/path.sh
[0.439s] -- Up-to-date: /home/ram-user/Desktop/rosProject/install/keyboard_input/share/keyboard_input/environment/path.dsv
[0.440s] -- Up-to-date: /home/ram-user/Desktop/rosProject/install/keyboard_input/share/keyboard_input/local_setup.bash
[0.440s] -- Up-to-date: /home/ram-user/Desktop/rosProject/install/keyboard_input/share/keyboard_input/local_setup.sh
[0.441s] -- Up-to-date: /home/ram-user/Desktop/rosProject/install/keyboard_input/share/keyboard_input/local_setup.zsh
[0.442s] -- Up-to-date: /home/ram-user/Desktop/rosProject/install/keyboard_input/share/keyboard_input/local_setup.dsv
[0.442s] -- Installing: /home/ram-user/Desktop/rosProject/install/keyboard_input/share/keyboard_input/package.dsv
[0.448s] -- Up-to-date: /home/ram-user/Desktop/rosProject/install/keyboard_input/share/ament_index/resource_index/packages/keyboard_input
[0.448s] -- Up-to-date: /home/ram-user/Desktop/rosProject/install/keyboard_input/share/keyboard_input/cmake/keyboard_inputConfig.cmake
[0.448s] -- Up-to-date: /home/ram-user/Desktop/rosProject/install/keyboard_input/share/keyboard_input/cmake/keyboard_inputConfig-version.cmake
[0.448s] -- Up-to-date: /home/ram-user/Desktop/rosProject/install/keyboard_input/share/keyboard_input/package.xml
[0.455s] Invoked command in '/home/ram-user/Desktop/rosProject/build/keyboard_input' returned '0': CMAKE_PREFIX_PATH=${CMAKE_PREFIX_PATH}:/opt/ros/humble /usr/bin/cmake --install /home/ram-user/Desktop/rosProject/build/keyboard_input
