[0.038s] Invoking command in '/home/ram-user/Desktop/rosProject/build/image_input': CMAKE_PREFIX_PATH=/opt/ros/humble /usr/bin/cmake --build /home/ram-user/Desktop/rosProject/build/image_input -- -j2 -l2
[0.148s] [100%] Built target image
[0.168s] Invoked command in '/home/ram-user/Desktop/rosProject/build/image_input' returned '0': CMAKE_PREFIX_PATH=/opt/ros/humble /usr/bin/cmake --build /home/ram-user/Desktop/rosProject/build/image_input -- -j2 -l2
[0.281s] Invoking command in '/home/ram-user/Desktop/rosProject/build/image_input': CMAKE_PREFIX_PATH=/opt/ros/humble /usr/bin/cmake --install /home/ram-user/Desktop/rosProject/build/image_input
[0.304s] -- Install configuration: ""
[0.305s] -- Up-to-date: /home/ram-user/Desktop/rosProject/install/image_input/lib/image_input/image
[0.306s] -- Up-to-date: /home/ram-user/Desktop/rosProject/install/image_input/share/ament_index/resource_index/package_run_dependencies/image_input
[0.308s] -- Up-to-date: /home/ram-user/Desktop/rosProject/install/image_input/share/ament_index/resource_index/parent_prefix_path/image_input
[0.310s] -- Up-to-date: /home/ram-user/Desktop/rosProject/install/image_input/share/image_input/environment/ament_prefix_path.sh
[0.310s] -- Up-to-date: /home/ram-user/Desktop/rosProject/install/image_input/share/image_input/environment/ament_prefix_path.dsv
[0.312s] -- Up-to-date: /home/ram-user/Desktop/rosProject/install/image_input/share/image_input/environment/path.sh
[0.312s] -- Up-to-date: /home/ram-user/Desktop/rosProject/install/image_input/share/image_input/environment/path.dsv
[0.312s] -- Up-to-date: /home/ram-user/Desktop/rosProject/install/image_input/share/image_input/local_setup.bash
[0.312s] -- Up-to-date: /home/ram-user/Desktop/rosProject/install/image_input/share/image_input/local_setup.sh
[0.313s] -- Up-to-date: /home/ram-user/Desktop/rosProject/install/image_input/share/image_input/local_setup.zsh
[0.313s] -- Up-to-date: /home/ram-user/Desktop/rosProject/install/image_input/share/image_input/local_setup.dsv
[0.314s] -- Installing: /home/ram-user/Desktop/rosProject/install/image_input/share/image_input/package.dsv
[0.315s] -- Up-to-date: /home/ram-user/Desktop/rosProject/install/image_input/share/ament_index/resource_index/packages/image_input
[0.315s] -- Up-to-date: /home/ram-user/Desktop/rosProject/install/image_input/share/image_input/cmake/image_inputConfig.cmake
[0.315s] -- Up-to-date: /home/ram-user/Desktop/rosProject/install/image_input/share/image_input/cmake/image_inputConfig-version.cmake
[0.316s] -- Up-to-date: /home/ram-user/Desktop/rosProject/install/image_input/share/image_input/package.xml
[0.319s] Invoked command in '/home/ram-user/Desktop/rosProject/build/image_input' returned '0': CMAKE_PREFIX_PATH=/opt/ros/humble /usr/bin/cmake --install /home/ram-user/Desktop/rosProject/build/image_input
