[0.024s] Invoking command in '/home/ram-user/Desktop/rosProject/build/score': AMENT_PREFIX_PATH=/home/ram-user/Desktop/rosProject/install/tutorial_interfaces:${AMENT_PREFIX_PATH} CMAKE_PREFIX_PATH=/home/ram-user/Desktop/rosProject/install/tutorial_interfaces:/opt/ros/humble LD_LIBRARY_PATH=/home/ram-user/Desktop/rosProject/install/tutorial_interfaces/lib:${LD_LIBRARY_PATH} PYTHONPATH=/home/ram-user/Desktop/rosProject/install/tutorial_interfaces/local/lib/python3.10/dist-packages:${PYTHONPATH} /usr/bin/cmake /home/ram-user/Desktop/rosProject/src/score -DCMAKE_INSTALL_PREFIX=/home/ram-user/Desktop/rosProject/install/score
[0.105s] -- The C compiler identification is GNU 11.3.0
[0.195s] -- The CXX compiler identification is GNU 11.3.0
[0.205s] -- Detecting C compiler ABI info
[0.306s] -- Detecting C compiler ABI info - done
[0.315s] -- Check for working C compiler: /usr/bin/cc - skipped
[0.318s] -- Detecting C compile features
[0.318s] -- Detecting C compile features - done
[0.323s] -- Detecting CXX compiler ABI info
[0.453s] -- Detecting CXX compiler ABI info - done
[0.463s] -- Check for working CXX compiler: /usr/bin/c++ - skipped
[0.463s] -- Detecting CXX compile features
[0.464s] -- Detecting CXX compile features - done
[0.467s] -- Found ament_cmake: 1.3.3 (/opt/ros/humble/share/ament_cmake/cmake)
[0.670s] -- Found Python3: /usr/bin/python3.10 (found version "3.10.6") found components: Interpreter 
[0.773s] -- Found rclcpp: 16.0.3 (/opt/ros/humble/share/rclcpp/cmake)
[0.852s] -- Found rosidl_generator_c: 3.1.4 (/opt/ros/humble/share/rosidl_generator_c/cmake)
[0.858s] -- Found rosidl_adapter: 3.1.4 (/opt/ros/humble/share/rosidl_adapter/cmake)
[0.869s] -- Found rosidl_generator_cpp: 3.1.4 (/opt/ros/humble/share/rosidl_generator_cpp/cmake)
[0.888s] -- Using all available rosidl_typesupport_c: rosidl_typesupport_fastrtps_c;rosidl_typesupport_introspection_c
[0.923s] -- Using all available rosidl_typesupport_cpp: rosidl_typesupport_fastrtps_cpp;rosidl_typesupport_introspection_cpp
[1.084s] -- Found rmw_implementation_cmake: 6.1.1 (/opt/ros/humble/share/rmw_implementation_cmake/cmake)
[1.088s] -- Found rmw_fastrtps_cpp: 6.2.2 (/opt/ros/humble/share/rmw_fastrtps_cpp/cmake)
[1.294s] -- Found OpenSSL: /usr/lib/x86_64-linux-gnu/libcrypto.so (found version "3.0.2")  
[1.328s] -- Found FastRTPS: /opt/ros/humble/include  
[1.391s] -- Using RMW implementation 'rmw_fastrtps_cpp' as default
[1.405s] -- Looking for pthread.h
[1.517s] -- Looking for pthread.h - found
[1.517s] -- Performing Test CMAKE_HAVE_LIBC_PTHREAD
[1.615s] -- Performing Test CMAKE_HAVE_LIBC_PTHREAD - Success
[1.615s] -- Found Threads: TRUE  
[1.839s] -- Found tutorial_interfaces: 0.0.0 (/home/ram-user/Desktop/rosProject/install/tutorial_interfaces/share/tutorial_interfaces/cmake)
[1.869s] -- Found ament_lint_auto: 0.12.5 (/opt/ros/humble/share/ament_lint_auto/cmake)
[1.995s] -- Added test 'cppcheck' to perform static code analysis on C / C++ code
[1.996s] -- Configured cppcheck include dirs: $<BUILD_INTERFACE:/home/ram-user/Desktop/rosProject/src/score/include>
[1.996s] -- Configured cppcheck exclude dirs and/or files: 
[1.998s] -- Added test 'lint_cmake' to check CMake code style
[1.999s] -- Added test 'uncrustify' to check C / C++ code style
[1.999s] -- Configured uncrustify additional arguments: 
[2.001s] -- Added test 'xmllint' to check XML markup files
[2.003s] -- Configuring done
[2.017s] -- Generating done
[2.020s] -- Build files have been written to: /home/ram-user/Desktop/rosProject/build/score
[2.037s] Invoked command in '/home/ram-user/Desktop/rosProject/build/score' returned '0': AMENT_PREFIX_PATH=/home/ram-user/Desktop/rosProject/install/tutorial_interfaces:${AMENT_PREFIX_PATH} CMAKE_PREFIX_PATH=/home/ram-user/Desktop/rosProject/install/tutorial_interfaces:/opt/ros/humble LD_LIBRARY_PATH=/home/ram-user/Desktop/rosProject/install/tutorial_interfaces/lib:${LD_LIBRARY_PATH} PYTHONPATH=/home/ram-user/Desktop/rosProject/install/tutorial_interfaces/local/lib/python3.10/dist-packages:${PYTHONPATH} /usr/bin/cmake /home/ram-user/Desktop/rosProject/src/score -DCMAKE_INSTALL_PREFIX=/home/ram-user/Desktop/rosProject/install/score
[2.037s] Invoking command in '/home/ram-user/Desktop/rosProject/build/score': AMENT_PREFIX_PATH=/home/ram-user/Desktop/rosProject/install/tutorial_interfaces:${AMENT_PREFIX_PATH} CMAKE_PREFIX_PATH=/home/ram-user/Desktop/rosProject/install/tutorial_interfaces:/opt/ros/humble LD_LIBRARY_PATH=/home/ram-user/Desktop/rosProject/install/tutorial_interfaces/lib:${LD_LIBRARY_PATH} PYTHONPATH=/home/ram-user/Desktop/rosProject/install/tutorial_interfaces/local/lib/python3.10/dist-packages:${PYTHONPATH} /usr/bin/cmake --build /home/ram-user/Desktop/rosProject/build/score -- -j2 -l2
[2.136s] [ 33%] [32mBuilding CXX object CMakeFiles/score.dir/src/subpub_score.cpp.o[0m
[15.828s] [ 66%] [32mBuilding CXX object CMakeFiles/score.dir/src/score.cpp.o[0m
[15.921s] [100%] [32m[1mLinking CXX executable score[0m
[16.871s] [100%] Built target score
[16.887s] Invoked command in '/home/ram-user/Desktop/rosProject/build/score' returned '0': AMENT_PREFIX_PATH=/home/ram-user/Desktop/rosProject/install/tutorial_interfaces:${AMENT_PREFIX_PATH} CMAKE_PREFIX_PATH=/home/ram-user/Desktop/rosProject/install/tutorial_interfaces:/opt/ros/humble LD_LIBRARY_PATH=/home/ram-user/Desktop/rosProject/install/tutorial_interfaces/lib:${LD_LIBRARY_PATH} PYTHONPATH=/home/ram-user/Desktop/rosProject/install/tutorial_interfaces/local/lib/python3.10/dist-packages:${PYTHONPATH} /usr/bin/cmake --build /home/ram-user/Desktop/rosProject/build/score -- -j2 -l2
[16.997s] Invoking command in '/home/ram-user/Desktop/rosProject/build/score': AMENT_PREFIX_PATH=/home/ram-user/Desktop/rosProject/install/tutorial_interfaces:${AMENT_PREFIX_PATH} CMAKE_PREFIX_PATH=/home/ram-user/Desktop/rosProject/install/tutorial_interfaces:/opt/ros/humble LD_LIBRARY_PATH=/home/ram-user/Desktop/rosProject/install/tutorial_interfaces/lib:${LD_LIBRARY_PATH} PYTHONPATH=/home/ram-user/Desktop/rosProject/install/tutorial_interfaces/local/lib/python3.10/dist-packages:${PYTHONPATH} /usr/bin/cmake --install /home/ram-user/Desktop/rosProject/build/score
[17.025s] -- Install configuration: ""
[17.026s] -- Installing: /home/ram-user/Desktop/rosProject/install/score/lib/score/score
[17.026s] -- Set runtime path of "/home/ram-user/Desktop/rosProject/install/score/lib/score/score" to ""
[17.026s] -- Installing: /home/ram-user/Desktop/rosProject/install/score/share/ament_index/resource_index/package_run_dependencies/score
[17.026s] -- Installing: /home/ram-user/Desktop/rosProject/install/score/share/ament_index/resource_index/parent_prefix_path/score
[17.026s] -- Installing: /home/ram-user/Desktop/rosProject/install/score/share/score/environment/ament_prefix_path.sh
[17.026s] -- Installing: /home/ram-user/Desktop/rosProject/install/score/share/score/environment/ament_prefix_path.dsv
[17.026s] -- Installing: /home/ram-user/Desktop/rosProject/install/score/share/score/environment/path.sh
[17.026s] -- Installing: /home/ram-user/Desktop/rosProject/install/score/share/score/environment/path.dsv
[17.027s] -- Installing: /home/ram-user/Desktop/rosProject/install/score/share/score/local_setup.bash
[17.027s] -- Installing: /home/ram-user/Desktop/rosProject/install/score/share/score/local_setup.sh
[17.027s] -- Installing: /home/ram-user/Desktop/rosProject/install/score/share/score/local_setup.zsh
[17.027s] -- Installing: /home/ram-user/Desktop/rosProject/install/score/share/score/local_setup.dsv
[17.027s] -- Installing: /home/ram-user/Desktop/rosProject/install/score/share/score/package.dsv
[17.027s] -- Installing: /home/ram-user/Desktop/rosProject/install/score/share/ament_index/resource_index/packages/score
[17.027s] -- Installing: /home/ram-user/Desktop/rosProject/install/score/share/score/cmake/scoreConfig.cmake
[17.027s] -- Installing: /home/ram-user/Desktop/rosProject/install/score/share/score/cmake/scoreConfig-version.cmake
[17.027s] -- Installing: /home/ram-user/Desktop/rosProject/install/score/share/score/package.xml
[17.044s] Invoked command in '/home/ram-user/Desktop/rosProject/build/score' returned '0': AMENT_PREFIX_PATH=/home/ram-user/Desktop/rosProject/install/tutorial_interfaces:${AMENT_PREFIX_PATH} CMAKE_PREFIX_PATH=/home/ram-user/Desktop/rosProject/install/tutorial_interfaces:/opt/ros/humble LD_LIBRARY_PATH=/home/ram-user/Desktop/rosProject/install/tutorial_interfaces/lib:${LD_LIBRARY_PATH} PYTHONPATH=/home/ram-user/Desktop/rosProject/install/tutorial_interfaces/local/lib/python3.10/dist-packages:${PYTHONPATH} /usr/bin/cmake --install /home/ram-user/Desktop/rosProject/build/score
