[0.054s] Invoking command in '/home/ram-user/Desktop/rosProject/build/score': CMAKE_PREFIX_PATH=/home/ram-user/Desktop/rosProject/install/tutorial_interfaces:/home/ram-user/Desktop/rosProject/install/visualization_package:/home/ram-user/Desktop/rosProject/install/score:/home/ram-user/Desktop/rosProject/install/pong_core:/home/ram-user/Desktop/rosProject/install/cpp_publisher:/home/ram-user/Desktop/rosProject/install/paddle_physics:/home/ram-user/Desktop/rosProject/install/keyboard_input:/home/ram-user/Desktop/rosProject/install/image_input:/opt/ros/humble /usr/bin/cmake --build /home/ram-user/Desktop/rosProject/build/score -- -j2 -l2
[0.223s] [100%] Built target score
[0.248s] Invoked command in '/home/ram-user/Desktop/rosProject/build/score' returned '0': CMAKE_PREFIX_PATH=/home/ram-user/Desktop/rosProject/install/tutorial_interfaces:/home/ram-user/Desktop/rosProject/install/visualization_package:/home/ram-user/Desktop/rosProject/install/score:/home/ram-user/Desktop/rosProject/install/pong_core:/home/ram-user/Desktop/rosProject/install/cpp_publisher:/home/ram-user/Desktop/rosProject/install/paddle_physics:/home/ram-user/Desktop/rosProject/install/keyboard_input:/home/ram-user/Desktop/rosProject/install/image_input:/opt/ros/humble /usr/bin/cmake --build /home/ram-user/Desktop/rosProject/build/score -- -j2 -l2
[0.323s] Invoking command in '/home/ram-user/Desktop/rosProject/build/score': CMAKE_PREFIX_PATH=/home/ram-user/Desktop/rosProject/install/tutorial_interfaces:/home/ram-user/Desktop/rosProject/install/visualization_package:/home/ram-user/Desktop/rosProject/install/score:/home/ram-user/Desktop/rosProject/install/pong_core:/home/ram-user/Desktop/rosProject/install/cpp_publisher:/home/ram-user/Desktop/rosProject/install/paddle_physics:/home/ram-user/Desktop/rosProject/install/keyboard_input:/home/ram-user/Desktop/rosProject/install/image_input:/opt/ros/humble /usr/bin/cmake --install /home/ram-user/Desktop/rosProject/build/score
[0.336s] -- Install configuration: ""
[0.336s] -- Up-to-date: /home/ram-user/Desktop/rosProject/install/score/lib/score/score
[0.355s] -- Up-to-date: /home/ram-user/Desktop/rosProject/install/score/share/ament_index/resource_index/package_run_dependencies/score
[0.358s] -- Up-to-date: /home/ram-user/Desktop/rosProject/install/score/share/ament_index/resource_index/parent_prefix_path/score
[0.358s] -- Up-to-date: /home/ram-user/Desktop/rosProject/install/score/share/score/environment/ament_prefix_path.sh
[0.358s] -- Up-to-date: /home/ram-user/Desktop/rosProject/install/score/share/score/environment/ament_prefix_path.dsv
[0.359s] -- Up-to-date: /home/ram-user/Desktop/rosProject/install/score/share/score/environment/path.sh
[0.359s] -- Up-to-date: /home/ram-user/Desktop/rosProject/install/score/share/score/environment/path.dsv
[0.361s] -- Up-to-date: /home/ram-user/Desktop/rosProject/install/score/share/score/local_setup.bash
[0.361s] -- Up-to-date: /home/ram-user/Desktop/rosProject/install/score/share/score/local_setup.sh
[0.362s] -- Up-to-date: /home/ram-user/Desktop/rosProject/install/score/share/score/local_setup.zsh
[0.363s] -- Up-to-date: /home/ram-user/Desktop/rosProject/install/score/share/score/local_setup.dsv
[0.364s] -- Installing: /home/ram-user/Desktop/rosProject/install/score/share/score/package.dsv
[0.366s] -- Up-to-date: /home/ram-user/Desktop/rosProject/install/score/share/ament_index/resource_index/packages/score
[0.366s] -- Up-to-date: /home/ram-user/Desktop/rosProject/install/score/share/score/cmake/scoreConfig.cmake
[0.367s] -- Up-to-date: /home/ram-user/Desktop/rosProject/install/score/share/score/cmake/scoreConfig-version.cmake
[0.367s] -- Up-to-date: /home/ram-user/Desktop/rosProject/install/score/share/score/package.xml
[0.376s] Invoked command in '/home/ram-user/Desktop/rosProject/build/score' returned '0': CMAKE_PREFIX_PATH=/home/ram-user/Desktop/rosProject/install/tutorial_interfaces:/home/ram-user/Desktop/rosProject/install/visualization_package:/home/ram-user/Desktop/rosProject/install/score:/home/ram-user/Desktop/rosProject/install/pong_core:/home/ram-user/Desktop/rosProject/install/cpp_publisher:/home/ram-user/Desktop/rosProject/install/paddle_physics:/home/ram-user/Desktop/rosProject/install/keyboard_input:/home/ram-user/Desktop/rosProject/install/image_input:/opt/ros/humble /usr/bin/cmake --install /home/ram-user/Desktop/rosProject/build/score
