[0.037s] Invoking command in '/home/ram-user/Desktop/rosProject/build/pong_core': AMENT_PREFIX_PATH=/home/ram-user/Desktop/rosProject/install/tutorial_interfaces:${AMENT_PREFIX_PATH} CMAKE_PREFIX_PATH=/home/ram-user/Desktop/rosProject/install/tutorial_interfaces:/opt/ros/humble LD_LIBRARY_PATH=/home/ram-user/Desktop/rosProject/install/tutorial_interfaces/lib:${LD_LIBRARY_PATH} PYTHONPATH=/home/ram-user/Desktop/rosProject/install/tutorial_interfaces/local/lib/python3.10/dist-packages:${PYTHONPATH} /usr/bin/cmake --build /home/ram-user/Desktop/rosProject/build/pong_core -- -j2 -l2
[0.173s] [ 16%] [32mBuilding CXX object CMakeFiles/physics.dir/src/subpub_ball_physics.cpp.o[0m
[0.196s] [ 66%] Built target logic
[11.440s] [ 83%] [32m[1mLinking CXX executable physics[0m
[12.077s] [100%] Built target physics
[12.095s] Invoked command in '/home/ram-user/Desktop/rosProject/build/pong_core' returned '0': AMENT_PREFIX_PATH=/home/ram-user/Desktop/rosProject/install/tutorial_interfaces:${AMENT_PREFIX_PATH} CMAKE_PREFIX_PATH=/home/ram-user/Desktop/rosProject/install/tutorial_interfaces:/opt/ros/humble LD_LIBRARY_PATH=/home/ram-user/Desktop/rosProject/install/tutorial_interfaces/lib:${LD_LIBRARY_PATH} PYTHONPATH=/home/ram-user/Desktop/rosProject/install/tutorial_interfaces/local/lib/python3.10/dist-packages:${PYTHONPATH} /usr/bin/cmake --build /home/ram-user/Desktop/rosProject/build/pong_core -- -j2 -l2
[12.188s] Invoking command in '/home/ram-user/Desktop/rosProject/build/pong_core': AMENT_PREFIX_PATH=/home/ram-user/Desktop/rosProject/install/tutorial_interfaces:${AMENT_PREFIX_PATH} CMAKE_PREFIX_PATH=/home/ram-user/Desktop/rosProject/install/tutorial_interfaces:/opt/ros/humble LD_LIBRARY_PATH=/home/ram-user/Desktop/rosProject/install/tutorial_interfaces/lib:${LD_LIBRARY_PATH} PYTHONPATH=/home/ram-user/Desktop/rosProject/install/tutorial_interfaces/local/lib/python3.10/dist-packages:${PYTHONPATH} /usr/bin/cmake --install /home/ram-user/Desktop/rosProject/build/pong_core
[12.191s] -- Install configuration: ""
[12.192s] -- Up-to-date: /home/ram-user/Desktop/rosProject/install/pong_core/lib/pong_core/logic
[12.192s] -- Installing: /home/ram-user/Desktop/rosProject/install/pong_core/lib/pong_core/physics
[12.197s] -- Set runtime path of "/home/ram-user/Desktop/rosProject/install/pong_core/lib/pong_core/physics" to ""
[12.197s] -- Up-to-date: /home/ram-user/Desktop/rosProject/install/pong_core/share/ament_index/resource_index/package_run_dependencies/pong_core
[12.198s] -- Up-to-date: /home/ram-user/Desktop/rosProject/install/pong_core/share/ament_index/resource_index/parent_prefix_path/pong_core
[12.198s] -- Up-to-date: /home/ram-user/Desktop/rosProject/install/pong_core/share/pong_core/environment/ament_prefix_path.sh
[12.198s] -- Up-to-date: /home/ram-user/Desktop/rosProject/install/pong_core/share/pong_core/environment/ament_prefix_path.dsv
[12.198s] -- Up-to-date: /home/ram-user/Desktop/rosProject/install/pong_core/share/pong_core/environment/path.sh
[12.199s] -- Up-to-date: /home/ram-user/Desktop/rosProject/install/pong_core/share/pong_core/environment/path.dsv
[12.199s] -- Up-to-date: /home/ram-user/Desktop/rosProject/install/pong_core/share/pong_core/local_setup.bash
[12.199s] -- Up-to-date: /home/ram-user/Desktop/rosProject/install/pong_core/share/pong_core/local_setup.sh
[12.199s] -- Up-to-date: /home/ram-user/Desktop/rosProject/install/pong_core/share/pong_core/local_setup.zsh
[12.199s] -- Up-to-date: /home/ram-user/Desktop/rosProject/install/pong_core/share/pong_core/local_setup.dsv
[12.199s] -- Installing: /home/ram-user/Desktop/rosProject/install/pong_core/share/pong_core/package.dsv
[12.200s] -- Up-to-date: /home/ram-user/Desktop/rosProject/install/pong_core/share/ament_index/resource_index/packages/pong_core
[12.200s] -- Up-to-date: /home/ram-user/Desktop/rosProject/install/pong_core/share/pong_core/cmake/pong_coreConfig.cmake
[12.200s] -- Up-to-date: /home/ram-user/Desktop/rosProject/install/pong_core/share/pong_core/cmake/pong_coreConfig-version.cmake
[12.200s] -- Up-to-date: /home/ram-user/Desktop/rosProject/install/pong_core/share/pong_core/package.xml
[12.207s] Invoked command in '/home/ram-user/Desktop/rosProject/build/pong_core' returned '0': AMENT_PREFIX_PATH=/home/ram-user/Desktop/rosProject/install/tutorial_interfaces:${AMENT_PREFIX_PATH} CMAKE_PREFIX_PATH=/home/ram-user/Desktop/rosProject/install/tutorial_interfaces:/opt/ros/humble LD_LIBRARY_PATH=/home/ram-user/Desktop/rosProject/install/tutorial_interfaces/lib:${LD_LIBRARY_PATH} PYTHONPATH=/home/ram-user/Desktop/rosProject/install/tutorial_interfaces/local/lib/python3.10/dist-packages:${PYTHONPATH} /usr/bin/cmake --install /home/ram-user/Desktop/rosProject/build/pong_core
