[0.093s] Invoking command in '/home/ram-user/Desktop/rosProject/build/tutorial_interfaces': CMAKE_PREFIX_PATH=/opt/ros/humble /usr/bin/cmake --build /home/ram-user/Desktop/rosProject/build/tutorial_interfaces -- -j2 -l2
[0.300s] [  2%] Built target tutorial_interfaces__cpp
[0.403s] [ 12%] Built target tutorial_interfaces__rosidl_generator_c
[0.614s] [ 12%] Built target ament_cmake_python_copy_tutorial_interfaces
[0.697s] [ 23%] Built target tutorial_interfaces__rosidl_typesupport_cpp
[0.786s] [ 34%] Built target tutorial_interfaces__rosidl_typesupport_fastrtps_c
[0.937s] [ 44%] Built target tutorial_interfaces__rosidl_typesupport_fastrtps_cpp
[1.066s] [ 55%] Built target tutorial_interfaces__rosidl_typesupport_introspection_c
[1.238s] [ 65%] Built target tutorial_interfaces__rosidl_typesupport_c
[1.307s] [ 76%] Built target tutorial_interfaces__rosidl_typesupport_introspection_cpp
[1.829s] running egg_info
[1.833s] writing tutorial_interfaces.egg-info/PKG-INFO
[1.841s] writing dependency_links to tutorial_interfaces.egg-info/dependency_links.txt
[1.844s] writing top-level names to tutorial_interfaces.egg-info/top_level.txt
[1.871s] reading manifest file 'tutorial_interfaces.egg-info/SOURCES.txt'
[1.874s] writing manifest file 'tutorial_interfaces.egg-info/SOURCES.txt'
[1.967s] [ 76%] Built target ament_cmake_python_build_tutorial_interfaces_egg
[2.106s] [ 76%] Built target tutorial_interfaces
[2.210s] [ 78%] Built target tutorial_interfaces__py
[2.285s] [ 87%] Built target tutorial_interfaces__rosidl_generator_py
[2.388s] [ 91%] Built target tutorial_interfaces__rosidl_typesupport_fastrtps_c__pyext
[2.573s] [ 95%] Built target tutorial_interfaces__rosidl_typesupport_introspection_c__pyext
[2.672s] [100%] Built target tutorial_interfaces__rosidl_typesupport_c__pyext
[2.731s] Invoked command in '/home/ram-user/Desktop/rosProject/build/tutorial_interfaces' returned '0': CMAKE_PREFIX_PATH=/opt/ros/humble /usr/bin/cmake --build /home/ram-user/Desktop/rosProject/build/tutorial_interfaces -- -j2 -l2
[3.074s] Invoking command in '/home/ram-user/Desktop/rosProject/build/tutorial_interfaces': CMAKE_PREFIX_PATH=/opt/ros/humble /usr/bin/cmake --install /home/ram-user/Desktop/rosProject/build/tutorial_interfaces
[3.108s] -- Install configuration: ""
[3.109s] -- Up-to-date: /home/ram-user/Desktop/rosProject/install/tutorial_interfaces/share/ament_index/resource_index/rosidl_interfaces/tutorial_interfaces
[3.111s] -- Up-to-date: /home/ram-user/Desktop/rosProject/install/tutorial_interfaces/include/tutorial_interfaces/tutorial_interfaces
[3.112s] -- Up-to-date: /home/ram-user/Desktop/rosProject/install/tutorial_interfaces/include/tutorial_interfaces/tutorial_interfaces/msg
[3.114s] -- Up-to-date: /home/ram-user/Desktop/rosProject/install/tutorial_interfaces/include/tutorial_interfaces/tutorial_interfaces/msg/ball.h
[3.115s] -- Up-to-date: /home/ram-user/Desktop/rosProject/install/tutorial_interfaces/include/tutorial_interfaces/tutorial_interfaces/msg/detail
[3.118s] -- Up-to-date: /home/ram-user/Desktop/rosProject/install/tutorial_interfaces/include/tutorial_interfaces/tutorial_interfaces/msg/detail/ball__struct.h
[3.120s] -- Up-to-date: /home/ram-user/Desktop/rosProject/install/tutorial_interfaces/include/tutorial_interfaces/tutorial_interfaces/msg/detail/vel__functions.c
[3.122s] -- Up-to-date: /home/ram-user/Desktop/rosProject/install/tutorial_interfaces/include/tutorial_interfaces/tutorial_interfaces/msg/detail/ball__type_support.h
[3.123s] -- Up-to-date: /home/ram-user/Desktop/rosProject/install/tutorial_interfaces/include/tutorial_interfaces/tutorial_interfaces/msg/detail/vel__type_support.h
[3.124s] -- Up-to-date: /home/ram-user/Desktop/rosProject/install/tutorial_interfaces/include/tutorial_interfaces/tutorial_interfaces/msg/detail/vel__struct.h
[3.126s] -- Up-to-date: /home/ram-user/Desktop/rosProject/install/tutorial_interfaces/include/tutorial_interfaces/tutorial_interfaces/msg/detail/score__functions.c
[3.126s] -- Up-to-date: /home/ram-user/Desktop/rosProject/install/tutorial_interfaces/include/tutorial_interfaces/tutorial_interfaces/msg/detail/score__functions.h
[3.128s] -- Up-to-date: /home/ram-user/Desktop/rosProject/install/tutorial_interfaces/include/tutorial_interfaces/tutorial_interfaces/msg/detail/ball__functions.h
[3.130s] -- Up-to-date: /home/ram-user/Desktop/rosProject/install/tutorial_interfaces/include/tutorial_interfaces/tutorial_interfaces/msg/detail/score__struct.h
[3.131s] -- Up-to-date: /home/ram-user/Desktop/rosProject/install/tutorial_interfaces/include/tutorial_interfaces/tutorial_interfaces/msg/detail/vel__functions.h
[3.132s] -- Up-to-date: /home/ram-user/Desktop/rosProject/install/tutorial_interfaces/include/tutorial_interfaces/tutorial_interfaces/msg/detail/score__type_support.h
[3.134s] -- Up-to-date: /home/ram-user/Desktop/rosProject/install/tutorial_interfaces/include/tutorial_interfaces/tutorial_interfaces/msg/detail/ball__functions.c
[3.134s] -- Up-to-date: /home/ram-user/Desktop/rosProject/install/tutorial_interfaces/include/tutorial_interfaces/tutorial_interfaces/msg/rosidl_generator_c__visibility_control.h
[3.134s] -- Up-to-date: /home/ram-user/Desktop/rosProject/install/tutorial_interfaces/include/tutorial_interfaces/tutorial_interfaces/msg/vel.h
[3.134s] -- Up-to-date: /home/ram-user/Desktop/rosProject/install/tutorial_interfaces/include/tutorial_interfaces/tutorial_interfaces/msg/score.h
[3.137s] -- Up-to-date: /home/ram-user/Desktop/rosProject/install/tutorial_interfaces/share/tutorial_interfaces/environment/library_path.sh
[3.137s] -- Up-to-date: /home/ram-user/Desktop/rosProject/install/tutorial_interfaces/share/tutorial_interfaces/environment/library_path.dsv
[3.138s] -- Up-to-date: /home/ram-user/Desktop/rosProject/install/tutorial_interfaces/lib/libtutorial_interfaces__rosidl_generator_c.so
[3.140s] -- Up-to-date: /home/ram-user/Desktop/rosProject/install/tutorial_interfaces/include/tutorial_interfaces/tutorial_interfaces
[3.140s] -- Up-to-date: /home/ram-user/Desktop/rosProject/install/tutorial_interfaces/include/tutorial_interfaces/tutorial_interfaces/msg
[3.140s] -- Up-to-date: /home/ram-user/Desktop/rosProject/install/tutorial_interfaces/include/tutorial_interfaces/tutorial_interfaces/msg/rosidl_typesupport_fastrtps_c__visibility_control.h
[3.140s] -- Up-to-date: /home/ram-user/Desktop/rosProject/install/tutorial_interfaces/include/tutorial_interfaces/tutorial_interfaces/msg/detail
[3.145s] -- Up-to-date: /home/ram-user/Desktop/rosProject/install/tutorial_interfaces/include/tutorial_interfaces/tutorial_interfaces/msg/detail/ball__rosidl_typesupport_fastrtps_c.h
[3.145s] -- Up-to-date: /home/ram-user/Desktop/rosProject/install/tutorial_interfaces/include/tutorial_interfaces/tutorial_interfaces/msg/detail/vel__rosidl_typesupport_fastrtps_c.h
[3.145s] -- Up-to-date: /home/ram-user/Desktop/rosProject/install/tutorial_interfaces/include/tutorial_interfaces/tutorial_interfaces/msg/detail/score__rosidl_typesupport_fastrtps_c.h
[3.146s] -- Up-to-date: /home/ram-user/Desktop/rosProject/install/tutorial_interfaces/lib/libtutorial_interfaces__rosidl_typesupport_fastrtps_c.so
[3.146s] -- Up-to-date: /home/ram-user/Desktop/rosProject/install/tutorial_interfaces/include/tutorial_interfaces/tutorial_interfaces
[3.149s] -- Up-to-date: /home/ram-user/Desktop/rosProject/install/tutorial_interfaces/include/tutorial_interfaces/tutorial_interfaces/msg
[3.150s] -- Up-to-date: /home/ram-user/Desktop/rosProject/install/tutorial_interfaces/include/tutorial_interfaces/tutorial_interfaces/msg/score.hpp
[3.150s] -- Up-to-date: /home/ram-user/Desktop/rosProject/install/tutorial_interfaces/include/tutorial_interfaces/tutorial_interfaces/msg/detail
[3.150s] -- Up-to-date: /home/ram-user/Desktop/rosProject/install/tutorial_interfaces/include/tutorial_interfaces/tutorial_interfaces/msg/detail/ball__traits.hpp
[3.150s] -- Up-to-date: /home/ram-user/Desktop/rosProject/install/tutorial_interfaces/include/tutorial_interfaces/tutorial_interfaces/msg/detail/score__traits.hpp
[3.150s] -- Up-to-date: /home/ram-user/Desktop/rosProject/install/tutorial_interfaces/include/tutorial_interfaces/tutorial_interfaces/msg/detail/ball__struct.hpp
[3.151s] -- Up-to-date: /home/ram-user/Desktop/rosProject/install/tutorial_interfaces/include/tutorial_interfaces/tutorial_interfaces/msg/detail/score__struct.hpp
[3.151s] -- Up-to-date: /home/ram-user/Desktop/rosProject/install/tutorial_interfaces/include/tutorial_interfaces/tutorial_interfaces/msg/detail/vel__struct.hpp
[3.151s] -- Up-to-date: /home/ram-user/Desktop/rosProject/install/tutorial_interfaces/include/tutorial_interfaces/tutorial_interfaces/msg/detail/score__builder.hpp
[3.156s] -- Up-to-date: /home/ram-user/Desktop/rosProject/install/tutorial_interfaces/include/tutorial_interfaces/tutorial_interfaces/msg/detail/vel__builder.hpp
[3.168s] -- Up-to-date: /home/ram-user/Desktop/rosProject/install/tutorial_interfaces/include/tutorial_interfaces/tutorial_interfaces/msg/detail/ball__builder.hpp
[3.168s] -- Up-to-date: /home/ram-user/Desktop/rosProject/install/tutorial_interfaces/include/tutorial_interfaces/tutorial_interfaces/msg/detail/vel__traits.hpp
[3.168s] -- Up-to-date: /home/ram-user/Desktop/rosProject/install/tutorial_interfaces/include/tutorial_interfaces/tutorial_interfaces/msg/vel.hpp
[3.168s] -- Up-to-date: /home/ram-user/Desktop/rosProject/install/tutorial_interfaces/include/tutorial_interfaces/tutorial_interfaces/msg/ball.hpp
[3.168s] -- Up-to-date: /home/ram-user/Desktop/rosProject/install/tutorial_interfaces/include/tutorial_interfaces/tutorial_interfaces
[3.168s] -- Up-to-date: /home/ram-user/Desktop/rosProject/install/tutorial_interfaces/include/tutorial_interfaces/tutorial_interfaces/msg
[3.168s] -- Up-to-date: /home/ram-user/Desktop/rosProject/install/tutorial_interfaces/include/tutorial_interfaces/tutorial_interfaces/msg/detail
[3.168s] -- Up-to-date: /home/ram-user/Desktop/rosProject/install/tutorial_interfaces/include/tutorial_interfaces/tutorial_interfaces/msg/detail/vel__rosidl_typesupport_fastrtps_cpp.hpp
[3.168s] -- Up-to-date: /home/ram-user/Desktop/rosProject/install/tutorial_interfaces/include/tutorial_interfaces/tutorial_interfaces/msg/detail/score__rosidl_typesupport_fastrtps_cpp.hpp
[3.168s] -- Up-to-date: /home/ram-user/Desktop/rosProject/install/tutorial_interfaces/include/tutorial_interfaces/tutorial_interfaces/msg/detail/dds_fastrtps
[3.169s] -- Up-to-date: /home/ram-user/Desktop/rosProject/install/tutorial_interfaces/include/tutorial_interfaces/tutorial_interfaces/msg/detail/ball__rosidl_typesupport_fastrtps_cpp.hpp
[3.169s] -- Up-to-date: /home/ram-user/Desktop/rosProject/install/tutorial_interfaces/include/tutorial_interfaces/tutorial_interfaces/msg/rosidl_typesupport_fastrtps_cpp__visibility_control.h
[3.169s] -- Up-to-date: /home/ram-user/Desktop/rosProject/install/tutorial_interfaces/lib/libtutorial_interfaces__rosidl_typesupport_fastrtps_cpp.so
[3.169s] -- Up-to-date: /home/ram-user/Desktop/rosProject/install/tutorial_interfaces/include/tutorial_interfaces/tutorial_interfaces
[3.169s] -- Up-to-date: /home/ram-user/Desktop/rosProject/install/tutorial_interfaces/include/tutorial_interfaces/tutorial_interfaces/msg
[3.169s] -- Up-to-date: /home/ram-user/Desktop/rosProject/install/tutorial_interfaces/include/tutorial_interfaces/tutorial_interfaces/msg/rosidl_typesupport_introspection_c__visibility_control.h
[3.169s] -- Up-to-date: /home/ram-user/Desktop/rosProject/install/tutorial_interfaces/include/tutorial_interfaces/tutorial_interfaces/msg/detail
[3.169s] -- Up-to-date: /home/ram-user/Desktop/rosProject/install/tutorial_interfaces/include/tutorial_interfaces/tutorial_interfaces/msg/detail/ball__rosidl_typesupport_introspection_c.h
[3.169s] -- Up-to-date: /home/ram-user/Desktop/rosProject/install/tutorial_interfaces/include/tutorial_interfaces/tutorial_interfaces/msg/detail/score__type_support.c
[3.169s] -- Up-to-date: /home/ram-user/Desktop/rosProject/install/tutorial_interfaces/include/tutorial_interfaces/tutorial_interfaces/msg/detail/score__rosidl_typesupport_introspection_c.h
[3.170s] -- Up-to-date: /home/ram-user/Desktop/rosProject/install/tutorial_interfaces/include/tutorial_interfaces/tutorial_interfaces/msg/detail/ball__type_support.c
[3.170s] -- Up-to-date: /home/ram-user/Desktop/rosProject/install/tutorial_interfaces/include/tutorial_interfaces/tutorial_interfaces/msg/detail/vel__type_support.c
[3.170s] -- Up-to-date: /home/ram-user/Desktop/rosProject/install/tutorial_interfaces/include/tutorial_interfaces/tutorial_interfaces/msg/detail/vel__rosidl_typesupport_introspection_c.h
[3.170s] -- Up-to-date: /home/ram-user/Desktop/rosProject/install/tutorial_interfaces/lib/libtutorial_interfaces__rosidl_typesupport_introspection_c.so
[3.170s] -- Up-to-date: /home/ram-user/Desktop/rosProject/install/tutorial_interfaces/lib/libtutorial_interfaces__rosidl_typesupport_c.so
[3.170s] -- Up-to-date: /home/ram-user/Desktop/rosProject/install/tutorial_interfaces/include/tutorial_interfaces/tutorial_interfaces
[3.170s] -- Up-to-date: /home/ram-user/Desktop/rosProject/install/tutorial_interfaces/include/tutorial_interfaces/tutorial_interfaces/msg
[3.171s] -- Up-to-date: /home/ram-user/Desktop/rosProject/install/tutorial_interfaces/include/tutorial_interfaces/tutorial_interfaces/msg/detail
[3.171s] -- Up-to-date: /home/ram-user/Desktop/rosProject/install/tutorial_interfaces/include/tutorial_interfaces/tutorial_interfaces/msg/detail/vel__rosidl_typesupport_introspection_cpp.hpp
[3.171s] -- Up-to-date: /home/ram-user/Desktop/rosProject/install/tutorial_interfaces/include/tutorial_interfaces/tutorial_interfaces/msg/detail/score__type_support.cpp
[3.171s] -- Up-to-date: /home/ram-user/Desktop/rosProject/install/tutorial_interfaces/include/tutorial_interfaces/tutorial_interfaces/msg/detail/ball__type_support.cpp
[3.171s] -- Up-to-date: /home/ram-user/Desktop/rosProject/install/tutorial_interfaces/include/tutorial_interfaces/tutorial_interfaces/msg/detail/score__rosidl_typesupport_introspection_cpp.hpp
[3.171s] -- Up-to-date: /home/ram-user/Desktop/rosProject/install/tutorial_interfaces/include/tutorial_interfaces/tutorial_interfaces/msg/detail/ball__rosidl_typesupport_introspection_cpp.hpp
[3.171s] -- Up-to-date: /home/ram-user/Desktop/rosProject/install/tutorial_interfaces/include/tutorial_interfaces/tutorial_interfaces/msg/detail/vel__type_support.cpp
[3.171s] -- Up-to-date: /home/ram-user/Desktop/rosProject/install/tutorial_interfaces/lib/libtutorial_interfaces__rosidl_typesupport_introspection_cpp.so
[3.171s] -- Up-to-date: /home/ram-user/Desktop/rosProject/install/tutorial_interfaces/lib/libtutorial_interfaces__rosidl_typesupport_cpp.so
[3.171s] -- Up-to-date: /home/ram-user/Desktop/rosProject/install/tutorial_interfaces/share/tutorial_interfaces/environment/pythonpath.sh
[3.175s] -- Up-to-date: /home/ram-user/Desktop/rosProject/install/tutorial_interfaces/share/tutorial_interfaces/environment/pythonpath.dsv
[3.175s] -- Up-to-date: /home/ram-user/Desktop/rosProject/install/tutorial_interfaces/local/lib/python3.10/dist-packages/tutorial_interfaces-0.0.0-py3.10.egg-info
[3.175s] -- Installing: /home/ram-user/Desktop/rosProject/install/tutorial_interfaces/local/lib/python3.10/dist-packages/tutorial_interfaces-0.0.0-py3.10.egg-info/dependency_links.txt
[3.175s] -- Installing: /home/ram-user/Desktop/rosProject/install/tutorial_interfaces/local/lib/python3.10/dist-packages/tutorial_interfaces-0.0.0-py3.10.egg-info/top_level.txt
[3.175s] -- Installing: /home/ram-user/Desktop/rosProject/install/tutorial_interfaces/local/lib/python3.10/dist-packages/tutorial_interfaces-0.0.0-py3.10.egg-info/PKG-INFO
[3.175s] -- Installing: /home/ram-user/Desktop/rosProject/install/tutorial_interfaces/local/lib/python3.10/dist-packages/tutorial_interfaces-0.0.0-py3.10.egg-info/SOURCES.txt
[3.175s] -- Up-to-date: /home/ram-user/Desktop/rosProject/install/tutorial_interfaces/local/lib/python3.10/dist-packages/tutorial_interfaces
[3.175s] -- Up-to-date: /home/ram-user/Desktop/rosProject/install/tutorial_interfaces/local/lib/python3.10/dist-packages/tutorial_interfaces/__init__.py
[3.175s] -- Up-to-date: /home/ram-user/Desktop/rosProject/install/tutorial_interfaces/local/lib/python3.10/dist-packages/tutorial_interfaces/_tutorial_interfaces_s.ep.rosidl_typesupport_c.c
[3.176s] -- Up-to-date: /home/ram-user/Desktop/rosProject/install/tutorial_interfaces/local/lib/python3.10/dist-packages/tutorial_interfaces/_tutorial_interfaces_s.ep.rosidl_typesupport_fastrtps_c.c
[3.176s] -- Up-to-date: /home/ram-user/Desktop/rosProject/install/tutorial_interfaces/local/lib/python3.10/dist-packages/tutorial_interfaces/_tutorial_interfaces_s.ep.rosidl_typesupport_introspection_c.c
[3.176s] -- Up-to-date: /home/ram-user/Desktop/rosProject/install/tutorial_interfaces/local/lib/python3.10/dist-packages/tutorial_interfaces/libtutorial_interfaces__rosidl_generator_py.so
[3.181s] -- Up-to-date: /home/ram-user/Desktop/rosProject/install/tutorial_interfaces/local/lib/python3.10/dist-packages/tutorial_interfaces/tutorial_interfaces_s__rosidl_typesupport_fastrtps_c.cpython-310-x86_64-linux-gnu.so
[3.181s] -- Up-to-date: /home/ram-user/Desktop/rosProject/install/tutorial_interfaces/local/lib/python3.10/dist-packages/tutorial_interfaces/msg
[3.181s] -- Up-to-date: /home/ram-user/Desktop/rosProject/install/tutorial_interfaces/local/lib/python3.10/dist-packages/tutorial_interfaces/msg/__init__.py
[3.181s] -- Up-to-date: /home/ram-user/Desktop/rosProject/install/tutorial_interfaces/local/lib/python3.10/dist-packages/tutorial_interfaces/msg/_score_s.c
[3.182s] -- Up-to-date: /home/ram-user/Desktop/rosProject/install/tutorial_interfaces/local/lib/python3.10/dist-packages/tutorial_interfaces/msg/_vel_s.c
[3.182s] -- Up-to-date: /home/ram-user/Desktop/rosProject/install/tutorial_interfaces/local/lib/python3.10/dist-packages/tutorial_interfaces/msg/_ball.py
[3.182s] -- Up-to-date: /home/ram-user/Desktop/rosProject/install/tutorial_interfaces/local/lib/python3.10/dist-packages/tutorial_interfaces/msg/_score.py
[3.182s] -- Up-to-date: /home/ram-user/Desktop/rosProject/install/tutorial_interfaces/local/lib/python3.10/dist-packages/tutorial_interfaces/msg/_vel.py
[3.182s] -- Up-to-date: /home/ram-user/Desktop/rosProject/install/tutorial_interfaces/local/lib/python3.10/dist-packages/tutorial_interfaces/msg/_ball_s.c
[3.182s] -- Up-to-date: /home/ram-user/Desktop/rosProject/install/tutorial_interfaces/local/lib/python3.10/dist-packages/tutorial_interfaces/tutorial_interfaces_s__rosidl_typesupport_c.cpython-310-x86_64-linux-gnu.so
[3.182s] -- Up-to-date: /home/ram-user/Desktop/rosProject/install/tutorial_interfaces/local/lib/python3.10/dist-packages/tutorial_interfaces/tutorial_interfaces_s__rosidl_typesupport_introspection_c.cpython-310-x86_64-linux-gnu.so
[3.262s] Listing '/home/ram-user/Desktop/rosProject/install/tutorial_interfaces/local/lib/python3.10/dist-packages/tutorial_interfaces'...
[3.263s] Listing '/home/ram-user/Desktop/rosProject/install/tutorial_interfaces/local/lib/python3.10/dist-packages/tutorial_interfaces/msg'...
[3.265s] -- Up-to-date: /home/ram-user/Desktop/rosProject/install/tutorial_interfaces/local/lib/python3.10/dist-packages/tutorial_interfaces/tutorial_interfaces_s__rosidl_typesupport_fastrtps_c.cpython-310-x86_64-linux-gnu.so
[3.266s] -- Up-to-date: /home/ram-user/Desktop/rosProject/install/tutorial_interfaces/local/lib/python3.10/dist-packages/tutorial_interfaces/tutorial_interfaces_s__rosidl_typesupport_introspection_c.cpython-310-x86_64-linux-gnu.so
[3.266s] -- Up-to-date: /home/ram-user/Desktop/rosProject/install/tutorial_interfaces/local/lib/python3.10/dist-packages/tutorial_interfaces/tutorial_interfaces_s__rosidl_typesupport_c.cpython-310-x86_64-linux-gnu.so
[3.266s] -- Up-to-date: /home/ram-user/Desktop/rosProject/install/tutorial_interfaces/lib/libtutorial_interfaces__rosidl_generator_py.so
[3.266s] -- Up-to-date: /home/ram-user/Desktop/rosProject/install/tutorial_interfaces/share/tutorial_interfaces/msg/Ball.idl
[3.266s] -- Up-to-date: /home/ram-user/Desktop/rosProject/install/tutorial_interfaces/share/tutorial_interfaces/msg/Score.idl
[3.266s] -- Up-to-date: /home/ram-user/Desktop/rosProject/install/tutorial_interfaces/share/tutorial_interfaces/msg/Vel.idl
[3.267s] -- Up-to-date: /home/ram-user/Desktop/rosProject/install/tutorial_interfaces/share/tutorial_interfaces/msg/Ball.msg
[3.267s] -- Up-to-date: /home/ram-user/Desktop/rosProject/install/tutorial_interfaces/share/tutorial_interfaces/msg/Score.msg
[3.267s] -- Up-to-date: /home/ram-user/Desktop/rosProject/install/tutorial_interfaces/share/tutorial_interfaces/msg/Vel.msg
[3.267s] -- Up-to-date: /home/ram-user/Desktop/rosProject/install/tutorial_interfaces/share/ament_index/resource_index/package_run_dependencies/tutorial_interfaces
[3.272s] -- Up-to-date: /home/ram-user/Desktop/rosProject/install/tutorial_interfaces/share/ament_index/resource_index/parent_prefix_path/tutorial_interfaces
[3.273s] -- Up-to-date: /home/ram-user/Desktop/rosProject/install/tutorial_interfaces/share/tutorial_interfaces/environment/ament_prefix_path.sh
[3.273s] -- Up-to-date: /home/ram-user/Desktop/rosProject/install/tutorial_interfaces/share/tutorial_interfaces/environment/ament_prefix_path.dsv
[3.273s] -- Up-to-date: /home/ram-user/Desktop/rosProject/install/tutorial_interfaces/share/tutorial_interfaces/environment/path.sh
[3.273s] -- Up-to-date: /home/ram-user/Desktop/rosProject/install/tutorial_interfaces/share/tutorial_interfaces/environment/path.dsv
[3.273s] -- Up-to-date: /home/ram-user/Desktop/rosProject/install/tutorial_interfaces/share/tutorial_interfaces/local_setup.bash
[3.273s] -- Up-to-date: /home/ram-user/Desktop/rosProject/install/tutorial_interfaces/share/tutorial_interfaces/local_setup.sh
[3.273s] -- Up-to-date: /home/ram-user/Desktop/rosProject/install/tutorial_interfaces/share/tutorial_interfaces/local_setup.zsh
[3.273s] -- Up-to-date: /home/ram-user/Desktop/rosProject/install/tutorial_interfaces/share/tutorial_interfaces/local_setup.dsv
[3.273s] -- Installing: /home/ram-user/Desktop/rosProject/install/tutorial_interfaces/share/tutorial_interfaces/package.dsv
[3.274s] -- Up-to-date: /home/ram-user/Desktop/rosProject/install/tutorial_interfaces/share/ament_index/resource_index/packages/tutorial_interfaces
[3.280s] -- Up-to-date: /home/ram-user/Desktop/rosProject/install/tutorial_interfaces/share/tutorial_interfaces/cmake/export_tutorial_interfaces__rosidl_generator_cExport.cmake
[3.281s] -- Up-to-date: /home/ram-user/Desktop/rosProject/install/tutorial_interfaces/share/tutorial_interfaces/cmake/export_tutorial_interfaces__rosidl_generator_cExport-noconfig.cmake
[3.282s] -- Up-to-date: /home/ram-user/Desktop/rosProject/install/tutorial_interfaces/share/tutorial_interfaces/cmake/export_tutorial_interfaces__rosidl_typesupport_fastrtps_cExport.cmake
[3.282s] -- Up-to-date: /home/ram-user/Desktop/rosProject/install/tutorial_interfaces/share/tutorial_interfaces/cmake/export_tutorial_interfaces__rosidl_typesupport_fastrtps_cExport-noconfig.cmake
[3.284s] -- Up-to-date: /home/ram-user/Desktop/rosProject/install/tutorial_interfaces/share/tutorial_interfaces/cmake/export_tutorial_interfaces__rosidl_generator_cppExport.cmake
[3.287s] -- Up-to-date: /home/ram-user/Desktop/rosProject/install/tutorial_interfaces/share/tutorial_interfaces/cmake/export_tutorial_interfaces__rosidl_typesupport_fastrtps_cppExport.cmake
[3.287s] -- Up-to-date: /home/ram-user/Desktop/rosProject/install/tutorial_interfaces/share/tutorial_interfaces/cmake/export_tutorial_interfaces__rosidl_typesupport_fastrtps_cppExport-noconfig.cmake
[3.292s] -- Up-to-date: /home/ram-user/Desktop/rosProject/install/tutorial_interfaces/share/tutorial_interfaces/cmake/tutorial_interfaces__rosidl_typesupport_introspection_cExport.cmake
[3.292s] -- Up-to-date: /home/ram-user/Desktop/rosProject/install/tutorial_interfaces/share/tutorial_interfaces/cmake/tutorial_interfaces__rosidl_typesupport_introspection_cExport-noconfig.cmake
[3.301s] -- Up-to-date: /home/ram-user/Desktop/rosProject/install/tutorial_interfaces/share/tutorial_interfaces/cmake/tutorial_interfaces__rosidl_typesupport_cExport.cmake
[3.301s] -- Up-to-date: /home/ram-user/Desktop/rosProject/install/tutorial_interfaces/share/tutorial_interfaces/cmake/tutorial_interfaces__rosidl_typesupport_cExport-noconfig.cmake
[3.301s] -- Up-to-date: /home/ram-user/Desktop/rosProject/install/tutorial_interfaces/share/tutorial_interfaces/cmake/tutorial_interfaces__rosidl_typesupport_introspection_cppExport.cmake
[3.301s] -- Up-to-date: /home/ram-user/Desktop/rosProject/install/tutorial_interfaces/share/tutorial_interfaces/cmake/tutorial_interfaces__rosidl_typesupport_introspection_cppExport-noconfig.cmake
[3.301s] -- Up-to-date: /home/ram-user/Desktop/rosProject/install/tutorial_interfaces/share/tutorial_interfaces/cmake/tutorial_interfaces__rosidl_typesupport_cppExport.cmake
[3.301s] -- Up-to-date: /home/ram-user/Desktop/rosProject/install/tutorial_interfaces/share/tutorial_interfaces/cmake/tutorial_interfaces__rosidl_typesupport_cppExport-noconfig.cmake
[3.303s] -- Up-to-date: /home/ram-user/Desktop/rosProject/install/tutorial_interfaces/share/tutorial_interfaces/cmake/export_tutorial_interfaces__rosidl_generator_pyExport.cmake
[3.304s] -- Up-to-date: /home/ram-user/Desktop/rosProject/install/tutorial_interfaces/share/tutorial_interfaces/cmake/export_tutorial_interfaces__rosidl_generator_pyExport-noconfig.cmake
[3.304s] -- Up-to-date: /home/ram-user/Desktop/rosProject/install/tutorial_interfaces/share/tutorial_interfaces/cmake/rosidl_cmake-extras.cmake
[3.304s] -- Up-to-date: /home/ram-user/Desktop/rosProject/install/tutorial_interfaces/share/tutorial_interfaces/cmake/ament_cmake_export_include_directories-extras.cmake
[3.304s] -- Up-to-date: /home/ram-user/Desktop/rosProject/install/tutorial_interfaces/share/tutorial_interfaces/cmake/ament_cmake_export_libraries-extras.cmake
[3.304s] -- Up-to-date: /home/ram-user/Desktop/rosProject/install/tutorial_interfaces/share/tutorial_interfaces/cmake/ament_cmake_export_targets-extras.cmake
[3.304s] -- Up-to-date: /home/ram-user/Desktop/rosProject/install/tutorial_interfaces/share/tutorial_interfaces/cmake/rosidl_cmake_export_typesupport_targets-extras.cmake
[3.305s] -- Up-to-date: /home/ram-user/Desktop/rosProject/install/tutorial_interfaces/share/tutorial_interfaces/cmake/ament_cmake_export_dependencies-extras.cmake
[3.305s] -- Up-to-date: /home/ram-user/Desktop/rosProject/install/tutorial_interfaces/share/tutorial_interfaces/cmake/rosidl_cmake_export_typesupport_libraries-extras.cmake
[3.305s] -- Up-to-date: /home/ram-user/Desktop/rosProject/install/tutorial_interfaces/share/tutorial_interfaces/cmake/tutorial_interfacesConfig.cmake
[3.305s] -- Up-to-date: /home/ram-user/Desktop/rosProject/install/tutorial_interfaces/share/tutorial_interfaces/cmake/tutorial_interfacesConfig-version.cmake
[3.305s] -- Up-to-date: /home/ram-user/Desktop/rosProject/install/tutorial_interfaces/share/tutorial_interfaces/package.xml
[3.344s] Invoked command in '/home/ram-user/Desktop/rosProject/build/tutorial_interfaces' returned '0': CMAKE_PREFIX_PATH=/opt/ros/humble /usr/bin/cmake --install /home/ram-user/Desktop/rosProject/build/tutorial_interfaces
