[0.047s] Invoking command in '/home/ram-user/Desktop/rosProject/build/pong_core': AMENT_PREFIX_PATH=/home/ram-user/Desktop/rosProject/install/tutorial_interfaces:${AMENT_PREFIX_PATH} CMAKE_PREFIX_PATH=/home/ram-user/Desktop/rosProject/install/tutorial_interfaces:/opt/ros/humble LD_LIBRARY_PATH=/home/ram-user/Desktop/rosProject/install/tutorial_interfaces/lib:${LD_LIBRARY_PATH} PYTHONPATH=/home/ram-user/Desktop/rosProject/install/tutorial_interfaces/local/lib/python3.10/dist-packages:${PYTHONPATH} /usr/bin/cmake --build /home/ram-user/Desktop/rosProject/build/pong_core -- -j2 -l2
[0.208s] [35m[1mConsolidate compiler generated dependencies of target logic[0m
[0.213s] [35m[1mConsolidate compiler generated dependencies of target physics[0m
[0.309s] [ 50%] Built target logic
[0.322s] [100%] Built target physics
[0.366s] Invoked command in '/home/ram-user/Desktop/rosProject/build/pong_core' returned '0': AMENT_PREFIX_PATH=/home/ram-user/Desktop/rosProject/install/tutorial_interfaces:${AMENT_PREFIX_PATH} CMAKE_PREFIX_PATH=/home/ram-user/Desktop/rosProject/install/tutorial_interfaces:/opt/ros/humble LD_LIBRARY_PATH=/home/ram-user/Desktop/rosProject/install/tutorial_interfaces/lib:${LD_LIBRARY_PATH} PYTHONPATH=/home/ram-user/Desktop/rosProject/install/tutorial_interfaces/local/lib/python3.10/dist-packages:${PYTHONPATH} /usr/bin/cmake --build /home/ram-user/Desktop/rosProject/build/pong_core -- -j2 -l2
[0.495s] Invoking command in '/home/ram-user/Desktop/rosProject/build/pong_core': AMENT_PREFIX_PATH=/home/ram-user/Desktop/rosProject/install/tutorial_interfaces:${AMENT_PREFIX_PATH} CMAKE_PREFIX_PATH=/home/ram-user/Desktop/rosProject/install/tutorial_interfaces:/opt/ros/humble LD_LIBRARY_PATH=/home/ram-user/Desktop/rosProject/install/tutorial_interfaces/lib:${LD_LIBRARY_PATH} PYTHONPATH=/home/ram-user/Desktop/rosProject/install/tutorial_interfaces/local/lib/python3.10/dist-packages:${PYTHONPATH} /usr/bin/cmake --install /home/ram-user/Desktop/rosProject/build/pong_core
[0.515s] -- Install configuration: ""
[0.516s] -- Installing: /home/ram-user/Desktop/rosProject/install/pong_core/lib/pong_core/logic
[0.594s] -- Set runtime path of "/home/ram-user/Desktop/rosProject/install/pong_core/lib/pong_core/logic" to ""
[0.595s] -- Installing: /home/ram-user/Desktop/rosProject/install/pong_core/lib/pong_core/physics
[0.657s] -- Set runtime path of "/home/ram-user/Desktop/rosProject/install/pong_core/lib/pong_core/physics" to ""
[0.658s] -- Installing: /home/ram-user/Desktop/rosProject/install/pong_core/share/ament_index/resource_index/package_run_dependencies/pong_core
[0.659s] -- Installing: /home/ram-user/Desktop/rosProject/install/pong_core/share/ament_index/resource_index/parent_prefix_path/pong_core
[0.660s] -- Installing: /home/ram-user/Desktop/rosProject/install/pong_core/share/pong_core/environment/ament_prefix_path.sh
[0.661s] -- Installing: /home/ram-user/Desktop/rosProject/install/pong_core/share/pong_core/environment/ament_prefix_path.dsv
[0.662s] -- Installing: /home/ram-user/Desktop/rosProject/install/pong_core/share/pong_core/environment/path.sh
[0.663s] -- Installing: /home/ram-user/Desktop/rosProject/install/pong_core/share/pong_core/environment/path.dsv
[0.664s] -- Installing: /home/ram-user/Desktop/rosProject/install/pong_core/share/pong_core/local_setup.bash
[0.665s] -- Installing: /home/ram-user/Desktop/rosProject/install/pong_core/share/pong_core/local_setup.sh
[0.666s] -- Installing: /home/ram-user/Desktop/rosProject/install/pong_core/share/pong_core/local_setup.zsh
[0.667s] -- Installing: /home/ram-user/Desktop/rosProject/install/pong_core/share/pong_core/local_setup.dsv
[0.668s] -- Installing: /home/ram-user/Desktop/rosProject/install/pong_core/share/pong_core/package.dsv
[0.669s] -- Installing: /home/ram-user/Desktop/rosProject/install/pong_core/share/ament_index/resource_index/packages/pong_core
[0.670s] -- Installing: /home/ram-user/Desktop/rosProject/install/pong_core/share/pong_core/cmake/pong_coreConfig.cmake
[0.671s] -- Installing: /home/ram-user/Desktop/rosProject/install/pong_core/share/pong_core/cmake/pong_coreConfig-version.cmake
[0.672s] -- Installing: /home/ram-user/Desktop/rosProject/install/pong_core/share/pong_core/package.xml
[0.682s] Invoked command in '/home/ram-user/Desktop/rosProject/build/pong_core' returned '0': AMENT_PREFIX_PATH=/home/ram-user/Desktop/rosProject/install/tutorial_interfaces:${AMENT_PREFIX_PATH} CMAKE_PREFIX_PATH=/home/ram-user/Desktop/rosProject/install/tutorial_interfaces:/opt/ros/humble LD_LIBRARY_PATH=/home/ram-user/Desktop/rosProject/install/tutorial_interfaces/lib:${LD_LIBRARY_PATH} PYTHONPATH=/home/ram-user/Desktop/rosProject/install/tutorial_interfaces/local/lib/python3.10/dist-packages:${PYTHONPATH} /usr/bin/cmake --install /home/ram-user/Desktop/rosProject/build/pong_core
