[ 50%] Built target logic
[35m[1mConsolidate compiler generated dependencies of target physics[0m
[100%] Built target physics
-- Install configuration: ""
-- Up-to-date: /home/ram-user/Desktop/rosProject/install/pong_core/lib/pong_core/logic
-- Up-to-date: /home/ram-user/Desktop/rosProject/install/pong_core/lib/pong_core/physics
-- Up-to-date: /home/ram-user/Desktop/rosProject/install/pong_core/share/ament_index/resource_index/package_run_dependencies/pong_core
-- Up-to-date: /home/ram-user/Desktop/rosProject/install/pong_core/share/ament_index/resource_index/parent_prefix_path/pong_core
-- Up-to-date: /home/ram-user/Desktop/rosProject/install/pong_core/share/pong_core/environment/ament_prefix_path.sh
-- Up-to-date: /home/ram-user/Desktop/rosProject/install/pong_core/share/pong_core/environment/ament_prefix_path.dsv
-- Up-to-date: /home/ram-user/Desktop/rosProject/install/pong_core/share/pong_core/environment/path.sh
-- Up-to-date: /home/ram-user/Desktop/rosProject/install/pong_core/share/pong_core/environment/path.dsv
-- Up-to-date: /home/ram-user/Desktop/rosProject/install/pong_core/share/pong_core/local_setup.bash
-- Up-to-date: /home/ram-user/Desktop/rosProject/install/pong_core/share/pong_core/local_setup.sh
-- Up-to-date: /home/ram-user/Desktop/rosProject/install/pong_core/share/pong_core/local_setup.zsh
-- Up-to-date: /home/ram-user/Desktop/rosProject/install/pong_core/share/pong_core/local_setup.dsv
-- Installing: /home/ram-user/Desktop/rosProject/install/pong_core/share/pong_core/package.dsv
-- Up-to-date: /home/ram-user/Desktop/rosProject/install/pong_core/share/ament_index/resource_index/packages/pong_core
-- Up-to-date: /home/ram-user/Desktop/rosProject/install/pong_core/share/pong_core/cmake/pong_coreConfig.cmake
-- Up-to-date: /home/ram-user/Desktop/rosProject/install/pong_core/share/pong_core/cmake/pong_coreConfig-version.cmake
-- Up-to-date: /home/ram-user/Desktop/rosProject/install/pong_core/share/pong_core/package.xml
