[0.051s] Invoking command in '/home/ram-user/Desktop/rosProject/build/score': CMAKE_PREFIX_PATH=/home/ram-user/Desktop/rosProject/install/tutorial_interfaces:/home/ram-user/Desktop/rosProject/install/visualization_package:/home/ram-user/Desktop/rosProject/install/score:/home/ram-user/Desktop/rosProject/install/pong_core:/home/ram-user/Desktop/rosProject/install/cpp_publisher:/home/ram-user/Desktop/rosProject/install/paddle_physics:/home/ram-user/Desktop/rosProject/install/keyboard_input:/home/ram-user/Desktop/rosProject/install/image_input:/opt/ros/humble /usr/bin/cmake --build /home/ram-user/Desktop/rosProject/build/score -- -j2 -l2
[0.267s] [100%] Built target score
[0.310s] Invoked command in '/home/ram-user/Desktop/rosProject/build/score' returned '0': CMAKE_PREFIX_PATH=/home/ram-user/Desktop/rosProject/install/tutorial_interfaces:/home/ram-user/Desktop/rosProject/install/visualization_package:/home/ram-user/Desktop/rosProject/install/score:/home/ram-user/Desktop/rosProject/install/pong_core:/home/ram-user/Desktop/rosProject/install/cpp_publisher:/home/ram-user/Desktop/rosProject/install/paddle_physics:/home/ram-user/Desktop/rosProject/install/keyboard_input:/home/ram-user/Desktop/rosProject/install/image_input:/opt/ros/humble /usr/bin/cmake --build /home/ram-user/Desktop/rosProject/build/score -- -j2 -l2
[0.374s] Invoking command in '/home/ram-user/Desktop/rosProject/build/score': CMAKE_PREFIX_PATH=/home/ram-user/Desktop/rosProject/install/tutorial_interfaces:/home/ram-user/Desktop/rosProject/install/visualization_package:/home/ram-user/Desktop/rosProject/install/score:/home/ram-user/Desktop/rosProject/install/pong_core:/home/ram-user/Desktop/rosProject/install/cpp_publisher:/home/ram-user/Desktop/rosProject/install/paddle_physics:/home/ram-user/Desktop/rosProject/install/keyboard_input:/home/ram-user/Desktop/rosProject/install/image_input:/opt/ros/humble /usr/bin/cmake --install /home/ram-user/Desktop/rosProject/build/score
[0.395s] -- Install configuration: ""
[0.397s] -- Up-to-date: /home/ram-user/Desktop/rosProject/install/score/lib/score/score
[0.398s] -- Up-to-date: /home/ram-user/Desktop/rosProject/install/score/share/ament_index/resource_index/package_run_dependencies/score
[0.401s] -- Up-to-date: /home/ram-user/Desktop/rosProject/install/score/share/ament_index/resource_index/parent_prefix_path/score
[0.410s] -- Up-to-date: /home/ram-user/Desktop/rosProject/install/score/share/score/environment/ament_prefix_path.sh
[0.414s] -- Up-to-date: /home/ram-user/Desktop/rosProject/install/score/share/score/environment/ament_prefix_path.dsv
[0.414s] -- Up-to-date: /home/ram-user/Desktop/rosProject/install/score/share/score/environment/path.sh
[0.415s] -- Up-to-date: /home/ram-user/Desktop/rosProject/install/score/share/score/environment/path.dsv
[0.416s] -- Up-to-date: /home/ram-user/Desktop/rosProject/install/score/share/score/local_setup.bash
[0.418s] -- Up-to-date: /home/ram-user/Desktop/rosProject/install/score/share/score/local_setup.sh
[0.420s] -- Up-to-date: /home/ram-user/Desktop/rosProject/install/score/share/score/local_setup.zsh
[0.432s] -- Up-to-date: /home/ram-user/Desktop/rosProject/install/score/share/score/local_setup.dsv
[0.433s] -- Installing: /home/ram-user/Desktop/rosProject/install/score/share/score/package.dsv
[0.433s] -- Up-to-date: /home/ram-user/Desktop/rosProject/install/score/share/ament_index/resource_index/packages/score
[0.434s] -- Up-to-date: /home/ram-user/Desktop/rosProject/install/score/share/score/cmake/scoreConfig.cmake
[0.434s] -- Up-to-date: /home/ram-user/Desktop/rosProject/install/score/share/score/cmake/scoreConfig-version.cmake
[0.435s] -- Up-to-date: /home/ram-user/Desktop/rosProject/install/score/share/score/package.xml
[0.435s] Invoked command in '/home/ram-user/Desktop/rosProject/build/score' returned '0': CMAKE_PREFIX_PATH=/home/ram-user/Desktop/rosProject/install/tutorial_interfaces:/home/ram-user/Desktop/rosProject/install/visualization_package:/home/ram-user/Desktop/rosProject/install/score:/home/ram-user/Desktop/rosProject/install/pong_core:/home/ram-user/Desktop/rosProject/install/cpp_publisher:/home/ram-user/Desktop/rosProject/install/paddle_physics:/home/ram-user/Desktop/rosProject/install/keyboard_input:/home/ram-user/Desktop/rosProject/install/image_input:/opt/ros/humble /usr/bin/cmake --install /home/ram-user/Desktop/rosProject/build/score
