[0.073s] Invoking command in '/home/ram-user/Desktop/rosProject/build/score': AMENT_PREFIX_PATH=/home/ram-user/Desktop/rosProject/install/tutorial_interfaces:${AMENT_PREFIX_PATH} CMAKE_PREFIX_PATH=/home/ram-user/Desktop/rosProject/install/tutorial_interfaces:/opt/ros/humble LD_LIBRARY_PATH=/home/ram-user/Desktop/rosProject/install/tutorial_interfaces/lib:${LD_LIBRARY_PATH} PYTHONPATH=/home/ram-user/Desktop/rosProject/install/tutorial_interfaces/local/lib/python3.10/dist-packages:${PYTHONPATH} /usr/bin/cmake --build /home/ram-user/Desktop/rosProject/build/score -- -j2 -l2
[0.437s] [100%] Built target score
[0.525s] Invoked command in '/home/ram-user/Desktop/rosProject/build/score' returned '0': AMENT_PREFIX_PATH=/home/ram-user/Desktop/rosProject/install/tutorial_interfaces:${AMENT_PREFIX_PATH} CMAKE_PREFIX_PATH=/home/ram-user/Desktop/rosProject/install/tutorial_interfaces:/opt/ros/humble LD_LIBRARY_PATH=/home/ram-user/Desktop/rosProject/install/tutorial_interfaces/lib:${LD_LIBRARY_PATH} PYTHONPATH=/home/ram-user/Desktop/rosProject/install/tutorial_interfaces/local/lib/python3.10/dist-packages:${PYTHONPATH} /usr/bin/cmake --build /home/ram-user/Desktop/rosProject/build/score -- -j2 -l2
[1.973s] Invoking command in '/home/ram-user/Desktop/rosProject/build/score': AMENT_PREFIX_PATH=/home/ram-user/Desktop/rosProject/install/tutorial_interfaces:${AMENT_PREFIX_PATH} CMAKE_PREFIX_PATH=/home/ram-user/Desktop/rosProject/install/tutorial_interfaces:/opt/ros/humble LD_LIBRARY_PATH=/home/ram-user/Desktop/rosProject/install/tutorial_interfaces/lib:${LD_LIBRARY_PATH} PYTHONPATH=/home/ram-user/Desktop/rosProject/install/tutorial_interfaces/local/lib/python3.10/dist-packages:${PYTHONPATH} /usr/bin/cmake --install /home/ram-user/Desktop/rosProject/build/score
[2.004s] -- Install configuration: ""
[2.004s] -- Up-to-date: /home/ram-user/Desktop/rosProject/install/score/lib/score/score
[2.004s] -- Up-to-date: /home/ram-user/Desktop/rosProject/install/score/share/ament_index/resource_index/package_run_dependencies/score
[2.004s] -- Up-to-date: /home/ram-user/Desktop/rosProject/install/score/share/ament_index/resource_index/parent_prefix_path/score
[2.004s] -- Up-to-date: /home/ram-user/Desktop/rosProject/install/score/share/score/environment/ament_prefix_path.sh
[2.004s] -- Up-to-date: /home/ram-user/Desktop/rosProject/install/score/share/score/environment/ament_prefix_path.dsv
[2.004s] -- Up-to-date: /home/ram-user/Desktop/rosProject/install/score/share/score/environment/path.sh
[2.005s] -- Up-to-date: /home/ram-user/Desktop/rosProject/install/score/share/score/environment/path.dsv
[2.005s] -- Up-to-date: /home/ram-user/Desktop/rosProject/install/score/share/score/local_setup.bash
[2.005s] -- Up-to-date: /home/ram-user/Desktop/rosProject/install/score/share/score/local_setup.sh
[2.005s] -- Up-to-date: /home/ram-user/Desktop/rosProject/install/score/share/score/local_setup.zsh
[2.005s] -- Up-to-date: /home/ram-user/Desktop/rosProject/install/score/share/score/local_setup.dsv
[2.005s] -- Installing: /home/ram-user/Desktop/rosProject/install/score/share/score/package.dsv
[2.005s] -- Up-to-date: /home/ram-user/Desktop/rosProject/install/score/share/ament_index/resource_index/packages/score
[2.006s] -- Up-to-date: /home/ram-user/Desktop/rosProject/install/score/share/score/cmake/scoreConfig.cmake
[2.006s] -- Up-to-date: /home/ram-user/Desktop/rosProject/install/score/share/score/cmake/scoreConfig-version.cmake
[2.006s] -- Up-to-date: /home/ram-user/Desktop/rosProject/install/score/share/score/package.xml
[2.033s] Invoked command in '/home/ram-user/Desktop/rosProject/build/score' returned '0': AMENT_PREFIX_PATH=/home/ram-user/Desktop/rosProject/install/tutorial_interfaces:${AMENT_PREFIX_PATH} CMAKE_PREFIX_PATH=/home/ram-user/Desktop/rosProject/install/tutorial_interfaces:/opt/ros/humble LD_LIBRARY_PATH=/home/ram-user/Desktop/rosProject/install/tutorial_interfaces/lib:${LD_LIBRARY_PATH} PYTHONPATH=/home/ram-user/Desktop/rosProject/install/tutorial_interfaces/local/lib/python3.10/dist-packages:${PYTHONPATH} /usr/bin/cmake --install /home/ram-user/Desktop/rosProject/build/score
