[1.128s] DEBUG:colcon:Command line arguments: ['/usr/bin/colcon', 'list']
[1.129s] DEBUG:colcon:Parsed command line arguments: Namespace(log_base=None, log_level=None, verb_name='list', build_base='build', ignore_user_meta=False, metas=['./colcon.meta'], base_paths=['.'], packages_ignore=None, packages_ignore_regex=None, paths=None, packages_up_to=None, packages_up_to_regex=None, packages_above=None, packages_above_and_dependencies=None, packages_above_depth=None, packages_select_by_dep=None, packages_skip_by_dep=None, packages_skip_up_to=None, packages_select_build_failed=False, packages_skip_build_finished=False, packages_select_test_failures=False, packages_skip_test_passed=False, packages_select=None, packages_skip=None, packages_select_regex=None, packages_skip_regex=None, packages_start=None, packages_end=None, allow_overriding=[], topological_order=False, names_only=False, paths_only=False, topological_graph=False, topological_graph_dot=False, topological_graph_density=False, topological_graph_legend=False, topological_graph_dot_cluster=False, topological_graph_dot_include_skipped=False, verb_parser=<colcon_defaults.argument_parser.defaults.DefaultArgumentsDecorator object at 0x7f14412404f0>, verb_extension=<colcon_package_information.verb.list.ListVerb object at 0x7f1441314610>, main=<bound method ListVerb.main of <colcon_package_information.verb.list.ListVerb object at 0x7f1441314610>>)
[1.301s] Level 1:colcon.colcon_core.package_discovery:discover_packages(colcon_meta) check parameters
[1.301s] Level 1:colcon.colcon_core.package_discovery:discover_packages(recursive) check parameters
[1.301s] Level 1:colcon.colcon_core.package_discovery:discover_packages(ignore) check parameters
[1.301s] Level 1:colcon.colcon_core.package_discovery:discover_packages(path) check parameters
[1.301s] Level 1:colcon.colcon_core.package_discovery:discover_packages(colcon_meta) discover
[1.302s] Level 1:colcon.colcon_core.package_discovery:discover_packages(recursive) discover
[1.302s] INFO:colcon.colcon_core.package_discovery:Crawling recursively for packages in '/home/ram-user/Desktop/rosProject'
[1.302s] Level 1:colcon.colcon_core.package_identification:_identify(.) by extensions ['ignore', 'ignore_ament_install']
[1.302s] Level 1:colcon.colcon_core.package_identification:_identify(.) by extension 'ignore'
[1.302s] Level 1:colcon.colcon_core.package_identification:_identify(.) by extension 'ignore_ament_install'
[1.302s] Level 1:colcon.colcon_core.package_identification:_identify(.) by extensions ['colcon_pkg']
[1.302s] Level 1:colcon.colcon_core.package_identification:_identify(.) by extension 'colcon_pkg'
[1.303s] Level 1:colcon.colcon_core.package_identification:_identify(.) by extensions ['colcon_meta']
[1.303s] Level 1:colcon.colcon_core.package_identification:_identify(.) by extension 'colcon_meta'
[1.303s] Level 1:colcon.colcon_core.package_identification:_identify(.) by extensions ['ros']
[1.303s] Level 1:colcon.colcon_core.package_identification:_identify(.) by extension 'ros'
[1.358s] Level 1:colcon.colcon_core.package_identification:_identify(.) by extensions ['cmake', 'python']
[1.358s] Level 1:colcon.colcon_core.package_identification:_identify(.) by extension 'cmake'
[1.358s] Level 1:colcon.colcon_core.package_identification:_identify(.) by extension 'python'
[1.358s] Level 1:colcon.colcon_core.package_identification:_identify(.) by extensions ['python_setup_py']
[1.359s] Level 1:colcon.colcon_core.package_identification:_identify(.) by extension 'python_setup_py'
[1.359s] Level 1:colcon.colcon_core.package_identification:_identify(build) by extensions ['ignore', 'ignore_ament_install']
[1.359s] Level 1:colcon.colcon_core.package_identification:_identify(build) by extension 'ignore'
[1.359s] Level 1:colcon.colcon_core.package_identification:_identify(build) ignored
[1.359s] Level 1:colcon.colcon_core.package_identification:_identify(install) by extensions ['ignore', 'ignore_ament_install']
[1.359s] Level 1:colcon.colcon_core.package_identification:_identify(install) by extension 'ignore'
[1.359s] Level 1:colcon.colcon_core.package_identification:_identify(install) ignored
[1.360s] Level 1:colcon.colcon_core.package_identification:_identify(log) by extensions ['ignore', 'ignore_ament_install']
[1.360s] Level 1:colcon.colcon_core.package_identification:_identify(log) by extension 'ignore'
[1.360s] Level 1:colcon.colcon_core.package_identification:_identify(log) ignored
[1.360s] Level 1:colcon.colcon_core.package_identification:_identify(src) by extensions ['ignore', 'ignore_ament_install']
[1.360s] Level 1:colcon.colcon_core.package_identification:_identify(src) by extension 'ignore'
[1.360s] Level 1:colcon.colcon_core.package_identification:_identify(src) by extension 'ignore_ament_install'
[1.360s] Level 1:colcon.colcon_core.package_identification:_identify(src) by extensions ['colcon_pkg']
[1.361s] Level 1:colcon.colcon_core.package_identification:_identify(src) by extension 'colcon_pkg'
[1.361s] Level 1:colcon.colcon_core.package_identification:_identify(src) by extensions ['colcon_meta']
[1.361s] Level 1:colcon.colcon_core.package_identification:_identify(src) by extension 'colcon_meta'
[1.361s] Level 1:colcon.colcon_core.package_identification:_identify(src) by extensions ['ros']
[1.361s] Level 1:colcon.colcon_core.package_identification:_identify(src) by extension 'ros'
[1.361s] Level 1:colcon.colcon_core.package_identification:_identify(src) by extensions ['cmake', 'python']
[1.361s] Level 1:colcon.colcon_core.package_identification:_identify(src) by extension 'cmake'
[1.361s] Level 1:colcon.colcon_core.package_identification:_identify(src) by extension 'python'
[1.361s] Level 1:colcon.colcon_core.package_identification:_identify(src) by extensions ['python_setup_py']
[1.361s] Level 1:colcon.colcon_core.package_identification:_identify(src) by extension 'python_setup_py'
[1.361s] Level 1:colcon.colcon_core.package_identification:_identify(src/cpp_publisher) by extensions ['ignore', 'ignore_ament_install']
[1.362s] Level 1:colcon.colcon_core.package_identification:_identify(src/cpp_publisher) by extension 'ignore'
[1.362s] Level 1:colcon.colcon_core.package_identification:_identify(src/cpp_publisher) by extension 'ignore_ament_install'
[1.362s] Level 1:colcon.colcon_core.package_identification:_identify(src/cpp_publisher) by extensions ['colcon_pkg']
[1.362s] Level 1:colcon.colcon_core.package_identification:_identify(src/cpp_publisher) by extension 'colcon_pkg'
[1.362s] Level 1:colcon.colcon_core.package_identification:_identify(src/cpp_publisher) by extensions ['colcon_meta']
[1.362s] Level 1:colcon.colcon_core.package_identification:_identify(src/cpp_publisher) by extension 'colcon_meta'
[1.362s] Level 1:colcon.colcon_core.package_identification:_identify(src/cpp_publisher) by extensions ['ros']
[1.362s] Level 1:colcon.colcon_core.package_identification:_identify(src/cpp_publisher) by extension 'ros'
[1.369s] DEBUG:colcon.colcon_core.package_identification:Package 'src/cpp_publisher' with type 'ros.ament_cmake' and name 'cpp_publisher'
[1.370s] Level 1:colcon.colcon_core.package_identification:_identify(src/image_input) by extensions ['ignore', 'ignore_ament_install']
[1.370s] Level 1:colcon.colcon_core.package_identification:_identify(src/image_input) by extension 'ignore'
[1.370s] Level 1:colcon.colcon_core.package_identification:_identify(src/image_input) by extension 'ignore_ament_install'
[1.370s] Level 1:colcon.colcon_core.package_identification:_identify(src/image_input) by extensions ['colcon_pkg']
[1.370s] Level 1:colcon.colcon_core.package_identification:_identify(src/image_input) by extension 'colcon_pkg'
[1.370s] Level 1:colcon.colcon_core.package_identification:_identify(src/image_input) by extensions ['colcon_meta']
[1.370s] Level 1:colcon.colcon_core.package_identification:_identify(src/image_input) by extension 'colcon_meta'
[1.370s] Level 1:colcon.colcon_core.package_identification:_identify(src/image_input) by extensions ['ros']
[1.370s] Level 1:colcon.colcon_core.package_identification:_identify(src/image_input) by extension 'ros'
[1.373s] DEBUG:colcon.colcon_core.package_identification:Package 'src/image_input' with type 'ros.ament_cmake' and name 'image_input'
[1.373s] Level 1:colcon.colcon_core.package_identification:_identify(src/keyboard_input) by extensions ['ignore', 'ignore_ament_install']
[1.374s] Level 1:colcon.colcon_core.package_identification:_identify(src/keyboard_input) by extension 'ignore'
[1.374s] Level 1:colcon.colcon_core.package_identification:_identify(src/keyboard_input) by extension 'ignore_ament_install'
[1.374s] Level 1:colcon.colcon_core.package_identification:_identify(src/keyboard_input) by extensions ['colcon_pkg']
[1.374s] Level 1:colcon.colcon_core.package_identification:_identify(src/keyboard_input) by extension 'colcon_pkg'
[1.374s] Level 1:colcon.colcon_core.package_identification:_identify(src/keyboard_input) by extensions ['colcon_meta']
[1.374s] Level 1:colcon.colcon_core.package_identification:_identify(src/keyboard_input) by extension 'colcon_meta'
[1.374s] Level 1:colcon.colcon_core.package_identification:_identify(src/keyboard_input) by extensions ['ros']
[1.374s] Level 1:colcon.colcon_core.package_identification:_identify(src/keyboard_input) by extension 'ros'
[1.376s] DEBUG:colcon.colcon_core.package_identification:Package 'src/keyboard_input' with type 'ros.ament_cmake' and name 'keyboard_input'
[1.377s] Level 1:colcon.colcon_core.package_identification:_identify(src/paddle_physics) by extensions ['ignore', 'ignore_ament_install']
[1.377s] Level 1:colcon.colcon_core.package_identification:_identify(src/paddle_physics) by extension 'ignore'
[1.377s] Level 1:colcon.colcon_core.package_identification:_identify(src/paddle_physics) by extension 'ignore_ament_install'
[1.377s] Level 1:colcon.colcon_core.package_identification:_identify(src/paddle_physics) by extensions ['colcon_pkg']
[1.377s] Level 1:colcon.colcon_core.package_identification:_identify(src/paddle_physics) by extension 'colcon_pkg'
[1.377s] Level 1:colcon.colcon_core.package_identification:_identify(src/paddle_physics) by extensions ['colcon_meta']
[1.377s] Level 1:colcon.colcon_core.package_identification:_identify(src/paddle_physics) by extension 'colcon_meta'
[1.377s] Level 1:colcon.colcon_core.package_identification:_identify(src/paddle_physics) by extensions ['ros']
[1.377s] Level 1:colcon.colcon_core.package_identification:_identify(src/paddle_physics) by extension 'ros'
[1.379s] DEBUG:colcon.colcon_core.package_identification:Package 'src/paddle_physics' with type 'ros.ament_cmake' and name 'paddle_physics'
[1.380s] Level 1:colcon.colcon_core.package_identification:_identify(src/pong_core) by extensions ['ignore', 'ignore_ament_install']
[1.380s] Level 1:colcon.colcon_core.package_identification:_identify(src/pong_core) by extension 'ignore'
[1.380s] Level 1:colcon.colcon_core.package_identification:_identify(src/pong_core) by extension 'ignore_ament_install'
[1.381s] Level 1:colcon.colcon_core.package_identification:_identify(src/pong_core) by extensions ['colcon_pkg']
[1.381s] Level 1:colcon.colcon_core.package_identification:_identify(src/pong_core) by extension 'colcon_pkg'
[1.381s] Level 1:colcon.colcon_core.package_identification:_identify(src/pong_core) by extensions ['colcon_meta']
[1.381s] Level 1:colcon.colcon_core.package_identification:_identify(src/pong_core) by extension 'colcon_meta'
[1.382s] Level 1:colcon.colcon_core.package_identification:_identify(src/pong_core) by extensions ['ros']
[1.382s] Level 1:colcon.colcon_core.package_identification:_identify(src/pong_core) by extension 'ros'
[1.384s] DEBUG:colcon.colcon_core.package_identification:Package 'src/pong_core' with type 'ros.ament_cmake' and name 'pong_core'
[1.384s] Level 1:colcon.colcon_core.package_identification:_identify(src/score) by extensions ['ignore', 'ignore_ament_install']
[1.384s] Level 1:colcon.colcon_core.package_identification:_identify(src/score) by extension 'ignore'
[1.384s] Level 1:colcon.colcon_core.package_identification:_identify(src/score) by extension 'ignore_ament_install'
[1.385s] Level 1:colcon.colcon_core.package_identification:_identify(src/score) by extensions ['colcon_pkg']
[1.385s] Level 1:colcon.colcon_core.package_identification:_identify(src/score) by extension 'colcon_pkg'
[1.385s] Level 1:colcon.colcon_core.package_identification:_identify(src/score) by extensions ['colcon_meta']
[1.385s] Level 1:colcon.colcon_core.package_identification:_identify(src/score) by extension 'colcon_meta'
[1.385s] Level 1:colcon.colcon_core.package_identification:_identify(src/score) by extensions ['ros']
[1.385s] Level 1:colcon.colcon_core.package_identification:_identify(src/score) by extension 'ros'
[1.387s] DEBUG:colcon.colcon_core.package_identification:Package 'src/score' with type 'ros.ament_cmake' and name 'score'
[1.387s] Level 1:colcon.colcon_core.package_identification:_identify(src/tutorial_interfaces) by extensions ['ignore', 'ignore_ament_install']
[1.387s] Level 1:colcon.colcon_core.package_identification:_identify(src/tutorial_interfaces) by extension 'ignore'
[1.388s] Level 1:colcon.colcon_core.package_identification:_identify(src/tutorial_interfaces) by extension 'ignore_ament_install'
[1.388s] Level 1:colcon.colcon_core.package_identification:_identify(src/tutorial_interfaces) by extensions ['colcon_pkg']
[1.388s] Level 1:colcon.colcon_core.package_identification:_identify(src/tutorial_interfaces) by extension 'colcon_pkg'
[1.388s] Level 1:colcon.colcon_core.package_identification:_identify(src/tutorial_interfaces) by extensions ['colcon_meta']
[1.388s] Level 1:colcon.colcon_core.package_identification:_identify(src/tutorial_interfaces) by extension 'colcon_meta'
[1.388s] Level 1:colcon.colcon_core.package_identification:_identify(src/tutorial_interfaces) by extensions ['ros']
[1.388s] Level 1:colcon.colcon_core.package_identification:_identify(src/tutorial_interfaces) by extension 'ros'
[1.391s] DEBUG:colcon.colcon_core.package_identification:Package 'src/tutorial_interfaces' with type 'ros.ament_cmake' and name 'tutorial_interfaces'
[1.392s] Level 1:colcon.colcon_core.package_identification:_identify(src/visualization_package) by extensions ['ignore', 'ignore_ament_install']
[1.392s] Level 1:colcon.colcon_core.package_identification:_identify(src/visualization_package) by extension 'ignore'
[1.392s] Level 1:colcon.colcon_core.package_identification:_identify(src/visualization_package) by extension 'ignore_ament_install'
[1.394s] Level 1:colcon.colcon_core.package_identification:_identify(src/visualization_package) by extensions ['colcon_pkg']
[1.394s] Level 1:colcon.colcon_core.package_identification:_identify(src/visualization_package) by extension 'colcon_pkg'
[1.394s] Level 1:colcon.colcon_core.package_identification:_identify(src/visualization_package) by extensions ['colcon_meta']
[1.394s] Level 1:colcon.colcon_core.package_identification:_identify(src/visualization_package) by extension 'colcon_meta'
[1.394s] Level 1:colcon.colcon_core.package_identification:_identify(src/visualization_package) by extensions ['ros']
[1.394s] Level 1:colcon.colcon_core.package_identification:_identify(src/visualization_package) by extension 'ros'
[1.396s] DEBUG:colcon.colcon_core.package_identification:Package 'src/visualization_package' with type 'ros.ament_cmake' and name 'visualization_package'
[1.396s] Level 1:colcon.colcon_core.package_discovery:discover_packages(recursive) using defaults
[1.396s] Level 1:colcon.colcon_core.package_discovery:discover_packages(ignore) discover
[1.396s] Level 1:colcon.colcon_core.package_discovery:discover_packages(ignore) using defaults
[1.397s] Level 1:colcon.colcon_core.package_discovery:discover_packages(path) discover
[1.397s] Level 1:colcon.colcon_core.package_discovery:discover_packages(path) using defaults
