[0.063s] Invoking command in '/home/ram-user/Desktop/rosProject/build/tutorial_interfaces': CMAKE_PREFIX_PATH=/opt/ros/humble /usr/bin/cmake --build /home/ram-user/Desktop/rosProject/build/tutorial_interfaces -- -j2 -l2
[0.197s] [  2%] Built target tutorial_interfaces__cpp
[0.220s] [35m[1mConsolidate compiler generated dependencies of target tutorial_interfaces__rosidl_generator_c[0m
[0.244s] [ 12%] Built target tutorial_interfaces__rosidl_generator_c
[0.302s] [ 12%] Built target ament_cmake_python_copy_tutorial_interfaces
[0.323s] [35m[1mConsolidate compiler generated dependencies of target tutorial_interfaces__rosidl_typesupport_cpp[0m
[0.352s] [ 23%] Built target tutorial_interfaces__rosidl_typesupport_cpp
[0.377s] [35m[1mConsolidate compiler generated dependencies of target tutorial_interfaces__rosidl_typesupport_fastrtps_c[0m
[0.408s] [ 34%] Built target tutorial_interfaces__rosidl_typesupport_fastrtps_c
[0.427s] [35m[1mConsolidate compiler generated dependencies of target tutorial_interfaces__rosidl_typesupport_fastrtps_cpp[0m
[0.461s] [ 44%] Built target tutorial_interfaces__rosidl_typesupport_fastrtps_cpp
[0.482s] [35m[1mConsolidate compiler generated dependencies of target tutorial_interfaces__rosidl_typesupport_introspection_c[0m
[0.511s] [ 55%] Built target tutorial_interfaces__rosidl_typesupport_introspection_c
[0.532s] [35m[1mConsolidate compiler generated dependencies of target tutorial_interfaces__rosidl_typesupport_c[0m
[0.571s] [ 65%] Built target tutorial_interfaces__rosidl_typesupport_c
[0.593s] [35m[1mConsolidate compiler generated dependencies of target tutorial_interfaces__rosidl_typesupport_introspection_cpp[0m
[0.630s] [ 76%] Built target tutorial_interfaces__rosidl_typesupport_introspection_cpp
[1.130s] running egg_info
[1.132s] writing tutorial_interfaces.egg-info/PKG-INFO
[1.134s] writing dependency_links to tutorial_interfaces.egg-info/dependency_links.txt
[1.136s] writing top-level names to tutorial_interfaces.egg-info/top_level.txt
[1.140s] reading manifest file 'tutorial_interfaces.egg-info/SOURCES.txt'
[1.142s] writing manifest file 'tutorial_interfaces.egg-info/SOURCES.txt'
[1.223s] [ 76%] Built target ament_cmake_python_build_tutorial_interfaces_egg
[1.278s] [ 76%] Built target tutorial_interfaces
[1.329s] [ 78%] Built target tutorial_interfaces__py
[1.348s] [35m[1mConsolidate compiler generated dependencies of target tutorial_interfaces__rosidl_generator_py[0m
[1.383s] [ 87%] Built target tutorial_interfaces__rosidl_generator_py
[1.405s] [35m[1mConsolidate compiler generated dependencies of target tutorial_interfaces__rosidl_typesupport_fastrtps_c__pyext[0m
[1.426s] [ 91%] Built target tutorial_interfaces__rosidl_typesupport_fastrtps_c__pyext
[1.451s] [35m[1mConsolidate compiler generated dependencies of target tutorial_interfaces__rosidl_typesupport_introspection_c__pyext[0m
[1.488s] [ 95%] Built target tutorial_interfaces__rosidl_typesupport_introspection_c__pyext
[1.508s] [35m[1mConsolidate compiler generated dependencies of target tutorial_interfaces__rosidl_typesupport_c__pyext[0m
[1.533s] [100%] Built target tutorial_interfaces__rosidl_typesupport_c__pyext
[1.564s] Invoked command in '/home/ram-user/Desktop/rosProject/build/tutorial_interfaces' returned '0': CMAKE_PREFIX_PATH=/opt/ros/humble /usr/bin/cmake --build /home/ram-user/Desktop/rosProject/build/tutorial_interfaces -- -j2 -l2
[1.836s] Invoking command in '/home/ram-user/Desktop/rosProject/build/tutorial_interfaces': CMAKE_PREFIX_PATH=/opt/ros/humble /usr/bin/cmake --install /home/ram-user/Desktop/rosProject/build/tutorial_interfaces
[1.849s] -- Install configuration: ""
[1.850s] -- Up-to-date: /home/ram-user/Desktop/rosProject/install/tutorial_interfaces/share/ament_index/resource_index/rosidl_interfaces/tutorial_interfaces
[1.850s] -- Up-to-date: /home/ram-user/Desktop/rosProject/install/tutorial_interfaces/include/tutorial_interfaces/tutorial_interfaces
[1.850s] -- Up-to-date: /home/ram-user/Desktop/rosProject/install/tutorial_interfaces/include/tutorial_interfaces/tutorial_interfaces/msg
[1.850s] -- Up-to-date: /home/ram-user/Desktop/rosProject/install/tutorial_interfaces/include/tutorial_interfaces/tutorial_interfaces/msg/ball.h
[1.850s] -- Up-to-date: /home/ram-user/Desktop/rosProject/install/tutorial_interfaces/include/tutorial_interfaces/tutorial_interfaces/msg/detail
[1.850s] -- Up-to-date: /home/ram-user/Desktop/rosProject/install/tutorial_interfaces/include/tutorial_interfaces/tutorial_interfaces/msg/detail/ball__struct.h
[1.850s] -- Up-to-date: /home/ram-user/Desktop/rosProject/install/tutorial_interfaces/include/tutorial_interfaces/tutorial_interfaces/msg/detail/vel__functions.c
[1.850s] -- Up-to-date: /home/ram-user/Desktop/rosProject/install/tutorial_interfaces/include/tutorial_interfaces/tutorial_interfaces/msg/detail/ball__type_support.h
[1.850s] -- Up-to-date: /home/ram-user/Desktop/rosProject/install/tutorial_interfaces/include/tutorial_interfaces/tutorial_interfaces/msg/detail/vel__type_support.h
[1.851s] -- Up-to-date: /home/ram-user/Desktop/rosProject/install/tutorial_interfaces/include/tutorial_interfaces/tutorial_interfaces/msg/detail/vel__struct.h
[1.852s] -- Up-to-date: /home/ram-user/Desktop/rosProject/install/tutorial_interfaces/include/tutorial_interfaces/tutorial_interfaces/msg/detail/score__functions.c
[1.852s] -- Up-to-date: /home/ram-user/Desktop/rosProject/install/tutorial_interfaces/include/tutorial_interfaces/tutorial_interfaces/msg/detail/score__functions.h
[1.852s] -- Up-to-date: /home/ram-user/Desktop/rosProject/install/tutorial_interfaces/include/tutorial_interfaces/tutorial_interfaces/msg/detail/ball__functions.h
[1.852s] -- Up-to-date: /home/ram-user/Desktop/rosProject/install/tutorial_interfaces/include/tutorial_interfaces/tutorial_interfaces/msg/detail/score__struct.h
[1.852s] -- Up-to-date: /home/ram-user/Desktop/rosProject/install/tutorial_interfaces/include/tutorial_interfaces/tutorial_interfaces/msg/detail/vel__functions.h
[1.852s] -- Up-to-date: /home/ram-user/Desktop/rosProject/install/tutorial_interfaces/include/tutorial_interfaces/tutorial_interfaces/msg/detail/score__type_support.h
[1.853s] -- Up-to-date: /home/ram-user/Desktop/rosProject/install/tutorial_interfaces/include/tutorial_interfaces/tutorial_interfaces/msg/detail/ball__functions.c
[1.853s] -- Up-to-date: /home/ram-user/Desktop/rosProject/install/tutorial_interfaces/include/tutorial_interfaces/tutorial_interfaces/msg/rosidl_generator_c__visibility_control.h
[1.853s] -- Up-to-date: /home/ram-user/Desktop/rosProject/install/tutorial_interfaces/include/tutorial_interfaces/tutorial_interfaces/msg/vel.h
[1.853s] -- Up-to-date: /home/ram-user/Desktop/rosProject/install/tutorial_interfaces/include/tutorial_interfaces/tutorial_interfaces/msg/score.h
[1.853s] -- Up-to-date: /home/ram-user/Desktop/rosProject/install/tutorial_interfaces/share/tutorial_interfaces/environment/library_path.sh
[1.853s] -- Up-to-date: /home/ram-user/Desktop/rosProject/install/tutorial_interfaces/share/tutorial_interfaces/environment/library_path.dsv
[1.853s] -- Up-to-date: /home/ram-user/Desktop/rosProject/install/tutorial_interfaces/lib/libtutorial_interfaces__rosidl_generator_c.so
[1.853s] -- Up-to-date: /home/ram-user/Desktop/rosProject/install/tutorial_interfaces/include/tutorial_interfaces/tutorial_interfaces
[1.853s] -- Up-to-date: /home/ram-user/Desktop/rosProject/install/tutorial_interfaces/include/tutorial_interfaces/tutorial_interfaces/msg
[1.853s] -- Up-to-date: /home/ram-user/Desktop/rosProject/install/tutorial_interfaces/include/tutorial_interfaces/tutorial_interfaces/msg/rosidl_typesupport_fastrtps_c__visibility_control.h
[1.853s] -- Up-to-date: /home/ram-user/Desktop/rosProject/install/tutorial_interfaces/include/tutorial_interfaces/tutorial_interfaces/msg/detail
[1.854s] -- Up-to-date: /home/ram-user/Desktop/rosProject/install/tutorial_interfaces/include/tutorial_interfaces/tutorial_interfaces/msg/detail/ball__rosidl_typesupport_fastrtps_c.h
[1.854s] -- Up-to-date: /home/ram-user/Desktop/rosProject/install/tutorial_interfaces/include/tutorial_interfaces/tutorial_interfaces/msg/detail/vel__rosidl_typesupport_fastrtps_c.h
[1.854s] -- Up-to-date: /home/ram-user/Desktop/rosProject/install/tutorial_interfaces/include/tutorial_interfaces/tutorial_interfaces/msg/detail/score__rosidl_typesupport_fastrtps_c.h
[1.854s] -- Up-to-date: /home/ram-user/Desktop/rosProject/install/tutorial_interfaces/lib/libtutorial_interfaces__rosidl_typesupport_fastrtps_c.so
[1.854s] -- Up-to-date: /home/ram-user/Desktop/rosProject/install/tutorial_interfaces/include/tutorial_interfaces/tutorial_interfaces
[1.854s] -- Up-to-date: /home/ram-user/Desktop/rosProject/install/tutorial_interfaces/include/tutorial_interfaces/tutorial_interfaces/msg
[1.854s] -- Up-to-date: /home/ram-user/Desktop/rosProject/install/tutorial_interfaces/include/tutorial_interfaces/tutorial_interfaces/msg/score.hpp
[1.854s] -- Up-to-date: /home/ram-user/Desktop/rosProject/install/tutorial_interfaces/include/tutorial_interfaces/tutorial_interfaces/msg/detail
[1.854s] -- Up-to-date: /home/ram-user/Desktop/rosProject/install/tutorial_interfaces/include/tutorial_interfaces/tutorial_interfaces/msg/detail/ball__traits.hpp
[1.854s] -- Up-to-date: /home/ram-user/Desktop/rosProject/install/tutorial_interfaces/include/tutorial_interfaces/tutorial_interfaces/msg/detail/score__traits.hpp
[1.855s] -- Up-to-date: /home/ram-user/Desktop/rosProject/install/tutorial_interfaces/include/tutorial_interfaces/tutorial_interfaces/msg/detail/ball__struct.hpp
[1.855s] -- Up-to-date: /home/ram-user/Desktop/rosProject/install/tutorial_interfaces/include/tutorial_interfaces/tutorial_interfaces/msg/detail/score__struct.hpp
[1.855s] -- Up-to-date: /home/ram-user/Desktop/rosProject/install/tutorial_interfaces/include/tutorial_interfaces/tutorial_interfaces/msg/detail/vel__struct.hpp
[1.855s] -- Up-to-date: /home/ram-user/Desktop/rosProject/install/tutorial_interfaces/include/tutorial_interfaces/tutorial_interfaces/msg/detail/score__builder.hpp
[1.855s] -- Up-to-date: /home/ram-user/Desktop/rosProject/install/tutorial_interfaces/include/tutorial_interfaces/tutorial_interfaces/msg/detail/vel__builder.hpp
[1.855s] -- Up-to-date: /home/ram-user/Desktop/rosProject/install/tutorial_interfaces/include/tutorial_interfaces/tutorial_interfaces/msg/detail/ball__builder.hpp
[1.855s] -- Up-to-date: /home/ram-user/Desktop/rosProject/install/tutorial_interfaces/include/tutorial_interfaces/tutorial_interfaces/msg/detail/vel__traits.hpp
[1.855s] -- Up-to-date: /home/ram-user/Desktop/rosProject/install/tutorial_interfaces/include/tutorial_interfaces/tutorial_interfaces/msg/vel.hpp
[1.855s] -- Up-to-date: /home/ram-user/Desktop/rosProject/install/tutorial_interfaces/include/tutorial_interfaces/tutorial_interfaces/msg/ball.hpp
[1.856s] -- Up-to-date: /home/ram-user/Desktop/rosProject/install/tutorial_interfaces/include/tutorial_interfaces/tutorial_interfaces
[1.857s] -- Up-to-date: /home/ram-user/Desktop/rosProject/install/tutorial_interfaces/include/tutorial_interfaces/tutorial_interfaces/msg
[1.857s] -- Up-to-date: /home/ram-user/Desktop/rosProject/install/tutorial_interfaces/include/tutorial_interfaces/tutorial_interfaces/msg/detail
[1.857s] -- Up-to-date: /home/ram-user/Desktop/rosProject/install/tutorial_interfaces/include/tutorial_interfaces/tutorial_interfaces/msg/detail/vel__rosidl_typesupport_fastrtps_cpp.hpp
[1.857s] -- Up-to-date: /home/ram-user/Desktop/rosProject/install/tutorial_interfaces/include/tutorial_interfaces/tutorial_interfaces/msg/detail/score__rosidl_typesupport_fastrtps_cpp.hpp
[1.857s] -- Up-to-date: /home/ram-user/Desktop/rosProject/install/tutorial_interfaces/include/tutorial_interfaces/tutorial_interfaces/msg/detail/dds_fastrtps
[1.857s] -- Up-to-date: /home/ram-user/Desktop/rosProject/install/tutorial_interfaces/include/tutorial_interfaces/tutorial_interfaces/msg/detail/ball__rosidl_typesupport_fastrtps_cpp.hpp
[1.857s] -- Up-to-date: /home/ram-user/Desktop/rosProject/install/tutorial_interfaces/include/tutorial_interfaces/tutorial_interfaces/msg/rosidl_typesupport_fastrtps_cpp__visibility_control.h
[1.857s] -- Up-to-date: /home/ram-user/Desktop/rosProject/install/tutorial_interfaces/lib/libtutorial_interfaces__rosidl_typesupport_fastrtps_cpp.so
[1.857s] -- Up-to-date: /home/ram-user/Desktop/rosProject/install/tutorial_interfaces/include/tutorial_interfaces/tutorial_interfaces
[1.857s] -- Up-to-date: /home/ram-user/Desktop/rosProject/install/tutorial_interfaces/include/tutorial_interfaces/tutorial_interfaces/msg
[1.858s] -- Up-to-date: /home/ram-user/Desktop/rosProject/install/tutorial_interfaces/include/tutorial_interfaces/tutorial_interfaces/msg/rosidl_typesupport_introspection_c__visibility_control.h
[1.858s] -- Up-to-date: /home/ram-user/Desktop/rosProject/install/tutorial_interfaces/include/tutorial_interfaces/tutorial_interfaces/msg/detail
[1.858s] -- Up-to-date: /home/ram-user/Desktop/rosProject/install/tutorial_interfaces/include/tutorial_interfaces/tutorial_interfaces/msg/detail/ball__rosidl_typesupport_introspection_c.h
[1.858s] -- Up-to-date: /home/ram-user/Desktop/rosProject/install/tutorial_interfaces/include/tutorial_interfaces/tutorial_interfaces/msg/detail/score__type_support.c
[1.858s] -- Up-to-date: /home/ram-user/Desktop/rosProject/install/tutorial_interfaces/include/tutorial_interfaces/tutorial_interfaces/msg/detail/score__rosidl_typesupport_introspection_c.h
[1.858s] -- Up-to-date: /home/ram-user/Desktop/rosProject/install/tutorial_interfaces/include/tutorial_interfaces/tutorial_interfaces/msg/detail/ball__type_support.c
[1.858s] -- Up-to-date: /home/ram-user/Desktop/rosProject/install/tutorial_interfaces/include/tutorial_interfaces/tutorial_interfaces/msg/detail/vel__type_support.c
[1.858s] -- Up-to-date: /home/ram-user/Desktop/rosProject/install/tutorial_interfaces/include/tutorial_interfaces/tutorial_interfaces/msg/detail/vel__rosidl_typesupport_introspection_c.h
[1.858s] -- Up-to-date: /home/ram-user/Desktop/rosProject/install/tutorial_interfaces/lib/libtutorial_interfaces__rosidl_typesupport_introspection_c.so
[1.858s] -- Up-to-date: /home/ram-user/Desktop/rosProject/install/tutorial_interfaces/lib/libtutorial_interfaces__rosidl_typesupport_c.so
[1.858s] -- Up-to-date: /home/ram-user/Desktop/rosProject/install/tutorial_interfaces/include/tutorial_interfaces/tutorial_interfaces
[1.859s] -- Up-to-date: /home/ram-user/Desktop/rosProject/install/tutorial_interfaces/include/tutorial_interfaces/tutorial_interfaces/msg
[1.859s] -- Up-to-date: /home/ram-user/Desktop/rosProject/install/tutorial_interfaces/include/tutorial_interfaces/tutorial_interfaces/msg/detail
[1.859s] -- Up-to-date: /home/ram-user/Desktop/rosProject/install/tutorial_interfaces/include/tutorial_interfaces/tutorial_interfaces/msg/detail/vel__rosidl_typesupport_introspection_cpp.hpp
[1.859s] -- Up-to-date: /home/ram-user/Desktop/rosProject/install/tutorial_interfaces/include/tutorial_interfaces/tutorial_interfaces/msg/detail/score__type_support.cpp
[1.859s] -- Up-to-date: /home/ram-user/Desktop/rosProject/install/tutorial_interfaces/include/tutorial_interfaces/tutorial_interfaces/msg/detail/ball__type_support.cpp
[1.859s] -- Up-to-date: /home/ram-user/Desktop/rosProject/install/tutorial_interfaces/include/tutorial_interfaces/tutorial_interfaces/msg/detail/score__rosidl_typesupport_introspection_cpp.hpp
[1.859s] -- Up-to-date: /home/ram-user/Desktop/rosProject/install/tutorial_interfaces/include/tutorial_interfaces/tutorial_interfaces/msg/detail/ball__rosidl_typesupport_introspection_cpp.hpp
[1.859s] -- Up-to-date: /home/ram-user/Desktop/rosProject/install/tutorial_interfaces/include/tutorial_interfaces/tutorial_interfaces/msg/detail/vel__type_support.cpp
[1.859s] -- Up-to-date: /home/ram-user/Desktop/rosProject/install/tutorial_interfaces/lib/libtutorial_interfaces__rosidl_typesupport_introspection_cpp.so
[1.859s] -- Up-to-date: /home/ram-user/Desktop/rosProject/install/tutorial_interfaces/lib/libtutorial_interfaces__rosidl_typesupport_cpp.so
[1.859s] -- Up-to-date: /home/ram-user/Desktop/rosProject/install/tutorial_interfaces/share/tutorial_interfaces/environment/pythonpath.sh
[1.860s] -- Up-to-date: /home/ram-user/Desktop/rosProject/install/tutorial_interfaces/share/tutorial_interfaces/environment/pythonpath.dsv
[1.860s] -- Up-to-date: /home/ram-user/Desktop/rosProject/install/tutorial_interfaces/local/lib/python3.10/dist-packages/tutorial_interfaces-0.0.0-py3.10.egg-info
[1.860s] -- Installing: /home/ram-user/Desktop/rosProject/install/tutorial_interfaces/local/lib/python3.10/dist-packages/tutorial_interfaces-0.0.0-py3.10.egg-info/dependency_links.txt
[1.860s] -- Installing: /home/ram-user/Desktop/rosProject/install/tutorial_interfaces/local/lib/python3.10/dist-packages/tutorial_interfaces-0.0.0-py3.10.egg-info/top_level.txt
[1.860s] -- Installing: /home/ram-user/Desktop/rosProject/install/tutorial_interfaces/local/lib/python3.10/dist-packages/tutorial_interfaces-0.0.0-py3.10.egg-info/PKG-INFO
[1.860s] -- Installing: /home/ram-user/Desktop/rosProject/install/tutorial_interfaces/local/lib/python3.10/dist-packages/tutorial_interfaces-0.0.0-py3.10.egg-info/SOURCES.txt
[1.860s] -- Up-to-date: /home/ram-user/Desktop/rosProject/install/tutorial_interfaces/local/lib/python3.10/dist-packages/tutorial_interfaces
[1.860s] -- Up-to-date: /home/ram-user/Desktop/rosProject/install/tutorial_interfaces/local/lib/python3.10/dist-packages/tutorial_interfaces/__init__.py
[1.860s] -- Up-to-date: /home/ram-user/Desktop/rosProject/install/tutorial_interfaces/local/lib/python3.10/dist-packages/tutorial_interfaces/_tutorial_interfaces_s.ep.rosidl_typesupport_c.c
[1.860s] -- Up-to-date: /home/ram-user/Desktop/rosProject/install/tutorial_interfaces/local/lib/python3.10/dist-packages/tutorial_interfaces/_tutorial_interfaces_s.ep.rosidl_typesupport_fastrtps_c.c
[1.861s] -- Up-to-date: /home/ram-user/Desktop/rosProject/install/tutorial_interfaces/local/lib/python3.10/dist-packages/tutorial_interfaces/_tutorial_interfaces_s.ep.rosidl_typesupport_introspection_c.c
[1.861s] -- Up-to-date: /home/ram-user/Desktop/rosProject/install/tutorial_interfaces/local/lib/python3.10/dist-packages/tutorial_interfaces/libtutorial_interfaces__rosidl_generator_py.so
[1.861s] -- Up-to-date: /home/ram-user/Desktop/rosProject/install/tutorial_interfaces/local/lib/python3.10/dist-packages/tutorial_interfaces/tutorial_interfaces_s__rosidl_typesupport_fastrtps_c.cpython-310-x86_64-linux-gnu.so
[1.861s] -- Up-to-date: /home/ram-user/Desktop/rosProject/install/tutorial_interfaces/local/lib/python3.10/dist-packages/tutorial_interfaces/msg
[1.861s] -- Up-to-date: /home/ram-user/Desktop/rosProject/install/tutorial_interfaces/local/lib/python3.10/dist-packages/tutorial_interfaces/msg/__init__.py
[1.861s] -- Up-to-date: /home/ram-user/Desktop/rosProject/install/tutorial_interfaces/local/lib/python3.10/dist-packages/tutorial_interfaces/msg/_score_s.c
[1.861s] -- Up-to-date: /home/ram-user/Desktop/rosProject/install/tutorial_interfaces/local/lib/python3.10/dist-packages/tutorial_interfaces/msg/_vel_s.c
[1.861s] -- Up-to-date: /home/ram-user/Desktop/rosProject/install/tutorial_interfaces/local/lib/python3.10/dist-packages/tutorial_interfaces/msg/_ball.py
[1.861s] -- Up-to-date: /home/ram-user/Desktop/rosProject/install/tutorial_interfaces/local/lib/python3.10/dist-packages/tutorial_interfaces/msg/_score.py
[1.861s] -- Up-to-date: /home/ram-user/Desktop/rosProject/install/tutorial_interfaces/local/lib/python3.10/dist-packages/tutorial_interfaces/msg/_vel.py
[1.861s] -- Up-to-date: /home/ram-user/Desktop/rosProject/install/tutorial_interfaces/local/lib/python3.10/dist-packages/tutorial_interfaces/msg/_ball_s.c
[1.862s] -- Up-to-date: /home/ram-user/Desktop/rosProject/install/tutorial_interfaces/local/lib/python3.10/dist-packages/tutorial_interfaces/tutorial_interfaces_s__rosidl_typesupport_c.cpython-310-x86_64-linux-gnu.so
[1.862s] -- Up-to-date: /home/ram-user/Desktop/rosProject/install/tutorial_interfaces/local/lib/python3.10/dist-packages/tutorial_interfaces/tutorial_interfaces_s__rosidl_typesupport_introspection_c.cpython-310-x86_64-linux-gnu.so
[1.896s] Listing '/home/ram-user/Desktop/rosProject/install/tutorial_interfaces/local/lib/python3.10/dist-packages/tutorial_interfaces'...
[1.896s] Listing '/home/ram-user/Desktop/rosProject/install/tutorial_interfaces/local/lib/python3.10/dist-packages/tutorial_interfaces/msg'...
[1.902s] -- Up-to-date: /home/ram-user/Desktop/rosProject/install/tutorial_interfaces/local/lib/python3.10/dist-packages/tutorial_interfaces/tutorial_interfaces_s__rosidl_typesupport_fastrtps_c.cpython-310-x86_64-linux-gnu.so
[1.905s] -- Up-to-date: /home/ram-user/Desktop/rosProject/install/tutorial_interfaces/local/lib/python3.10/dist-packages/tutorial_interfaces/tutorial_interfaces_s__rosidl_typesupport_introspection_c.cpython-310-x86_64-linux-gnu.so
[1.906s] -- Up-to-date: /home/ram-user/Desktop/rosProject/install/tutorial_interfaces/local/lib/python3.10/dist-packages/tutorial_interfaces/tutorial_interfaces_s__rosidl_typesupport_c.cpython-310-x86_64-linux-gnu.so
[1.908s] -- Up-to-date: /home/ram-user/Desktop/rosProject/install/tutorial_interfaces/lib/libtutorial_interfaces__rosidl_generator_py.so
[1.909s] -- Up-to-date: /home/ram-user/Desktop/rosProject/install/tutorial_interfaces/share/tutorial_interfaces/msg/Ball.idl
[1.909s] -- Up-to-date: /home/ram-user/Desktop/rosProject/install/tutorial_interfaces/share/tutorial_interfaces/msg/Score.idl
[1.909s] -- Up-to-date: /home/ram-user/Desktop/rosProject/install/tutorial_interfaces/share/tutorial_interfaces/msg/Vel.idl
[1.909s] -- Up-to-date: /home/ram-user/Desktop/rosProject/install/tutorial_interfaces/share/tutorial_interfaces/msg/Ball.msg
[1.909s] -- Up-to-date: /home/ram-user/Desktop/rosProject/install/tutorial_interfaces/share/tutorial_interfaces/msg/Score.msg
[1.909s] -- Up-to-date: /home/ram-user/Desktop/rosProject/install/tutorial_interfaces/share/tutorial_interfaces/msg/Vel.msg
[1.910s] -- Up-to-date: /home/ram-user/Desktop/rosProject/install/tutorial_interfaces/share/ament_index/resource_index/package_run_dependencies/tutorial_interfaces
[1.910s] -- Up-to-date: /home/ram-user/Desktop/rosProject/install/tutorial_interfaces/share/ament_index/resource_index/parent_prefix_path/tutorial_interfaces
[1.910s] -- Up-to-date: /home/ram-user/Desktop/rosProject/install/tutorial_interfaces/share/tutorial_interfaces/environment/ament_prefix_path.sh
[1.910s] -- Up-to-date: /home/ram-user/Desktop/rosProject/install/tutorial_interfaces/share/tutorial_interfaces/environment/ament_prefix_path.dsv
[1.910s] -- Up-to-date: /home/ram-user/Desktop/rosProject/install/tutorial_interfaces/share/tutorial_interfaces/environment/path.sh
[1.910s] -- Up-to-date: /home/ram-user/Desktop/rosProject/install/tutorial_interfaces/share/tutorial_interfaces/environment/path.dsv
[1.910s] -- Up-to-date: /home/ram-user/Desktop/rosProject/install/tutorial_interfaces/share/tutorial_interfaces/local_setup.bash
[1.910s] -- Up-to-date: /home/ram-user/Desktop/rosProject/install/tutorial_interfaces/share/tutorial_interfaces/local_setup.sh
[1.910s] -- Up-to-date: /home/ram-user/Desktop/rosProject/install/tutorial_interfaces/share/tutorial_interfaces/local_setup.zsh
[1.910s] -- Up-to-date: /home/ram-user/Desktop/rosProject/install/tutorial_interfaces/share/tutorial_interfaces/local_setup.dsv
[1.911s] -- Installing: /home/ram-user/Desktop/rosProject/install/tutorial_interfaces/share/tutorial_interfaces/package.dsv
[1.912s] -- Up-to-date: /home/ram-user/Desktop/rosProject/install/tutorial_interfaces/share/ament_index/resource_index/packages/tutorial_interfaces
[1.912s] -- Up-to-date: /home/ram-user/Desktop/rosProject/install/tutorial_interfaces/share/tutorial_interfaces/cmake/export_tutorial_interfaces__rosidl_generator_cExport.cmake
[1.913s] -- Up-to-date: /home/ram-user/Desktop/rosProject/install/tutorial_interfaces/share/tutorial_interfaces/cmake/export_tutorial_interfaces__rosidl_generator_cExport-noconfig.cmake
[1.913s] -- Up-to-date: /home/ram-user/Desktop/rosProject/install/tutorial_interfaces/share/tutorial_interfaces/cmake/export_tutorial_interfaces__rosidl_typesupport_fastrtps_cExport.cmake
[1.914s] -- Up-to-date: /home/ram-user/Desktop/rosProject/install/tutorial_interfaces/share/tutorial_interfaces/cmake/export_tutorial_interfaces__rosidl_typesupport_fastrtps_cExport-noconfig.cmake
[1.915s] -- Up-to-date: /home/ram-user/Desktop/rosProject/install/tutorial_interfaces/share/tutorial_interfaces/cmake/export_tutorial_interfaces__rosidl_generator_cppExport.cmake
[1.916s] -- Up-to-date: /home/ram-user/Desktop/rosProject/install/tutorial_interfaces/share/tutorial_interfaces/cmake/export_tutorial_interfaces__rosidl_typesupport_fastrtps_cppExport.cmake
[1.924s] -- Up-to-date: /home/ram-user/Desktop/rosProject/install/tutorial_interfaces/share/tutorial_interfaces/cmake/export_tutorial_interfaces__rosidl_typesupport_fastrtps_cppExport-noconfig.cmake
[1.925s] -- Up-to-date: /home/ram-user/Desktop/rosProject/install/tutorial_interfaces/share/tutorial_interfaces/cmake/tutorial_interfaces__rosidl_typesupport_introspection_cExport.cmake
[1.926s] -- Up-to-date: /home/ram-user/Desktop/rosProject/install/tutorial_interfaces/share/tutorial_interfaces/cmake/tutorial_interfaces__rosidl_typesupport_introspection_cExport-noconfig.cmake
[1.926s] -- Up-to-date: /home/ram-user/Desktop/rosProject/install/tutorial_interfaces/share/tutorial_interfaces/cmake/tutorial_interfaces__rosidl_typesupport_cExport.cmake
[1.926s] -- Up-to-date: /home/ram-user/Desktop/rosProject/install/tutorial_interfaces/share/tutorial_interfaces/cmake/tutorial_interfaces__rosidl_typesupport_cExport-noconfig.cmake
[1.928s] -- Up-to-date: /home/ram-user/Desktop/rosProject/install/tutorial_interfaces/share/tutorial_interfaces/cmake/tutorial_interfaces__rosidl_typesupport_introspection_cppExport.cmake
[1.928s] -- Up-to-date: /home/ram-user/Desktop/rosProject/install/tutorial_interfaces/share/tutorial_interfaces/cmake/tutorial_interfaces__rosidl_typesupport_introspection_cppExport-noconfig.cmake
[1.929s] -- Up-to-date: /home/ram-user/Desktop/rosProject/install/tutorial_interfaces/share/tutorial_interfaces/cmake/tutorial_interfaces__rosidl_typesupport_cppExport.cmake
[1.929s] -- Up-to-date: /home/ram-user/Desktop/rosProject/install/tutorial_interfaces/share/tutorial_interfaces/cmake/tutorial_interfaces__rosidl_typesupport_cppExport-noconfig.cmake
[1.930s] -- Up-to-date: /home/ram-user/Desktop/rosProject/install/tutorial_interfaces/share/tutorial_interfaces/cmake/export_tutorial_interfaces__rosidl_generator_pyExport.cmake
[1.930s] -- Up-to-date: /home/ram-user/Desktop/rosProject/install/tutorial_interfaces/share/tutorial_interfaces/cmake/export_tutorial_interfaces__rosidl_generator_pyExport-noconfig.cmake
[1.932s] -- Up-to-date: /home/ram-user/Desktop/rosProject/install/tutorial_interfaces/share/tutorial_interfaces/cmake/rosidl_cmake-extras.cmake
[1.933s] -- Up-to-date: /home/ram-user/Desktop/rosProject/install/tutorial_interfaces/share/tutorial_interfaces/cmake/ament_cmake_export_include_directories-extras.cmake
[1.933s] -- Up-to-date: /home/ram-user/Desktop/rosProject/install/tutorial_interfaces/share/tutorial_interfaces/cmake/ament_cmake_export_libraries-extras.cmake
[1.933s] -- Up-to-date: /home/ram-user/Desktop/rosProject/install/tutorial_interfaces/share/tutorial_interfaces/cmake/ament_cmake_export_targets-extras.cmake
[1.933s] -- Up-to-date: /home/ram-user/Desktop/rosProject/install/tutorial_interfaces/share/tutorial_interfaces/cmake/rosidl_cmake_export_typesupport_targets-extras.cmake
[1.934s] -- Up-to-date: /home/ram-user/Desktop/rosProject/install/tutorial_interfaces/share/tutorial_interfaces/cmake/ament_cmake_export_dependencies-extras.cmake
[1.934s] -- Up-to-date: /home/ram-user/Desktop/rosProject/install/tutorial_interfaces/share/tutorial_interfaces/cmake/rosidl_cmake_export_typesupport_libraries-extras.cmake
[1.935s] -- Up-to-date: /home/ram-user/Desktop/rosProject/install/tutorial_interfaces/share/tutorial_interfaces/cmake/tutorial_interfacesConfig.cmake
[1.935s] -- Up-to-date: /home/ram-user/Desktop/rosProject/install/tutorial_interfaces/share/tutorial_interfaces/cmake/tutorial_interfacesConfig-version.cmake
[1.935s] -- Up-to-date: /home/ram-user/Desktop/rosProject/install/tutorial_interfaces/share/tutorial_interfaces/package.xml
[1.940s] Invoked command in '/home/ram-user/Desktop/rosProject/build/tutorial_interfaces' returned '0': CMAKE_PREFIX_PATH=/opt/ros/humble /usr/bin/cmake --install /home/ram-user/Desktop/rosProject/build/tutorial_interfaces
