[0.041s] Invoking command in '/home/ram-user/Desktop/rosProject/build/paddle_physics': CMAKE_PREFIX_PATH=/opt/ros/humble /usr/bin/cmake --build /home/ram-user/Desktop/rosProject/build/paddle_physics -- -j2 -l2
[0.208s] [100%] Built target paddle_physics
[0.256s] Invoked command in '/home/ram-user/Desktop/rosProject/build/paddle_physics' returned '0': CMAKE_PREFIX_PATH=/opt/ros/humble /usr/bin/cmake --build /home/ram-user/Desktop/rosProject/build/paddle_physics -- -j2 -l2
[0.395s] Invoking command in '/home/ram-user/Desktop/rosProject/build/paddle_physics': CMAKE_PREFIX_PATH=/opt/ros/humble /usr/bin/cmake --install /home/ram-user/Desktop/rosProject/build/paddle_physics
[0.412s] -- Install configuration: ""
[0.413s] -- Up-to-date: /home/ram-user/Desktop/rosProject/install/paddle_physics/lib/paddle_physics/paddle_physics
[0.414s] -- Up-to-date: /home/ram-user/Desktop/rosProject/install/paddle_physics/share/ament_index/resource_index/package_run_dependencies/paddle_physics
[0.415s] -- Up-to-date: /home/ram-user/Desktop/rosProject/install/paddle_physics/share/ament_index/resource_index/parent_prefix_path/paddle_physics
[0.415s] -- Up-to-date: /home/ram-user/Desktop/rosProject/install/paddle_physics/share/paddle_physics/environment/ament_prefix_path.sh
[0.415s] -- Up-to-date: /home/ram-user/Desktop/rosProject/install/paddle_physics/share/paddle_physics/environment/ament_prefix_path.dsv
[0.416s] -- Up-to-date: /home/ram-user/Desktop/rosProject/install/paddle_physics/share/paddle_physics/environment/path.sh
[0.416s] -- Up-to-date: /home/ram-user/Desktop/rosProject/install/paddle_physics/share/paddle_physics/environment/path.dsv
[0.416s] -- Up-to-date: /home/ram-user/Desktop/rosProject/install/paddle_physics/share/paddle_physics/local_setup.bash
[0.417s] -- Up-to-date: /home/ram-user/Desktop/rosProject/install/paddle_physics/share/paddle_physics/local_setup.sh
[0.417s] -- Up-to-date: /home/ram-user/Desktop/rosProject/install/paddle_physics/share/paddle_physics/local_setup.zsh
[0.418s] -- Up-to-date: /home/ram-user/Desktop/rosProject/install/paddle_physics/share/paddle_physics/local_setup.dsv
[0.419s] -- Installing: /home/ram-user/Desktop/rosProject/install/paddle_physics/share/paddle_physics/package.dsv
[0.421s] -- Up-to-date: /home/ram-user/Desktop/rosProject/install/paddle_physics/share/ament_index/resource_index/packages/paddle_physics
[0.422s] -- Up-to-date: /home/ram-user/Desktop/rosProject/install/paddle_physics/share/paddle_physics/cmake/paddle_physicsConfig.cmake
[0.422s] -- Up-to-date: /home/ram-user/Desktop/rosProject/install/paddle_physics/share/paddle_physics/cmake/paddle_physicsConfig-version.cmake
[0.422s] -- Up-to-date: /home/ram-user/Desktop/rosProject/install/paddle_physics/share/paddle_physics/package.xml
[0.444s] Invoked command in '/home/ram-user/Desktop/rosProject/build/paddle_physics' returned '0': CMAKE_PREFIX_PATH=/opt/ros/humble /usr/bin/cmake --install /home/ram-user/Desktop/rosProject/build/paddle_physics
