[0.062s] Invoking command in '/home/ram-user/Desktop/rosProject/build/keyboard_input': CMAKE_PREFIX_PATH=${CMAKE_PREFIX_PATH}:/opt/ros/humble /usr/bin/cmake --build /home/ram-user/Desktop/rosProject/build/keyboard_input -- -j2 -l2
[0.466s] [100%] Built target keyboard_input
[0.530s] Invoked command in '/home/ram-user/Desktop/rosProject/build/keyboard_input' returned '0': CMAKE_PREFIX_PATH=${CMAKE_PREFIX_PATH}:/opt/ros/humble /usr/bin/cmake --build /home/ram-user/Desktop/rosProject/build/keyboard_input -- -j2 -l2
[0.692s] Invoking command in '/home/ram-user/Desktop/rosProject/build/keyboard_input': CMAKE_PREFIX_PATH=${CMAKE_PREFIX_PATH}:/opt/ros/humble /usr/bin/cmake --install /home/ram-user/Desktop/rosProject/build/keyboard_input
[0.709s] -- Install configuration: ""
[0.711s] -- Up-to-date: /home/ram-user/Desktop/rosProject/install/keyboard_input/lib/keyboard_input/keyboard_input
[0.713s] -- Up-to-date: /home/ram-user/Desktop/rosProject/install/keyboard_input/share/keyboard_input//launch
[0.715s] -- Up-to-date: /home/ram-user/Desktop/rosProject/install/keyboard_input/share/keyboard_input//launch/keyboard_input_launch.py
[0.717s] -- Up-to-date: /home/ram-user/Desktop/rosProject/install/keyboard_input/share/ament_index/resource_index/package_run_dependencies/keyboard_input
[0.718s] -- Up-to-date: /home/ram-user/Desktop/rosProject/install/keyboard_input/share/ament_index/resource_index/parent_prefix_path/keyboard_input
[0.720s] -- Up-to-date: /home/ram-user/Desktop/rosProject/install/keyboard_input/share/keyboard_input/environment/ament_prefix_path.sh
[0.721s] -- Up-to-date: /home/ram-user/Desktop/rosProject/install/keyboard_input/share/keyboard_input/environment/ament_prefix_path.dsv
[0.723s] -- Up-to-date: /home/ram-user/Desktop/rosProject/install/keyboard_input/share/keyboard_input/environment/path.sh
[0.727s] -- Up-to-date: /home/ram-user/Desktop/rosProject/install/keyboard_input/share/keyboard_input/environment/path.dsv
[0.729s] -- Up-to-date: /home/ram-user/Desktop/rosProject/install/keyboard_input/share/keyboard_input/local_setup.bash
[0.730s] -- Up-to-date: /home/ram-user/Desktop/rosProject/install/keyboard_input/share/keyboard_input/local_setup.sh
[0.731s] -- Up-to-date: /home/ram-user/Desktop/rosProject/install/keyboard_input/share/keyboard_input/local_setup.zsh
[0.732s] -- Up-to-date: /home/ram-user/Desktop/rosProject/install/keyboard_input/share/keyboard_input/local_setup.dsv
[0.733s] -- Installing: /home/ram-user/Desktop/rosProject/install/keyboard_input/share/keyboard_input/package.dsv
[0.735s] -- Up-to-date: /home/ram-user/Desktop/rosProject/install/keyboard_input/share/ament_index/resource_index/packages/keyboard_input
[0.736s] -- Up-to-date: /home/ram-user/Desktop/rosProject/install/keyboard_input/share/keyboard_input/cmake/keyboard_inputConfig.cmake
[0.738s] -- Up-to-date: /home/ram-user/Desktop/rosProject/install/keyboard_input/share/keyboard_input/cmake/keyboard_inputConfig-version.cmake
[0.741s] -- Up-to-date: /home/ram-user/Desktop/rosProject/install/keyboard_input/share/keyboard_input/package.xml
[0.751s] Invoked command in '/home/ram-user/Desktop/rosProject/build/keyboard_input' returned '0': CMAKE_PREFIX_PATH=${CMAKE_PREFIX_PATH}:/opt/ros/humble /usr/bin/cmake --install /home/ram-user/Desktop/rosProject/build/keyboard_input
