[0.057s] Invoking command in '/home/ram-user/Desktop/rosProject/build/visualization_package': CMAKE_PREFIX_PATH=/home/ram-user/Desktop/rosProject/install/tutorial_interfaces:/home/ram-user/Desktop/rosProject/install/visualization_package:/home/ram-user/Desktop/rosProject/install/score:/home/ram-user/Desktop/rosProject/install/pong_core:/home/ram-user/Desktop/rosProject/install/cpp_publisher:/home/ram-user/Desktop/rosProject/install/paddle_physics:/home/ram-user/Desktop/rosProject/install/keyboard_input:/home/ram-user/Desktop/rosProject/install/image_input:/opt/ros/humble /usr/bin/cmake --build /home/ram-user/Desktop/rosProject/build/visualization_package -- -j2 -l2
[0.108s] -- Found ament_cmake: 1.3.3 (/opt/ros/humble/share/ament_cmake/cmake)
[0.522s] -- Found rclcpp: 16.0.3 (/opt/ros/humble/share/rclcpp/cmake)
[0.613s] -- Found rosidl_generator_c: 3.1.4 (/opt/ros/humble/share/rosidl_generator_c/cmake)
[0.624s] -- Found rosidl_adapter: 3.1.4 (/opt/ros/humble/share/rosidl_adapter/cmake)
[0.644s] -- Found rosidl_generator_cpp: 3.1.4 (/opt/ros/humble/share/rosidl_generator_cpp/cmake)
[0.676s] -- Using all available rosidl_typesupport_c: rosidl_typesupport_fastrtps_c;rosidl_typesupport_introspection_c
[0.718s] -- Using all available rosidl_typesupport_cpp: rosidl_typesupport_fastrtps_cpp;rosidl_typesupport_introspection_cpp
[0.885s] -- Found rmw_implementation_cmake: 6.1.1 (/opt/ros/humble/share/rmw_implementation_cmake/cmake)
[0.895s] -- Found rmw_fastrtps_cpp: 6.2.2 (/opt/ros/humble/share/rmw_fastrtps_cpp/cmake)
[1.134s] -- Using RMW implementation 'rmw_fastrtps_cpp' as default
[1.469s] -- Found ament_lint_auto: 0.12.5 (/opt/ros/humble/share/ament_lint_auto/cmake)
[1.601s] -- Added test 'cppcheck' to perform static code analysis on C / C++ code
[1.601s] -- Configured cppcheck include dirs: $<BUILD_INTERFACE:/home/ram-user/Desktop/rosProject/src/visualization_package/include>
[1.602s] -- Configured cppcheck exclude dirs and/or files: 
[1.604s] -- Added test 'lint_cmake' to check CMake code style
[1.610s] -- Added test 'uncrustify' to check C / C++ code style
[1.611s] -- Configured uncrustify additional arguments: 
[1.613s] -- Added test 'xmllint' to check XML markup files
[1.618s] -- Configuring done
[1.661s] -- Generating done
[1.667s] -- Build files have been written to: /home/ram-user/Desktop/rosProject/build/visualization_package
[1.718s] [35m[1mConsolidate compiler generated dependencies of target visualization_package[0m
[1.756s] [ 25%] [32mBuilding CXX object CMakeFiles/visualization_package.dir/src/my_node.cpp.o[0m
[1.759s] [ 50%] [32mBuilding CXX object CMakeFiles/visualization_package.dir/src/SDL2_UI.cpp.o[0m
[1.962s] [01m[K/home/ram-user/Desktop/rosProject/src/visualization_package/src/my_node.cpp:8:10:[m[K [01;31m[Kfatal error: [m[Krclcpp/rclcpp.hpp: No such file or directory
[1.962s]     8 | #include [01;31m[K"rclcpp/rclcpp.hpp"[m[K
[1.963s]       |          [01;31m[K^~~~~~~~~~~~~~~~~~~[m[K
[1.963s] compilation terminated.
[1.970s] gmake[2]: *** [CMakeFiles/visualization_package.dir/build.make:76: CMakeFiles/visualization_package.dir/src/my_node.cpp.o] Error 1
[1.970s] gmake[2]: *** Waiting for unfinished jobs....
[2.930s] gmake[1]: *** [CMakeFiles/Makefile2:137: CMakeFiles/visualization_package.dir/all] Error 2
[2.931s] gmake: *** [Makefile:146: all] Error 2
[2.937s] Invoked command in '/home/ram-user/Desktop/rosProject/build/visualization_package' returned '2': CMAKE_PREFIX_PATH=/home/ram-user/Desktop/rosProject/install/tutorial_interfaces:/home/ram-user/Desktop/rosProject/install/visualization_package:/home/ram-user/Desktop/rosProject/install/score:/home/ram-user/Desktop/rosProject/install/pong_core:/home/ram-user/Desktop/rosProject/install/cpp_publisher:/home/ram-user/Desktop/rosProject/install/paddle_physics:/home/ram-user/Desktop/rosProject/install/keyboard_input:/home/ram-user/Desktop/rosProject/install/image_input:/opt/ros/humble /usr/bin/cmake --build /home/ram-user/Desktop/rosProject/build/visualization_package -- -j2 -l2
