[0.082s] Invoking command in '/home/ram-user/Desktop/rosProject/build/tutorial_interfaces': CMAKE_PREFIX_PATH=/opt/ros/humble /usr/bin/cmake --build /home/ram-user/Desktop/rosProject/build/tutorial_interfaces -- -j2 -l2
[0.228s] [  2%] Built target tutorial_interfaces__cpp
[0.253s] [ 12%] Built target tutorial_interfaces__rosidl_generator_c
[0.317s] [ 12%] Built target ament_cmake_python_copy_tutorial_interfaces
[0.320s] [ 23%] Built target tutorial_interfaces__rosidl_typesupport_cpp
[0.374s] [ 34%] Built target tutorial_interfaces__rosidl_typesupport_fastrtps_c
[0.389s] [ 44%] Built target tutorial_interfaces__rosidl_typesupport_fastrtps_cpp
[0.441s] [ 55%] Built target tutorial_interfaces__rosidl_typesupport_introspection_c
[0.478s] [ 65%] Built target tutorial_interfaces__rosidl_typesupport_c
[0.509s] [ 76%] Built target tutorial_interfaces__rosidl_typesupport_introspection_cpp
[0.579s] [ 76%] Built target tutorial_interfaces
[0.649s] [ 78%] Built target tutorial_interfaces__py
[0.711s] [ 87%] Built target tutorial_interfaces__rosidl_generator_py
[0.767s] [ 91%] Built target tutorial_interfaces__rosidl_typesupport_fastrtps_c__pyext
[0.910s] [ 95%] Built target tutorial_interfaces__rosidl_typesupport_introspection_c__pyext
[1.010s] [100%] Built target tutorial_interfaces__rosidl_typesupport_c__pyext
[1.232s] running egg_info
[1.233s] writing tutorial_interfaces.egg-info/PKG-INFO
[1.235s] writing dependency_links to tutorial_interfaces.egg-info/dependency_links.txt
[1.236s] writing top-level names to tutorial_interfaces.egg-info/top_level.txt
[1.240s] reading manifest file 'tutorial_interfaces.egg-info/SOURCES.txt'
[1.241s] writing manifest file 'tutorial_interfaces.egg-info/SOURCES.txt'
[1.297s] [100%] Built target ament_cmake_python_build_tutorial_interfaces_egg
[1.325s] Invoked command in '/home/ram-user/Desktop/rosProject/build/tutorial_interfaces' returned '0': CMAKE_PREFIX_PATH=/opt/ros/humble /usr/bin/cmake --build /home/ram-user/Desktop/rosProject/build/tutorial_interfaces -- -j2 -l2
[1.627s] Invoking command in '/home/ram-user/Desktop/rosProject/build/tutorial_interfaces': CMAKE_PREFIX_PATH=/opt/ros/humble /usr/bin/cmake --install /home/ram-user/Desktop/rosProject/build/tutorial_interfaces
[1.654s] -- Install configuration: ""
[1.660s] -- Up-to-date: /home/ram-user/Desktop/rosProject/install/tutorial_interfaces/share/ament_index/resource_index/rosidl_interfaces/tutorial_interfaces
[1.660s] -- Up-to-date: /home/ram-user/Desktop/rosProject/install/tutorial_interfaces/include/tutorial_interfaces/tutorial_interfaces
[1.660s] -- Up-to-date: /home/ram-user/Desktop/rosProject/install/tutorial_interfaces/include/tutorial_interfaces/tutorial_interfaces/msg
[1.660s] -- Up-to-date: /home/ram-user/Desktop/rosProject/install/tutorial_interfaces/include/tutorial_interfaces/tutorial_interfaces/msg/ball.h
[1.660s] -- Up-to-date: /home/ram-user/Desktop/rosProject/install/tutorial_interfaces/include/tutorial_interfaces/tutorial_interfaces/msg/detail
[1.660s] -- Up-to-date: /home/ram-user/Desktop/rosProject/install/tutorial_interfaces/include/tutorial_interfaces/tutorial_interfaces/msg/detail/ball__struct.h
[1.660s] -- Up-to-date: /home/ram-user/Desktop/rosProject/install/tutorial_interfaces/include/tutorial_interfaces/tutorial_interfaces/msg/detail/vel__functions.c
[1.660s] -- Up-to-date: /home/ram-user/Desktop/rosProject/install/tutorial_interfaces/include/tutorial_interfaces/tutorial_interfaces/msg/detail/ball__type_support.h
[1.660s] -- Up-to-date: /home/ram-user/Desktop/rosProject/install/tutorial_interfaces/include/tutorial_interfaces/tutorial_interfaces/msg/detail/vel__type_support.h
[1.660s] -- Up-to-date: /home/ram-user/Desktop/rosProject/install/tutorial_interfaces/include/tutorial_interfaces/tutorial_interfaces/msg/detail/vel__struct.h
[1.660s] -- Up-to-date: /home/ram-user/Desktop/rosProject/install/tutorial_interfaces/include/tutorial_interfaces/tutorial_interfaces/msg/detail/score__functions.c
[1.661s] -- Up-to-date: /home/ram-user/Desktop/rosProject/install/tutorial_interfaces/include/tutorial_interfaces/tutorial_interfaces/msg/detail/score__functions.h
[1.661s] -- Up-to-date: /home/ram-user/Desktop/rosProject/install/tutorial_interfaces/include/tutorial_interfaces/tutorial_interfaces/msg/detail/ball__functions.h
[1.661s] -- Up-to-date: /home/ram-user/Desktop/rosProject/install/tutorial_interfaces/include/tutorial_interfaces/tutorial_interfaces/msg/detail/score__struct.h
[1.661s] -- Up-to-date: /home/ram-user/Desktop/rosProject/install/tutorial_interfaces/include/tutorial_interfaces/tutorial_interfaces/msg/detail/vel__functions.h
[1.661s] -- Up-to-date: /home/ram-user/Desktop/rosProject/install/tutorial_interfaces/include/tutorial_interfaces/tutorial_interfaces/msg/detail/score__type_support.h
[1.661s] -- Up-to-date: /home/ram-user/Desktop/rosProject/install/tutorial_interfaces/include/tutorial_interfaces/tutorial_interfaces/msg/detail/ball__functions.c
[1.661s] -- Up-to-date: /home/ram-user/Desktop/rosProject/install/tutorial_interfaces/include/tutorial_interfaces/tutorial_interfaces/msg/rosidl_generator_c__visibility_control.h
[1.661s] -- Up-to-date: /home/ram-user/Desktop/rosProject/install/tutorial_interfaces/include/tutorial_interfaces/tutorial_interfaces/msg/vel.h
[1.661s] -- Up-to-date: /home/ram-user/Desktop/rosProject/install/tutorial_interfaces/include/tutorial_interfaces/tutorial_interfaces/msg/score.h
[1.661s] -- Up-to-date: /home/ram-user/Desktop/rosProject/install/tutorial_interfaces/share/tutorial_interfaces/environment/library_path.sh
[1.661s] -- Up-to-date: /home/ram-user/Desktop/rosProject/install/tutorial_interfaces/share/tutorial_interfaces/environment/library_path.dsv
[1.661s] -- Up-to-date: /home/ram-user/Desktop/rosProject/install/tutorial_interfaces/lib/libtutorial_interfaces__rosidl_generator_c.so
[1.661s] -- Up-to-date: /home/ram-user/Desktop/rosProject/install/tutorial_interfaces/include/tutorial_interfaces/tutorial_interfaces
[1.662s] -- Up-to-date: /home/ram-user/Desktop/rosProject/install/tutorial_interfaces/include/tutorial_interfaces/tutorial_interfaces/msg
[1.662s] -- Up-to-date: /home/ram-user/Desktop/rosProject/install/tutorial_interfaces/include/tutorial_interfaces/tutorial_interfaces/msg/rosidl_typesupport_fastrtps_c__visibility_control.h
[1.662s] -- Up-to-date: /home/ram-user/Desktop/rosProject/install/tutorial_interfaces/include/tutorial_interfaces/tutorial_interfaces/msg/detail
[1.662s] -- Up-to-date: /home/ram-user/Desktop/rosProject/install/tutorial_interfaces/include/tutorial_interfaces/tutorial_interfaces/msg/detail/ball__rosidl_typesupport_fastrtps_c.h
[1.662s] -- Up-to-date: /home/ram-user/Desktop/rosProject/install/tutorial_interfaces/include/tutorial_interfaces/tutorial_interfaces/msg/detail/vel__rosidl_typesupport_fastrtps_c.h
[1.662s] -- Up-to-date: /home/ram-user/Desktop/rosProject/install/tutorial_interfaces/include/tutorial_interfaces/tutorial_interfaces/msg/detail/score__rosidl_typesupport_fastrtps_c.h
[1.662s] -- Up-to-date: /home/ram-user/Desktop/rosProject/install/tutorial_interfaces/lib/libtutorial_interfaces__rosidl_typesupport_fastrtps_c.so
[1.662s] -- Up-to-date: /home/ram-user/Desktop/rosProject/install/tutorial_interfaces/include/tutorial_interfaces/tutorial_interfaces
[1.662s] -- Up-to-date: /home/ram-user/Desktop/rosProject/install/tutorial_interfaces/include/tutorial_interfaces/tutorial_interfaces/msg
[1.662s] -- Up-to-date: /home/ram-user/Desktop/rosProject/install/tutorial_interfaces/include/tutorial_interfaces/tutorial_interfaces/msg/score.hpp
[1.662s] -- Up-to-date: /home/ram-user/Desktop/rosProject/install/tutorial_interfaces/include/tutorial_interfaces/tutorial_interfaces/msg/detail
[1.662s] -- Up-to-date: /home/ram-user/Desktop/rosProject/install/tutorial_interfaces/include/tutorial_interfaces/tutorial_interfaces/msg/detail/ball__traits.hpp
[1.662s] -- Up-to-date: /home/ram-user/Desktop/rosProject/install/tutorial_interfaces/include/tutorial_interfaces/tutorial_interfaces/msg/detail/score__traits.hpp
[1.663s] -- Up-to-date: /home/ram-user/Desktop/rosProject/install/tutorial_interfaces/include/tutorial_interfaces/tutorial_interfaces/msg/detail/ball__struct.hpp
[1.663s] -- Up-to-date: /home/ram-user/Desktop/rosProject/install/tutorial_interfaces/include/tutorial_interfaces/tutorial_interfaces/msg/detail/score__struct.hpp
[1.663s] -- Up-to-date: /home/ram-user/Desktop/rosProject/install/tutorial_interfaces/include/tutorial_interfaces/tutorial_interfaces/msg/detail/vel__struct.hpp
[1.668s] -- Up-to-date: /home/ram-user/Desktop/rosProject/install/tutorial_interfaces/include/tutorial_interfaces/tutorial_interfaces/msg/detail/score__builder.hpp
[1.668s] -- Up-to-date: /home/ram-user/Desktop/rosProject/install/tutorial_interfaces/include/tutorial_interfaces/tutorial_interfaces/msg/detail/vel__builder.hpp
[1.669s] -- Up-to-date: /home/ram-user/Desktop/rosProject/install/tutorial_interfaces/include/tutorial_interfaces/tutorial_interfaces/msg/detail/ball__builder.hpp
[1.670s] -- Up-to-date: /home/ram-user/Desktop/rosProject/install/tutorial_interfaces/include/tutorial_interfaces/tutorial_interfaces/msg/detail/vel__traits.hpp
[1.670s] -- Up-to-date: /home/ram-user/Desktop/rosProject/install/tutorial_interfaces/include/tutorial_interfaces/tutorial_interfaces/msg/vel.hpp
[1.670s] -- Up-to-date: /home/ram-user/Desktop/rosProject/install/tutorial_interfaces/include/tutorial_interfaces/tutorial_interfaces/msg/ball.hpp
[1.670s] -- Up-to-date: /home/ram-user/Desktop/rosProject/install/tutorial_interfaces/include/tutorial_interfaces/tutorial_interfaces
[1.670s] -- Up-to-date: /home/ram-user/Desktop/rosProject/install/tutorial_interfaces/include/tutorial_interfaces/tutorial_interfaces/msg
[1.670s] -- Up-to-date: /home/ram-user/Desktop/rosProject/install/tutorial_interfaces/include/tutorial_interfaces/tutorial_interfaces/msg/detail
[1.671s] -- Up-to-date: /home/ram-user/Desktop/rosProject/install/tutorial_interfaces/include/tutorial_interfaces/tutorial_interfaces/msg/detail/vel__rosidl_typesupport_fastrtps_cpp.hpp
[1.671s] -- Up-to-date: /home/ram-user/Desktop/rosProject/install/tutorial_interfaces/include/tutorial_interfaces/tutorial_interfaces/msg/detail/score__rosidl_typesupport_fastrtps_cpp.hpp
[1.671s] -- Up-to-date: /home/ram-user/Desktop/rosProject/install/tutorial_interfaces/include/tutorial_interfaces/tutorial_interfaces/msg/detail/dds_fastrtps
[1.671s] -- Up-to-date: /home/ram-user/Desktop/rosProject/install/tutorial_interfaces/include/tutorial_interfaces/tutorial_interfaces/msg/detail/ball__rosidl_typesupport_fastrtps_cpp.hpp
[1.671s] -- Up-to-date: /home/ram-user/Desktop/rosProject/install/tutorial_interfaces/include/tutorial_interfaces/tutorial_interfaces/msg/rosidl_typesupport_fastrtps_cpp__visibility_control.h
[1.671s] -- Up-to-date: /home/ram-user/Desktop/rosProject/install/tutorial_interfaces/lib/libtutorial_interfaces__rosidl_typesupport_fastrtps_cpp.so
[1.671s] -- Up-to-date: /home/ram-user/Desktop/rosProject/install/tutorial_interfaces/include/tutorial_interfaces/tutorial_interfaces
[1.671s] -- Up-to-date: /home/ram-user/Desktop/rosProject/install/tutorial_interfaces/include/tutorial_interfaces/tutorial_interfaces/msg
[1.671s] -- Up-to-date: /home/ram-user/Desktop/rosProject/install/tutorial_interfaces/include/tutorial_interfaces/tutorial_interfaces/msg/rosidl_typesupport_introspection_c__visibility_control.h
[1.671s] -- Up-to-date: /home/ram-user/Desktop/rosProject/install/tutorial_interfaces/include/tutorial_interfaces/tutorial_interfaces/msg/detail
[1.671s] -- Up-to-date: /home/ram-user/Desktop/rosProject/install/tutorial_interfaces/include/tutorial_interfaces/tutorial_interfaces/msg/detail/ball__rosidl_typesupport_introspection_c.h
[1.671s] -- Up-to-date: /home/ram-user/Desktop/rosProject/install/tutorial_interfaces/include/tutorial_interfaces/tutorial_interfaces/msg/detail/score__type_support.c
[1.671s] -- Up-to-date: /home/ram-user/Desktop/rosProject/install/tutorial_interfaces/include/tutorial_interfaces/tutorial_interfaces/msg/detail/score__rosidl_typesupport_introspection_c.h
[1.672s] -- Up-to-date: /home/ram-user/Desktop/rosProject/install/tutorial_interfaces/include/tutorial_interfaces/tutorial_interfaces/msg/detail/ball__type_support.c
[1.672s] -- Up-to-date: /home/ram-user/Desktop/rosProject/install/tutorial_interfaces/include/tutorial_interfaces/tutorial_interfaces/msg/detail/vel__type_support.c
[1.672s] -- Up-to-date: /home/ram-user/Desktop/rosProject/install/tutorial_interfaces/include/tutorial_interfaces/tutorial_interfaces/msg/detail/vel__rosidl_typesupport_introspection_c.h
[1.672s] -- Up-to-date: /home/ram-user/Desktop/rosProject/install/tutorial_interfaces/lib/libtutorial_interfaces__rosidl_typesupport_introspection_c.so
[1.672s] -- Up-to-date: /home/ram-user/Desktop/rosProject/install/tutorial_interfaces/lib/libtutorial_interfaces__rosidl_typesupport_c.so
[1.672s] -- Up-to-date: /home/ram-user/Desktop/rosProject/install/tutorial_interfaces/include/tutorial_interfaces/tutorial_interfaces
[1.679s] -- Up-to-date: /home/ram-user/Desktop/rosProject/install/tutorial_interfaces/include/tutorial_interfaces/tutorial_interfaces/msg
[1.679s] -- Up-to-date: /home/ram-user/Desktop/rosProject/install/tutorial_interfaces/include/tutorial_interfaces/tutorial_interfaces/msg/detail
[1.679s] -- Up-to-date: /home/ram-user/Desktop/rosProject/install/tutorial_interfaces/include/tutorial_interfaces/tutorial_interfaces/msg/detail/vel__rosidl_typesupport_introspection_cpp.hpp
[1.679s] -- Up-to-date: /home/ram-user/Desktop/rosProject/install/tutorial_interfaces/include/tutorial_interfaces/tutorial_interfaces/msg/detail/score__type_support.cpp
[1.679s] -- Up-to-date: /home/ram-user/Desktop/rosProject/install/tutorial_interfaces/include/tutorial_interfaces/tutorial_interfaces/msg/detail/ball__type_support.cpp
[1.680s] -- Up-to-date: /home/ram-user/Desktop/rosProject/install/tutorial_interfaces/include/tutorial_interfaces/tutorial_interfaces/msg/detail/score__rosidl_typesupport_introspection_cpp.hpp
[1.680s] -- Up-to-date: /home/ram-user/Desktop/rosProject/install/tutorial_interfaces/include/tutorial_interfaces/tutorial_interfaces/msg/detail/ball__rosidl_typesupport_introspection_cpp.hpp
[1.680s] -- Up-to-date: /home/ram-user/Desktop/rosProject/install/tutorial_interfaces/include/tutorial_interfaces/tutorial_interfaces/msg/detail/vel__type_support.cpp
[1.680s] -- Up-to-date: /home/ram-user/Desktop/rosProject/install/tutorial_interfaces/lib/libtutorial_interfaces__rosidl_typesupport_introspection_cpp.so
[1.680s] -- Up-to-date: /home/ram-user/Desktop/rosProject/install/tutorial_interfaces/lib/libtutorial_interfaces__rosidl_typesupport_cpp.so
[1.680s] -- Up-to-date: /home/ram-user/Desktop/rosProject/install/tutorial_interfaces/share/tutorial_interfaces/environment/pythonpath.sh
[1.680s] -- Up-to-date: /home/ram-user/Desktop/rosProject/install/tutorial_interfaces/share/tutorial_interfaces/environment/pythonpath.dsv
[1.680s] -- Up-to-date: /home/ram-user/Desktop/rosProject/install/tutorial_interfaces/local/lib/python3.10/dist-packages/tutorial_interfaces-0.0.0-py3.10.egg-info
[1.680s] -- Installing: /home/ram-user/Desktop/rosProject/install/tutorial_interfaces/local/lib/python3.10/dist-packages/tutorial_interfaces-0.0.0-py3.10.egg-info/dependency_links.txt
[1.680s] -- Installing: /home/ram-user/Desktop/rosProject/install/tutorial_interfaces/local/lib/python3.10/dist-packages/tutorial_interfaces-0.0.0-py3.10.egg-info/top_level.txt
[1.680s] -- Installing: /home/ram-user/Desktop/rosProject/install/tutorial_interfaces/local/lib/python3.10/dist-packages/tutorial_interfaces-0.0.0-py3.10.egg-info/PKG-INFO
[1.681s] -- Installing: /home/ram-user/Desktop/rosProject/install/tutorial_interfaces/local/lib/python3.10/dist-packages/tutorial_interfaces-0.0.0-py3.10.egg-info/SOURCES.txt
[1.681s] -- Up-to-date: /home/ram-user/Desktop/rosProject/install/tutorial_interfaces/local/lib/python3.10/dist-packages/tutorial_interfaces
[1.681s] -- Up-to-date: /home/ram-user/Desktop/rosProject/install/tutorial_interfaces/local/lib/python3.10/dist-packages/tutorial_interfaces/__init__.py
[1.682s] -- Up-to-date: /home/ram-user/Desktop/rosProject/install/tutorial_interfaces/local/lib/python3.10/dist-packages/tutorial_interfaces/_tutorial_interfaces_s.ep.rosidl_typesupport_c.c
[1.682s] -- Up-to-date: /home/ram-user/Desktop/rosProject/install/tutorial_interfaces/local/lib/python3.10/dist-packages/tutorial_interfaces/_tutorial_interfaces_s.ep.rosidl_typesupport_fastrtps_c.c
[1.682s] -- Up-to-date: /home/ram-user/Desktop/rosProject/install/tutorial_interfaces/local/lib/python3.10/dist-packages/tutorial_interfaces/_tutorial_interfaces_s.ep.rosidl_typesupport_introspection_c.c
[1.682s] -- Up-to-date: /home/ram-user/Desktop/rosProject/install/tutorial_interfaces/local/lib/python3.10/dist-packages/tutorial_interfaces/libtutorial_interfaces__rosidl_generator_py.so
[1.682s] -- Up-to-date: /home/ram-user/Desktop/rosProject/install/tutorial_interfaces/local/lib/python3.10/dist-packages/tutorial_interfaces/tutorial_interfaces_s__rosidl_typesupport_fastrtps_c.cpython-310-x86_64-linux-gnu.so
[1.683s] -- Up-to-date: /home/ram-user/Desktop/rosProject/install/tutorial_interfaces/local/lib/python3.10/dist-packages/tutorial_interfaces/msg
[1.683s] -- Up-to-date: /home/ram-user/Desktop/rosProject/install/tutorial_interfaces/local/lib/python3.10/dist-packages/tutorial_interfaces/msg/__init__.py
[1.683s] -- Up-to-date: /home/ram-user/Desktop/rosProject/install/tutorial_interfaces/local/lib/python3.10/dist-packages/tutorial_interfaces/msg/_score_s.c
[1.683s] -- Up-to-date: /home/ram-user/Desktop/rosProject/install/tutorial_interfaces/local/lib/python3.10/dist-packages/tutorial_interfaces/msg/_vel_s.c
[1.683s] -- Up-to-date: /home/ram-user/Desktop/rosProject/install/tutorial_interfaces/local/lib/python3.10/dist-packages/tutorial_interfaces/msg/_ball.py
[1.684s] -- Up-to-date: /home/ram-user/Desktop/rosProject/install/tutorial_interfaces/local/lib/python3.10/dist-packages/tutorial_interfaces/msg/_score.py
[1.684s] -- Up-to-date: /home/ram-user/Desktop/rosProject/install/tutorial_interfaces/local/lib/python3.10/dist-packages/tutorial_interfaces/msg/_vel.py
[1.684s] -- Up-to-date: /home/ram-user/Desktop/rosProject/install/tutorial_interfaces/local/lib/python3.10/dist-packages/tutorial_interfaces/msg/_ball_s.c
[1.684s] -- Up-to-date: /home/ram-user/Desktop/rosProject/install/tutorial_interfaces/local/lib/python3.10/dist-packages/tutorial_interfaces/tutorial_interfaces_s__rosidl_typesupport_c.cpython-310-x86_64-linux-gnu.so
[1.684s] -- Up-to-date: /home/ram-user/Desktop/rosProject/install/tutorial_interfaces/local/lib/python3.10/dist-packages/tutorial_interfaces/tutorial_interfaces_s__rosidl_typesupport_introspection_c.cpython-310-x86_64-linux-gnu.so
[1.720s] Listing '/home/ram-user/Desktop/rosProject/install/tutorial_interfaces/local/lib/python3.10/dist-packages/tutorial_interfaces'...
[1.720s] Listing '/home/ram-user/Desktop/rosProject/install/tutorial_interfaces/local/lib/python3.10/dist-packages/tutorial_interfaces/msg'...
[1.730s] -- Up-to-date: /home/ram-user/Desktop/rosProject/install/tutorial_interfaces/local/lib/python3.10/dist-packages/tutorial_interfaces/tutorial_interfaces_s__rosidl_typesupport_fastrtps_c.cpython-310-x86_64-linux-gnu.so
[1.731s] -- Up-to-date: /home/ram-user/Desktop/rosProject/install/tutorial_interfaces/local/lib/python3.10/dist-packages/tutorial_interfaces/tutorial_interfaces_s__rosidl_typesupport_introspection_c.cpython-310-x86_64-linux-gnu.so
[1.731s] -- Up-to-date: /home/ram-user/Desktop/rosProject/install/tutorial_interfaces/local/lib/python3.10/dist-packages/tutorial_interfaces/tutorial_interfaces_s__rosidl_typesupport_c.cpython-310-x86_64-linux-gnu.so
[1.731s] -- Up-to-date: /home/ram-user/Desktop/rosProject/install/tutorial_interfaces/lib/libtutorial_interfaces__rosidl_generator_py.so
[1.732s] -- Up-to-date: /home/ram-user/Desktop/rosProject/install/tutorial_interfaces/share/tutorial_interfaces/msg/Ball.idl
[1.732s] -- Up-to-date: /home/ram-user/Desktop/rosProject/install/tutorial_interfaces/share/tutorial_interfaces/msg/Score.idl
[1.732s] -- Up-to-date: /home/ram-user/Desktop/rosProject/install/tutorial_interfaces/share/tutorial_interfaces/msg/Vel.idl
[1.732s] -- Up-to-date: /home/ram-user/Desktop/rosProject/install/tutorial_interfaces/share/tutorial_interfaces/msg/Ball.msg
[1.735s] -- Up-to-date: /home/ram-user/Desktop/rosProject/install/tutorial_interfaces/share/tutorial_interfaces/msg/Score.msg
[1.736s] -- Up-to-date: /home/ram-user/Desktop/rosProject/install/tutorial_interfaces/share/tutorial_interfaces/msg/Vel.msg
[1.737s] -- Up-to-date: /home/ram-user/Desktop/rosProject/install/tutorial_interfaces/share/ament_index/resource_index/package_run_dependencies/tutorial_interfaces
[1.737s] -- Up-to-date: /home/ram-user/Desktop/rosProject/install/tutorial_interfaces/share/ament_index/resource_index/parent_prefix_path/tutorial_interfaces
[1.745s] -- Up-to-date: /home/ram-user/Desktop/rosProject/install/tutorial_interfaces/share/tutorial_interfaces/environment/ament_prefix_path.sh
[1.746s] -- Up-to-date: /home/ram-user/Desktop/rosProject/install/tutorial_interfaces/share/tutorial_interfaces/environment/ament_prefix_path.dsv
[1.746s] -- Up-to-date: /home/ram-user/Desktop/rosProject/install/tutorial_interfaces/share/tutorial_interfaces/environment/path.sh
[1.746s] -- Up-to-date: /home/ram-user/Desktop/rosProject/install/tutorial_interfaces/share/tutorial_interfaces/environment/path.dsv
[1.746s] -- Up-to-date: /home/ram-user/Desktop/rosProject/install/tutorial_interfaces/share/tutorial_interfaces/local_setup.bash
[1.747s] -- Up-to-date: /home/ram-user/Desktop/rosProject/install/tutorial_interfaces/share/tutorial_interfaces/local_setup.sh
[1.747s] -- Up-to-date: /home/ram-user/Desktop/rosProject/install/tutorial_interfaces/share/tutorial_interfaces/local_setup.zsh
[1.748s] -- Up-to-date: /home/ram-user/Desktop/rosProject/install/tutorial_interfaces/share/tutorial_interfaces/local_setup.dsv
[1.748s] -- Installing: /home/ram-user/Desktop/rosProject/install/tutorial_interfaces/share/tutorial_interfaces/package.dsv
[1.748s] -- Up-to-date: /home/ram-user/Desktop/rosProject/install/tutorial_interfaces/share/ament_index/resource_index/packages/tutorial_interfaces
[1.748s] -- Up-to-date: /home/ram-user/Desktop/rosProject/install/tutorial_interfaces/share/tutorial_interfaces/cmake/export_tutorial_interfaces__rosidl_generator_cExport.cmake
[1.749s] -- Up-to-date: /home/ram-user/Desktop/rosProject/install/tutorial_interfaces/share/tutorial_interfaces/cmake/export_tutorial_interfaces__rosidl_generator_cExport-noconfig.cmake
[1.749s] -- Up-to-date: /home/ram-user/Desktop/rosProject/install/tutorial_interfaces/share/tutorial_interfaces/cmake/export_tutorial_interfaces__rosidl_typesupport_fastrtps_cExport.cmake
[1.749s] -- Up-to-date: /home/ram-user/Desktop/rosProject/install/tutorial_interfaces/share/tutorial_interfaces/cmake/export_tutorial_interfaces__rosidl_typesupport_fastrtps_cExport-noconfig.cmake
[1.750s] -- Up-to-date: /home/ram-user/Desktop/rosProject/install/tutorial_interfaces/share/tutorial_interfaces/cmake/export_tutorial_interfaces__rosidl_generator_cppExport.cmake
[1.750s] -- Up-to-date: /home/ram-user/Desktop/rosProject/install/tutorial_interfaces/share/tutorial_interfaces/cmake/export_tutorial_interfaces__rosidl_typesupport_fastrtps_cppExport.cmake
[1.750s] -- Up-to-date: /home/ram-user/Desktop/rosProject/install/tutorial_interfaces/share/tutorial_interfaces/cmake/export_tutorial_interfaces__rosidl_typesupport_fastrtps_cppExport-noconfig.cmake
[1.750s] -- Up-to-date: /home/ram-user/Desktop/rosProject/install/tutorial_interfaces/share/tutorial_interfaces/cmake/tutorial_interfaces__rosidl_typesupport_introspection_cExport.cmake
[1.750s] -- Up-to-date: /home/ram-user/Desktop/rosProject/install/tutorial_interfaces/share/tutorial_interfaces/cmake/tutorial_interfaces__rosidl_typesupport_introspection_cExport-noconfig.cmake
[1.751s] -- Up-to-date: /home/ram-user/Desktop/rosProject/install/tutorial_interfaces/share/tutorial_interfaces/cmake/tutorial_interfaces__rosidl_typesupport_cExport.cmake
[1.751s] -- Up-to-date: /home/ram-user/Desktop/rosProject/install/tutorial_interfaces/share/tutorial_interfaces/cmake/tutorial_interfaces__rosidl_typesupport_cExport-noconfig.cmake
[1.751s] -- Up-to-date: /home/ram-user/Desktop/rosProject/install/tutorial_interfaces/share/tutorial_interfaces/cmake/tutorial_interfaces__rosidl_typesupport_introspection_cppExport.cmake
[1.751s] -- Up-to-date: /home/ram-user/Desktop/rosProject/install/tutorial_interfaces/share/tutorial_interfaces/cmake/tutorial_interfaces__rosidl_typesupport_introspection_cppExport-noconfig.cmake
[1.752s] -- Up-to-date: /home/ram-user/Desktop/rosProject/install/tutorial_interfaces/share/tutorial_interfaces/cmake/tutorial_interfaces__rosidl_typesupport_cppExport.cmake
[1.752s] -- Up-to-date: /home/ram-user/Desktop/rosProject/install/tutorial_interfaces/share/tutorial_interfaces/cmake/tutorial_interfaces__rosidl_typesupport_cppExport-noconfig.cmake
[1.752s] -- Up-to-date: /home/ram-user/Desktop/rosProject/install/tutorial_interfaces/share/tutorial_interfaces/cmake/export_tutorial_interfaces__rosidl_generator_pyExport.cmake
[1.752s] -- Up-to-date: /home/ram-user/Desktop/rosProject/install/tutorial_interfaces/share/tutorial_interfaces/cmake/export_tutorial_interfaces__rosidl_generator_pyExport-noconfig.cmake
[1.752s] -- Up-to-date: /home/ram-user/Desktop/rosProject/install/tutorial_interfaces/share/tutorial_interfaces/cmake/rosidl_cmake-extras.cmake
[1.762s] -- Up-to-date: /home/ram-user/Desktop/rosProject/install/tutorial_interfaces/share/tutorial_interfaces/cmake/ament_cmake_export_include_directories-extras.cmake
[1.762s] -- Up-to-date: /home/ram-user/Desktop/rosProject/install/tutorial_interfaces/share/tutorial_interfaces/cmake/ament_cmake_export_libraries-extras.cmake
[1.762s] -- Up-to-date: /home/ram-user/Desktop/rosProject/install/tutorial_interfaces/share/tutorial_interfaces/cmake/ament_cmake_export_targets-extras.cmake
[1.762s] -- Up-to-date: /home/ram-user/Desktop/rosProject/install/tutorial_interfaces/share/tutorial_interfaces/cmake/rosidl_cmake_export_typesupport_targets-extras.cmake
[1.762s] -- Up-to-date: /home/ram-user/Desktop/rosProject/install/tutorial_interfaces/share/tutorial_interfaces/cmake/ament_cmake_export_dependencies-extras.cmake
[1.762s] -- Up-to-date: /home/ram-user/Desktop/rosProject/install/tutorial_interfaces/share/tutorial_interfaces/cmake/rosidl_cmake_export_typesupport_libraries-extras.cmake
[1.762s] -- Up-to-date: /home/ram-user/Desktop/rosProject/install/tutorial_interfaces/share/tutorial_interfaces/cmake/tutorial_interfacesConfig.cmake
[1.763s] -- Up-to-date: /home/ram-user/Desktop/rosProject/install/tutorial_interfaces/share/tutorial_interfaces/cmake/tutorial_interfacesConfig-version.cmake
[1.763s] -- Up-to-date: /home/ram-user/Desktop/rosProject/install/tutorial_interfaces/share/tutorial_interfaces/package.xml
[1.763s] Invoked command in '/home/ram-user/Desktop/rosProject/build/tutorial_interfaces' returned '0': CMAKE_PREFIX_PATH=/opt/ros/humble /usr/bin/cmake --install /home/ram-user/Desktop/rosProject/build/tutorial_interfaces
