[0.563s] DEBUG:colcon:Command line arguments: ['/usr/bin/colcon', 'build']
[0.563s] DEBUG:colcon:Parsed command line arguments: Namespace(log_base=None, log_level=None, verb_name='build', build_base='build', install_base='install', merge_install=False, symlink_install=False, test_result_base=None, continue_on_error=False, executor='parallel', parallel_workers=2, event_handlers=None, ignore_user_meta=False, metas=['./colcon.meta'], base_paths=['.'], packages_ignore=None, packages_ignore_regex=None, paths=None, packages_up_to=None, packages_up_to_regex=None, packages_above=None, packages_above_and_dependencies=None, packages_above_depth=None, packages_select_by_dep=None, packages_skip_by_dep=None, packages_skip_up_to=None, packages_select_build_failed=False, packages_skip_build_finished=False, packages_select_test_failures=False, packages_skip_test_passed=False, packages_select=None, packages_skip=None, packages_select_regex=None, packages_skip_regex=None, packages_start=None, packages_end=None, allow_overriding=[], cmake_args=None, cmake_target=None, cmake_target_skip_unavailable=False, cmake_clean_cache=False, cmake_clean_first=False, cmake_force_configure=False, ament_cmake_args=None, catkin_cmake_args=None, catkin_skip_building_tests=False, verb_parser=<colcon_defaults.argument_parser.defaults.DefaultArgumentsDecorator object at 0x7f2abcd8f7c0>, verb_extension=<colcon_core.verb.build.BuildVerb object at 0x7f2abd82ffa0>, main=<bound method BuildVerb.main of <colcon_core.verb.build.BuildVerb object at 0x7f2abd82ffa0>>)
[0.601s] Level 1:colcon.colcon_core.package_discovery:discover_packages(colcon_meta) check parameters
[0.601s] Level 1:colcon.colcon_core.package_discovery:discover_packages(recursive) check parameters
[0.601s] Level 1:colcon.colcon_core.package_discovery:discover_packages(ignore) check parameters
[0.601s] Level 1:colcon.colcon_core.package_discovery:discover_packages(path) check parameters
[0.601s] Level 1:colcon.colcon_core.package_discovery:discover_packages(colcon_meta) discover
[0.601s] Level 1:colcon.colcon_core.package_discovery:discover_packages(recursive) discover
[0.602s] INFO:colcon.colcon_core.package_discovery:Crawling recursively for packages in '/home/ram-user/Desktop/rosProject'
[0.602s] Level 1:colcon.colcon_core.package_identification:_identify(.) by extensions ['ignore', 'ignore_ament_install']
[0.602s] Level 1:colcon.colcon_core.package_identification:_identify(.) by extension 'ignore'
[0.602s] Level 1:colcon.colcon_core.package_identification:_identify(.) by extension 'ignore_ament_install'
[0.602s] Level 1:colcon.colcon_core.package_identification:_identify(.) by extensions ['colcon_pkg']
[0.602s] Level 1:colcon.colcon_core.package_identification:_identify(.) by extension 'colcon_pkg'
[0.602s] Level 1:colcon.colcon_core.package_identification:_identify(.) by extensions ['colcon_meta']
[0.602s] Level 1:colcon.colcon_core.package_identification:_identify(.) by extension 'colcon_meta'
[0.602s] Level 1:colcon.colcon_core.package_identification:_identify(.) by extensions ['ros']
[0.602s] Level 1:colcon.colcon_core.package_identification:_identify(.) by extension 'ros'
[0.620s] Level 1:colcon.colcon_core.package_identification:_identify(.) by extensions ['cmake', 'python']
[0.620s] Level 1:colcon.colcon_core.package_identification:_identify(.) by extension 'cmake'
[0.620s] Level 1:colcon.colcon_core.package_identification:_identify(.) by extension 'python'
[0.620s] Level 1:colcon.colcon_core.package_identification:_identify(.) by extensions ['python_setup_py']
[0.621s] Level 1:colcon.colcon_core.package_identification:_identify(.) by extension 'python_setup_py'
[0.621s] Level 1:colcon.colcon_core.package_identification:_identify(build) by extensions ['ignore', 'ignore_ament_install']
[0.621s] Level 1:colcon.colcon_core.package_identification:_identify(build) by extension 'ignore'
[0.621s] Level 1:colcon.colcon_core.package_identification:_identify(build) ignored
[0.621s] Level 1:colcon.colcon_core.package_identification:_identify(install) by extensions ['ignore', 'ignore_ament_install']
[0.621s] Level 1:colcon.colcon_core.package_identification:_identify(install) by extension 'ignore'
[0.621s] Level 1:colcon.colcon_core.package_identification:_identify(install) ignored
[0.621s] Level 1:colcon.colcon_core.package_identification:_identify(log) by extensions ['ignore', 'ignore_ament_install']
[0.622s] Level 1:colcon.colcon_core.package_identification:_identify(log) by extension 'ignore'
[0.622s] Level 1:colcon.colcon_core.package_identification:_identify(log) ignored
[0.622s] Level 1:colcon.colcon_core.package_identification:_identify(src) by extensions ['ignore', 'ignore_ament_install']
[0.622s] Level 1:colcon.colcon_core.package_identification:_identify(src) by extension 'ignore'
[0.622s] Level 1:colcon.colcon_core.package_identification:_identify(src) by extension 'ignore_ament_install'
[0.622s] Level 1:colcon.colcon_core.package_identification:_identify(src) by extensions ['colcon_pkg']
[0.622s] Level 1:colcon.colcon_core.package_identification:_identify(src) by extension 'colcon_pkg'
[0.622s] Level 1:colcon.colcon_core.package_identification:_identify(src) by extensions ['colcon_meta']
[0.622s] Level 1:colcon.colcon_core.package_identification:_identify(src) by extension 'colcon_meta'
[0.622s] Level 1:colcon.colcon_core.package_identification:_identify(src) by extensions ['ros']
[0.622s] Level 1:colcon.colcon_core.package_identification:_identify(src) by extension 'ros'
[0.622s] Level 1:colcon.colcon_core.package_identification:_identify(src) by extensions ['cmake', 'python']
[0.622s] Level 1:colcon.colcon_core.package_identification:_identify(src) by extension 'cmake'
[0.623s] Level 1:colcon.colcon_core.package_identification:_identify(src) by extension 'python'
[0.623s] Level 1:colcon.colcon_core.package_identification:_identify(src) by extensions ['python_setup_py']
[0.623s] Level 1:colcon.colcon_core.package_identification:_identify(src) by extension 'python_setup_py'
[0.623s] Level 1:colcon.colcon_core.package_identification:_identify(src/cpp_publisher) by extensions ['ignore', 'ignore_ament_install']
[0.623s] Level 1:colcon.colcon_core.package_identification:_identify(src/cpp_publisher) by extension 'ignore'
[0.623s] Level 1:colcon.colcon_core.package_identification:_identify(src/cpp_publisher) by extension 'ignore_ament_install'
[0.623s] Level 1:colcon.colcon_core.package_identification:_identify(src/cpp_publisher) by extensions ['colcon_pkg']
[0.623s] Level 1:colcon.colcon_core.package_identification:_identify(src/cpp_publisher) by extension 'colcon_pkg'
[0.623s] Level 1:colcon.colcon_core.package_identification:_identify(src/cpp_publisher) by extensions ['colcon_meta']
[0.623s] Level 1:colcon.colcon_core.package_identification:_identify(src/cpp_publisher) by extension 'colcon_meta'
[0.623s] Level 1:colcon.colcon_core.package_identification:_identify(src/cpp_publisher) by extensions ['ros']
[0.623s] Level 1:colcon.colcon_core.package_identification:_identify(src/cpp_publisher) by extension 'ros'
[0.627s] DEBUG:colcon.colcon_core.package_identification:Package 'src/cpp_publisher' with type 'ros.ament_cmake' and name 'cpp_publisher'
[0.627s] Level 1:colcon.colcon_core.package_identification:_identify(src/image_input) by extensions ['ignore', 'ignore_ament_install']
[0.628s] Level 1:colcon.colcon_core.package_identification:_identify(src/image_input) by extension 'ignore'
[0.628s] Level 1:colcon.colcon_core.package_identification:_identify(src/image_input) by extension 'ignore_ament_install'
[0.628s] Level 1:colcon.colcon_core.package_identification:_identify(src/image_input) by extensions ['colcon_pkg']
[0.628s] Level 1:colcon.colcon_core.package_identification:_identify(src/image_input) by extension 'colcon_pkg'
[0.628s] Level 1:colcon.colcon_core.package_identification:_identify(src/image_input) by extensions ['colcon_meta']
[0.628s] Level 1:colcon.colcon_core.package_identification:_identify(src/image_input) by extension 'colcon_meta'
[0.628s] Level 1:colcon.colcon_core.package_identification:_identify(src/image_input) by extensions ['ros']
[0.628s] Level 1:colcon.colcon_core.package_identification:_identify(src/image_input) by extension 'ros'
[0.629s] DEBUG:colcon.colcon_core.package_identification:Package 'src/image_input' with type 'ros.ament_cmake' and name 'image_input'
[0.629s] Level 1:colcon.colcon_core.package_identification:_identify(src/keyboard_input) by extensions ['ignore', 'ignore_ament_install']
[0.629s] Level 1:colcon.colcon_core.package_identification:_identify(src/keyboard_input) by extension 'ignore'
[0.629s] Level 1:colcon.colcon_core.package_identification:_identify(src/keyboard_input) by extension 'ignore_ament_install'
[0.629s] Level 1:colcon.colcon_core.package_identification:_identify(src/keyboard_input) by extensions ['colcon_pkg']
[0.630s] Level 1:colcon.colcon_core.package_identification:_identify(src/keyboard_input) by extension 'colcon_pkg'
[0.630s] Level 1:colcon.colcon_core.package_identification:_identify(src/keyboard_input) by extensions ['colcon_meta']
[0.630s] Level 1:colcon.colcon_core.package_identification:_identify(src/keyboard_input) by extension 'colcon_meta'
[0.630s] Level 1:colcon.colcon_core.package_identification:_identify(src/keyboard_input) by extensions ['ros']
[0.630s] Level 1:colcon.colcon_core.package_identification:_identify(src/keyboard_input) by extension 'ros'
[0.631s] DEBUG:colcon.colcon_core.package_identification:Package 'src/keyboard_input' with type 'ros.ament_cmake' and name 'keyboard_input'
[0.631s] Level 1:colcon.colcon_core.package_identification:_identify(src/paddle_physics) by extensions ['ignore', 'ignore_ament_install']
[0.631s] Level 1:colcon.colcon_core.package_identification:_identify(src/paddle_physics) by extension 'ignore'
[0.631s] Level 1:colcon.colcon_core.package_identification:_identify(src/paddle_physics) by extension 'ignore_ament_install'
[0.631s] Level 1:colcon.colcon_core.package_identification:_identify(src/paddle_physics) by extensions ['colcon_pkg']
[0.631s] Level 1:colcon.colcon_core.package_identification:_identify(src/paddle_physics) by extension 'colcon_pkg'
[0.631s] Level 1:colcon.colcon_core.package_identification:_identify(src/paddle_physics) by extensions ['colcon_meta']
[0.631s] Level 1:colcon.colcon_core.package_identification:_identify(src/paddle_physics) by extension 'colcon_meta'
[0.632s] Level 1:colcon.colcon_core.package_identification:_identify(src/paddle_physics) by extensions ['ros']
[0.632s] Level 1:colcon.colcon_core.package_identification:_identify(src/paddle_physics) by extension 'ros'
[0.632s] DEBUG:colcon.colcon_core.package_identification:Package 'src/paddle_physics' with type 'ros.ament_cmake' and name 'paddle_physics'
[0.633s] Level 1:colcon.colcon_core.package_identification:_identify(src/pong_core) by extensions ['ignore', 'ignore_ament_install']
[0.633s] Level 1:colcon.colcon_core.package_identification:_identify(src/pong_core) by extension 'ignore'
[0.633s] Level 1:colcon.colcon_core.package_identification:_identify(src/pong_core) by extension 'ignore_ament_install'
[0.633s] Level 1:colcon.colcon_core.package_identification:_identify(src/pong_core) by extensions ['colcon_pkg']
[0.633s] Level 1:colcon.colcon_core.package_identification:_identify(src/pong_core) by extension 'colcon_pkg'
[0.633s] Level 1:colcon.colcon_core.package_identification:_identify(src/pong_core) by extensions ['colcon_meta']
[0.633s] Level 1:colcon.colcon_core.package_identification:_identify(src/pong_core) by extension 'colcon_meta'
[0.633s] Level 1:colcon.colcon_core.package_identification:_identify(src/pong_core) by extensions ['ros']
[0.633s] Level 1:colcon.colcon_core.package_identification:_identify(src/pong_core) by extension 'ros'
[0.634s] DEBUG:colcon.colcon_core.package_identification:Package 'src/pong_core' with type 'ros.ament_cmake' and name 'pong_core'
[0.634s] Level 1:colcon.colcon_core.package_identification:_identify(src/score) by extensions ['ignore', 'ignore_ament_install']
[0.634s] Level 1:colcon.colcon_core.package_identification:_identify(src/score) by extension 'ignore'
[0.634s] Level 1:colcon.colcon_core.package_identification:_identify(src/score) by extension 'ignore_ament_install'
[0.634s] Level 1:colcon.colcon_core.package_identification:_identify(src/score) by extensions ['colcon_pkg']
[0.635s] Level 1:colcon.colcon_core.package_identification:_identify(src/score) by extension 'colcon_pkg'
[0.635s] Level 1:colcon.colcon_core.package_identification:_identify(src/score) by extensions ['colcon_meta']
[0.635s] Level 1:colcon.colcon_core.package_identification:_identify(src/score) by extension 'colcon_meta'
[0.635s] Level 1:colcon.colcon_core.package_identification:_identify(src/score) by extensions ['ros']
[0.635s] Level 1:colcon.colcon_core.package_identification:_identify(src/score) by extension 'ros'
[0.636s] DEBUG:colcon.colcon_core.package_identification:Package 'src/score' with type 'ros.ament_cmake' and name 'score'
[0.636s] Level 1:colcon.colcon_core.package_identification:_identify(src/tutorial_interfaces) by extensions ['ignore', 'ignore_ament_install']
[0.636s] Level 1:colcon.colcon_core.package_identification:_identify(src/tutorial_interfaces) by extension 'ignore'
[0.636s] Level 1:colcon.colcon_core.package_identification:_identify(src/tutorial_interfaces) by extension 'ignore_ament_install'
[0.636s] Level 1:colcon.colcon_core.package_identification:_identify(src/tutorial_interfaces) by extensions ['colcon_pkg']
[0.636s] Level 1:colcon.colcon_core.package_identification:_identify(src/tutorial_interfaces) by extension 'colcon_pkg'
[0.636s] Level 1:colcon.colcon_core.package_identification:_identify(src/tutorial_interfaces) by extensions ['colcon_meta']
[0.636s] Level 1:colcon.colcon_core.package_identification:_identify(src/tutorial_interfaces) by extension 'colcon_meta'
[0.637s] Level 1:colcon.colcon_core.package_identification:_identify(src/tutorial_interfaces) by extensions ['ros']
[0.637s] Level 1:colcon.colcon_core.package_identification:_identify(src/tutorial_interfaces) by extension 'ros'
[0.637s] DEBUG:colcon.colcon_core.package_identification:Package 'src/tutorial_interfaces' with type 'ros.ament_cmake' and name 'tutorial_interfaces'
[0.637s] Level 1:colcon.colcon_core.package_identification:_identify(src/visualization_package) by extensions ['ignore', 'ignore_ament_install']
[0.638s] Level 1:colcon.colcon_core.package_identification:_identify(src/visualization_package) by extension 'ignore'
[0.638s] Level 1:colcon.colcon_core.package_identification:_identify(src/visualization_package) by extension 'ignore_ament_install'
[0.638s] Level 1:colcon.colcon_core.package_identification:_identify(src/visualization_package) by extensions ['colcon_pkg']
[0.638s] Level 1:colcon.colcon_core.package_identification:_identify(src/visualization_package) by extension 'colcon_pkg'
[0.638s] Level 1:colcon.colcon_core.package_identification:_identify(src/visualization_package) by extensions ['colcon_meta']
[0.638s] Level 1:colcon.colcon_core.package_identification:_identify(src/visualization_package) by extension 'colcon_meta'
[0.638s] Level 1:colcon.colcon_core.package_identification:_identify(src/visualization_package) by extensions ['ros']
[0.638s] Level 1:colcon.colcon_core.package_identification:_identify(src/visualization_package) by extension 'ros'
[0.639s] DEBUG:colcon.colcon_core.package_identification:Package 'src/visualization_package' with type 'ros.ament_cmake' and name 'visualization_package'
[0.639s] Level 1:colcon.colcon_core.package_discovery:discover_packages(recursive) using defaults
[0.639s] Level 1:colcon.colcon_core.package_discovery:discover_packages(ignore) discover
[0.639s] Level 1:colcon.colcon_core.package_discovery:discover_packages(ignore) using defaults
[0.639s] Level 1:colcon.colcon_core.package_discovery:discover_packages(path) discover
[0.639s] Level 1:colcon.colcon_core.package_discovery:discover_packages(path) using defaults
[0.668s] Level 1:colcon.colcon_core.package_discovery:discover_packages(prefix_path) check parameters
[0.668s] Level 1:colcon.colcon_core.package_discovery:discover_packages(prefix_path) discover
[0.672s] DEBUG:colcon.colcon_installed_package_information.package_discovery:Found 270 installed packages in /opt/ros/humble
[0.674s] Level 1:colcon.colcon_core.package_discovery:discover_packages(prefix_path) using defaults
[0.745s] Level 5:colcon.colcon_core.verb:set package 'image_input' build argument 'cmake_args' from command line to 'None'
[0.745s] Level 5:colcon.colcon_core.verb:set package 'image_input' build argument 'cmake_target' from command line to 'None'
[0.745s] Level 5:colcon.colcon_core.verb:set package 'image_input' build argument 'cmake_target_skip_unavailable' from command line to 'False'
[0.745s] Level 5:colcon.colcon_core.verb:set package 'image_input' build argument 'cmake_clean_cache' from command line to 'False'
[0.745s] Level 5:colcon.colcon_core.verb:set package 'image_input' build argument 'cmake_clean_first' from command line to 'False'
[0.745s] Level 5:colcon.colcon_core.verb:set package 'image_input' build argument 'cmake_force_configure' from command line to 'False'
[0.745s] Level 5:colcon.colcon_core.verb:set package 'image_input' build argument 'ament_cmake_args' from command line to 'None'
[0.745s] Level 5:colcon.colcon_core.verb:set package 'image_input' build argument 'catkin_cmake_args' from command line to 'None'
[0.745s] Level 5:colcon.colcon_core.verb:set package 'image_input' build argument 'catkin_skip_building_tests' from command line to 'False'
[0.745s] DEBUG:colcon.colcon_core.verb:Building package 'image_input' with the following arguments: {'ament_cmake_args': None, 'build_base': '/home/ram-user/Desktop/rosProject/build/image_input', 'catkin_cmake_args': None, 'catkin_skip_building_tests': False, 'cmake_args': None, 'cmake_clean_cache': False, 'cmake_clean_first': False, 'cmake_force_configure': False, 'cmake_target': None, 'cmake_target_skip_unavailable': False, 'install_base': '/home/ram-user/Desktop/rosProject/install/image_input', 'merge_install': False, 'path': '/home/ram-user/Desktop/rosProject/src/image_input', 'symlink_install': False, 'test_result_base': None}
[0.747s] Level 5:colcon.colcon_core.verb:set package 'keyboard_input' build argument 'cmake_args' from command line to 'None'
[0.747s] Level 5:colcon.colcon_core.verb:set package 'keyboard_input' build argument 'cmake_target' from command line to 'None'
[0.747s] Level 5:colcon.colcon_core.verb:set package 'keyboard_input' build argument 'cmake_target_skip_unavailable' from command line to 'False'
[0.747s] Level 5:colcon.colcon_core.verb:set package 'keyboard_input' build argument 'cmake_clean_cache' from command line to 'False'
[0.747s] Level 5:colcon.colcon_core.verb:set package 'keyboard_input' build argument 'cmake_clean_first' from command line to 'False'
[0.747s] Level 5:colcon.colcon_core.verb:set package 'keyboard_input' build argument 'cmake_force_configure' from command line to 'False'
[0.747s] Level 5:colcon.colcon_core.verb:set package 'keyboard_input' build argument 'ament_cmake_args' from command line to 'None'
[0.747s] Level 5:colcon.colcon_core.verb:set package 'keyboard_input' build argument 'catkin_cmake_args' from command line to 'None'
[0.747s] Level 5:colcon.colcon_core.verb:set package 'keyboard_input' build argument 'catkin_skip_building_tests' from command line to 'False'
[0.747s] DEBUG:colcon.colcon_core.verb:Building package 'keyboard_input' with the following arguments: {'ament_cmake_args': None, 'build_base': '/home/ram-user/Desktop/rosProject/build/keyboard_input', 'catkin_cmake_args': None, 'catkin_skip_building_tests': False, 'cmake_args': None, 'cmake_clean_cache': False, 'cmake_clean_first': False, 'cmake_force_configure': False, 'cmake_target': None, 'cmake_target_skip_unavailable': False, 'install_base': '/home/ram-user/Desktop/rosProject/install/keyboard_input', 'merge_install': False, 'path': '/home/ram-user/Desktop/rosProject/src/keyboard_input', 'symlink_install': False, 'test_result_base': None}
[0.748s] Level 5:colcon.colcon_core.verb:set package 'paddle_physics' build argument 'cmake_args' from command line to 'None'
[0.748s] Level 5:colcon.colcon_core.verb:set package 'paddle_physics' build argument 'cmake_target' from command line to 'None'
[0.748s] Level 5:colcon.colcon_core.verb:set package 'paddle_physics' build argument 'cmake_target_skip_unavailable' from command line to 'False'
[0.748s] Level 5:colcon.colcon_core.verb:set package 'paddle_physics' build argument 'cmake_clean_cache' from command line to 'False'
[0.748s] Level 5:colcon.colcon_core.verb:set package 'paddle_physics' build argument 'cmake_clean_first' from command line to 'False'
[0.748s] Level 5:colcon.colcon_core.verb:set package 'paddle_physics' build argument 'cmake_force_configure' from command line to 'False'
[0.748s] Level 5:colcon.colcon_core.verb:set package 'paddle_physics' build argument 'ament_cmake_args' from command line to 'None'
[0.748s] Level 5:colcon.colcon_core.verb:set package 'paddle_physics' build argument 'catkin_cmake_args' from command line to 'None'
[0.748s] Level 5:colcon.colcon_core.verb:set package 'paddle_physics' build argument 'catkin_skip_building_tests' from command line to 'False'
[0.748s] DEBUG:colcon.colcon_core.verb:Building package 'paddle_physics' with the following arguments: {'ament_cmake_args': None, 'build_base': '/home/ram-user/Desktop/rosProject/build/paddle_physics', 'catkin_cmake_args': None, 'catkin_skip_building_tests': False, 'cmake_args': None, 'cmake_clean_cache': False, 'cmake_clean_first': False, 'cmake_force_configure': False, 'cmake_target': None, 'cmake_target_skip_unavailable': False, 'install_base': '/home/ram-user/Desktop/rosProject/install/paddle_physics', 'merge_install': False, 'path': '/home/ram-user/Desktop/rosProject/src/paddle_physics', 'symlink_install': False, 'test_result_base': None}
[0.749s] Level 5:colcon.colcon_core.verb:set package 'tutorial_interfaces' build argument 'cmake_args' from command line to 'None'
[0.749s] Level 5:colcon.colcon_core.verb:set package 'tutorial_interfaces' build argument 'cmake_target' from command line to 'None'
[0.749s] Level 5:colcon.colcon_core.verb:set package 'tutorial_interfaces' build argument 'cmake_target_skip_unavailable' from command line to 'False'
[0.749s] Level 5:colcon.colcon_core.verb:set package 'tutorial_interfaces' build argument 'cmake_clean_cache' from command line to 'False'
[0.749s] Level 5:colcon.colcon_core.verb:set package 'tutorial_interfaces' build argument 'cmake_clean_first' from command line to 'False'
[0.749s] Level 5:colcon.colcon_core.verb:set package 'tutorial_interfaces' build argument 'cmake_force_configure' from command line to 'False'
[0.749s] Level 5:colcon.colcon_core.verb:set package 'tutorial_interfaces' build argument 'ament_cmake_args' from command line to 'None'
[0.749s] Level 5:colcon.colcon_core.verb:set package 'tutorial_interfaces' build argument 'catkin_cmake_args' from command line to 'None'
[0.749s] Level 5:colcon.colcon_core.verb:set package 'tutorial_interfaces' build argument 'catkin_skip_building_tests' from command line to 'False'
[0.749s] DEBUG:colcon.colcon_core.verb:Building package 'tutorial_interfaces' with the following arguments: {'ament_cmake_args': None, 'build_base': '/home/ram-user/Desktop/rosProject/build/tutorial_interfaces', 'catkin_cmake_args': None, 'catkin_skip_building_tests': False, 'cmake_args': None, 'cmake_clean_cache': False, 'cmake_clean_first': False, 'cmake_force_configure': False, 'cmake_target': None, 'cmake_target_skip_unavailable': False, 'install_base': '/home/ram-user/Desktop/rosProject/install/tutorial_interfaces', 'merge_install': False, 'path': '/home/ram-user/Desktop/rosProject/src/tutorial_interfaces', 'symlink_install': False, 'test_result_base': None}
[0.750s] Level 5:colcon.colcon_core.verb:set package 'cpp_publisher' build argument 'cmake_args' from command line to 'None'
[0.751s] Level 5:colcon.colcon_core.verb:set package 'cpp_publisher' build argument 'cmake_target' from command line to 'None'
[0.751s] Level 5:colcon.colcon_core.verb:set package 'cpp_publisher' build argument 'cmake_target_skip_unavailable' from command line to 'False'
[0.751s] Level 5:colcon.colcon_core.verb:set package 'cpp_publisher' build argument 'cmake_clean_cache' from command line to 'False'
[0.751s] Level 5:colcon.colcon_core.verb:set package 'cpp_publisher' build argument 'cmake_clean_first' from command line to 'False'
[0.751s] Level 5:colcon.colcon_core.verb:set package 'cpp_publisher' build argument 'cmake_force_configure' from command line to 'False'
[0.751s] Level 5:colcon.colcon_core.verb:set package 'cpp_publisher' build argument 'ament_cmake_args' from command line to 'None'
[0.751s] Level 5:colcon.colcon_core.verb:set package 'cpp_publisher' build argument 'catkin_cmake_args' from command line to 'None'
[0.751s] Level 5:colcon.colcon_core.verb:set package 'cpp_publisher' build argument 'catkin_skip_building_tests' from command line to 'False'
[0.751s] DEBUG:colcon.colcon_core.verb:Building package 'cpp_publisher' with the following arguments: {'ament_cmake_args': None, 'build_base': '/home/ram-user/Desktop/rosProject/build/cpp_publisher', 'catkin_cmake_args': None, 'catkin_skip_building_tests': False, 'cmake_args': None, 'cmake_clean_cache': False, 'cmake_clean_first': False, 'cmake_force_configure': False, 'cmake_target': None, 'cmake_target_skip_unavailable': False, 'install_base': '/home/ram-user/Desktop/rosProject/install/cpp_publisher', 'merge_install': False, 'path': '/home/ram-user/Desktop/rosProject/src/cpp_publisher', 'symlink_install': False, 'test_result_base': None}
[0.752s] Level 5:colcon.colcon_core.verb:set package 'pong_core' build argument 'cmake_args' from command line to 'None'
[0.752s] Level 5:colcon.colcon_core.verb:set package 'pong_core' build argument 'cmake_target' from command line to 'None'
[0.752s] Level 5:colcon.colcon_core.verb:set package 'pong_core' build argument 'cmake_target_skip_unavailable' from command line to 'False'
[0.752s] Level 5:colcon.colcon_core.verb:set package 'pong_core' build argument 'cmake_clean_cache' from command line to 'False'
[0.752s] Level 5:colcon.colcon_core.verb:set package 'pong_core' build argument 'cmake_clean_first' from command line to 'False'
[0.752s] Level 5:colcon.colcon_core.verb:set package 'pong_core' build argument 'cmake_force_configure' from command line to 'False'
[0.752s] Level 5:colcon.colcon_core.verb:set package 'pong_core' build argument 'ament_cmake_args' from command line to 'None'
[0.752s] Level 5:colcon.colcon_core.verb:set package 'pong_core' build argument 'catkin_cmake_args' from command line to 'None'
[0.752s] Level 5:colcon.colcon_core.verb:set package 'pong_core' build argument 'catkin_skip_building_tests' from command line to 'False'
[0.752s] DEBUG:colcon.colcon_core.verb:Building package 'pong_core' with the following arguments: {'ament_cmake_args': None, 'build_base': '/home/ram-user/Desktop/rosProject/build/pong_core', 'catkin_cmake_args': None, 'catkin_skip_building_tests': False, 'cmake_args': None, 'cmake_clean_cache': False, 'cmake_clean_first': False, 'cmake_force_configure': False, 'cmake_target': None, 'cmake_target_skip_unavailable': False, 'install_base': '/home/ram-user/Desktop/rosProject/install/pong_core', 'merge_install': False, 'path': '/home/ram-user/Desktop/rosProject/src/pong_core', 'symlink_install': False, 'test_result_base': None}
[0.753s] Level 5:colcon.colcon_core.verb:set package 'score' build argument 'cmake_args' from command line to 'None'
[0.754s] Level 5:colcon.colcon_core.verb:set package 'score' build argument 'cmake_target' from command line to 'None'
[0.754s] Level 5:colcon.colcon_core.verb:set package 'score' build argument 'cmake_target_skip_unavailable' from command line to 'False'
[0.754s] Level 5:colcon.colcon_core.verb:set package 'score' build argument 'cmake_clean_cache' from command line to 'False'
[0.754s] Level 5:colcon.colcon_core.verb:set package 'score' build argument 'cmake_clean_first' from command line to 'False'
[0.754s] Level 5:colcon.colcon_core.verb:set package 'score' build argument 'cmake_force_configure' from command line to 'False'
[0.754s] Level 5:colcon.colcon_core.verb:set package 'score' build argument 'ament_cmake_args' from command line to 'None'
[0.754s] Level 5:colcon.colcon_core.verb:set package 'score' build argument 'catkin_cmake_args' from command line to 'None'
[0.754s] Level 5:colcon.colcon_core.verb:set package 'score' build argument 'catkin_skip_building_tests' from command line to 'False'
[0.754s] DEBUG:colcon.colcon_core.verb:Building package 'score' with the following arguments: {'ament_cmake_args': None, 'build_base': '/home/ram-user/Desktop/rosProject/build/score', 'catkin_cmake_args': None, 'catkin_skip_building_tests': False, 'cmake_args': None, 'cmake_clean_cache': False, 'cmake_clean_first': False, 'cmake_force_configure': False, 'cmake_target': None, 'cmake_target_skip_unavailable': False, 'install_base': '/home/ram-user/Desktop/rosProject/install/score', 'merge_install': False, 'path': '/home/ram-user/Desktop/rosProject/src/score', 'symlink_install': False, 'test_result_base': None}
[0.755s] Level 5:colcon.colcon_core.verb:set package 'visualization_package' build argument 'cmake_args' from command line to 'None'
[0.755s] Level 5:colcon.colcon_core.verb:set package 'visualization_package' build argument 'cmake_target' from command line to 'None'
[0.755s] Level 5:colcon.colcon_core.verb:set package 'visualization_package' build argument 'cmake_target_skip_unavailable' from command line to 'False'
[0.755s] Level 5:colcon.colcon_core.verb:set package 'visualization_package' build argument 'cmake_clean_cache' from command line to 'False'
[0.755s] Level 5:colcon.colcon_core.verb:set package 'visualization_package' build argument 'cmake_clean_first' from command line to 'False'
[0.755s] Level 5:colcon.colcon_core.verb:set package 'visualization_package' build argument 'cmake_force_configure' from command line to 'False'
[0.755s] Level 5:colcon.colcon_core.verb:set package 'visualization_package' build argument 'ament_cmake_args' from command line to 'None'
[0.755s] Level 5:colcon.colcon_core.verb:set package 'visualization_package' build argument 'catkin_cmake_args' from command line to 'None'
[0.755s] Level 5:colcon.colcon_core.verb:set package 'visualization_package' build argument 'catkin_skip_building_tests' from command line to 'False'
[0.755s] DEBUG:colcon.colcon_core.verb:Building package 'visualization_package' with the following arguments: {'ament_cmake_args': None, 'build_base': '/home/ram-user/Desktop/rosProject/build/visualization_package', 'catkin_cmake_args': None, 'catkin_skip_building_tests': False, 'cmake_args': None, 'cmake_clean_cache': False, 'cmake_clean_first': False, 'cmake_force_configure': False, 'cmake_target': None, 'cmake_target_skip_unavailable': False, 'install_base': '/home/ram-user/Desktop/rosProject/install/visualization_package', 'merge_install': False, 'path': '/home/ram-user/Desktop/rosProject/src/visualization_package', 'symlink_install': False, 'test_result_base': None}
[0.756s] INFO:colcon.colcon_core.executor:Executing jobs using 'parallel' executor
[0.764s] DEBUG:colcon.colcon_parallel_executor.executor.parallel:run_until_complete
[0.765s] INFO:colcon.colcon_ros.task.ament_cmake.build:Building ROS package in '/home/ram-user/Desktop/rosProject/src/tutorial_interfaces' with build type 'ament_cmake'
[0.765s] INFO:colcon.colcon_cmake.task.cmake.build:Building CMake package in '/home/ram-user/Desktop/rosProject/src/tutorial_interfaces'
[0.779s] INFO:colcon.colcon_core.plugin_system:Skipping extension 'colcon_core.shell.bat': Not used on non-Windows systems
[0.780s] INFO:colcon.colcon_core.shell:Skip shell extension 'powershell' for command environment: Not usable outside of PowerShell
[0.780s] DEBUG:colcon.colcon_core.shell:Skip shell extension 'dsv' for command environment
[0.810s] INFO:colcon.colcon_ros.task.ament_cmake.build:Building ROS package in '/home/ram-user/Desktop/rosProject/src/image_input' with build type 'ament_cmake'
[0.811s] INFO:colcon.colcon_cmake.task.cmake.build:Building CMake package in '/home/ram-user/Desktop/rosProject/src/image_input'
[0.815s] INFO:colcon.colcon_core.shell:Skip shell extension 'powershell' for command environment: Not usable outside of PowerShell
[0.817s] DEBUG:colcon.colcon_core.shell:Skip shell extension 'dsv' for command environment
[0.836s] DEBUG:colcon.colcon_core.event_handler.log_command:Invoking command in '/home/ram-user/Desktop/rosProject/build/tutorial_interfaces': CMAKE_PREFIX_PATH=/opt/ros/humble /usr/bin/cmake /home/ram-user/Desktop/rosProject/src/tutorial_interfaces -DCMAKE_INSTALL_PREFIX=/home/ram-user/Desktop/rosProject/install/tutorial_interfaces
[0.879s] DEBUG:colcon.colcon_core.event_handler.log_command:Invoking command in '/home/ram-user/Desktop/rosProject/build/image_input': CMAKE_PREFIX_PATH=/opt/ros/humble /usr/bin/cmake /home/ram-user/Desktop/rosProject/src/image_input -DCMAKE_INSTALL_PREFIX=/home/ram-user/Desktop/rosProject/install/image_input
[3.547s] DEBUG:colcon.colcon_core.event_handler.log_command:Invoked command in '/home/ram-user/Desktop/rosProject/build/image_input' returned '0': CMAKE_PREFIX_PATH=/opt/ros/humble /usr/bin/cmake /home/ram-user/Desktop/rosProject/src/image_input -DCMAKE_INSTALL_PREFIX=/home/ram-user/Desktop/rosProject/install/image_input
[3.548s] DEBUG:colcon.colcon_core.event_handler.log_command:Invoking command in '/home/ram-user/Desktop/rosProject/build/image_input': CMAKE_PREFIX_PATH=/opt/ros/humble /usr/bin/cmake --build /home/ram-user/Desktop/rosProject/build/image_input -- -j2 -l2
[3.617s] DEBUG:colcon.colcon_core.event_handler.log_command:Invoked command in '/home/ram-user/Desktop/rosProject/build/tutorial_interfaces' returned '0': CMAKE_PREFIX_PATH=/opt/ros/humble /usr/bin/cmake /home/ram-user/Desktop/rosProject/src/tutorial_interfaces -DCMAKE_INSTALL_PREFIX=/home/ram-user/Desktop/rosProject/install/tutorial_interfaces
[3.618s] DEBUG:colcon.colcon_core.event_handler.log_command:Invoking command in '/home/ram-user/Desktop/rosProject/build/tutorial_interfaces': CMAKE_PREFIX_PATH=/opt/ros/humble /usr/bin/cmake --build /home/ram-user/Desktop/rosProject/build/tutorial_interfaces -- -j2 -l2
[20.241s] DEBUG:colcon.colcon_core.event_handler.log_command:Invoked command in '/home/ram-user/Desktop/rosProject/build/tutorial_interfaces' returned '0': CMAKE_PREFIX_PATH=/opt/ros/humble /usr/bin/cmake --build /home/ram-user/Desktop/rosProject/build/tutorial_interfaces -- -j2 -l2
[20.500s] DEBUG:colcon.colcon_core.event_handler.log_command:Invoking command in '/home/ram-user/Desktop/rosProject/build/tutorial_interfaces': CMAKE_PREFIX_PATH=/opt/ros/humble /usr/bin/cmake --install /home/ram-user/Desktop/rosProject/build/tutorial_interfaces
[20.636s] Level 1:colcon.colcon_core.environment:create_environment_scripts_only(tutorial_interfaces)
[20.642s] Level 1:colcon.colcon_core.environment:checking '/home/ram-user/Desktop/rosProject/install/tutorial_interfaces' for CMake module files
[20.643s] Level 1:colcon.colcon_core.environment:checking '/home/ram-user/Desktop/rosProject/install/tutorial_interfaces' for CMake config files
[20.643s] Level 1:colcon.colcon_core.shell:create_environment_hook('tutorial_interfaces', 'cmake_prefix_path')
[20.645s] INFO:colcon.colcon_core.shell:Creating environment hook '/home/ram-user/Desktop/rosProject/install/tutorial_interfaces/share/tutorial_interfaces/hook/cmake_prefix_path.ps1'
[20.646s] INFO:colcon.colcon_core.shell:Creating environment descriptor '/home/ram-user/Desktop/rosProject/install/tutorial_interfaces/share/tutorial_interfaces/hook/cmake_prefix_path.dsv'
[20.647s] INFO:colcon.colcon_core.shell:Creating environment hook '/home/ram-user/Desktop/rosProject/install/tutorial_interfaces/share/tutorial_interfaces/hook/cmake_prefix_path.sh'
[20.648s] Level 1:colcon.colcon_core.environment:checking '/home/ram-user/Desktop/rosProject/install/tutorial_interfaces/lib'
[20.648s] Level 1:colcon.colcon_core.shell:create_environment_hook('tutorial_interfaces', 'ld_library_path_lib')
[20.650s] INFO:colcon.colcon_core.shell:Creating environment hook '/home/ram-user/Desktop/rosProject/install/tutorial_interfaces/share/tutorial_interfaces/hook/ld_library_path_lib.ps1'
[20.650s] INFO:colcon.colcon_core.shell:Creating environment descriptor '/home/ram-user/Desktop/rosProject/install/tutorial_interfaces/share/tutorial_interfaces/hook/ld_library_path_lib.dsv'
[20.651s] INFO:colcon.colcon_core.shell:Creating environment hook '/home/ram-user/Desktop/rosProject/install/tutorial_interfaces/share/tutorial_interfaces/hook/ld_library_path_lib.sh'
[20.651s] Level 1:colcon.colcon_core.environment:checking '/home/ram-user/Desktop/rosProject/install/tutorial_interfaces/bin'
[20.652s] Level 1:colcon.colcon_core.environment:checking '/home/ram-user/Desktop/rosProject/install/tutorial_interfaces/lib/pkgconfig/tutorial_interfaces.pc'
[20.652s] Level 1:colcon.colcon_core.environment:checking '/home/ram-user/Desktop/rosProject/install/tutorial_interfaces/lib/python3.10/site-packages'
[20.652s] Level 1:colcon.colcon_core.environment:checking '/home/ram-user/Desktop/rosProject/install/tutorial_interfaces/bin'
[20.654s] INFO:colcon.colcon_core.shell:Creating package script '/home/ram-user/Desktop/rosProject/install/tutorial_interfaces/share/tutorial_interfaces/package.ps1'
[20.655s] INFO:colcon.colcon_core.shell:Creating package descriptor '/home/ram-user/Desktop/rosProject/install/tutorial_interfaces/share/tutorial_interfaces/package.dsv'
[20.660s] INFO:colcon.colcon_core.shell:Creating package script '/home/ram-user/Desktop/rosProject/install/tutorial_interfaces/share/tutorial_interfaces/package.sh'
[20.660s] DEBUG:colcon.colcon_core.event_handler.log_command:Invoked command in '/home/ram-user/Desktop/rosProject/build/tutorial_interfaces' returned '0': CMAKE_PREFIX_PATH=/opt/ros/humble /usr/bin/cmake --install /home/ram-user/Desktop/rosProject/build/tutorial_interfaces
[20.661s] INFO:colcon.colcon_core.shell:Creating package script '/home/ram-user/Desktop/rosProject/install/tutorial_interfaces/share/tutorial_interfaces/package.bash'
[20.662s] INFO:colcon.colcon_core.shell:Creating package script '/home/ram-user/Desktop/rosProject/install/tutorial_interfaces/share/tutorial_interfaces/package.zsh'
[20.663s] Level 1:colcon.colcon_core.environment:create_file_with_runtime_dependencies(/home/ram-user/Desktop/rosProject/install/tutorial_interfaces/share/colcon-core/packages/tutorial_interfaces)
[20.952s] Level 1:colcon.colcon_core.environment:create_environment_scripts_only(tutorial_interfaces)
[20.955s] Level 1:colcon.colcon_core.environment:checking '/home/ram-user/Desktop/rosProject/install/tutorial_interfaces' for CMake module files
[20.955s] Level 1:colcon.colcon_core.environment:checking '/home/ram-user/Desktop/rosProject/install/tutorial_interfaces' for CMake config files
[20.956s] Level 1:colcon.colcon_core.shell:create_environment_hook('tutorial_interfaces', 'cmake_prefix_path')
[20.958s] INFO:colcon.colcon_core.shell:Creating environment hook '/home/ram-user/Desktop/rosProject/install/tutorial_interfaces/share/tutorial_interfaces/hook/cmake_prefix_path.ps1'
[20.959s] INFO:colcon.colcon_core.shell:Creating environment descriptor '/home/ram-user/Desktop/rosProject/install/tutorial_interfaces/share/tutorial_interfaces/hook/cmake_prefix_path.dsv'
[20.960s] INFO:colcon.colcon_core.shell:Creating environment hook '/home/ram-user/Desktop/rosProject/install/tutorial_interfaces/share/tutorial_interfaces/hook/cmake_prefix_path.sh'
[20.961s] Level 1:colcon.colcon_core.environment:checking '/home/ram-user/Desktop/rosProject/install/tutorial_interfaces/lib'
[20.962s] Level 1:colcon.colcon_core.shell:create_environment_hook('tutorial_interfaces', 'ld_library_path_lib')
[20.963s] INFO:colcon.colcon_core.shell:Creating environment hook '/home/ram-user/Desktop/rosProject/install/tutorial_interfaces/share/tutorial_interfaces/hook/ld_library_path_lib.ps1'
[20.965s] INFO:colcon.colcon_core.shell:Creating environment descriptor '/home/ram-user/Desktop/rosProject/install/tutorial_interfaces/share/tutorial_interfaces/hook/ld_library_path_lib.dsv'
[20.968s] INFO:colcon.colcon_core.shell:Creating environment hook '/home/ram-user/Desktop/rosProject/install/tutorial_interfaces/share/tutorial_interfaces/hook/ld_library_path_lib.sh'
[20.970s] Level 1:colcon.colcon_core.environment:checking '/home/ram-user/Desktop/rosProject/install/tutorial_interfaces/bin'
[20.970s] Level 1:colcon.colcon_core.environment:checking '/home/ram-user/Desktop/rosProject/install/tutorial_interfaces/lib/pkgconfig/tutorial_interfaces.pc'
[20.971s] Level 1:colcon.colcon_core.environment:checking '/home/ram-user/Desktop/rosProject/install/tutorial_interfaces/lib/python3.10/site-packages'
[20.971s] Level 1:colcon.colcon_core.environment:checking '/home/ram-user/Desktop/rosProject/install/tutorial_interfaces/bin'
[20.973s] INFO:colcon.colcon_core.shell:Creating package script '/home/ram-user/Desktop/rosProject/install/tutorial_interfaces/share/tutorial_interfaces/package.ps1'
[20.974s] INFO:colcon.colcon_core.shell:Creating package descriptor '/home/ram-user/Desktop/rosProject/install/tutorial_interfaces/share/tutorial_interfaces/package.dsv'
[20.976s] INFO:colcon.colcon_core.shell:Creating package script '/home/ram-user/Desktop/rosProject/install/tutorial_interfaces/share/tutorial_interfaces/package.sh'
[20.977s] INFO:colcon.colcon_core.shell:Creating package script '/home/ram-user/Desktop/rosProject/install/tutorial_interfaces/share/tutorial_interfaces/package.bash'
[20.978s] INFO:colcon.colcon_core.shell:Creating package script '/home/ram-user/Desktop/rosProject/install/tutorial_interfaces/share/tutorial_interfaces/package.zsh'
[20.980s] Level 1:colcon.colcon_core.environment:create_file_with_runtime_dependencies(/home/ram-user/Desktop/rosProject/install/tutorial_interfaces/share/colcon-core/packages/tutorial_interfaces)
[20.982s] INFO:colcon.colcon_ros.task.ament_cmake.build:Building ROS package in '/home/ram-user/Desktop/rosProject/src/keyboard_input' with build type 'ament_cmake'
[20.982s] INFO:colcon.colcon_cmake.task.cmake.build:Building CMake package in '/home/ram-user/Desktop/rosProject/src/keyboard_input'
[20.984s] INFO:colcon.colcon_core.shell:Skip shell extension 'powershell' for command environment: Not usable outside of PowerShell
[20.984s] DEBUG:colcon.colcon_core.shell:Skip shell extension 'dsv' for command environment
[20.996s] DEBUG:colcon.colcon_core.event_handler.log_command:Invoking command in '/home/ram-user/Desktop/rosProject/build/keyboard_input': CMAKE_PREFIX_PATH=/opt/ros/humble /usr/bin/cmake /home/ram-user/Desktop/rosProject/src/keyboard_input -DCMAKE_INSTALL_PREFIX=/home/ram-user/Desktop/rosProject/install/keyboard_input
[23.334s] DEBUG:colcon.colcon_core.event_handler.log_command:Invoked command in '/home/ram-user/Desktop/rosProject/build/keyboard_input' returned '0': CMAKE_PREFIX_PATH=/opt/ros/humble /usr/bin/cmake /home/ram-user/Desktop/rosProject/src/keyboard_input -DCMAKE_INSTALL_PREFIX=/home/ram-user/Desktop/rosProject/install/keyboard_input
[23.335s] DEBUG:colcon.colcon_core.event_handler.log_command:Invoking command in '/home/ram-user/Desktop/rosProject/build/keyboard_input': CMAKE_PREFIX_PATH=/opt/ros/humble /usr/bin/cmake --build /home/ram-user/Desktop/rosProject/build/keyboard_input -- -j2 -l2
[23.659s] DEBUG:colcon.colcon_core.event_handler.log_command:Invoked command in '/home/ram-user/Desktop/rosProject/build/image_input' returned '0': CMAKE_PREFIX_PATH=/opt/ros/humble /usr/bin/cmake --build /home/ram-user/Desktop/rosProject/build/image_input -- -j2 -l2
[23.724s] DEBUG:colcon.colcon_core.event_handler.log_command:Invoking command in '/home/ram-user/Desktop/rosProject/build/image_input': CMAKE_PREFIX_PATH=/opt/ros/humble /usr/bin/cmake --install /home/ram-user/Desktop/rosProject/build/image_input
[23.746s] Level 1:colcon.colcon_core.environment:create_environment_scripts_only(image_input)
[23.749s] Level 1:colcon.colcon_core.environment:checking '/home/ram-user/Desktop/rosProject/install/image_input' for CMake module files
[23.752s] Level 1:colcon.colcon_core.environment:checking '/home/ram-user/Desktop/rosProject/install/image_input' for CMake config files
[23.753s] DEBUG:colcon.colcon_core.event_handler.log_command:Invoked command in '/home/ram-user/Desktop/rosProject/build/image_input' returned '0': CMAKE_PREFIX_PATH=/opt/ros/humble /usr/bin/cmake --install /home/ram-user/Desktop/rosProject/build/image_input
[23.760s] Level 1:colcon.colcon_core.shell:create_environment_hook('image_input', 'cmake_prefix_path')
[23.763s] INFO:colcon.colcon_core.shell:Creating environment hook '/home/ram-user/Desktop/rosProject/install/image_input/share/image_input/hook/cmake_prefix_path.ps1'
[23.764s] INFO:colcon.colcon_core.shell:Creating environment descriptor '/home/ram-user/Desktop/rosProject/install/image_input/share/image_input/hook/cmake_prefix_path.dsv'
[23.765s] INFO:colcon.colcon_core.shell:Creating environment hook '/home/ram-user/Desktop/rosProject/install/image_input/share/image_input/hook/cmake_prefix_path.sh'
[23.766s] Level 1:colcon.colcon_core.environment:checking '/home/ram-user/Desktop/rosProject/install/image_input/lib'
[23.767s] Level 1:colcon.colcon_core.environment:checking '/home/ram-user/Desktop/rosProject/install/image_input/bin'
[23.767s] Level 1:colcon.colcon_core.environment:checking '/home/ram-user/Desktop/rosProject/install/image_input/lib/pkgconfig/image_input.pc'
[23.767s] Level 1:colcon.colcon_core.environment:checking '/home/ram-user/Desktop/rosProject/install/image_input/lib/python3.10/site-packages'
[23.768s] Level 1:colcon.colcon_core.environment:checking '/home/ram-user/Desktop/rosProject/install/image_input/bin'
[23.770s] INFO:colcon.colcon_core.shell:Creating package script '/home/ram-user/Desktop/rosProject/install/image_input/share/image_input/package.ps1'
[23.770s] INFO:colcon.colcon_core.shell:Creating package descriptor '/home/ram-user/Desktop/rosProject/install/image_input/share/image_input/package.dsv'
[23.772s] INFO:colcon.colcon_core.shell:Creating package script '/home/ram-user/Desktop/rosProject/install/image_input/share/image_input/package.sh'
[23.773s] INFO:colcon.colcon_core.shell:Creating package script '/home/ram-user/Desktop/rosProject/install/image_input/share/image_input/package.bash'
[23.773s] INFO:colcon.colcon_core.shell:Creating package script '/home/ram-user/Desktop/rosProject/install/image_input/share/image_input/package.zsh'
[23.774s] Level 1:colcon.colcon_core.environment:create_file_with_runtime_dependencies(/home/ram-user/Desktop/rosProject/install/image_input/share/colcon-core/packages/image_input)
[23.844s] Level 1:colcon.colcon_core.environment:create_environment_scripts_only(image_input)
[23.848s] Level 1:colcon.colcon_core.environment:checking '/home/ram-user/Desktop/rosProject/install/image_input' for CMake module files
[23.849s] Level 1:colcon.colcon_core.environment:checking '/home/ram-user/Desktop/rosProject/install/image_input' for CMake config files
[23.849s] Level 1:colcon.colcon_core.shell:create_environment_hook('image_input', 'cmake_prefix_path')
[23.856s] INFO:colcon.colcon_core.shell:Creating environment hook '/home/ram-user/Desktop/rosProject/install/image_input/share/image_input/hook/cmake_prefix_path.ps1'
[23.857s] INFO:colcon.colcon_core.shell:Creating environment descriptor '/home/ram-user/Desktop/rosProject/install/image_input/share/image_input/hook/cmake_prefix_path.dsv'
[23.858s] INFO:colcon.colcon_core.shell:Creating environment hook '/home/ram-user/Desktop/rosProject/install/image_input/share/image_input/hook/cmake_prefix_path.sh'
[23.860s] Level 1:colcon.colcon_core.environment:checking '/home/ram-user/Desktop/rosProject/install/image_input/lib'
[23.860s] Level 1:colcon.colcon_core.environment:checking '/home/ram-user/Desktop/rosProject/install/image_input/bin'
[23.860s] Level 1:colcon.colcon_core.environment:checking '/home/ram-user/Desktop/rosProject/install/image_input/lib/pkgconfig/image_input.pc'
[23.861s] Level 1:colcon.colcon_core.environment:checking '/home/ram-user/Desktop/rosProject/install/image_input/lib/python3.10/site-packages'
[23.861s] Level 1:colcon.colcon_core.environment:checking '/home/ram-user/Desktop/rosProject/install/image_input/bin'
[23.864s] INFO:colcon.colcon_core.shell:Creating package script '/home/ram-user/Desktop/rosProject/install/image_input/share/image_input/package.ps1'
[23.865s] INFO:colcon.colcon_core.shell:Creating package descriptor '/home/ram-user/Desktop/rosProject/install/image_input/share/image_input/package.dsv'
[23.867s] INFO:colcon.colcon_core.shell:Creating package script '/home/ram-user/Desktop/rosProject/install/image_input/share/image_input/package.sh'
[23.868s] INFO:colcon.colcon_core.shell:Creating package script '/home/ram-user/Desktop/rosProject/install/image_input/share/image_input/package.bash'
[23.869s] INFO:colcon.colcon_core.shell:Creating package script '/home/ram-user/Desktop/rosProject/install/image_input/share/image_input/package.zsh'
[23.870s] Level 1:colcon.colcon_core.environment:create_file_with_runtime_dependencies(/home/ram-user/Desktop/rosProject/install/image_input/share/colcon-core/packages/image_input)
[23.871s] INFO:colcon.colcon_ros.task.ament_cmake.build:Building ROS package in '/home/ram-user/Desktop/rosProject/src/paddle_physics' with build type 'ament_cmake'
[23.872s] INFO:colcon.colcon_cmake.task.cmake.build:Building CMake package in '/home/ram-user/Desktop/rosProject/src/paddle_physics'
[23.874s] INFO:colcon.colcon_core.shell:Skip shell extension 'powershell' for command environment: Not usable outside of PowerShell
[23.874s] DEBUG:colcon.colcon_core.shell:Skip shell extension 'dsv' for command environment
[23.886s] DEBUG:colcon.colcon_core.event_handler.log_command:Invoking command in '/home/ram-user/Desktop/rosProject/build/paddle_physics': CMAKE_PREFIX_PATH=/opt/ros/humble /usr/bin/cmake /home/ram-user/Desktop/rosProject/src/paddle_physics -DCMAKE_INSTALL_PREFIX=/home/ram-user/Desktop/rosProject/install/paddle_physics
[25.914s] DEBUG:colcon.colcon_core.event_handler.log_command:Invoked command in '/home/ram-user/Desktop/rosProject/build/paddle_physics' returned '0': CMAKE_PREFIX_PATH=/opt/ros/humble /usr/bin/cmake /home/ram-user/Desktop/rosProject/src/paddle_physics -DCMAKE_INSTALL_PREFIX=/home/ram-user/Desktop/rosProject/install/paddle_physics
[25.914s] DEBUG:colcon.colcon_core.event_handler.log_command:Invoking command in '/home/ram-user/Desktop/rosProject/build/paddle_physics': CMAKE_PREFIX_PATH=/opt/ros/humble /usr/bin/cmake --build /home/ram-user/Desktop/rosProject/build/paddle_physics -- -j2 -l2
[31.433s] DEBUG:colcon.colcon_core.event_handler.log_command:Invoked command in '/home/ram-user/Desktop/rosProject/build/keyboard_input' returned '0': CMAKE_PREFIX_PATH=/opt/ros/humble /usr/bin/cmake --build /home/ram-user/Desktop/rosProject/build/keyboard_input -- -j2 -l2
[31.504s] DEBUG:colcon.colcon_core.event_handler.log_command:Invoking command in '/home/ram-user/Desktop/rosProject/build/keyboard_input': CMAKE_PREFIX_PATH=/opt/ros/humble /usr/bin/cmake --install /home/ram-user/Desktop/rosProject/build/keyboard_input
[31.528s] Level 1:colcon.colcon_core.environment:create_environment_scripts_only(keyboard_input)
[31.531s] Level 1:colcon.colcon_core.environment:checking '/home/ram-user/Desktop/rosProject/install/keyboard_input' for CMake module files
[31.531s] Level 1:colcon.colcon_core.environment:checking '/home/ram-user/Desktop/rosProject/install/keyboard_input' for CMake config files
[31.532s] Level 1:colcon.colcon_core.shell:create_environment_hook('keyboard_input', 'cmake_prefix_path')
[31.533s] INFO:colcon.colcon_core.shell:Creating environment hook '/home/ram-user/Desktop/rosProject/install/keyboard_input/share/keyboard_input/hook/cmake_prefix_path.ps1'
[31.534s] INFO:colcon.colcon_core.shell:Creating environment descriptor '/home/ram-user/Desktop/rosProject/install/keyboard_input/share/keyboard_input/hook/cmake_prefix_path.dsv'
[31.534s] INFO:colcon.colcon_core.shell:Creating environment hook '/home/ram-user/Desktop/rosProject/install/keyboard_input/share/keyboard_input/hook/cmake_prefix_path.sh'
[31.535s] Level 1:colcon.colcon_core.environment:checking '/home/ram-user/Desktop/rosProject/install/keyboard_input/lib'
[31.535s] Level 1:colcon.colcon_core.environment:checking '/home/ram-user/Desktop/rosProject/install/keyboard_input/bin'
[31.535s] Level 1:colcon.colcon_core.environment:checking '/home/ram-user/Desktop/rosProject/install/keyboard_input/lib/pkgconfig/keyboard_input.pc'
[31.536s] Level 1:colcon.colcon_core.environment:checking '/home/ram-user/Desktop/rosProject/install/keyboard_input/lib/python3.10/site-packages'
[31.536s] Level 1:colcon.colcon_core.environment:checking '/home/ram-user/Desktop/rosProject/install/keyboard_input/bin'
[31.538s] INFO:colcon.colcon_core.shell:Creating package script '/home/ram-user/Desktop/rosProject/install/keyboard_input/share/keyboard_input/package.ps1'
[31.538s] INFO:colcon.colcon_core.shell:Creating package descriptor '/home/ram-user/Desktop/rosProject/install/keyboard_input/share/keyboard_input/package.dsv'
[31.547s] DEBUG:colcon.colcon_core.event_handler.log_command:Invoked command in '/home/ram-user/Desktop/rosProject/build/keyboard_input' returned '0': CMAKE_PREFIX_PATH=/opt/ros/humble /usr/bin/cmake --install /home/ram-user/Desktop/rosProject/build/keyboard_input
[31.547s] INFO:colcon.colcon_core.shell:Creating package script '/home/ram-user/Desktop/rosProject/install/keyboard_input/share/keyboard_input/package.sh'
[31.548s] INFO:colcon.colcon_core.shell:Creating package script '/home/ram-user/Desktop/rosProject/install/keyboard_input/share/keyboard_input/package.bash'
[31.548s] INFO:colcon.colcon_core.shell:Creating package script '/home/ram-user/Desktop/rosProject/install/keyboard_input/share/keyboard_input/package.zsh'
[31.549s] Level 1:colcon.colcon_core.environment:create_file_with_runtime_dependencies(/home/ram-user/Desktop/rosProject/install/keyboard_input/share/colcon-core/packages/keyboard_input)
[31.634s] Level 1:colcon.colcon_core.environment:create_environment_scripts_only(keyboard_input)
[31.637s] Level 1:colcon.colcon_core.environment:checking '/home/ram-user/Desktop/rosProject/install/keyboard_input' for CMake module files
[31.638s] Level 1:colcon.colcon_core.environment:checking '/home/ram-user/Desktop/rosProject/install/keyboard_input' for CMake config files
[31.639s] Level 1:colcon.colcon_core.shell:create_environment_hook('keyboard_input', 'cmake_prefix_path')
[31.641s] INFO:colcon.colcon_core.shell:Creating environment hook '/home/ram-user/Desktop/rosProject/install/keyboard_input/share/keyboard_input/hook/cmake_prefix_path.ps1'
[31.644s] INFO:colcon.colcon_core.shell:Creating environment descriptor '/home/ram-user/Desktop/rosProject/install/keyboard_input/share/keyboard_input/hook/cmake_prefix_path.dsv'
[31.648s] INFO:colcon.colcon_core.shell:Creating environment hook '/home/ram-user/Desktop/rosProject/install/keyboard_input/share/keyboard_input/hook/cmake_prefix_path.sh'
[31.650s] Level 1:colcon.colcon_core.environment:checking '/home/ram-user/Desktop/rosProject/install/keyboard_input/lib'
[31.650s] Level 1:colcon.colcon_core.environment:checking '/home/ram-user/Desktop/rosProject/install/keyboard_input/bin'
[31.650s] Level 1:colcon.colcon_core.environment:checking '/home/ram-user/Desktop/rosProject/install/keyboard_input/lib/pkgconfig/keyboard_input.pc'
[31.650s] Level 1:colcon.colcon_core.environment:checking '/home/ram-user/Desktop/rosProject/install/keyboard_input/lib/python3.10/site-packages'
[31.651s] Level 1:colcon.colcon_core.environment:checking '/home/ram-user/Desktop/rosProject/install/keyboard_input/bin'
[31.653s] INFO:colcon.colcon_core.shell:Creating package script '/home/ram-user/Desktop/rosProject/install/keyboard_input/share/keyboard_input/package.ps1'
[31.655s] INFO:colcon.colcon_core.shell:Creating package descriptor '/home/ram-user/Desktop/rosProject/install/keyboard_input/share/keyboard_input/package.dsv'
[31.659s] INFO:colcon.colcon_core.shell:Creating package script '/home/ram-user/Desktop/rosProject/install/keyboard_input/share/keyboard_input/package.sh'
[31.661s] INFO:colcon.colcon_core.shell:Creating package script '/home/ram-user/Desktop/rosProject/install/keyboard_input/share/keyboard_input/package.bash'
[31.664s] INFO:colcon.colcon_core.shell:Creating package script '/home/ram-user/Desktop/rosProject/install/keyboard_input/share/keyboard_input/package.zsh'
[31.666s] Level 1:colcon.colcon_core.environment:create_file_with_runtime_dependencies(/home/ram-user/Desktop/rosProject/install/keyboard_input/share/colcon-core/packages/keyboard_input)
[31.669s] INFO:colcon.colcon_ros.task.ament_cmake.build:Building ROS package in '/home/ram-user/Desktop/rosProject/src/cpp_publisher' with build type 'ament_cmake'
[31.670s] INFO:colcon.colcon_cmake.task.cmake.build:Building CMake package in '/home/ram-user/Desktop/rosProject/src/cpp_publisher'
[31.674s] INFO:colcon.colcon_core.shell:Skip shell extension 'powershell' for command environment: Not usable outside of PowerShell
[31.674s] DEBUG:colcon.colcon_core.shell:Skip shell extension 'dsv' for command environment
[31.705s] DEBUG:colcon.colcon_core.event_handler.log_command:Invoking command in '/home/ram-user/Desktop/rosProject/build/cpp_publisher': AMENT_PREFIX_PATH=/home/ram-user/Desktop/rosProject/install/tutorial_interfaces:${AMENT_PREFIX_PATH} CMAKE_PREFIX_PATH=/home/ram-user/Desktop/rosProject/install/tutorial_interfaces:/opt/ros/humble LD_LIBRARY_PATH=/home/ram-user/Desktop/rosProject/install/tutorial_interfaces/lib:${LD_LIBRARY_PATH} PYTHONPATH=/home/ram-user/Desktop/rosProject/install/tutorial_interfaces/local/lib/python3.10/dist-packages:${PYTHONPATH} /usr/bin/cmake /home/ram-user/Desktop/rosProject/src/cpp_publisher -DCMAKE_INSTALL_PREFIX=/home/ram-user/Desktop/rosProject/install/cpp_publisher
[34.147s] DEBUG:colcon.colcon_core.event_handler.log_command:Invoked command in '/home/ram-user/Desktop/rosProject/build/cpp_publisher' returned '0': AMENT_PREFIX_PATH=/home/ram-user/Desktop/rosProject/install/tutorial_interfaces:${AMENT_PREFIX_PATH} CMAKE_PREFIX_PATH=/home/ram-user/Desktop/rosProject/install/tutorial_interfaces:/opt/ros/humble LD_LIBRARY_PATH=/home/ram-user/Desktop/rosProject/install/tutorial_interfaces/lib:${LD_LIBRARY_PATH} PYTHONPATH=/home/ram-user/Desktop/rosProject/install/tutorial_interfaces/local/lib/python3.10/dist-packages:${PYTHONPATH} /usr/bin/cmake /home/ram-user/Desktop/rosProject/src/cpp_publisher -DCMAKE_INSTALL_PREFIX=/home/ram-user/Desktop/rosProject/install/cpp_publisher
[34.148s] DEBUG:colcon.colcon_core.event_handler.log_command:Invoking command in '/home/ram-user/Desktop/rosProject/build/cpp_publisher': AMENT_PREFIX_PATH=/home/ram-user/Desktop/rosProject/install/tutorial_interfaces:${AMENT_PREFIX_PATH} CMAKE_PREFIX_PATH=/home/ram-user/Desktop/rosProject/install/tutorial_interfaces:/opt/ros/humble LD_LIBRARY_PATH=/home/ram-user/Desktop/rosProject/install/tutorial_interfaces/lib:${LD_LIBRARY_PATH} PYTHONPATH=/home/ram-user/Desktop/rosProject/install/tutorial_interfaces/local/lib/python3.10/dist-packages:${PYTHONPATH} /usr/bin/cmake --build /home/ram-user/Desktop/rosProject/build/cpp_publisher -- -j2 -l2
[58.632s] DEBUG:colcon.colcon_core.event_handler.log_command:Invoked command in '/home/ram-user/Desktop/rosProject/build/cpp_publisher' returned '0': AMENT_PREFIX_PATH=/home/ram-user/Desktop/rosProject/install/tutorial_interfaces:${AMENT_PREFIX_PATH} CMAKE_PREFIX_PATH=/home/ram-user/Desktop/rosProject/install/tutorial_interfaces:/opt/ros/humble LD_LIBRARY_PATH=/home/ram-user/Desktop/rosProject/install/tutorial_interfaces/lib:${LD_LIBRARY_PATH} PYTHONPATH=/home/ram-user/Desktop/rosProject/install/tutorial_interfaces/local/lib/python3.10/dist-packages:${PYTHONPATH} /usr/bin/cmake --build /home/ram-user/Desktop/rosProject/build/cpp_publisher -- -j2 -l2
[58.688s] DEBUG:colcon.colcon_core.event_handler.log_command:Invoking command in '/home/ram-user/Desktop/rosProject/build/cpp_publisher': AMENT_PREFIX_PATH=/home/ram-user/Desktop/rosProject/install/tutorial_interfaces:${AMENT_PREFIX_PATH} CMAKE_PREFIX_PATH=/home/ram-user/Desktop/rosProject/install/tutorial_interfaces:/opt/ros/humble LD_LIBRARY_PATH=/home/ram-user/Desktop/rosProject/install/tutorial_interfaces/lib:${LD_LIBRARY_PATH} PYTHONPATH=/home/ram-user/Desktop/rosProject/install/tutorial_interfaces/local/lib/python3.10/dist-packages:${PYTHONPATH} /usr/bin/cmake --install /home/ram-user/Desktop/rosProject/build/cpp_publisher
[58.726s] Level 1:colcon.colcon_core.environment:create_environment_scripts_only(cpp_publisher)
[58.728s] Level 1:colcon.colcon_core.environment:checking '/home/ram-user/Desktop/rosProject/install/cpp_publisher' for CMake module files
[58.729s] Level 1:colcon.colcon_core.environment:checking '/home/ram-user/Desktop/rosProject/install/cpp_publisher' for CMake config files
[58.729s] Level 1:colcon.colcon_core.shell:create_environment_hook('cpp_publisher', 'cmake_prefix_path')
[58.730s] INFO:colcon.colcon_core.shell:Creating environment hook '/home/ram-user/Desktop/rosProject/install/cpp_publisher/share/cpp_publisher/hook/cmake_prefix_path.ps1'
[58.731s] INFO:colcon.colcon_core.shell:Creating environment descriptor '/home/ram-user/Desktop/rosProject/install/cpp_publisher/share/cpp_publisher/hook/cmake_prefix_path.dsv'
[58.731s] INFO:colcon.colcon_core.shell:Creating environment hook '/home/ram-user/Desktop/rosProject/install/cpp_publisher/share/cpp_publisher/hook/cmake_prefix_path.sh'
[58.732s] Level 1:colcon.colcon_core.environment:checking '/home/ram-user/Desktop/rosProject/install/cpp_publisher/lib'
[58.733s] DEBUG:colcon.colcon_core.event_handler.log_command:Invoked command in '/home/ram-user/Desktop/rosProject/build/cpp_publisher' returned '0': AMENT_PREFIX_PATH=/home/ram-user/Desktop/rosProject/install/tutorial_interfaces:${AMENT_PREFIX_PATH} CMAKE_PREFIX_PATH=/home/ram-user/Desktop/rosProject/install/tutorial_interfaces:/opt/ros/humble LD_LIBRARY_PATH=/home/ram-user/Desktop/rosProject/install/tutorial_interfaces/lib:${LD_LIBRARY_PATH} PYTHONPATH=/home/ram-user/Desktop/rosProject/install/tutorial_interfaces/local/lib/python3.10/dist-packages:${PYTHONPATH} /usr/bin/cmake --install /home/ram-user/Desktop/rosProject/build/cpp_publisher
[58.733s] Level 1:colcon.colcon_core.environment:checking '/home/ram-user/Desktop/rosProject/install/cpp_publisher/bin'
[58.733s] Level 1:colcon.colcon_core.environment:checking '/home/ram-user/Desktop/rosProject/install/cpp_publisher/lib/pkgconfig/cpp_publisher.pc'
[58.733s] Level 1:colcon.colcon_core.environment:checking '/home/ram-user/Desktop/rosProject/install/cpp_publisher/lib/python3.10/site-packages'
[58.734s] Level 1:colcon.colcon_core.environment:checking '/home/ram-user/Desktop/rosProject/install/cpp_publisher/bin'
[58.735s] INFO:colcon.colcon_core.shell:Creating package script '/home/ram-user/Desktop/rosProject/install/cpp_publisher/share/cpp_publisher/package.ps1'
[58.736s] INFO:colcon.colcon_core.shell:Creating package descriptor '/home/ram-user/Desktop/rosProject/install/cpp_publisher/share/cpp_publisher/package.dsv'
[58.737s] INFO:colcon.colcon_core.shell:Creating package script '/home/ram-user/Desktop/rosProject/install/cpp_publisher/share/cpp_publisher/package.sh'
[58.737s] INFO:colcon.colcon_core.shell:Creating package script '/home/ram-user/Desktop/rosProject/install/cpp_publisher/share/cpp_publisher/package.bash'
[58.737s] INFO:colcon.colcon_core.shell:Creating package script '/home/ram-user/Desktop/rosProject/install/cpp_publisher/share/cpp_publisher/package.zsh'
[58.738s] Level 1:colcon.colcon_core.environment:create_file_with_runtime_dependencies(/home/ram-user/Desktop/rosProject/install/cpp_publisher/share/colcon-core/packages/cpp_publisher)
[58.822s] Level 1:colcon.colcon_core.environment:create_environment_scripts_only(cpp_publisher)
[58.827s] Level 1:colcon.colcon_core.environment:checking '/home/ram-user/Desktop/rosProject/install/cpp_publisher' for CMake module files
[58.830s] Level 1:colcon.colcon_core.environment:checking '/home/ram-user/Desktop/rosProject/install/cpp_publisher' for CMake config files
[58.830s] Level 1:colcon.colcon_core.shell:create_environment_hook('cpp_publisher', 'cmake_prefix_path')
[58.834s] INFO:colcon.colcon_core.shell:Creating environment hook '/home/ram-user/Desktop/rosProject/install/cpp_publisher/share/cpp_publisher/hook/cmake_prefix_path.ps1'
[58.843s] INFO:colcon.colcon_core.shell:Creating environment descriptor '/home/ram-user/Desktop/rosProject/install/cpp_publisher/share/cpp_publisher/hook/cmake_prefix_path.dsv'
[58.845s] INFO:colcon.colcon_core.shell:Creating environment hook '/home/ram-user/Desktop/rosProject/install/cpp_publisher/share/cpp_publisher/hook/cmake_prefix_path.sh'
[58.849s] Level 1:colcon.colcon_core.environment:checking '/home/ram-user/Desktop/rosProject/install/cpp_publisher/lib'
[58.849s] Level 1:colcon.colcon_core.environment:checking '/home/ram-user/Desktop/rosProject/install/cpp_publisher/bin'
[58.849s] Level 1:colcon.colcon_core.environment:checking '/home/ram-user/Desktop/rosProject/install/cpp_publisher/lib/pkgconfig/cpp_publisher.pc'
[58.850s] Level 1:colcon.colcon_core.environment:checking '/home/ram-user/Desktop/rosProject/install/cpp_publisher/lib/python3.10/site-packages'
[58.851s] Level 1:colcon.colcon_core.environment:checking '/home/ram-user/Desktop/rosProject/install/cpp_publisher/bin'
[58.854s] INFO:colcon.colcon_core.shell:Creating package script '/home/ram-user/Desktop/rosProject/install/cpp_publisher/share/cpp_publisher/package.ps1'
[58.857s] INFO:colcon.colcon_core.shell:Creating package descriptor '/home/ram-user/Desktop/rosProject/install/cpp_publisher/share/cpp_publisher/package.dsv'
[58.860s] INFO:colcon.colcon_core.shell:Creating package script '/home/ram-user/Desktop/rosProject/install/cpp_publisher/share/cpp_publisher/package.sh'
[58.863s] INFO:colcon.colcon_core.shell:Creating package script '/home/ram-user/Desktop/rosProject/install/cpp_publisher/share/cpp_publisher/package.bash'
[58.865s] INFO:colcon.colcon_core.shell:Creating package script '/home/ram-user/Desktop/rosProject/install/cpp_publisher/share/cpp_publisher/package.zsh'
[58.867s] Level 1:colcon.colcon_core.environment:create_file_with_runtime_dependencies(/home/ram-user/Desktop/rosProject/install/cpp_publisher/share/colcon-core/packages/cpp_publisher)
[58.870s] INFO:colcon.colcon_ros.task.ament_cmake.build:Building ROS package in '/home/ram-user/Desktop/rosProject/src/pong_core' with build type 'ament_cmake'
[58.871s] INFO:colcon.colcon_cmake.task.cmake.build:Building CMake package in '/home/ram-user/Desktop/rosProject/src/pong_core'
[58.874s] INFO:colcon.colcon_core.shell:Skip shell extension 'powershell' for command environment: Not usable outside of PowerShell
[58.875s] DEBUG:colcon.colcon_core.shell:Skip shell extension 'dsv' for command environment
[58.908s] DEBUG:colcon.colcon_core.event_handler.log_command:Invoking command in '/home/ram-user/Desktop/rosProject/build/pong_core': AMENT_PREFIX_PATH=/home/ram-user/Desktop/rosProject/install/tutorial_interfaces:${AMENT_PREFIX_PATH} CMAKE_PREFIX_PATH=/home/ram-user/Desktop/rosProject/install/tutorial_interfaces:/opt/ros/humble LD_LIBRARY_PATH=/home/ram-user/Desktop/rosProject/install/tutorial_interfaces/lib:${LD_LIBRARY_PATH} PYTHONPATH=/home/ram-user/Desktop/rosProject/install/tutorial_interfaces/local/lib/python3.10/dist-packages:${PYTHONPATH} /usr/bin/cmake /home/ram-user/Desktop/rosProject/src/pong_core -DCMAKE_INSTALL_PREFIX=/home/ram-user/Desktop/rosProject/install/pong_core
[59.276s] DEBUG:colcon.colcon_core.event_handler.log_command:Invoked command in '/home/ram-user/Desktop/rosProject/build/paddle_physics' returned '0': CMAKE_PREFIX_PATH=/opt/ros/humble /usr/bin/cmake --build /home/ram-user/Desktop/rosProject/build/paddle_physics -- -j2 -l2
[59.334s] DEBUG:colcon.colcon_core.event_handler.log_command:Invoking command in '/home/ram-user/Desktop/rosProject/build/paddle_physics': CMAKE_PREFIX_PATH=/opt/ros/humble /usr/bin/cmake --install /home/ram-user/Desktop/rosProject/build/paddle_physics
[59.378s] Level 1:colcon.colcon_core.environment:create_environment_scripts_only(paddle_physics)
[59.380s] Level 1:colcon.colcon_core.environment:checking '/home/ram-user/Desktop/rosProject/install/paddle_physics' for CMake module files
[59.381s] Level 1:colcon.colcon_core.environment:checking '/home/ram-user/Desktop/rosProject/install/paddle_physics' for CMake config files
[59.381s] Level 1:colcon.colcon_core.shell:create_environment_hook('paddle_physics', 'cmake_prefix_path')
[59.383s] INFO:colcon.colcon_core.shell:Creating environment hook '/home/ram-user/Desktop/rosProject/install/paddle_physics/share/paddle_physics/hook/cmake_prefix_path.ps1'
[59.384s] INFO:colcon.colcon_core.shell:Creating environment descriptor '/home/ram-user/Desktop/rosProject/install/paddle_physics/share/paddle_physics/hook/cmake_prefix_path.dsv'
[59.385s] INFO:colcon.colcon_core.shell:Creating environment hook '/home/ram-user/Desktop/rosProject/install/paddle_physics/share/paddle_physics/hook/cmake_prefix_path.sh'
[59.386s] DEBUG:colcon.colcon_core.event_handler.log_command:Invoked command in '/home/ram-user/Desktop/rosProject/build/paddle_physics' returned '0': CMAKE_PREFIX_PATH=/opt/ros/humble /usr/bin/cmake --install /home/ram-user/Desktop/rosProject/build/paddle_physics
[59.392s] Level 1:colcon.colcon_core.environment:checking '/home/ram-user/Desktop/rosProject/install/paddle_physics/lib'
[59.392s] Level 1:colcon.colcon_core.environment:checking '/home/ram-user/Desktop/rosProject/install/paddle_physics/bin'
[59.393s] Level 1:colcon.colcon_core.environment:checking '/home/ram-user/Desktop/rosProject/install/paddle_physics/lib/pkgconfig/paddle_physics.pc'
[59.393s] Level 1:colcon.colcon_core.environment:checking '/home/ram-user/Desktop/rosProject/install/paddle_physics/lib/python3.10/site-packages'
[59.393s] Level 1:colcon.colcon_core.environment:checking '/home/ram-user/Desktop/rosProject/install/paddle_physics/bin'
[59.396s] INFO:colcon.colcon_core.shell:Creating package script '/home/ram-user/Desktop/rosProject/install/paddle_physics/share/paddle_physics/package.ps1'
[59.397s] INFO:colcon.colcon_core.shell:Creating package descriptor '/home/ram-user/Desktop/rosProject/install/paddle_physics/share/paddle_physics/package.dsv'
[59.398s] INFO:colcon.colcon_core.shell:Creating package script '/home/ram-user/Desktop/rosProject/install/paddle_physics/share/paddle_physics/package.sh'
[59.399s] INFO:colcon.colcon_core.shell:Creating package script '/home/ram-user/Desktop/rosProject/install/paddle_physics/share/paddle_physics/package.bash'
[59.399s] INFO:colcon.colcon_core.shell:Creating package script '/home/ram-user/Desktop/rosProject/install/paddle_physics/share/paddle_physics/package.zsh'
[59.400s] Level 1:colcon.colcon_core.environment:create_file_with_runtime_dependencies(/home/ram-user/Desktop/rosProject/install/paddle_physics/share/colcon-core/packages/paddle_physics)
[59.446s] Level 1:colcon.colcon_core.environment:create_environment_scripts_only(paddle_physics)
[59.449s] Level 1:colcon.colcon_core.environment:checking '/home/ram-user/Desktop/rosProject/install/paddle_physics' for CMake module files
[59.450s] Level 1:colcon.colcon_core.environment:checking '/home/ram-user/Desktop/rosProject/install/paddle_physics' for CMake config files
[59.450s] Level 1:colcon.colcon_core.shell:create_environment_hook('paddle_physics', 'cmake_prefix_path')
[59.452s] INFO:colcon.colcon_core.shell:Creating environment hook '/home/ram-user/Desktop/rosProject/install/paddle_physics/share/paddle_physics/hook/cmake_prefix_path.ps1'
[59.453s] INFO:colcon.colcon_core.shell:Creating environment descriptor '/home/ram-user/Desktop/rosProject/install/paddle_physics/share/paddle_physics/hook/cmake_prefix_path.dsv'
[59.455s] INFO:colcon.colcon_core.shell:Creating environment hook '/home/ram-user/Desktop/rosProject/install/paddle_physics/share/paddle_physics/hook/cmake_prefix_path.sh'
[59.462s] Level 1:colcon.colcon_core.environment:checking '/home/ram-user/Desktop/rosProject/install/paddle_physics/lib'
[59.462s] Level 1:colcon.colcon_core.environment:checking '/home/ram-user/Desktop/rosProject/install/paddle_physics/bin'
[59.462s] Level 1:colcon.colcon_core.environment:checking '/home/ram-user/Desktop/rosProject/install/paddle_physics/lib/pkgconfig/paddle_physics.pc'
[59.462s] Level 1:colcon.colcon_core.environment:checking '/home/ram-user/Desktop/rosProject/install/paddle_physics/lib/python3.10/site-packages'
[59.462s] Level 1:colcon.colcon_core.environment:checking '/home/ram-user/Desktop/rosProject/install/paddle_physics/bin'
[59.464s] INFO:colcon.colcon_core.shell:Creating package script '/home/ram-user/Desktop/rosProject/install/paddle_physics/share/paddle_physics/package.ps1'
[59.465s] INFO:colcon.colcon_core.shell:Creating package descriptor '/home/ram-user/Desktop/rosProject/install/paddle_physics/share/paddle_physics/package.dsv'
[59.467s] INFO:colcon.colcon_core.shell:Creating package script '/home/ram-user/Desktop/rosProject/install/paddle_physics/share/paddle_physics/package.sh'
[59.467s] INFO:colcon.colcon_core.shell:Creating package script '/home/ram-user/Desktop/rosProject/install/paddle_physics/share/paddle_physics/package.bash'
[59.468s] INFO:colcon.colcon_core.shell:Creating package script '/home/ram-user/Desktop/rosProject/install/paddle_physics/share/paddle_physics/package.zsh'
[59.469s] Level 1:colcon.colcon_core.environment:create_file_with_runtime_dependencies(/home/ram-user/Desktop/rosProject/install/paddle_physics/share/colcon-core/packages/paddle_physics)
[59.470s] INFO:colcon.colcon_ros.task.ament_cmake.build:Building ROS package in '/home/ram-user/Desktop/rosProject/src/score' with build type 'ament_cmake'
[59.471s] INFO:colcon.colcon_cmake.task.cmake.build:Building CMake package in '/home/ram-user/Desktop/rosProject/src/score'
[59.472s] INFO:colcon.colcon_core.shell:Skip shell extension 'powershell' for command environment: Not usable outside of PowerShell
[59.473s] DEBUG:colcon.colcon_core.shell:Skip shell extension 'dsv' for command environment
[59.494s] DEBUG:colcon.colcon_core.event_handler.log_command:Invoking command in '/home/ram-user/Desktop/rosProject/build/score': AMENT_PREFIX_PATH=/home/ram-user/Desktop/rosProject/install/tutorial_interfaces:${AMENT_PREFIX_PATH} CMAKE_PREFIX_PATH=/home/ram-user/Desktop/rosProject/install/tutorial_interfaces:/opt/ros/humble LD_LIBRARY_PATH=/home/ram-user/Desktop/rosProject/install/tutorial_interfaces/lib:${LD_LIBRARY_PATH} PYTHONPATH=/home/ram-user/Desktop/rosProject/install/tutorial_interfaces/local/lib/python3.10/dist-packages:${PYTHONPATH} /usr/bin/cmake /home/ram-user/Desktop/rosProject/src/score -DCMAKE_INSTALL_PREFIX=/home/ram-user/Desktop/rosProject/install/score
[61.358s] DEBUG:colcon.colcon_core.event_handler.log_command:Invoked command in '/home/ram-user/Desktop/rosProject/build/pong_core' returned '0': AMENT_PREFIX_PATH=/home/ram-user/Desktop/rosProject/install/tutorial_interfaces:${AMENT_PREFIX_PATH} CMAKE_PREFIX_PATH=/home/ram-user/Desktop/rosProject/install/tutorial_interfaces:/opt/ros/humble LD_LIBRARY_PATH=/home/ram-user/Desktop/rosProject/install/tutorial_interfaces/lib:${LD_LIBRARY_PATH} PYTHONPATH=/home/ram-user/Desktop/rosProject/install/tutorial_interfaces/local/lib/python3.10/dist-packages:${PYTHONPATH} /usr/bin/cmake /home/ram-user/Desktop/rosProject/src/pong_core -DCMAKE_INSTALL_PREFIX=/home/ram-user/Desktop/rosProject/install/pong_core
[61.359s] DEBUG:colcon.colcon_core.event_handler.log_command:Invoking command in '/home/ram-user/Desktop/rosProject/build/pong_core': AMENT_PREFIX_PATH=/home/ram-user/Desktop/rosProject/install/tutorial_interfaces:${AMENT_PREFIX_PATH} CMAKE_PREFIX_PATH=/home/ram-user/Desktop/rosProject/install/tutorial_interfaces:/opt/ros/humble LD_LIBRARY_PATH=/home/ram-user/Desktop/rosProject/install/tutorial_interfaces/lib:${LD_LIBRARY_PATH} PYTHONPATH=/home/ram-user/Desktop/rosProject/install/tutorial_interfaces/local/lib/python3.10/dist-packages:${PYTHONPATH} /usr/bin/cmake --build /home/ram-user/Desktop/rosProject/build/pong_core -- -j2 -l2
[61.507s] DEBUG:colcon.colcon_core.event_handler.log_command:Invoked command in '/home/ram-user/Desktop/rosProject/build/score' returned '0': AMENT_PREFIX_PATH=/home/ram-user/Desktop/rosProject/install/tutorial_interfaces:${AMENT_PREFIX_PATH} CMAKE_PREFIX_PATH=/home/ram-user/Desktop/rosProject/install/tutorial_interfaces:/opt/ros/humble LD_LIBRARY_PATH=/home/ram-user/Desktop/rosProject/install/tutorial_interfaces/lib:${LD_LIBRARY_PATH} PYTHONPATH=/home/ram-user/Desktop/rosProject/install/tutorial_interfaces/local/lib/python3.10/dist-packages:${PYTHONPATH} /usr/bin/cmake /home/ram-user/Desktop/rosProject/src/score -DCMAKE_INSTALL_PREFIX=/home/ram-user/Desktop/rosProject/install/score
[61.508s] DEBUG:colcon.colcon_core.event_handler.log_command:Invoking command in '/home/ram-user/Desktop/rosProject/build/score': AMENT_PREFIX_PATH=/home/ram-user/Desktop/rosProject/install/tutorial_interfaces:${AMENT_PREFIX_PATH} CMAKE_PREFIX_PATH=/home/ram-user/Desktop/rosProject/install/tutorial_interfaces:/opt/ros/humble LD_LIBRARY_PATH=/home/ram-user/Desktop/rosProject/install/tutorial_interfaces/lib:${LD_LIBRARY_PATH} PYTHONPATH=/home/ram-user/Desktop/rosProject/install/tutorial_interfaces/local/lib/python3.10/dist-packages:${PYTHONPATH} /usr/bin/cmake --build /home/ram-user/Desktop/rosProject/build/score -- -j2 -l2
[76.358s] DEBUG:colcon.colcon_core.event_handler.log_command:Invoked command in '/home/ram-user/Desktop/rosProject/build/score' returned '0': AMENT_PREFIX_PATH=/home/ram-user/Desktop/rosProject/install/tutorial_interfaces:${AMENT_PREFIX_PATH} CMAKE_PREFIX_PATH=/home/ram-user/Desktop/rosProject/install/tutorial_interfaces:/opt/ros/humble LD_LIBRARY_PATH=/home/ram-user/Desktop/rosProject/install/tutorial_interfaces/lib:${LD_LIBRARY_PATH} PYTHONPATH=/home/ram-user/Desktop/rosProject/install/tutorial_interfaces/local/lib/python3.10/dist-packages:${PYTHONPATH} /usr/bin/cmake --build /home/ram-user/Desktop/rosProject/build/score -- -j2 -l2
[76.467s] DEBUG:colcon.colcon_core.event_handler.log_command:Invoking command in '/home/ram-user/Desktop/rosProject/build/score': AMENT_PREFIX_PATH=/home/ram-user/Desktop/rosProject/install/tutorial_interfaces:${AMENT_PREFIX_PATH} CMAKE_PREFIX_PATH=/home/ram-user/Desktop/rosProject/install/tutorial_interfaces:/opt/ros/humble LD_LIBRARY_PATH=/home/ram-user/Desktop/rosProject/install/tutorial_interfaces/lib:${LD_LIBRARY_PATH} PYTHONPATH=/home/ram-user/Desktop/rosProject/install/tutorial_interfaces/local/lib/python3.10/dist-packages:${PYTHONPATH} /usr/bin/cmake --install /home/ram-user/Desktop/rosProject/build/score
[76.498s] Level 1:colcon.colcon_core.environment:create_environment_scripts_only(score)
[76.502s] Level 1:colcon.colcon_core.environment:checking '/home/ram-user/Desktop/rosProject/install/score' for CMake module files
[76.503s] Level 1:colcon.colcon_core.environment:checking '/home/ram-user/Desktop/rosProject/install/score' for CMake config files
[76.503s] Level 1:colcon.colcon_core.shell:create_environment_hook('score', 'cmake_prefix_path')
[76.505s] INFO:colcon.colcon_core.shell:Creating environment hook '/home/ram-user/Desktop/rosProject/install/score/share/score/hook/cmake_prefix_path.ps1'
[76.506s] INFO:colcon.colcon_core.shell:Creating environment descriptor '/home/ram-user/Desktop/rosProject/install/score/share/score/hook/cmake_prefix_path.dsv'
[76.506s] INFO:colcon.colcon_core.shell:Creating environment hook '/home/ram-user/Desktop/rosProject/install/score/share/score/hook/cmake_prefix_path.sh'
[76.507s] Level 1:colcon.colcon_core.environment:checking '/home/ram-user/Desktop/rosProject/install/score/lib'
[76.508s] Level 1:colcon.colcon_core.environment:checking '/home/ram-user/Desktop/rosProject/install/score/bin'
[76.508s] Level 1:colcon.colcon_core.environment:checking '/home/ram-user/Desktop/rosProject/install/score/lib/pkgconfig/score.pc'
[76.508s] Level 1:colcon.colcon_core.environment:checking '/home/ram-user/Desktop/rosProject/install/score/lib/python3.10/site-packages'
[76.508s] Level 1:colcon.colcon_core.environment:checking '/home/ram-user/Desktop/rosProject/install/score/bin'
[76.511s] INFO:colcon.colcon_core.shell:Creating package script '/home/ram-user/Desktop/rosProject/install/score/share/score/package.ps1'
[76.512s] INFO:colcon.colcon_core.shell:Creating package descriptor '/home/ram-user/Desktop/rosProject/install/score/share/score/package.dsv'
[76.514s] INFO:colcon.colcon_core.shell:Creating package script '/home/ram-user/Desktop/rosProject/install/score/share/score/package.sh'
[76.514s] DEBUG:colcon.colcon_core.event_handler.log_command:Invoked command in '/home/ram-user/Desktop/rosProject/build/score' returned '0': AMENT_PREFIX_PATH=/home/ram-user/Desktop/rosProject/install/tutorial_interfaces:${AMENT_PREFIX_PATH} CMAKE_PREFIX_PATH=/home/ram-user/Desktop/rosProject/install/tutorial_interfaces:/opt/ros/humble LD_LIBRARY_PATH=/home/ram-user/Desktop/rosProject/install/tutorial_interfaces/lib:${LD_LIBRARY_PATH} PYTHONPATH=/home/ram-user/Desktop/rosProject/install/tutorial_interfaces/local/lib/python3.10/dist-packages:${PYTHONPATH} /usr/bin/cmake --install /home/ram-user/Desktop/rosProject/build/score
[76.516s] INFO:colcon.colcon_core.shell:Creating package script '/home/ram-user/Desktop/rosProject/install/score/share/score/package.bash'
[76.520s] INFO:colcon.colcon_core.shell:Creating package script '/home/ram-user/Desktop/rosProject/install/score/share/score/package.zsh'
[76.521s] Level 1:colcon.colcon_core.environment:create_file_with_runtime_dependencies(/home/ram-user/Desktop/rosProject/install/score/share/colcon-core/packages/score)
[76.587s] Level 1:colcon.colcon_core.environment:create_environment_scripts_only(score)
[76.590s] Level 1:colcon.colcon_core.environment:checking '/home/ram-user/Desktop/rosProject/install/score' for CMake module files
[76.590s] Level 1:colcon.colcon_core.environment:checking '/home/ram-user/Desktop/rosProject/install/score' for CMake config files
[76.591s] Level 1:colcon.colcon_core.shell:create_environment_hook('score', 'cmake_prefix_path')
[76.592s] INFO:colcon.colcon_core.shell:Creating environment hook '/home/ram-user/Desktop/rosProject/install/score/share/score/hook/cmake_prefix_path.ps1'
[76.593s] INFO:colcon.colcon_core.shell:Creating environment descriptor '/home/ram-user/Desktop/rosProject/install/score/share/score/hook/cmake_prefix_path.dsv'
[76.594s] INFO:colcon.colcon_core.shell:Creating environment hook '/home/ram-user/Desktop/rosProject/install/score/share/score/hook/cmake_prefix_path.sh'
[76.595s] Level 1:colcon.colcon_core.environment:checking '/home/ram-user/Desktop/rosProject/install/score/lib'
[76.596s] Level 1:colcon.colcon_core.environment:checking '/home/ram-user/Desktop/rosProject/install/score/bin'
[76.596s] Level 1:colcon.colcon_core.environment:checking '/home/ram-user/Desktop/rosProject/install/score/lib/pkgconfig/score.pc'
[76.596s] Level 1:colcon.colcon_core.environment:checking '/home/ram-user/Desktop/rosProject/install/score/lib/python3.10/site-packages'
[76.596s] Level 1:colcon.colcon_core.environment:checking '/home/ram-user/Desktop/rosProject/install/score/bin'
[76.598s] INFO:colcon.colcon_core.shell:Creating package script '/home/ram-user/Desktop/rosProject/install/score/share/score/package.ps1'
[76.599s] INFO:colcon.colcon_core.shell:Creating package descriptor '/home/ram-user/Desktop/rosProject/install/score/share/score/package.dsv'
[76.601s] INFO:colcon.colcon_core.shell:Creating package script '/home/ram-user/Desktop/rosProject/install/score/share/score/package.sh'
[76.603s] INFO:colcon.colcon_core.shell:Creating package script '/home/ram-user/Desktop/rosProject/install/score/share/score/package.bash'
[76.604s] INFO:colcon.colcon_core.shell:Creating package script '/home/ram-user/Desktop/rosProject/install/score/share/score/package.zsh'
[76.604s] Level 1:colcon.colcon_core.environment:create_file_with_runtime_dependencies(/home/ram-user/Desktop/rosProject/install/score/share/colcon-core/packages/score)
[76.606s] INFO:colcon.colcon_ros.task.ament_cmake.build:Building ROS package in '/home/ram-user/Desktop/rosProject/src/visualization_package' with build type 'ament_cmake'
[76.607s] INFO:colcon.colcon_cmake.task.cmake.build:Building CMake package in '/home/ram-user/Desktop/rosProject/src/visualization_package'
[76.608s] INFO:colcon.colcon_core.shell:Skip shell extension 'powershell' for command environment: Not usable outside of PowerShell
[76.608s] DEBUG:colcon.colcon_core.shell:Skip shell extension 'dsv' for command environment
[76.648s] DEBUG:colcon.colcon_core.event_handler.log_command:Invoking command in '/home/ram-user/Desktop/rosProject/build/visualization_package': AMENT_PREFIX_PATH=/home/ram-user/Desktop/rosProject/install/tutorial_interfaces:${AMENT_PREFIX_PATH} CMAKE_PREFIX_PATH=/home/ram-user/Desktop/rosProject/install/tutorial_interfaces:/opt/ros/humble LD_LIBRARY_PATH=/home/ram-user/Desktop/rosProject/install/tutorial_interfaces/lib:${LD_LIBRARY_PATH} PYTHONPATH=/home/ram-user/Desktop/rosProject/install/tutorial_interfaces/local/lib/python3.10/dist-packages:${PYTHONPATH} /usr/bin/cmake /home/ram-user/Desktop/rosProject/src/visualization_package -DCMAKE_INSTALL_PREFIX=/home/ram-user/Desktop/rosProject/install/visualization_package
[78.800s] DEBUG:colcon.colcon_core.event_handler.log_command:Invoked command in '/home/ram-user/Desktop/rosProject/build/visualization_package' returned '0': AMENT_PREFIX_PATH=/home/ram-user/Desktop/rosProject/install/tutorial_interfaces:${AMENT_PREFIX_PATH} CMAKE_PREFIX_PATH=/home/ram-user/Desktop/rosProject/install/tutorial_interfaces:/opt/ros/humble LD_LIBRARY_PATH=/home/ram-user/Desktop/rosProject/install/tutorial_interfaces/lib:${LD_LIBRARY_PATH} PYTHONPATH=/home/ram-user/Desktop/rosProject/install/tutorial_interfaces/local/lib/python3.10/dist-packages:${PYTHONPATH} /usr/bin/cmake /home/ram-user/Desktop/rosProject/src/visualization_package -DCMAKE_INSTALL_PREFIX=/home/ram-user/Desktop/rosProject/install/visualization_package
[78.803s] DEBUG:colcon.colcon_core.event_handler.log_command:Invoking command in '/home/ram-user/Desktop/rosProject/build/visualization_package': AMENT_PREFIX_PATH=/home/ram-user/Desktop/rosProject/install/tutorial_interfaces:${AMENT_PREFIX_PATH} CMAKE_PREFIX_PATH=/home/ram-user/Desktop/rosProject/install/tutorial_interfaces:/opt/ros/humble LD_LIBRARY_PATH=/home/ram-user/Desktop/rosProject/install/tutorial_interfaces/lib:${LD_LIBRARY_PATH} PYTHONPATH=/home/ram-user/Desktop/rosProject/install/tutorial_interfaces/local/lib/python3.10/dist-packages:${PYTHONPATH} /usr/bin/cmake --build /home/ram-user/Desktop/rosProject/build/visualization_package -- -j2 -l2
[90.714s] DEBUG:colcon.colcon_core.event_handler.log_command:Invoked command in '/home/ram-user/Desktop/rosProject/build/visualization_package' returned '2': AMENT_PREFIX_PATH=/home/ram-user/Desktop/rosProject/install/tutorial_interfaces:${AMENT_PREFIX_PATH} CMAKE_PREFIX_PATH=/home/ram-user/Desktop/rosProject/install/tutorial_interfaces:/opt/ros/humble LD_LIBRARY_PATH=/home/ram-user/Desktop/rosProject/install/tutorial_interfaces/lib:${LD_LIBRARY_PATH} PYTHONPATH=/home/ram-user/Desktop/rosProject/install/tutorial_interfaces/local/lib/python3.10/dist-packages:${PYTHONPATH} /usr/bin/cmake --build /home/ram-user/Desktop/rosProject/build/visualization_package -- -j2 -l2
[90.829s] Level 1:colcon.colcon_core.environment:create_environment_scripts_only(visualization_package)
[90.832s] Level 1:colcon.colcon_core.environment:checking '/home/ram-user/Desktop/rosProject/install/visualization_package' for CMake module files
[90.833s] Level 1:colcon.colcon_core.environment:checking '/home/ram-user/Desktop/rosProject/install/visualization_package' for CMake config files
[90.833s] Level 1:colcon.colcon_core.shell:create_environment_hook('visualization_package', 'cmake_prefix_path')
[90.836s] INFO:colcon.colcon_core.shell:Creating environment hook '/home/ram-user/Desktop/rosProject/install/visualization_package/share/visualization_package/hook/cmake_prefix_path.ps1'
[90.838s] INFO:colcon.colcon_core.shell:Creating environment descriptor '/home/ram-user/Desktop/rosProject/install/visualization_package/share/visualization_package/hook/cmake_prefix_path.dsv'
[90.839s] INFO:colcon.colcon_core.shell:Creating environment hook '/home/ram-user/Desktop/rosProject/install/visualization_package/share/visualization_package/hook/cmake_prefix_path.sh'
[90.840s] Level 1:colcon.colcon_core.environment:checking '/home/ram-user/Desktop/rosProject/install/visualization_package/lib'
[90.841s] Level 1:colcon.colcon_core.environment:checking '/home/ram-user/Desktop/rosProject/install/visualization_package/bin'
[90.841s] Level 1:colcon.colcon_core.environment:checking '/home/ram-user/Desktop/rosProject/install/visualization_package/lib/pkgconfig/visualization_package.pc'
[90.841s] Level 1:colcon.colcon_core.environment:checking '/home/ram-user/Desktop/rosProject/install/visualization_package/lib/python3.10/site-packages'
[90.841s] Level 1:colcon.colcon_core.environment:checking '/home/ram-user/Desktop/rosProject/install/visualization_package/bin'
[90.843s] INFO:colcon.colcon_core.shell:Creating package script '/home/ram-user/Desktop/rosProject/install/visualization_package/share/visualization_package/package.ps1'
[90.844s] INFO:colcon.colcon_core.shell:Creating package descriptor '/home/ram-user/Desktop/rosProject/install/visualization_package/share/visualization_package/package.dsv'
[90.845s] INFO:colcon.colcon_core.shell:Creating package script '/home/ram-user/Desktop/rosProject/install/visualization_package/share/visualization_package/package.sh'
[90.845s] INFO:colcon.colcon_core.shell:Creating package script '/home/ram-user/Desktop/rosProject/install/visualization_package/share/visualization_package/package.bash'
[90.845s] INFO:colcon.colcon_core.shell:Creating package script '/home/ram-user/Desktop/rosProject/install/visualization_package/share/visualization_package/package.zsh'
[90.846s] Level 1:colcon.colcon_core.environment:create_file_with_runtime_dependencies(/home/ram-user/Desktop/rosProject/install/visualization_package/share/colcon-core/packages/visualization_package)
[97.247s] DEBUG:colcon.colcon_parallel_executor.executor.parallel:closing loop
[97.248s] DEBUG:colcon.colcon_parallel_executor.executor.parallel:loop closed
[97.249s] DEBUG:colcon.colcon_parallel_executor.executor.parallel:run_until_complete finished with '2'
[97.249s] DEBUG:colcon.colcon_core.event_reactor:joining thread
[97.263s] INFO:colcon.colcon_core.plugin_system:Skipping extension 'colcon_notification.desktop_notification.terminal_notifier': Not used on non-Darwin systems
[97.263s] INFO:colcon.colcon_core.plugin_system:Skipping extension 'colcon_notification.desktop_notification.win32': Not used on non-Windows systems
[97.263s] INFO:colcon.colcon_notification.desktop_notification:Sending desktop notification using 'notify2'
[97.293s] DEBUG:colcon.colcon_core.event_reactor:joined thread
[97.296s] INFO:colcon.colcon_core.shell:Creating prefix script '/home/ram-user/Desktop/rosProject/install/local_setup.ps1'
[97.298s] INFO:colcon.colcon_core.shell:Creating prefix util module '/home/ram-user/Desktop/rosProject/install/_local_setup_util_ps1.py'
[97.300s] INFO:colcon.colcon_core.shell:Creating prefix chain script '/home/ram-user/Desktop/rosProject/install/setup.ps1'
[97.303s] INFO:colcon.colcon_core.shell:Creating prefix script '/home/ram-user/Desktop/rosProject/install/local_setup.sh'
[97.304s] INFO:colcon.colcon_core.shell:Creating prefix util module '/home/ram-user/Desktop/rosProject/install/_local_setup_util_sh.py'
[97.305s] INFO:colcon.colcon_core.shell:Creating prefix chain script '/home/ram-user/Desktop/rosProject/install/setup.sh'
[97.308s] INFO:colcon.colcon_core.shell:Creating prefix script '/home/ram-user/Desktop/rosProject/install/local_setup.bash'
[97.308s] INFO:colcon.colcon_core.shell:Creating prefix chain script '/home/ram-user/Desktop/rosProject/install/setup.bash'
[97.310s] INFO:colcon.colcon_core.shell:Creating prefix script '/home/ram-user/Desktop/rosProject/install/local_setup.zsh'
[97.311s] INFO:colcon.colcon_core.shell:Creating prefix chain script '/home/ram-user/Desktop/rosProject/install/setup.zsh'
