[0.015s] Invoking command in '/home/ram-user/Desktop/rosProject/build/paddle_physics': CMAKE_PREFIX_PATH=/opt/ros/humble /usr/bin/cmake /home/ram-user/Desktop/rosProject/src/paddle_physics -DCMAKE_INSTALL_PREFIX=/home/ram-user/Desktop/rosProject/install/paddle_physics
[0.117s] -- The C compiler identification is GNU 11.3.0
[0.201s] -- The CXX compiler identification is GNU 11.3.0
[0.209s] -- Detecting C compiler ABI info
[0.317s] -- Detecting C compiler ABI info - done
[0.327s] -- Check for working C compiler: /usr/bin/cc - skipped
[0.328s] -- Detecting C compile features
[0.330s] -- Detecting C compile features - done
[0.334s] -- Detecting CXX compiler ABI info
[0.450s] -- Detecting CXX compiler ABI info - done
[0.461s] -- Check for working CXX compiler: /usr/bin/c++ - skipped
[0.462s] -- Detecting CXX compile features
[0.464s] -- Detecting CXX compile features - done
[0.466s] -- Found ament_cmake: 1.3.3 (/opt/ros/humble/share/ament_cmake/cmake)
[0.677s] -- Found Python3: /usr/bin/python3.10 (found version "3.10.6") found components: Interpreter 
[0.791s] -- Found rclcpp: 16.0.3 (/opt/ros/humble/share/rclcpp/cmake)
[0.851s] -- Found rosidl_generator_c: 3.1.4 (/opt/ros/humble/share/rosidl_generator_c/cmake)
[0.857s] -- Found rosidl_adapter: 3.1.4 (/opt/ros/humble/share/rosidl_adapter/cmake)
[0.867s] -- Found rosidl_generator_cpp: 3.1.4 (/opt/ros/humble/share/rosidl_generator_cpp/cmake)
[0.884s] -- Using all available rosidl_typesupport_c: rosidl_typesupport_fastrtps_c;rosidl_typesupport_introspection_c
[0.910s] -- Using all available rosidl_typesupport_cpp: rosidl_typesupport_fastrtps_cpp;rosidl_typesupport_introspection_cpp
[1.003s] -- Found rmw_implementation_cmake: 6.1.1 (/opt/ros/humble/share/rmw_implementation_cmake/cmake)
[1.006s] -- Found rmw_fastrtps_cpp: 6.2.2 (/opt/ros/humble/share/rmw_fastrtps_cpp/cmake)
[1.243s] -- Found OpenSSL: /usr/lib/x86_64-linux-gnu/libcrypto.so (found version "3.0.2")  
[1.288s] -- Found FastRTPS: /opt/ros/humble/include  
[1.341s] -- Using RMW implementation 'rmw_fastrtps_cpp' as default
[1.352s] -- Looking for pthread.h
[1.475s] -- Looking for pthread.h - found
[1.475s] -- Performing Test CMAKE_HAVE_LIBC_PTHREAD
[1.588s] -- Performing Test CMAKE_HAVE_LIBC_PTHREAD - Success
[1.588s] -- Found Threads: TRUE  
[1.874s] -- Found ament_lint_auto: 0.12.5 (/opt/ros/humble/share/ament_lint_auto/cmake)
[1.973s] -- Added test 'cppcheck' to perform static code analysis on C / C++ code
[1.975s] -- Configured cppcheck include dirs: 
[1.975s] -- Configured cppcheck exclude dirs and/or files: 
[1.977s] -- Added test 'lint_cmake' to check CMake code style
[1.979s] -- Added test 'uncrustify' to check C / C++ code style
[1.979s] -- Configured uncrustify additional arguments: 
[1.981s] -- Added test 'xmllint' to check XML markup files
[1.983s] -- Configuring done
[2.023s] -- Generating done
[2.027s] -- Build files have been written to: /home/ram-user/Desktop/rosProject/build/paddle_physics
[2.042s] Invoked command in '/home/ram-user/Desktop/rosProject/build/paddle_physics' returned '0': CMAKE_PREFIX_PATH=/opt/ros/humble /usr/bin/cmake /home/ram-user/Desktop/rosProject/src/paddle_physics -DCMAKE_INSTALL_PREFIX=/home/ram-user/Desktop/rosProject/install/paddle_physics
[2.043s] Invoking command in '/home/ram-user/Desktop/rosProject/build/paddle_physics': CMAKE_PREFIX_PATH=/opt/ros/humble /usr/bin/cmake --build /home/ram-user/Desktop/rosProject/build/paddle_physics -- -j2 -l2
[2.121s] [ 50%] [32mBuilding CXX object CMakeFiles/paddle_physics.dir/src/subpub_paddle_physics.cpp.o[0m
[34.000s] [100%] [32m[1mLinking CXX executable paddle_physics[0m
[35.350s] [100%] Built target paddle_physics
[35.405s] Invoked command in '/home/ram-user/Desktop/rosProject/build/paddle_physics' returned '0': CMAKE_PREFIX_PATH=/opt/ros/humble /usr/bin/cmake --build /home/ram-user/Desktop/rosProject/build/paddle_physics -- -j2 -l2
[35.462s] Invoking command in '/home/ram-user/Desktop/rosProject/build/paddle_physics': CMAKE_PREFIX_PATH=/opt/ros/humble /usr/bin/cmake --install /home/ram-user/Desktop/rosProject/build/paddle_physics
[35.481s] -- Install configuration: ""
[35.482s] -- Installing: /home/ram-user/Desktop/rosProject/install/paddle_physics/lib/paddle_physics/paddle_physics
[35.492s] -- Set runtime path of "/home/ram-user/Desktop/rosProject/install/paddle_physics/lib/paddle_physics/paddle_physics" to ""
[35.493s] -- Installing: /home/ram-user/Desktop/rosProject/install/paddle_physics/share/ament_index/resource_index/package_run_dependencies/paddle_physics
[35.494s] -- Installing: /home/ram-user/Desktop/rosProject/install/paddle_physics/share/ament_index/resource_index/parent_prefix_path/paddle_physics
[35.494s] -- Installing: /home/ram-user/Desktop/rosProject/install/paddle_physics/share/paddle_physics/environment/ament_prefix_path.sh
[35.495s] -- Installing: /home/ram-user/Desktop/rosProject/install/paddle_physics/share/paddle_physics/environment/ament_prefix_path.dsv
[35.495s] -- Installing: /home/ram-user/Desktop/rosProject/install/paddle_physics/share/paddle_physics/environment/path.sh
[35.496s] -- Installing: /home/ram-user/Desktop/rosProject/install/paddle_physics/share/paddle_physics/environment/path.dsv
[35.497s] -- Installing: /home/ram-user/Desktop/rosProject/install/paddle_physics/share/paddle_physics/local_setup.bash
[35.497s] -- Installing: /home/ram-user/Desktop/rosProject/install/paddle_physics/share/paddle_physics/local_setup.sh
[35.498s] -- Installing: /home/ram-user/Desktop/rosProject/install/paddle_physics/share/paddle_physics/local_setup.zsh
[35.499s] -- Installing: /home/ram-user/Desktop/rosProject/install/paddle_physics/share/paddle_physics/local_setup.dsv
[35.500s] -- Installing: /home/ram-user/Desktop/rosProject/install/paddle_physics/share/paddle_physics/package.dsv
[35.501s] -- Installing: /home/ram-user/Desktop/rosProject/install/paddle_physics/share/ament_index/resource_index/packages/paddle_physics
[35.502s] -- Installing: /home/ram-user/Desktop/rosProject/install/paddle_physics/share/paddle_physics/cmake/paddle_physicsConfig.cmake
[35.503s] -- Installing: /home/ram-user/Desktop/rosProject/install/paddle_physics/share/paddle_physics/cmake/paddle_physicsConfig-version.cmake
[35.504s] -- Installing: /home/ram-user/Desktop/rosProject/install/paddle_physics/share/paddle_physics/package.xml
[35.515s] Invoked command in '/home/ram-user/Desktop/rosProject/build/paddle_physics' returned '0': CMAKE_PREFIX_PATH=/opt/ros/humble /usr/bin/cmake --install /home/ram-user/Desktop/rosProject/build/paddle_physics
