[0.052s] Invoking command in '/home/ram-user/Desktop/rosProject/build/paddle_physics': CMAKE_PREFIX_PATH=/opt/ros/humble /usr/bin/cmake --build /home/ram-user/Desktop/rosProject/build/paddle_physics -- -j2 -l2
[0.151s] [35m[1mConsolidate compiler generated dependencies of target paddle_physics[0m
[0.204s] [100%] Built target paddle_physics
[0.231s] Invoked command in '/home/ram-user/Desktop/rosProject/build/paddle_physics' returned '0': CMAKE_PREFIX_PATH=/opt/ros/humble /usr/bin/cmake --build /home/ram-user/Desktop/rosProject/build/paddle_physics -- -j2 -l2
[0.314s] Invoking command in '/home/ram-user/Desktop/rosProject/build/paddle_physics': CMAKE_PREFIX_PATH=/opt/ros/humble /usr/bin/cmake --install /home/ram-user/Desktop/rosProject/build/paddle_physics
[0.330s] -- Install configuration: ""
[0.331s] -- Up-to-date: /home/ram-user/Desktop/rosProject/install/paddle_physics/lib/paddle_physics/paddle_physics
[0.332s] -- Up-to-date: /home/ram-user/Desktop/rosProject/install/paddle_physics/share/ament_index/resource_index/package_run_dependencies/paddle_physics
[0.332s] -- Up-to-date: /home/ram-user/Desktop/rosProject/install/paddle_physics/share/ament_index/resource_index/parent_prefix_path/paddle_physics
[0.333s] -- Up-to-date: /home/ram-user/Desktop/rosProject/install/paddle_physics/share/paddle_physics/environment/ament_prefix_path.sh
[0.334s] -- Up-to-date: /home/ram-user/Desktop/rosProject/install/paddle_physics/share/paddle_physics/environment/ament_prefix_path.dsv
[0.335s] -- Up-to-date: /home/ram-user/Desktop/rosProject/install/paddle_physics/share/paddle_physics/environment/path.sh
[0.335s] -- Up-to-date: /home/ram-user/Desktop/rosProject/install/paddle_physics/share/paddle_physics/environment/path.dsv
[0.335s] -- Up-to-date: /home/ram-user/Desktop/rosProject/install/paddle_physics/share/paddle_physics/local_setup.bash
[0.336s] -- Up-to-date: /home/ram-user/Desktop/rosProject/install/paddle_physics/share/paddle_physics/local_setup.sh
[0.336s] -- Up-to-date: /home/ram-user/Desktop/rosProject/install/paddle_physics/share/paddle_physics/local_setup.zsh
[0.337s] -- Up-to-date: /home/ram-user/Desktop/rosProject/install/paddle_physics/share/paddle_physics/local_setup.dsv
[0.337s] -- Installing: /home/ram-user/Desktop/rosProject/install/paddle_physics/share/paddle_physics/package.dsv
[0.339s] -- Up-to-date: /home/ram-user/Desktop/rosProject/install/paddle_physics/share/ament_index/resource_index/packages/paddle_physics
[0.340s] -- Up-to-date: /home/ram-user/Desktop/rosProject/install/paddle_physics/share/paddle_physics/cmake/paddle_physicsConfig.cmake
[0.340s] -- Up-to-date: /home/ram-user/Desktop/rosProject/install/paddle_physics/share/paddle_physics/cmake/paddle_physicsConfig-version.cmake
[0.341s] -- Up-to-date: /home/ram-user/Desktop/rosProject/install/paddle_physics/share/paddle_physics/package.xml
[0.355s] Invoked command in '/home/ram-user/Desktop/rosProject/build/paddle_physics' returned '0': CMAKE_PREFIX_PATH=/opt/ros/humble /usr/bin/cmake --install /home/ram-user/Desktop/rosProject/build/paddle_physics
