[0.027s] Invoking command in '/home/ram-user/Desktop/rosProject/build/score': AMENT_PREFIX_PATH=/home/ram-user/Desktop/rosProject/install/tutorial_interfaces:${AMENT_PREFIX_PATH} CMAKE_PREFIX_PATH=/home/ram-user/Desktop/rosProject/install/tutorial_interfaces:/opt/ros/humble LD_LIBRARY_PATH=/home/ram-user/Desktop/rosProject/install/tutorial_interfaces/lib:${LD_LIBRARY_PATH} PYTHONPATH=/home/ram-user/Desktop/rosProject/install/tutorial_interfaces/local/lib/python3.10/dist-packages:${PYTHONPATH} /usr/bin/cmake --build /home/ram-user/Desktop/rosProject/build/score -- -j2 -l2
[0.174s] [100%] Built target score
[0.195s] Invoked command in '/home/ram-user/Desktop/rosProject/build/score' returned '0': AMENT_PREFIX_PATH=/home/ram-user/Desktop/rosProject/install/tutorial_interfaces:${AMENT_PREFIX_PATH} CMAKE_PREFIX_PATH=/home/ram-user/Desktop/rosProject/install/tutorial_interfaces:/opt/ros/humble LD_LIBRARY_PATH=/home/ram-user/Desktop/rosProject/install/tutorial_interfaces/lib:${LD_LIBRARY_PATH} PYTHONPATH=/home/ram-user/Desktop/rosProject/install/tutorial_interfaces/local/lib/python3.10/dist-packages:${PYTHONPATH} /usr/bin/cmake --build /home/ram-user/Desktop/rosProject/build/score -- -j2 -l2
[0.315s] Invoking command in '/home/ram-user/Desktop/rosProject/build/score': AMENT_PREFIX_PATH=/home/ram-user/Desktop/rosProject/install/tutorial_interfaces:${AMENT_PREFIX_PATH} CMAKE_PREFIX_PATH=/home/ram-user/Desktop/rosProject/install/tutorial_interfaces:/opt/ros/humble LD_LIBRARY_PATH=/home/ram-user/Desktop/rosProject/install/tutorial_interfaces/lib:${LD_LIBRARY_PATH} PYTHONPATH=/home/ram-user/Desktop/rosProject/install/tutorial_interfaces/local/lib/python3.10/dist-packages:${PYTHONPATH} /usr/bin/cmake --install /home/ram-user/Desktop/rosProject/build/score
[0.331s] -- Install configuration: ""
[0.333s] -- Up-to-date: /home/ram-user/Desktop/rosProject/install/score/lib/score/score
[0.334s] -- Up-to-date: /home/ram-user/Desktop/rosProject/install/score/share/ament_index/resource_index/package_run_dependencies/score
[0.334s] -- Up-to-date: /home/ram-user/Desktop/rosProject/install/score/share/ament_index/resource_index/parent_prefix_path/score
[0.337s] -- Up-to-date: /home/ram-user/Desktop/rosProject/install/score/share/score/environment/ament_prefix_path.sh
[0.338s] -- Up-to-date: /home/ram-user/Desktop/rosProject/install/score/share/score/environment/ament_prefix_path.dsv
[0.338s] -- Up-to-date: /home/ram-user/Desktop/rosProject/install/score/share/score/environment/path.sh
[0.339s] -- Up-to-date: /home/ram-user/Desktop/rosProject/install/score/share/score/environment/path.dsv
[0.340s] -- Up-to-date: /home/ram-user/Desktop/rosProject/install/score/share/score/local_setup.bash
[0.340s] -- Up-to-date: /home/ram-user/Desktop/rosProject/install/score/share/score/local_setup.sh
[0.340s] -- Up-to-date: /home/ram-user/Desktop/rosProject/install/score/share/score/local_setup.zsh
[0.340s] -- Up-to-date: /home/ram-user/Desktop/rosProject/install/score/share/score/local_setup.dsv
[0.340s] -- Installing: /home/ram-user/Desktop/rosProject/install/score/share/score/package.dsv
[0.349s] -- Up-to-date: /home/ram-user/Desktop/rosProject/install/score/share/ament_index/resource_index/packages/score
[0.350s] -- Up-to-date: /home/ram-user/Desktop/rosProject/install/score/share/score/cmake/scoreConfig.cmake
[0.350s] -- Up-to-date: /home/ram-user/Desktop/rosProject/install/score/share/score/cmake/scoreConfig-version.cmake
[0.350s] -- Up-to-date: /home/ram-user/Desktop/rosProject/install/score/share/score/package.xml
[0.350s] Invoked command in '/home/ram-user/Desktop/rosProject/build/score' returned '0': AMENT_PREFIX_PATH=/home/ram-user/Desktop/rosProject/install/tutorial_interfaces:${AMENT_PREFIX_PATH} CMAKE_PREFIX_PATH=/home/ram-user/Desktop/rosProject/install/tutorial_interfaces:/opt/ros/humble LD_LIBRARY_PATH=/home/ram-user/Desktop/rosProject/install/tutorial_interfaces/lib:${LD_LIBRARY_PATH} PYTHONPATH=/home/ram-user/Desktop/rosProject/install/tutorial_interfaces/local/lib/python3.10/dist-packages:${PYTHONPATH} /usr/bin/cmake --install /home/ram-user/Desktop/rosProject/build/score
